%Warning-ASCRANGE: /home/fjjf/circuits/expmob1_n5/expmob1.v:12:16: Ascending bit range vector: left < right of bit range: [0:31]
                                                                 : ... note: In instance 'expmob1.genblk1[4].si'
   12 |    (input wire [0:N-1]  inputs, 
      |                ^
                   ... For warning description see https://verilator.org/warn/ASCRANGE?v=5.018
                   ... Use "/* verilator lint_off ASCRANGE */" and lint_on around source to disable this message.
%Warning-ASCRANGE: /home/fjjf/circuits/expmob1_n5/expmob1.v:13:17: Ascending bit range vector: left < right of bit range: [0:31]
                                                                 : ... note: In instance 'expmob1.genblk1[4].si'
   13 |     output wire [0:N-1] outputs);
      |                 ^
%Warning-ASCRANGE: /home/fjjf/circuits/expmob1_n5/expmob1.v:53:16: Ascending bit range vector: left < right of bit range: [0:31]
                                                                 : ... note: In instance 'expmob1'
   53 |    (input wire [0:N-1] inputs,
      |                ^
%Warning-ASCRANGE: /home/fjjf/circuits/expmob1_n5/expmob1.v:54:17: Ascending bit range vector: left < right of bit range: [0:31]
                                                                 : ... note: In instance 'expmob1'
   54 |     output wire [0:N-1] outputs);
      |                 ^
%Warning-ASCRANGE: /home/fjjf/circuits/expmob1_n5/expmob1.v:57:10: Ascending bit range vector: left < right of bit range: [0:31]
                                                                 : ... note: In instance 'expmob1'
   57 |     wire [0:N-1] middle [0:log2_N];  
      |          ^
%Warning-UNUSEDPARAM: /home/fjjf/circuits/expmob1_n5/expmob1.v:9:15: Parameter is not used: 'log2_N'
                                                                   : ... note: In instance 'expmob1.genblk1[4].si'
    9 |     parameter log2_N=5,
      |               ^~~~~~
