
===========================================================================
report_checks -path_delay min (Hold)
============================================================================
======================= nom_tt_025C_1v80 Corner ===================================

Startpoint: inputs[0] (input port clocked by clk)
Endpoint: outputs[0] (output port clocked by clk)
Path Group: clk
Path Type: min

Fanout         Cap        Slew       Delay        Time   Description
---------------------------------------------------------------------------------------------
                      0.000000    0.000000    0.000000   clock clk (rise edge)
                                  0.000000    0.000000   clock network delay (ideal)
                                  5.000000    5.000000 v input external delay
     6    0.043820    0.096974    0.070066    5.070066 v inputs[0] (in)
                                                         inputs[0] (net)
                      0.096974    0.000000    5.070066 v _129_/A (sky130_fd_sc_hd__buf_2)
     1    0.033442    0.087152    0.202533    5.272599 v _129_/X (sky130_fd_sc_hd__buf_2)
                                                         outputs[0] (net)
                      0.087152    0.000000    5.272599 v outputs[0] (out)
                                              5.272599   data arrival time

                      0.000000    0.000000    0.000000   clock clk (rise edge)
                                  0.000000    0.000000   clock network delay (ideal)
                                  0.250000    0.250000   clock uncertainty
                                  0.000000    0.250000   clock reconvergence pessimism
                                 -5.000000   -4.750000   output external delay
                                             -4.750000   data required time
---------------------------------------------------------------------------------------------
                                             -4.750000   data required time
                                             -5.272599   data arrival time
---------------------------------------------------------------------------------------------
                                             10.022598   slack (MET)


Startpoint: inputs[8] (input port clocked by clk)
Endpoint: outputs[8] (output port clocked by clk)
Path Group: clk
Path Type: min

Fanout         Cap        Slew       Delay        Time   Description
---------------------------------------------------------------------------------------------
                      0.000000    0.000000    0.000000   clock clk (rise edge)
                                  0.000000    0.000000   clock network delay (ideal)
                                  5.000000    5.000000 v input external delay
     2    0.015674    0.037091    0.025253    5.025253 v inputs[8] (in)
                                                         inputs[8] (net)
                      0.037091    0.000000    5.025253 v _052_/B (sky130_fd_sc_hd__xor2_2)
     4    0.058662    0.155759    0.251565    5.276818 v _052_/X (sky130_fd_sc_hd__xor2_2)
                                                         outputs[8] (net)
                      0.155759    0.000000    5.276818 v outputs[8] (out)
                                              5.276818   data arrival time

                      0.000000    0.000000    0.000000   clock clk (rise edge)
                                  0.000000    0.000000   clock network delay (ideal)
                                  0.250000    0.250000   clock uncertainty
                                  0.000000    0.250000   clock reconvergence pessimism
                                 -5.000000   -4.750000   output external delay
                                             -4.750000   data required time
---------------------------------------------------------------------------------------------
                                             -4.750000   data required time
                                             -5.276818   data arrival time
---------------------------------------------------------------------------------------------
                                             10.026818   slack (MET)


Startpoint: inputs[16] (input port clocked by clk)
Endpoint: outputs[16] (output port clocked by clk)
Path Group: clk
Path Type: min

Fanout         Cap        Slew       Delay        Time   Description
---------------------------------------------------------------------------------------------
                      0.000000    0.000000    0.000000   clock clk (rise edge)
                                  0.000000    0.000000   clock network delay (ideal)
                                  5.000000    5.000000 ^ input external delay
     1    0.009376    0.049900    0.031946    5.031947 ^ inputs[16] (in)
                                                         inputs[16] (net)
                      0.049900    0.000000    5.031947 ^ _049_/A (sky130_fd_sc_hd__xor2_2)
     5    0.067246    0.174463    0.246133    5.278080 v _049_/X (sky130_fd_sc_hd__xor2_2)
                                                         outputs[16] (net)
                      0.174463    0.000000    5.278080 v outputs[16] (out)
                                              5.278080   data arrival time

                      0.000000    0.000000    0.000000   clock clk (rise edge)
                                  0.000000    0.000000   clock network delay (ideal)
                                  0.250000    0.250000   clock uncertainty
                                  0.000000    0.250000   clock reconvergence pessimism
                                 -5.000000   -4.750000   output external delay
                                             -4.750000   data required time
---------------------------------------------------------------------------------------------
                                             -4.750000   data required time
                                             -5.278080   data arrival time
---------------------------------------------------------------------------------------------
                                             10.028080   slack (MET)


Startpoint: inputs[4] (input port clocked by clk)
Endpoint: outputs[4] (output port clocked by clk)
Path Group: clk
Path Type: min

Fanout         Cap        Slew       Delay        Time   Description
---------------------------------------------------------------------------------------------
                      0.000000    0.000000    0.000000   clock clk (rise edge)
                                  0.000000    0.000000   clock network delay (ideal)
                                  5.000000    5.000000 v input external delay
     3    0.024232    0.055343    0.038815    5.038815 v inputs[4] (in)
                                                         inputs[4] (net)
                      0.055343    0.000000    5.038815 v _060_/B (sky130_fd_sc_hd__xor2_2)
     3    0.050344    0.137508    0.242979    5.281794 v _060_/X (sky130_fd_sc_hd__xor2_2)
                                                         outputs[4] (net)
                      0.137508    0.000000    5.281794 v outputs[4] (out)
                                              5.281794   data arrival time

                      0.000000    0.000000    0.000000   clock clk (rise edge)
                                  0.000000    0.000000   clock network delay (ideal)
                                  0.250000    0.250000   clock uncertainty
                                  0.000000    0.250000   clock reconvergence pessimism
                                 -5.000000   -4.750000   output external delay
                                             -4.750000   data required time
---------------------------------------------------------------------------------------------
                                             -4.750000   data required time
                                             -5.281794   data arrival time
---------------------------------------------------------------------------------------------
                                             10.031795   slack (MET)


Startpoint: inputs[2] (input port clocked by clk)
Endpoint: outputs[2] (output port clocked by clk)
Path Group: clk
Path Type: min

Fanout         Cap        Slew       Delay        Time   Description
---------------------------------------------------------------------------------------------
                      0.000000    0.000000    0.000000   clock clk (rise edge)
                                  0.000000    0.000000   clock network delay (ideal)
                                  5.000000    5.000000 v input external delay
     4    0.032816    0.073651    0.052419    5.052419 v inputs[2] (in)
                                                         inputs[2] (net)
                      0.073651    0.000000    5.052419 v _080_/B (sky130_fd_sc_hd__xor2_2)
     2    0.041760    0.119038    0.233618    5.286037 v _080_/X (sky130_fd_sc_hd__xor2_2)
                                                         outputs[2] (net)
                      0.119038    0.000000    5.286037 v outputs[2] (out)
                                              5.286037   data arrival time

                      0.000000    0.000000    0.000000   clock clk (rise edge)
                                  0.000000    0.000000   clock network delay (ideal)
                                  0.250000    0.250000   clock uncertainty
                                  0.000000    0.250000   clock reconvergence pessimism
                                 -5.000000   -4.750000   output external delay
                                             -4.750000   data required time
---------------------------------------------------------------------------------------------
                                             -4.750000   data required time
                                             -5.286037   data arrival time
---------------------------------------------------------------------------------------------
                                             10.036038   slack (MET)


Startpoint: inputs[1] (input port clocked by clk)
Endpoint: outputs[1] (output port clocked by clk)
Path Group: clk
Path Type: min

Fanout         Cap        Slew       Delay        Time   Description
---------------------------------------------------------------------------------------------
                      0.000000    0.000000    0.000000   clock clk (rise edge)
                                  0.000000    0.000000   clock network delay (ideal)
                                  5.000000    5.000000 v input external delay
     5    0.040894    0.090807    0.065324    5.065324 v inputs[1] (in)
                                                         inputs[1] (net)
                      0.090807    0.000000    5.065324 v _128_/B (sky130_fd_sc_hd__xor2_2)
     1    0.033442    0.101140    0.224286    5.289610 v _128_/X (sky130_fd_sc_hd__xor2_2)
                                                         outputs[1] (net)
                      0.101140    0.000000    5.289610 v outputs[1] (out)
                                              5.289610   data arrival time

                      0.000000    0.000000    0.000000   clock clk (rise edge)
                                  0.000000    0.000000   clock network delay (ideal)
                                  0.250000    0.250000   clock uncertainty
                                  0.000000    0.250000   clock reconvergence pessimism
                                 -5.000000   -4.750000   output external delay
                                             -4.750000   data required time
---------------------------------------------------------------------------------------------
                                             -4.750000   data required time
                                             -5.289610   data arrival time
---------------------------------------------------------------------------------------------
                                             10.039610   slack (MET)


Startpoint: inputs[3] (input port clocked by clk)
Endpoint: outputs[3] (output port clocked by clk)
Path Group: clk
Path Type: min

Fanout         Cap        Slew       Delay        Time   Description
---------------------------------------------------------------------------------------------
                      0.000000    0.000000    0.000000   clock clk (rise edge)
                                  0.000000    0.000000   clock network delay (ideal)
                                  5.000000    5.000000 v input external delay
     4    0.033322    0.074730    0.053221    5.053221 v inputs[3] (in)
                                                         inputs[3] (net)
                      0.074730    0.000000    5.053221 v _126_/B (sky130_fd_sc_hd__xnor2_2)
     1    0.008442    0.061790    0.167018    5.220239 ^ _126_/Y (sky130_fd_sc_hd__xnor2_2)
                                                         _027_ (net)
                      0.061790    0.000000    5.220239 ^ _127_/B (sky130_fd_sc_hd__xnor2_2)
     1    0.033442    0.154878    0.151279    5.371518 v _127_/Y (sky130_fd_sc_hd__xnor2_2)
                                                         outputs[3] (net)
                      0.154878    0.000000    5.371518 v outputs[3] (out)
                                              5.371518   data arrival time

                      0.000000    0.000000    0.000000   clock clk (rise edge)
                                  0.000000    0.000000   clock network delay (ideal)
                                  0.250000    0.250000   clock uncertainty
                                  0.000000    0.250000   clock reconvergence pessimism
                                 -5.000000   -4.750000   output external delay
                                             -4.750000   data required time
---------------------------------------------------------------------------------------------
                                             -4.750000   data required time
                                             -5.371518   data arrival time
---------------------------------------------------------------------------------------------
                                             10.121518   slack (MET)


Startpoint: inputs[5] (input port clocked by clk)
Endpoint: outputs[5] (output port clocked by clk)
Path Group: clk
Path Type: min

Fanout         Cap        Slew       Delay        Time   Description
---------------------------------------------------------------------------------------------
                      0.000000    0.000000    0.000000   clock clk (rise edge)
                                  0.000000    0.000000   clock network delay (ideal)
                                  5.000000    5.000000 v input external delay
     3    0.024498    0.055911    0.039237    5.039237 v inputs[5] (in)
                                                         inputs[5] (net)
                      0.055911    0.000000    5.039237 v _121_/B (sky130_fd_sc_hd__xnor2_2)
     1    0.008442    0.061267    0.159911    5.199148 ^ _121_/Y (sky130_fd_sc_hd__xnor2_2)
                                                         _024_ (net)
                      0.061267    0.000000    5.199148 ^ _122_/B (sky130_fd_sc_hd__xnor2_2)
     2    0.041760    0.188780    0.176531    5.375679 v _122_/Y (sky130_fd_sc_hd__xnor2_2)
                                                         outputs[5] (net)
                      0.188780    0.000000    5.375679 v outputs[5] (out)
                                              5.375679   data arrival time

                      0.000000    0.000000    0.000000   clock clk (rise edge)
                                  0.000000    0.000000   clock network delay (ideal)
                                  0.250000    0.250000   clock uncertainty
                                  0.000000    0.250000   clock reconvergence pessimism
                                 -5.000000   -4.750000   output external delay
                                             -4.750000   data required time
---------------------------------------------------------------------------------------------
                                             -4.750000   data required time
                                             -5.375679   data arrival time
---------------------------------------------------------------------------------------------
                                             10.125678   slack (MET)


Startpoint: inputs[24] (input port clocked by clk)
Endpoint: outputs[24] (output port clocked by clk)
Path Group: clk
Path Type: min

Fanout         Cap        Slew       Delay        Time   Description
---------------------------------------------------------------------------------------------
                      0.000000    0.000000    0.000000   clock clk (rise edge)
                                  0.000000    0.000000   clock network delay (ideal)
                                  5.000000    5.000000 ^ input external delay
     1    0.009376    0.049900    0.031946    5.031947 ^ inputs[24] (in)
                                                         inputs[24] (net)
                      0.049900    0.000000    5.031947 ^ _050_/A (sky130_fd_sc_hd__xor2_2)
     2    0.016155    0.063272    0.098410    5.130356 v _050_/X (sky130_fd_sc_hd__xor2_2)
                                                         _028_ (net)
                      0.063272    0.000000    5.130356 v _051_/B (sky130_fd_sc_hd__xor2_2)
     3    0.050344    0.137574    0.246185    5.376541 v _051_/X (sky130_fd_sc_hd__xor2_2)
                                                         outputs[24] (net)
                      0.137574    0.000000    5.376541 v outputs[24] (out)
                                              5.376541   data arrival time

                      0.000000    0.000000    0.000000   clock clk (rise edge)
                                  0.000000    0.000000   clock network delay (ideal)
                                  0.250000    0.250000   clock uncertainty
                                  0.000000    0.250000   clock reconvergence pessimism
                                 -5.000000   -4.750000   output external delay
                                             -4.750000   data required time
---------------------------------------------------------------------------------------------
                                             -4.750000   data required time
                                             -5.376541   data arrival time
---------------------------------------------------------------------------------------------
                                             10.126542   slack (MET)


Startpoint: inputs[20] (input port clocked by clk)
Endpoint: outputs[20] (output port clocked by clk)
Path Group: clk
Path Type: min

Fanout         Cap        Slew       Delay        Time   Description
---------------------------------------------------------------------------------------------
                      0.000000    0.000000    0.000000   clock clk (rise edge)
                                  0.000000    0.000000   clock network delay (ideal)
                                  5.000000    5.000000 ^ input external delay
     1    0.009040    0.048398    0.030861    5.030861 ^ inputs[20] (in)
                                                         inputs[20] (net)
                      0.048398    0.000000    5.030861 ^ _053_/A (sky130_fd_sc_hd__xnor2_2)
     1    0.008442    0.060264    0.120783    5.151644 ^ _053_/Y (sky130_fd_sc_hd__xnor2_2)
                                                         _029_ (net)
                      0.060264    0.000000    5.151644 ^ _055_/B (sky130_fd_sc_hd__xnor2_2)
     4    0.058662    0.258075    0.227581    5.379225 v _055_/Y (sky130_fd_sc_hd__xnor2_2)
                                                         outputs[20] (net)
                      0.258075    0.000000    5.379225 v outputs[20] (out)
                                              5.379225   data arrival time

                      0.000000    0.000000    0.000000   clock clk (rise edge)
                                  0.000000    0.000000   clock network delay (ideal)
                                  0.250000    0.250000   clock uncertainty
                                  0.000000    0.250000   clock reconvergence pessimism
                                 -5.000000   -4.750000   output external delay
                                             -4.750000   data required time
---------------------------------------------------------------------------------------------
                                             -4.750000   data required time
                                             -5.379225   data arrival time
---------------------------------------------------------------------------------------------
                                             10.129226   slack (MET)


Startpoint: inputs[10] (input port clocked by clk)
Endpoint: outputs[10] (output port clocked by clk)
Path Group: clk
Path Type: min

Fanout         Cap        Slew       Delay        Time   Description
---------------------------------------------------------------------------------------------
                      0.000000    0.000000    0.000000   clock clk (rise edge)
                                  0.000000    0.000000   clock network delay (ideal)
                                  5.000000    5.000000 v input external delay
     2    0.016154    0.038115    0.026013    5.026013 v inputs[10] (in)
                                                         inputs[10] (net)
                      0.038115    0.000000    5.026013 v _073_/B (sky130_fd_sc_hd__xnor2_2)
     1    0.008442    0.060735    0.153833    5.179846 ^ _073_/Y (sky130_fd_sc_hd__xnor2_2)
                                                         _041_ (net)
                      0.060735    0.000000    5.179846 ^ _074_/B (sky130_fd_sc_hd__xnor2_2)
     3    0.050344    0.223856    0.202545    5.382391 v _074_/Y (sky130_fd_sc_hd__xnor2_2)
                                                         outputs[10] (net)
                      0.223856    0.000000    5.382391 v outputs[10] (out)
                                              5.382391   data arrival time

                      0.000000    0.000000    0.000000   clock clk (rise edge)
                                  0.000000    0.000000   clock network delay (ideal)
                                  0.250000    0.250000   clock uncertainty
                                  0.000000    0.250000   clock reconvergence pessimism
                                 -5.000000   -4.750000   output external delay
                                             -4.750000   data required time
---------------------------------------------------------------------------------------------
                                             -4.750000   data required time
                                             -5.382391   data arrival time
---------------------------------------------------------------------------------------------
                                             10.132391   slack (MET)


Startpoint: inputs[12] (input port clocked by clk)
Endpoint: outputs[12] (output port clocked by clk)
Path Group: clk
Path Type: min

Fanout         Cap        Slew       Delay        Time   Description
---------------------------------------------------------------------------------------------
                      0.000000    0.000000    0.000000   clock clk (rise edge)
                                  0.000000    0.000000   clock network delay (ideal)
                                  5.000000    5.000000 ^ input external delay
     2    0.016935    0.083736    0.055918    5.055918 ^ inputs[12] (in)
                                                         inputs[12] (net)
                      0.083736    0.000000    5.055918 ^ _058_/B (sky130_fd_sc_hd__xnor2_2)
     2    0.017482    0.102951    0.156846    5.212764 ^ _058_/Y (sky130_fd_sc_hd__xnor2_2)
                                                         _032_ (net)
                      0.102951    0.000000    5.212764 ^ _059_/B (sky130_fd_sc_hd__xnor2_2)
     2    0.041760    0.189210    0.187627    5.400391 v _059_/Y (sky130_fd_sc_hd__xnor2_2)
                                                         outputs[12] (net)
                      0.189210    0.000000    5.400391 v outputs[12] (out)
                                              5.400391   data arrival time

                      0.000000    0.000000    0.000000   clock clk (rise edge)
                                  0.000000    0.000000   clock network delay (ideal)
                                  0.250000    0.250000   clock uncertainty
                                  0.000000    0.250000   clock reconvergence pessimism
                                 -5.000000   -4.750000   output external delay
                                             -4.750000   data required time
---------------------------------------------------------------------------------------------
                                             -4.750000   data required time
                                             -5.400391   data arrival time
---------------------------------------------------------------------------------------------
                                             10.150391   slack (MET)


Startpoint: inputs[9] (input port clocked by clk)
Endpoint: outputs[9] (output port clocked by clk)
Path Group: clk
Path Type: min

Fanout         Cap        Slew       Delay        Time   Description
---------------------------------------------------------------------------------------------
                      0.000000    0.000000    0.000000   clock clk (rise edge)
                                  0.000000    0.000000   clock network delay (ideal)
                                  5.000000    5.000000 ^ input external delay
     2    0.016935    0.083736    0.055918    5.055918 ^ inputs[9] (in)
                                                         inputs[9] (net)
                      0.083736    0.000000    5.055918 ^ _109_/B (sky130_fd_sc_hd__xor2_2)
     3    0.024473    0.081835    0.127175    5.183093 v _109_/X (sky130_fd_sc_hd__xor2_2)
                                                         _016_ (net)
                      0.081835    0.000000    5.183093 v _120_/B (sky130_fd_sc_hd__xor2_2)
     1    0.033442    0.101336    0.220671    5.403764 v _120_/X (sky130_fd_sc_hd__xor2_2)
                                                         outputs[9] (net)
                      0.101336    0.000000    5.403764 v outputs[9] (out)
                                              5.403764   data arrival time

                      0.000000    0.000000    0.000000   clock clk (rise edge)
                                  0.000000    0.000000   clock network delay (ideal)
                                  0.250000    0.250000   clock uncertainty
                                  0.000000    0.250000   clock reconvergence pessimism
                                 -5.000000   -4.750000   output external delay
                                             -4.750000   data required time
---------------------------------------------------------------------------------------------
                                             -4.750000   data required time
                                             -5.403764   data arrival time
---------------------------------------------------------------------------------------------
                                             10.153765   slack (MET)


Startpoint: inputs[17] (input port clocked by clk)
Endpoint: outputs[17] (output port clocked by clk)
Path Group: clk
Path Type: min

Fanout         Cap        Slew       Delay        Time   Description
---------------------------------------------------------------------------------------------
                      0.000000    0.000000    0.000000   clock clk (rise edge)
                                  0.000000    0.000000   clock network delay (ideal)
                                  5.000000    5.000000 ^ input external delay
     1    0.009376    0.049900    0.031946    5.031947 ^ inputs[17] (in)
                                                         inputs[17] (net)
                      0.049900    0.000000    5.031947 ^ _081_/A (sky130_fd_sc_hd__xor2_2)
     4    0.033057    0.100325    0.147751    5.179697 v _081_/X (sky130_fd_sc_hd__xor2_2)
                                                         _045_ (net)
                      0.100325    0.000000    5.179697 v _108_/B (sky130_fd_sc_hd__xor2_2)
     1    0.033442    0.101296    0.228121    5.407818 v _108_/X (sky130_fd_sc_hd__xor2_2)
                                                         outputs[17] (net)
                      0.101296    0.000000    5.407818 v outputs[17] (out)
                                              5.407818   data arrival time

                      0.000000    0.000000    0.000000   clock clk (rise edge)
                                  0.000000    0.000000   clock network delay (ideal)
                                  0.250000    0.250000   clock uncertainty
                                  0.000000    0.250000   clock reconvergence pessimism
                                 -5.000000   -4.750000   output external delay
                                             -4.750000   data required time
---------------------------------------------------------------------------------------------
                                             -4.750000   data required time
                                             -5.407818   data arrival time
---------------------------------------------------------------------------------------------
                                             10.157818   slack (MET)


Startpoint: inputs[18] (input port clocked by clk)
Endpoint: outputs[18] (output port clocked by clk)
Path Group: clk
Path Type: min

Fanout         Cap        Slew       Delay        Time   Description
---------------------------------------------------------------------------------------------
                      0.000000    0.000000    0.000000   clock clk (rise edge)
                                  0.000000    0.000000   clock network delay (ideal)
                                  5.000000    5.000000 ^ input external delay
     1    0.009040    0.048398    0.030861    5.030861 ^ inputs[18] (in)
                                                         inputs[18] (net)
                      0.048398    0.000000    5.030861 ^ _061_/A (sky130_fd_sc_hd__xnor2_2)
     3    0.026522    0.145968    0.182522    5.213383 ^ _061_/Y (sky130_fd_sc_hd__xnor2_2)
                                                         _033_ (net)
                      0.145968    0.000000    5.213383 ^ _072_/B (sky130_fd_sc_hd__xnor2_2)
     2    0.041760    0.189371    0.198810    5.412193 v _072_/Y (sky130_fd_sc_hd__xnor2_2)
                                                         outputs[18] (net)
                      0.189371    0.000000    5.412193 v outputs[18] (out)
                                              5.412193   data arrival time

                      0.000000    0.000000    0.000000   clock clk (rise edge)
                                  0.000000    0.000000   clock network delay (ideal)
                                  0.250000    0.250000   clock uncertainty
                                  0.000000    0.250000   clock reconvergence pessimism
                                 -5.000000   -4.750000   output external delay
                                             -4.750000   data required time
---------------------------------------------------------------------------------------------
                                             -4.750000   data required time
                                             -5.412193   data arrival time
---------------------------------------------------------------------------------------------
                                             10.162193   slack (MET)


Startpoint: inputs[6] (input port clocked by clk)
Endpoint: outputs[6] (output port clocked by clk)
Path Group: clk
Path Type: min

Fanout         Cap        Slew       Delay        Time   Description
---------------------------------------------------------------------------------------------
                      0.000000    0.000000    0.000000   clock clk (rise edge)
                                  0.000000    0.000000   clock network delay (ideal)
                                  5.000000    5.000000 ^ input external delay
     3    0.026362    0.125979    0.085333    5.085333 ^ inputs[6] (in)
                                                         inputs[6] (net)
                      0.125979    0.000000    5.085333 ^ _078_/B (sky130_fd_sc_hd__xor2_2)
     2    0.016155    0.063194    0.116807    5.202140 v _078_/X (sky130_fd_sc_hd__xor2_2)
                                                         _044_ (net)
                      0.063194    0.000000    5.202140 v _079_/B (sky130_fd_sc_hd__xor2_2)
     1    0.033442    0.101253    0.213161    5.415301 v _079_/X (sky130_fd_sc_hd__xor2_2)
                                                         outputs[6] (net)
                      0.101253    0.000000    5.415301 v outputs[6] (out)
                                              5.415301   data arrival time

                      0.000000    0.000000    0.000000   clock clk (rise edge)
                                  0.000000    0.000000   clock network delay (ideal)
                                  0.250000    0.250000   clock uncertainty
                                  0.000000    0.250000   clock reconvergence pessimism
                                 -5.000000   -4.750000   output external delay
                                             -4.750000   data required time
---------------------------------------------------------------------------------------------
                                             -4.750000   data required time
                                             -5.415301   data arrival time
---------------------------------------------------------------------------------------------
                                             10.165301   slack (MET)


Startpoint: inputs[14] (input port clocked by clk)
Endpoint: outputs[14] (output port clocked by clk)
Path Group: clk
Path Type: min

Fanout         Cap        Slew       Delay        Time   Description
---------------------------------------------------------------------------------------------
                      0.000000    0.000000    0.000000   clock clk (rise edge)
                                  0.000000    0.000000   clock network delay (ideal)
                                  5.000000    5.000000 ^ input external delay
     2    0.016986    0.083964    0.056077    5.056077 ^ inputs[14] (in)
                                                         inputs[14] (net)
                      0.083964    0.000000    5.056077 ^ _075_/B (sky130_fd_sc_hd__xor2_2)
     1    0.008077    0.044382    0.078698    5.134775 v _075_/X (sky130_fd_sc_hd__xor2_2)
                                                         _042_ (net)
                      0.044382    0.000000    5.134775 v _076_/B (sky130_fd_sc_hd__xnor2_2)
     1    0.008493    0.060865    0.156360    5.291135 ^ _076_/Y (sky130_fd_sc_hd__xnor2_2)
                                                         _043_ (net)
                      0.060865    0.000000    5.291135 ^ _077_/B (sky130_fd_sc_hd__xor2_2)
     2    0.041760    0.119222    0.169472    5.460607 v _077_/X (sky130_fd_sc_hd__xor2_2)
                                                         outputs[14] (net)
                      0.119222    0.000000    5.460607 v outputs[14] (out)
                                              5.460607   data arrival time

                      0.000000    0.000000    0.000000   clock clk (rise edge)
                                  0.000000    0.000000   clock network delay (ideal)
                                  0.250000    0.250000   clock uncertainty
                                  0.000000    0.250000   clock reconvergence pessimism
                                 -5.000000   -4.750000   output external delay
                                             -4.750000   data required time
---------------------------------------------------------------------------------------------
                                             -4.750000   data required time
                                             -5.460607   data arrival time
---------------------------------------------------------------------------------------------
                                             10.210607   slack (MET)


Startpoint: inputs[28] (input port clocked by clk)
Endpoint: outputs[28] (output port clocked by clk)
Path Group: clk
Path Type: min

Fanout         Cap        Slew       Delay        Time   Description
---------------------------------------------------------------------------------------------
                      0.000000    0.000000    0.000000   clock clk (rise edge)
                                  0.000000    0.000000   clock network delay (ideal)
                                  5.000000    5.000000 ^ input external delay
     1    0.009376    0.049900    0.031946    5.031947 ^ inputs[28] (in)
                                                         inputs[28] (net)
                      0.049900    0.000000    5.031947 ^ _054_/A (sky130_fd_sc_hd__xor2_2)
     1    0.008077    0.044455    0.074212    5.106158 v _054_/X (sky130_fd_sc_hd__xor2_2)
                                                         _030_ (net)
                      0.044455    0.000000    5.106158 v _056_/B (sky130_fd_sc_hd__xnor2_2)
     1    0.008442    0.061350    0.155956    5.262114 ^ _056_/Y (sky130_fd_sc_hd__xnor2_2)
                                                         _031_ (net)
                      0.061350    0.000000    5.262114 ^ _057_/B (sky130_fd_sc_hd__xnor2_2)
     3    0.050344    0.223860    0.202711    5.464825 v _057_/Y (sky130_fd_sc_hd__xnor2_2)
                                                         outputs[28] (net)
                      0.223860    0.000000    5.464825 v outputs[28] (out)
                                              5.464825   data arrival time

                      0.000000    0.000000    0.000000   clock clk (rise edge)
                                  0.000000    0.000000   clock network delay (ideal)
                                  0.250000    0.250000   clock uncertainty
                                  0.000000    0.250000   clock reconvergence pessimism
                                 -5.000000   -4.750000   output external delay
                                             -4.750000   data required time
---------------------------------------------------------------------------------------------
                                             -4.750000   data required time
                                             -5.464825   data arrival time
---------------------------------------------------------------------------------------------
                                             10.214825   slack (MET)


Startpoint: inputs[11] (input port clocked by clk)
Endpoint: outputs[11] (output port clocked by clk)
Path Group: clk
Path Type: min

Fanout         Cap        Slew       Delay        Time   Description
---------------------------------------------------------------------------------------------
                      0.000000    0.000000    0.000000   clock clk (rise edge)
                                  0.000000    0.000000   clock network delay (ideal)
                                  5.000000    5.000000 ^ input external delay
     2    0.016935    0.083736    0.055918    5.055918 ^ inputs[11] (in)
                                                         inputs[11] (net)
                      0.083736    0.000000    5.055918 ^ _112_/B (sky130_fd_sc_hd__xor2_2)
     2    0.016395    0.063753    0.103444    5.159362 v _112_/X (sky130_fd_sc_hd__xor2_2)
                                                         _019_ (net)
                      0.063753    0.000000    5.159362 v _118_/B (sky130_fd_sc_hd__xnor2_2)
     1    0.008442    0.062582    0.162872    5.322235 ^ _118_/Y (sky130_fd_sc_hd__xnor2_2)
                                                         _023_ (net)
                      0.062582    0.000000    5.322235 ^ _119_/B (sky130_fd_sc_hd__xnor2_2)
     1    0.033442    0.154890    0.151486    5.473721 v _119_/Y (sky130_fd_sc_hd__xnor2_2)
                                                         outputs[11] (net)
                      0.154890    0.000000    5.473721 v outputs[11] (out)
                                              5.473721   data arrival time

                      0.000000    0.000000    0.000000   clock clk (rise edge)
                                  0.000000    0.000000   clock network delay (ideal)
                                  0.250000    0.250000   clock uncertainty
                                  0.000000    0.250000   clock reconvergence pessimism
                                 -5.000000   -4.750000   output external delay
                                             -4.750000   data required time
---------------------------------------------------------------------------------------------
                                             -4.750000   data required time
                                             -5.473721   data arrival time
---------------------------------------------------------------------------------------------
                                             10.223721   slack (MET)


Startpoint: inputs[7] (input port clocked by clk)
Endpoint: outputs[7] (output port clocked by clk)
Path Group: clk
Path Type: min

Fanout         Cap        Slew       Delay        Time   Description
---------------------------------------------------------------------------------------------
                      0.000000    0.000000    0.000000   clock clk (rise edge)
                                  0.000000    0.000000   clock network delay (ideal)
                                  5.000000    5.000000 ^ input external delay
     3    0.026362    0.125979    0.085333    5.085333 ^ inputs[7] (in)
                                                         inputs[7] (net)
                      0.125979    0.000000    5.085333 ^ _123_/B (sky130_fd_sc_hd__xor2_2)
     1    0.008077    0.044418    0.092540    5.177873 v _123_/X (sky130_fd_sc_hd__xor2_2)
                                                         _025_ (net)
                      0.044418    0.000000    5.177873 v _124_/B (sky130_fd_sc_hd__xnor2_2)
     1    0.008442    0.061349    0.155944    5.333816 ^ _124_/Y (sky130_fd_sc_hd__xnor2_2)
                                                         _026_ (net)
                      0.061349    0.000000    5.333816 ^ _125_/B (sky130_fd_sc_hd__xnor2_2)
     1    0.033442    0.154871    0.151163    5.484979 v _125_/Y (sky130_fd_sc_hd__xnor2_2)
                                                         outputs[7] (net)
                      0.154871    0.000000    5.484979 v outputs[7] (out)
                                              5.484979   data arrival time

                      0.000000    0.000000    0.000000   clock clk (rise edge)
                                  0.000000    0.000000   clock network delay (ideal)
                                  0.250000    0.250000   clock uncertainty
                                  0.000000    0.250000   clock reconvergence pessimism
                                 -5.000000   -4.750000   output external delay
                                             -4.750000   data required time
---------------------------------------------------------------------------------------------
                                             -4.750000   data required time
                                             -5.484979   data arrival time
---------------------------------------------------------------------------------------------
                                             10.234980   slack (MET)


Startpoint: inputs[26] (input port clocked by clk)
Endpoint: outputs[26] (output port clocked by clk)
Path Group: clk
Path Type: min

Fanout         Cap        Slew       Delay        Time   Description
---------------------------------------------------------------------------------------------
                      0.000000    0.000000    0.000000   clock clk (rise edge)
                                  0.000000    0.000000   clock network delay (ideal)
                                  5.000000    5.000000 ^ input external delay
     1    0.009040    0.048398    0.030861    5.030861 ^ inputs[26] (in)
                                                         inputs[26] (net)
                      0.048398    0.000000    5.030861 ^ _062_/A (sky130_fd_sc_hd__xnor2_2)
     1    0.008442    0.060264    0.120783    5.151644 ^ _062_/Y (sky130_fd_sc_hd__xnor2_2)
                                                         _034_ (net)
                      0.060264    0.000000    5.151644 ^ _063_/B (sky130_fd_sc_hd__xnor2_2)
     2    0.017482    0.102778    0.150008    5.301652 ^ _063_/Y (sky130_fd_sc_hd__xnor2_2)
                                                         _035_ (net)
                      0.102778    0.000000    5.301652 ^ _069_/B (sky130_fd_sc_hd__xnor2_2)
     2    0.041760    0.189209    0.187581    5.489233 v _069_/Y (sky130_fd_sc_hd__xnor2_2)
                                                         outputs[26] (net)
                      0.189209    0.000000    5.489233 v outputs[26] (out)
                                              5.489233   data arrival time

                      0.000000    0.000000    0.000000   clock clk (rise edge)
                                  0.000000    0.000000   clock network delay (ideal)
                                  0.250000    0.250000   clock uncertainty
                                  0.000000    0.250000   clock reconvergence pessimism
                                 -5.000000   -4.750000   output external delay
                                             -4.750000   data required time
---------------------------------------------------------------------------------------------
                                             -4.750000   data required time
                                             -5.489233   data arrival time
---------------------------------------------------------------------------------------------
                                             10.239233   slack (MET)


Startpoint: inputs[25] (input port clocked by clk)
Endpoint: outputs[25] (output port clocked by clk)
Path Group: clk
Path Type: min

Fanout         Cap        Slew       Delay        Time   Description
---------------------------------------------------------------------------------------------
                      0.000000    0.000000    0.000000   clock clk (rise edge)
                                  0.000000    0.000000   clock network delay (ideal)
                                  5.000000    5.000000 ^ input external delay
     1    0.009040    0.048398    0.030861    5.030861 ^ inputs[25] (in)
                                                         inputs[25] (net)
                      0.048398    0.000000    5.030861 ^ _084_/A (sky130_fd_sc_hd__xnor2_2)
     2    0.017482    0.102730    0.152082    5.182943 ^ _084_/Y (sky130_fd_sc_hd__xnor2_2)
                                                         _048_ (net)
                      0.102730    0.000000    5.182943 ^ _098_/B (sky130_fd_sc_hd__xnor2_2)
     2    0.016986    0.100780    0.160658    5.343601 ^ _098_/Y (sky130_fd_sc_hd__xnor2_2)
                                                         _011_ (net)
                      0.100780    0.000000    5.343601 ^ _101_/B (sky130_fd_sc_hd__xor2_2)
     1    0.033442    0.101253    0.158861    5.502462 v _101_/X (sky130_fd_sc_hd__xor2_2)
                                                         outputs[25] (net)
                      0.101253    0.000000    5.502462 v outputs[25] (out)
                                              5.502462   data arrival time

                      0.000000    0.000000    0.000000   clock clk (rise edge)
                                  0.000000    0.000000   clock network delay (ideal)
                                  0.250000    0.250000   clock uncertainty
                                  0.000000    0.250000   clock reconvergence pessimism
                                 -5.000000   -4.750000   output external delay
                                             -4.750000   data required time
---------------------------------------------------------------------------------------------
                                             -4.750000   data required time
                                             -5.502462   data arrival time
---------------------------------------------------------------------------------------------
                                             10.252462   slack (MET)


Startpoint: inputs[13] (input port clocked by clk)
Endpoint: outputs[13] (output port clocked by clk)
Path Group: clk
Path Type: min

Fanout         Cap        Slew       Delay        Time   Description
---------------------------------------------------------------------------------------------
                      0.000000    0.000000    0.000000   clock clk (rise edge)
                                  0.000000    0.000000   clock network delay (ideal)
                                  5.000000    5.000000 v input external delay
     2    0.015674    0.037091    0.025253    5.025253 v inputs[13] (in)
                                                         inputs[13] (net)
                      0.037091    0.000000    5.025253 v _110_/B (sky130_fd_sc_hd__xor2_2)
     1    0.008442    0.132323    0.150828    5.176081 ^ _110_/X (sky130_fd_sc_hd__xor2_2)
                                                         _017_ (net)
                      0.132323    0.000000    5.176081 ^ _111_/B (sky130_fd_sc_hd__xnor2_2)
     2    0.017482    0.103348    0.169829    5.345910 ^ _111_/Y (sky130_fd_sc_hd__xnor2_2)
                                                         _018_ (net)
                      0.103348    0.000000    5.345910 ^ _117_/B (sky130_fd_sc_hd__xnor2_2)
     1    0.033442    0.155504    0.162151    5.508061 v _117_/Y (sky130_fd_sc_hd__xnor2_2)
                                                         outputs[13] (net)
                      0.155504    0.000000    5.508061 v outputs[13] (out)
                                              5.508061   data arrival time

                      0.000000    0.000000    0.000000   clock clk (rise edge)
                                  0.000000    0.000000   clock network delay (ideal)
                                  0.250000    0.250000   clock uncertainty
                                  0.000000    0.250000   clock reconvergence pessimism
                                 -5.000000   -4.750000   output external delay
                                             -4.750000   data required time
---------------------------------------------------------------------------------------------
                                             -4.750000   data required time
                                             -5.508061   data arrival time
---------------------------------------------------------------------------------------------
                                             10.258061   slack (MET)


Startpoint: inputs[19] (input port clocked by clk)
Endpoint: outputs[19] (output port clocked by clk)
Path Group: clk
Path Type: min

Fanout         Cap        Slew       Delay        Time   Description
---------------------------------------------------------------------------------------------
                      0.000000    0.000000    0.000000   clock clk (rise edge)
                                  0.000000    0.000000   clock network delay (ideal)
                                  5.000000    5.000000 ^ input external delay
     1    0.009040    0.048398    0.030861    5.030861 ^ inputs[19] (in)
                                                         inputs[19] (net)
                      0.048398    0.000000    5.030861 ^ _088_/A (sky130_fd_sc_hd__xnor2_2)
     3    0.024473    0.119182    0.129225    5.160086 v _088_/Y (sky130_fd_sc_hd__xnor2_2)
                                                         _003_ (net)
                      0.119182    0.000000    5.160086 v _106_/B (sky130_fd_sc_hd__xor2_2)
     1    0.008442    0.132198    0.182530    5.342616 ^ _106_/X (sky130_fd_sc_hd__xor2_2)
                                                         _015_ (net)
                      0.132198    0.000000    5.342616 ^ _107_/B (sky130_fd_sc_hd__xnor2_2)
     1    0.033442    0.155865    0.169528    5.512143 v _107_/Y (sky130_fd_sc_hd__xnor2_2)
                                                         outputs[19] (net)
                      0.155865    0.000000    5.512143 v outputs[19] (out)
                                              5.512143   data arrival time

                      0.000000    0.000000    0.000000   clock clk (rise edge)
                                  0.000000    0.000000   clock network delay (ideal)
                                  0.250000    0.250000   clock uncertainty
                                  0.000000    0.250000   clock reconvergence pessimism
                                 -5.000000   -4.750000   output external delay
                                             -4.750000   data required time
---------------------------------------------------------------------------------------------
                                             -4.750000   data required time
                                             -5.512143   data arrival time
---------------------------------------------------------------------------------------------
                                             10.262143   slack (MET)


Startpoint: inputs[22] (input port clocked by clk)
Endpoint: outputs[22] (output port clocked by clk)
Path Group: clk
Path Type: min

Fanout         Cap        Slew       Delay        Time   Description
---------------------------------------------------------------------------------------------
                      0.000000    0.000000    0.000000   clock clk (rise edge)
                                  0.000000    0.000000   clock network delay (ideal)
                                  5.000000    5.000000 ^ input external delay
     1    0.009376    0.049900    0.031946    5.031947 ^ inputs[22] (in)
                                                         inputs[22] (net)
                      0.049900    0.000000    5.031947 ^ _064_/A (sky130_fd_sc_hd__xor2_2)
     2    0.016395    0.063831    0.099129    5.131075 v _064_/X (sky130_fd_sc_hd__xor2_2)
                                                         _036_ (net)
                      0.063831    0.000000    5.131075 v _070_/B (sky130_fd_sc_hd__xnor2_2)
     2    0.016155    0.086090    0.171533    5.302608 v _070_/Y (sky130_fd_sc_hd__xnor2_2)
                                                         _040_ (net)
                      0.086090    0.000000    5.302608 v _071_/B (sky130_fd_sc_hd__xor2_2)
     1    0.033442    0.101337    0.222386    5.524994 v _071_/X (sky130_fd_sc_hd__xor2_2)
                                                         outputs[22] (net)
                      0.101337    0.000000    5.524994 v outputs[22] (out)
                                              5.524994   data arrival time

                      0.000000    0.000000    0.000000   clock clk (rise edge)
                                  0.000000    0.000000   clock network delay (ideal)
                                  0.250000    0.250000   clock uncertainty
                                  0.000000    0.250000   clock reconvergence pessimism
                                 -5.000000   -4.750000   output external delay
                                             -4.750000   data required time
---------------------------------------------------------------------------------------------
                                             -4.750000   data required time
                                             -5.524994   data arrival time
---------------------------------------------------------------------------------------------
                                             10.274994   slack (MET)


Startpoint: inputs[21] (input port clocked by clk)
Endpoint: outputs[21] (output port clocked by clk)
Path Group: clk
Path Type: min

Fanout         Cap        Slew       Delay        Time   Description
---------------------------------------------------------------------------------------------
                      0.000000    0.000000    0.000000   clock clk (rise edge)
                                  0.000000    0.000000   clock network delay (ideal)
                                  5.000000    5.000000 ^ input external delay
     1    0.009376    0.049900    0.031946    5.031947 ^ inputs[21] (in)
                                                         inputs[21] (net)
                      0.049900    0.000000    5.031947 ^ _082_/A (sky130_fd_sc_hd__xor2_2)
     1    0.008077    0.044455    0.074212    5.106158 v _082_/X (sky130_fd_sc_hd__xor2_2)
                                                         _046_ (net)
                      0.044455    0.000000    5.106158 v _083_/B (sky130_fd_sc_hd__xnor2_2)
     2    0.017482    0.103348    0.231848    5.338006 ^ _083_/Y (sky130_fd_sc_hd__xnor2_2)
                                                         _047_ (net)
                      0.103348    0.000000    5.338006 ^ _102_/B (sky130_fd_sc_hd__xnor2_2)
     2    0.041760    0.189214    0.187733    5.525739 v _102_/Y (sky130_fd_sc_hd__xnor2_2)
                                                         outputs[21] (net)
                      0.189214    0.000000    5.525739 v outputs[21] (out)
                                              5.525739   data arrival time

                      0.000000    0.000000    0.000000   clock clk (rise edge)
                                  0.000000    0.000000   clock network delay (ideal)
                                  0.250000    0.250000   clock uncertainty
                                  0.000000    0.250000   clock reconvergence pessimism
                                 -5.000000   -4.750000   output external delay
                                             -4.750000   data required time
---------------------------------------------------------------------------------------------
                                             -4.750000   data required time
                                             -5.525739   data arrival time
---------------------------------------------------------------------------------------------
                                             10.275740   slack (MET)


Startpoint: inputs[30] (input port clocked by clk)
Endpoint: outputs[30] (output port clocked by clk)
Path Group: clk
Path Type: min

Fanout         Cap        Slew       Delay        Time   Description
---------------------------------------------------------------------------------------------
                      0.000000    0.000000    0.000000   clock clk (rise edge)
                                  0.000000    0.000000   clock network delay (ideal)
                                  5.000000    5.000000 ^ input external delay
     1    0.009376    0.049900    0.031946    5.031947 ^ inputs[30] (in)
                                                         inputs[30] (net)
                      0.049900    0.000000    5.031947 ^ _065_/A (sky130_fd_sc_hd__xor2_2)
     1    0.008077    0.044455    0.074212    5.106158 v _065_/X (sky130_fd_sc_hd__xor2_2)
                                                         _037_ (net)
                      0.044455    0.000000    5.106158 v _066_/B (sky130_fd_sc_hd__xnor2_2)
     1    0.008442    0.061350    0.155956    5.262114 ^ _066_/Y (sky130_fd_sc_hd__xnor2_2)
                                                         _038_ (net)
                      0.061350    0.000000    5.262114 ^ _067_/B (sky130_fd_sc_hd__xnor2_2)
     1    0.008442    0.060456    0.119067    5.381181 ^ _067_/Y (sky130_fd_sc_hd__xnor2_2)
                                                         _039_ (net)
                      0.060456    0.000000    5.381181 ^ _068_/B (sky130_fd_sc_hd__xnor2_2)
     2    0.041760    0.188772    0.176315    5.557496 v _068_/Y (sky130_fd_sc_hd__xnor2_2)
                                                         outputs[30] (net)
                      0.188772    0.000000    5.557496 v outputs[30] (out)
                                              5.557496   data arrival time

                      0.000000    0.000000    0.000000   clock clk (rise edge)
                                  0.000000    0.000000   clock network delay (ideal)
                                  0.250000    0.250000   clock uncertainty
                                  0.000000    0.250000   clock reconvergence pessimism
                                 -5.000000   -4.750000   output external delay
                                             -4.750000   data required time
---------------------------------------------------------------------------------------------
                                             -4.750000   data required time
                                             -5.557496   data arrival time
---------------------------------------------------------------------------------------------
                                             10.307495   slack (MET)


Startpoint: inputs[15] (input port clocked by clk)
Endpoint: outputs[15] (output port clocked by clk)
Path Group: clk
Path Type: min

Fanout         Cap        Slew       Delay        Time   Description
---------------------------------------------------------------------------------------------
                      0.000000    0.000000    0.000000   clock clk (rise edge)
                                  0.000000    0.000000   clock network delay (ideal)
                                  5.000000    5.000000 ^ input external delay
     2    0.016935    0.083736    0.055918    5.055918 ^ inputs[15] (in)
                                                         inputs[15] (net)
                      0.083736    0.000000    5.055918 ^ _113_/B (sky130_fd_sc_hd__xor2_2)
     1    0.008077    0.044382    0.078620    5.134538 v _113_/X (sky130_fd_sc_hd__xor2_2)
                                                         _020_ (net)
                      0.044382    0.000000    5.134538 v _114_/B (sky130_fd_sc_hd__xnor2_2)
     1    0.008442    0.061349    0.155932    5.290470 ^ _114_/Y (sky130_fd_sc_hd__xnor2_2)
                                                         _021_ (net)
                      0.061349    0.000000    5.290470 ^ _115_/B (sky130_fd_sc_hd__xnor2_2)
     1    0.008442    0.060456    0.119067    5.409537 ^ _115_/Y (sky130_fd_sc_hd__xnor2_2)
                                                         _022_ (net)
                      0.060456    0.000000    5.409537 ^ _116_/B (sky130_fd_sc_hd__xnor2_2)
     1    0.033442    0.154858    0.150929    5.560466 v _116_/Y (sky130_fd_sc_hd__xnor2_2)
                                                         outputs[15] (net)
                      0.154858    0.000000    5.560466 v outputs[15] (out)
                                              5.560466   data arrival time

                      0.000000    0.000000    0.000000   clock clk (rise edge)
                                  0.000000    0.000000   clock network delay (ideal)
                                  0.250000    0.250000   clock uncertainty
                                  0.000000    0.250000   clock reconvergence pessimism
                                 -5.000000   -4.750000   output external delay
                                             -4.750000   data required time
---------------------------------------------------------------------------------------------
                                             -4.750000   data required time
                                             -5.560466   data arrival time
---------------------------------------------------------------------------------------------
                                             10.310467   slack (MET)


Startpoint: inputs[23] (input port clocked by clk)
Endpoint: outputs[23] (output port clocked by clk)
Path Group: clk
Path Type: min

Fanout         Cap        Slew       Delay        Time   Description
---------------------------------------------------------------------------------------------
                      0.000000    0.000000    0.000000   clock clk (rise edge)
                                  0.000000    0.000000   clock network delay (ideal)
                                  5.000000    5.000000 ^ input external delay
     1    0.009376    0.049900    0.031946    5.031947 ^ inputs[23] (in)
                                                         inputs[23] (net)
                      0.049900    0.000000    5.031947 ^ _091_/A (sky130_fd_sc_hd__xor2_2)
     2    0.016395    0.063831    0.099129    5.131075 v _091_/X (sky130_fd_sc_hd__xor2_2)
                                                         _006_ (net)
                      0.063831    0.000000    5.131075 v _103_/B (sky130_fd_sc_hd__xnor2_2)
     1    0.008442    0.061113    0.162902    5.293977 ^ _103_/Y (sky130_fd_sc_hd__xnor2_2)
                                                         _013_ (net)
                      0.061113    0.000000    5.293977 ^ _104_/B (sky130_fd_sc_hd__xnor2_2)
     1    0.008442    0.060453    0.118999    5.412976 ^ _104_/Y (sky130_fd_sc_hd__xnor2_2)
                                                         _014_ (net)
                      0.060453    0.000000    5.412976 ^ _105_/B (sky130_fd_sc_hd__xnor2_2)
     1    0.033442    0.154858    0.150929    5.563904 v _105_/Y (sky130_fd_sc_hd__xnor2_2)
                                                         outputs[23] (net)
                      0.154858    0.000000    5.563904 v outputs[23] (out)
                                              5.563904   data arrival time

                      0.000000    0.000000    0.000000   clock clk (rise edge)
                                  0.000000    0.000000   clock network delay (ideal)
                                  0.250000    0.250000   clock uncertainty
                                  0.000000    0.250000   clock reconvergence pessimism
                                 -5.000000   -4.750000   output external delay
                                             -4.750000   data required time
---------------------------------------------------------------------------------------------
                                             -4.750000   data required time
                                             -5.563904   data arrival time
---------------------------------------------------------------------------------------------
                                             10.313905   slack (MET)


Startpoint: inputs[29] (input port clocked by clk)
Endpoint: outputs[29] (output port clocked by clk)
Path Group: clk
Path Type: min

Fanout         Cap        Slew       Delay        Time   Description
---------------------------------------------------------------------------------------------
                      0.000000    0.000000    0.000000   clock clk (rise edge)
                                  0.000000    0.000000   clock network delay (ideal)
                                  5.000000    5.000000 ^ input external delay
     1    0.009376    0.049900    0.031946    5.031947 ^ inputs[29] (in)
                                                         inputs[29] (net)
                      0.049900    0.000000    5.031947 ^ _085_/A (sky130_fd_sc_hd__xor2_2)
     1    0.008077    0.044455    0.074212    5.106158 v _085_/X (sky130_fd_sc_hd__xor2_2)
                                                         _000_ (net)
                      0.044455    0.000000    5.106158 v _086_/B (sky130_fd_sc_hd__xnor2_2)
     1    0.008442    0.060625    0.155956    5.262114 ^ _086_/Y (sky130_fd_sc_hd__xnor2_2)
                                                         _001_ (net)
                      0.060625    0.000000    5.262114 ^ _087_/B (sky130_fd_sc_hd__xnor2_2)
     2    0.017533    0.103020    0.150289    5.412403 ^ _087_/Y (sky130_fd_sc_hd__xnor2_2)
                                                         _002_ (net)
                      0.103020    0.000000    5.412403 ^ _097_/B (sky130_fd_sc_hd__xor2_2)
     1    0.033442    0.101342    0.159616    5.572020 v _097_/X (sky130_fd_sc_hd__xor2_2)
                                                         outputs[29] (net)
                      0.101342    0.000000    5.572020 v outputs[29] (out)
                                              5.572020   data arrival time

                      0.000000    0.000000    0.000000   clock clk (rise edge)
                                  0.000000    0.000000   clock network delay (ideal)
                                  0.250000    0.250000   clock uncertainty
                                  0.000000    0.250000   clock reconvergence pessimism
                                 -5.000000   -4.750000   output external delay
                                             -4.750000   data required time
---------------------------------------------------------------------------------------------
                                             -4.750000   data required time
                                             -5.572020   data arrival time
---------------------------------------------------------------------------------------------
                                             10.322019   slack (MET)


Startpoint: inputs[27] (input port clocked by clk)
Endpoint: outputs[27] (output port clocked by clk)
Path Group: clk
Path Type: min

Fanout         Cap        Slew       Delay        Time   Description
---------------------------------------------------------------------------------------------
                      0.000000    0.000000    0.000000   clock clk (rise edge)
                                  0.000000    0.000000   clock network delay (ideal)
                                  5.000000    5.000000 ^ input external delay
     1    0.009040    0.048398    0.030861    5.030861 ^ inputs[27] (in)
                                                         inputs[27] (net)
                      0.048398    0.000000    5.030861 ^ _089_/A (sky130_fd_sc_hd__xnor2_2)
     1    0.008442    0.060264    0.120783    5.151644 ^ _089_/Y (sky130_fd_sc_hd__xnor2_2)
                                                         _004_ (net)
                      0.060264    0.000000    5.151644 ^ _090_/B (sky130_fd_sc_hd__xnor2_2)
     2    0.018416    0.107152    0.153237    5.304881 ^ _090_/Y (sky130_fd_sc_hd__xnor2_2)
                                                         _005_ (net)
                      0.107152    0.000000    5.304881 ^ _099_/A (sky130_fd_sc_hd__xor2_2)
     1    0.008077    0.044442    0.091172    5.396053 v _099_/X (sky130_fd_sc_hd__xor2_2)
                                                         _012_ (net)
                      0.044442    0.000000    5.396053 v _100_/B (sky130_fd_sc_hd__xnor2_2)
     1    0.033442    0.155865    0.216477    5.612531 v _100_/Y (sky130_fd_sc_hd__xnor2_2)
                                                         outputs[27] (net)
                      0.155865    0.000000    5.612531 v outputs[27] (out)
                                              5.612531   data arrival time

                      0.000000    0.000000    0.000000   clock clk (rise edge)
                                  0.000000    0.000000   clock network delay (ideal)
                                  0.250000    0.250000   clock uncertainty
                                  0.000000    0.250000   clock reconvergence pessimism
                                 -5.000000   -4.750000   output external delay
                                             -4.750000   data required time
---------------------------------------------------------------------------------------------
                                             -4.750000   data required time
                                             -5.612531   data arrival time
---------------------------------------------------------------------------------------------
                                             10.362531   slack (MET)


Startpoint: inputs[31] (input port clocked by clk)
Endpoint: outputs[31] (output port clocked by clk)
Path Group: clk
Path Type: min

Fanout         Cap        Slew       Delay        Time   Description
---------------------------------------------------------------------------------------------
                      0.000000    0.000000    0.000000   clock clk (rise edge)
                                  0.000000    0.000000   clock network delay (ideal)
                                  5.000000    5.000000 ^ input external delay
     1    0.009040    0.048398    0.030861    5.030861 ^ inputs[31] (in)
                                                         inputs[31] (net)
                      0.048398    0.000000    5.030861 ^ _092_/A (sky130_fd_sc_hd__xnor2_2)
     1    0.008077    0.052380    0.077280    5.108141 v _092_/Y (sky130_fd_sc_hd__xnor2_2)
                                                         _007_ (net)
                      0.052380    0.000000    5.108141 v _093_/B (sky130_fd_sc_hd__xnor2_2)
     1    0.008442    0.060442    0.158610    5.266751 ^ _093_/Y (sky130_fd_sc_hd__xnor2_2)
                                                         _008_ (net)
                      0.060442    0.000000    5.266751 ^ _094_/B (sky130_fd_sc_hd__xnor2_2)
     1    0.008077    0.050928    0.071962    5.338713 v _094_/Y (sky130_fd_sc_hd__xnor2_2)
                                                         _009_ (net)
                      0.050928    0.000000    5.338713 v _095_/B (sky130_fd_sc_hd__xnor2_2)
     1    0.008442    0.060444    0.158124    5.496837 ^ _095_/Y (sky130_fd_sc_hd__xnor2_2)
                                                         _010_ (net)
                      0.060444    0.000000    5.496837 ^ _096_/B (sky130_fd_sc_hd__xnor2_2)
     1    0.033442    0.154858    0.150926    5.647763 v _096_/Y (sky130_fd_sc_hd__xnor2_2)
                                                         outputs[31] (net)
                      0.154858    0.000000    5.647763 v outputs[31] (out)
                                              5.647763   data arrival time

                      0.000000    0.000000    0.000000   clock clk (rise edge)
                                  0.000000    0.000000   clock network delay (ideal)
                                  0.250000    0.250000   clock uncertainty
                                  0.000000    0.250000   clock reconvergence pessimism
                                 -5.000000   -4.750000   output external delay
                                             -4.750000   data required time
---------------------------------------------------------------------------------------------
                                             -4.750000   data required time
                                             -5.647763   data arrival time
---------------------------------------------------------------------------------------------
                                             10.397763   slack (MET)



