Reading OpenROAD database at '/home/fjjf/circuits/expmob1_n5/runs/RUN_2025-03-15_01-42-01/47-odb-reportdisconnectedpins/expmob1.odb'…
Reading library file at '/home/fjjf/.volare/volare/sky130/versions/0fe599b2afb6708d281543108caf8310912f54af/sky130A/libs.ref/sky130_fd_sc_hd/lib/sky130_fd_sc_hd__tt_025C_1v80.lib'…
Reading design constraints file at '/nix/store/ss2cw3sxbrwwx9jl0rrppbw4kgcmgi2n-python3-3.11.9-env/lib/python3.11/site-packages/openlane/scripts/base.sdc'…
[WARNING STA-0366] port 'clk' not found.
[INFO] Using clock clk…
[INFO] Setting output delay to: 5
[INFO] Setting input delay to: 5
[WARNING STA-0366] port 'clk' not found.
[INFO] Setting load to: 0.033442
[INFO] Setting clock uncertainty to: 0.25
[INFO] Setting clock transition to: 0.1499999999999999944488848768742172978818416595458984375
[WARNING STA-0419] transition time can not be specified for virtual clocks.
[INFO] Setting timing derate to: 5%
[WARNING STA-0450] virtual clock clk can not be propagated.
sky130_ef_sc_hd__decap_12 sky130_fd_sc_hd__decap_8 sky130_fd_sc_hd__decap_6 sky130_fd_sc_hd__decap_4 sky130_fd_sc_hd__decap_3 sky130_fd_sc_hd__fill*
[INFO DPL-0001] Placed 164 filler instances.
Setting global connections for newly added cells…
[INFO] Setting global connections...
Updating metrics…
Cell type report:                       Count       Area
  Fill cell                               200    1277.48
  Tap cell                                 30      37.54
  Buffer                                    1       3.75
  Timing Repair Buffer                     64     315.30
  Multi-Input combinational cell           80     865.83
  Total                                   375    2499.90
Writing OpenROAD database to '/home/fjjf/circuits/expmob1_n5/runs/RUN_2025-03-15_01-42-01/51-openroad-fillinsertion/expmob1.odb'…
Writing netlist to '/home/fjjf/circuits/expmob1_n5/runs/RUN_2025-03-15_01-42-01/51-openroad-fillinsertion/expmob1.nl.v'…
Writing powered netlist to '/home/fjjf/circuits/expmob1_n5/runs/RUN_2025-03-15_01-42-01/51-openroad-fillinsertion/expmob1.pnl.v'…
Writing layout to '/home/fjjf/circuits/expmob1_n5/runs/RUN_2025-03-15_01-42-01/51-openroad-fillinsertion/expmob1.def'…
Writing timing constraints to '/home/fjjf/circuits/expmob1_n5/runs/RUN_2025-03-15_01-42-01/51-openroad-fillinsertion/expmob1.sdc'…
