
===========================================================================
report_checks -unconstrained
===========================================================================
======================= nom_tt_025C_1v80 Corner ===================================

Startpoint: inputs[0] (input port clocked by clk)
Endpoint: outputs[31] (output port clocked by clk)
Path Group: clk
Path Type: max

Fanout         Cap        Slew       Delay        Time   Description
---------------------------------------------------------------------------------------------
                      0.000000    0.000000    0.000000   clock clk (rise edge)
                                  0.000000    0.000000   clock network delay (ideal)
                                  5.000000    5.000000 ^ input external delay
     1    0.004562    0.027387    0.016460    5.016460 ^ inputs[0] (in)
                                                         inputs[0] (net)
                      0.027388    0.000000    5.016460 ^ input1/A (sky130_fd_sc_hd__buf_4)
     6    0.060077    0.169138    0.196798    5.213258 ^ input1/X (sky130_fd_sc_hd__buf_4)
                                                         net1 (net)
                      0.169196    0.002588    5.215847 ^ _049_/B (sky130_fd_sc_hd__xor2_4)
     5    0.044056    0.339767    0.333297    5.549144 ^ _049_/X (sky130_fd_sc_hd__xor2_4)
                                                         net40 (net)
                      0.339787    0.002092    5.551236 ^ _055_/A (sky130_fd_sc_hd__xnor2_4)
     4    0.021342    0.104638    0.151661    5.702897 v _055_/Y (sky130_fd_sc_hd__xnor2_4)
                                                         net45 (net)
                      0.104638    0.000428    5.703325 v _057_/A (sky130_fd_sc_hd__xnor2_2)
     3    0.012685    0.206759    0.240317    5.943642 ^ _057_/Y (sky130_fd_sc_hd__xnor2_2)
                                                         net53 (net)
                      0.206759    0.000274    5.943917 ^ _068_/A (sky130_fd_sc_hd__xnor2_1)
     2    0.007836    0.213050    0.180499    6.124416 ^ _068_/Y (sky130_fd_sc_hd__xnor2_1)
                                                         net56 (net)
                      0.213050    0.000151    6.124567 ^ _096_/A (sky130_fd_sc_hd__xnor2_1)
     1    0.002292    0.106074    0.137859    6.262425 ^ _096_/Y (sky130_fd_sc_hd__xnor2_1)
                                                         net57 (net)
                      0.106074    0.000048    6.262473 ^ output57/A (sky130_fd_sc_hd__buf_2)
     1    0.034378    0.171029    0.220903    6.483376 ^ output57/X (sky130_fd_sc_hd__buf_2)
                                                         outputs[31] (net)
                      0.171030    0.000731    6.484106 ^ outputs[31] (out)
                                              6.484106   data arrival time

                      0.000000   25.000000   25.000000   clock clk (rise edge)
                                  0.000000   25.000000   clock network delay (ideal)
                                 -0.250000   24.750000   clock uncertainty
                                  0.000000   24.750000   clock reconvergence pessimism
                                 -5.000000   19.750000   output external delay
                                             19.750000   data required time
---------------------------------------------------------------------------------------------
                                             19.750000   data required time
                                             -6.484106   data arrival time
---------------------------------------------------------------------------------------------
                                             13.265894   slack (MET)




===========================================================================
report_checks --slack_max -0.01
============================================================================
======================= nom_tt_025C_1v80 Corner ===================================

No paths found.


===========================================================================
 report_check_types -max_slew -max_cap -max_fanout -violators
============================================================================
======================= nom_tt_025C_1v80 Corner ===================================



===========================================================================
report_parasitic_annotation -report_unannotated
============================================================================
Found 0 unannotated drivers.
Found 0 partially unannotated drivers.

===========================================================================
max slew violation count 0
Writing metric design__max_slew_violation__count__corner:nom_tt_025C_1v80: 0
max fanout violation count 0
Writing metric design__max_fanout_violation__count__corner:nom_tt_025C_1v80: 0
max cap violation count 0
Writing metric design__max_cap_violation__count__corner:nom_tt_025C_1v80: 0
============================================================================

===========================================================================
check_setup -verbose -unconstrained_endpoints -multiple_clock -no_clock -no_input_delay -loops -generated_clocks
===========================================================================
