
===========================================================================
report_checks -path_delay max (Setup)
============================================================================
======================= nom_tt_025C_1v80 Corner ===================================

Startpoint: inputs[0] (input port clocked by clk)
Endpoint: outputs[31] (output port clocked by clk)
Path Group: clk
Path Type: max

Fanout         Cap        Slew       Delay        Time   Description
---------------------------------------------------------------------------------------------
                      0.000000    0.000000    0.000000   clock clk (rise edge)
                                  0.000000    0.000000   clock network delay (ideal)
                                  5.000000    5.000000 ^ input external delay
     1    0.004562    0.027387    0.016460    5.016460 ^ inputs[0] (in)
                                                         inputs[0] (net)
                      0.027388    0.000000    5.016460 ^ input1/A (sky130_fd_sc_hd__buf_4)
     6    0.060077    0.169138    0.196798    5.213258 ^ input1/X (sky130_fd_sc_hd__buf_4)
                                                         net1 (net)
                      0.169196    0.002588    5.215847 ^ _049_/B (sky130_fd_sc_hd__xor2_4)
     5    0.044056    0.339767    0.333297    5.549144 ^ _049_/X (sky130_fd_sc_hd__xor2_4)
                                                         net40 (net)
                      0.339787    0.002092    5.551236 ^ _055_/A (sky130_fd_sc_hd__xnor2_4)
     4    0.021342    0.104638    0.151661    5.702897 v _055_/Y (sky130_fd_sc_hd__xnor2_4)
                                                         net45 (net)
                      0.104638    0.000428    5.703325 v _057_/A (sky130_fd_sc_hd__xnor2_2)
     3    0.012685    0.206759    0.240317    5.943642 ^ _057_/Y (sky130_fd_sc_hd__xnor2_2)
                                                         net53 (net)
                      0.206759    0.000274    5.943917 ^ _068_/A (sky130_fd_sc_hd__xnor2_1)
     2    0.007836    0.213050    0.180499    6.124416 ^ _068_/Y (sky130_fd_sc_hd__xnor2_1)
                                                         net56 (net)
                      0.213050    0.000151    6.124567 ^ _096_/A (sky130_fd_sc_hd__xnor2_1)
     1    0.002292    0.106074    0.137859    6.262425 ^ _096_/Y (sky130_fd_sc_hd__xnor2_1)
                                                         net57 (net)
                      0.106074    0.000048    6.262473 ^ output57/A (sky130_fd_sc_hd__buf_2)
     1    0.034378    0.171029    0.220903    6.483376 ^ output57/X (sky130_fd_sc_hd__buf_2)
                                                         outputs[31] (net)
                      0.171030    0.000731    6.484106 ^ outputs[31] (out)
                                              6.484106   data arrival time

                      0.000000   25.000000   25.000000   clock clk (rise edge)
                                  0.000000   25.000000   clock network delay (ideal)
                                 -0.250000   24.750000   clock uncertainty
                                  0.000000   24.750000   clock reconvergence pessimism
                                 -5.000000   19.750000   output external delay
                                             19.750000   data required time
---------------------------------------------------------------------------------------------
                                             19.750000   data required time
                                             -6.484106   data arrival time
---------------------------------------------------------------------------------------------
                                             13.265894   slack (MET)


Startpoint: inputs[0] (input port clocked by clk)
Endpoint: outputs[30] (output port clocked by clk)
Path Group: clk
Path Type: max

Fanout         Cap        Slew       Delay        Time   Description
---------------------------------------------------------------------------------------------
                      0.000000    0.000000    0.000000   clock clk (rise edge)
                                  0.000000    0.000000   clock network delay (ideal)
                                  5.000000    5.000000 ^ input external delay
     1    0.004562    0.027387    0.016460    5.016460 ^ inputs[0] (in)
                                                         inputs[0] (net)
                      0.027388    0.000000    5.016460 ^ input1/A (sky130_fd_sc_hd__buf_4)
     6    0.060077    0.169138    0.196798    5.213258 ^ input1/X (sky130_fd_sc_hd__buf_4)
                                                         net1 (net)
                      0.169196    0.002588    5.215847 ^ _049_/B (sky130_fd_sc_hd__xor2_4)
     5    0.044056    0.339767    0.333297    5.549144 ^ _049_/X (sky130_fd_sc_hd__xor2_4)
                                                         net40 (net)
                      0.339787    0.002092    5.551236 ^ _055_/A (sky130_fd_sc_hd__xnor2_4)
     4    0.021342    0.104638    0.151661    5.702897 v _055_/Y (sky130_fd_sc_hd__xnor2_4)
                                                         net45 (net)
                      0.104638    0.000428    5.703325 v _057_/A (sky130_fd_sc_hd__xnor2_2)
     3    0.012685    0.206759    0.240317    5.943642 ^ _057_/Y (sky130_fd_sc_hd__xnor2_2)
                                                         net53 (net)
                      0.206759    0.000274    5.943917 ^ _068_/A (sky130_fd_sc_hd__xnor2_1)
     2    0.007836    0.213050    0.180499    6.124416 ^ _068_/Y (sky130_fd_sc_hd__xnor2_1)
                                                         net56 (net)
                      0.213050    0.000143    6.124558 ^ output56/A (sky130_fd_sc_hd__buf_2)
     1    0.034801    0.173208    0.252797    6.377355 ^ output56/X (sky130_fd_sc_hd__buf_2)
                                                         outputs[30] (net)
                      0.173210    0.000801    6.378156 ^ outputs[30] (out)
                                              6.378156   data arrival time

                      0.000000   25.000000   25.000000   clock clk (rise edge)
                                  0.000000   25.000000   clock network delay (ideal)
                                 -0.250000   24.750000   clock uncertainty
                                  0.000000   24.750000   clock reconvergence pessimism
                                 -5.000000   19.750000   output external delay
                                             19.750000   data required time
---------------------------------------------------------------------------------------------
                                             19.750000   data required time
                                             -6.378156   data arrival time
---------------------------------------------------------------------------------------------
                                             13.371842   slack (MET)


Startpoint: inputs[0] (input port clocked by clk)
Endpoint: outputs[27] (output port clocked by clk)
Path Group: clk
Path Type: max

Fanout         Cap        Slew       Delay        Time   Description
---------------------------------------------------------------------------------------------
                      0.000000    0.000000    0.000000   clock clk (rise edge)
                                  0.000000    0.000000   clock network delay (ideal)
                                  5.000000    5.000000 ^ input external delay
     1    0.004562    0.027387    0.016460    5.016460 ^ inputs[0] (in)
                                                         inputs[0] (net)
                      0.027388    0.000000    5.016460 ^ input1/A (sky130_fd_sc_hd__buf_4)
     6    0.060077    0.169138    0.196798    5.213258 ^ input1/X (sky130_fd_sc_hd__buf_4)
                                                         net1 (net)
                      0.169196    0.002588    5.215847 ^ _049_/B (sky130_fd_sc_hd__xor2_4)
     5    0.044056    0.339767    0.333297    5.549144 ^ _049_/X (sky130_fd_sc_hd__xor2_4)
                                                         net40 (net)
                      0.339771    0.000933    5.550077 ^ _051_/A (sky130_fd_sc_hd__xor2_2)
     3    0.014731    0.215510    0.251072    5.801149 ^ _051_/X (sky130_fd_sc_hd__xor2_2)
                                                         net49 (net)
                      0.215510    0.000482    5.801632 ^ _069_/A (sky130_fd_sc_hd__xnor2_1)
     2    0.008538    0.226936    0.187380    5.989012 ^ _069_/Y (sky130_fd_sc_hd__xnor2_1)
                                                         net51 (net)
                      0.226936    0.000219    5.989231 ^ _100_/A (sky130_fd_sc_hd__xnor2_1)
     1    0.002771    0.115167    0.144324    6.133555 ^ _100_/Y (sky130_fd_sc_hd__xnor2_1)
                                                         net52 (net)
                      0.115167    0.000088    6.133643 ^ output52/A (sky130_fd_sc_hd__buf_2)
     1    0.034379    0.171086    0.224262    6.357904 ^ output52/X (sky130_fd_sc_hd__buf_2)
                                                         outputs[27] (net)
                      0.171086    0.000723    6.358628 ^ outputs[27] (out)
                                              6.358628   data arrival time

                      0.000000   25.000000   25.000000   clock clk (rise edge)
                                  0.000000   25.000000   clock network delay (ideal)
                                 -0.250000   24.750000   clock uncertainty
                                  0.000000   24.750000   clock reconvergence pessimism
                                 -5.000000   19.750000   output external delay
                                             19.750000   data required time
---------------------------------------------------------------------------------------------
                                             19.750000   data required time
                                             -6.358628   data arrival time
---------------------------------------------------------------------------------------------
                                             13.391372   slack (MET)


Startpoint: inputs[0] (input port clocked by clk)
Endpoint: outputs[23] (output port clocked by clk)
Path Group: clk
Path Type: max

Fanout         Cap        Slew       Delay        Time   Description
---------------------------------------------------------------------------------------------
                      0.000000    0.000000    0.000000   clock clk (rise edge)
                                  0.000000    0.000000   clock network delay (ideal)
                                  5.000000    5.000000 ^ input external delay
     1    0.004562    0.027387    0.016460    5.016460 ^ inputs[0] (in)
                                                         inputs[0] (net)
                      0.027388    0.000000    5.016460 ^ input1/A (sky130_fd_sc_hd__buf_4)
     6    0.060077    0.169138    0.196798    5.213258 ^ input1/X (sky130_fd_sc_hd__buf_4)
                                                         net1 (net)
                      0.169196    0.002588    5.215847 ^ _049_/B (sky130_fd_sc_hd__xor2_4)
     5    0.044056    0.339767    0.333297    5.549144 ^ _049_/X (sky130_fd_sc_hd__xor2_4)
                                                         net40 (net)
                      0.339787    0.002092    5.551236 ^ _055_/A (sky130_fd_sc_hd__xnor2_4)
     4    0.021342    0.104638    0.151661    5.702897 v _055_/Y (sky130_fd_sc_hd__xnor2_4)
                                                         net45 (net)
                      0.104638    0.000304    5.703201 v _102_/A (sky130_fd_sc_hd__xnor2_1)
     2    0.008884    0.233785    0.260150    5.963351 ^ _102_/Y (sky130_fd_sc_hd__xnor2_1)
                                                         net46 (net)
                      0.233786    0.000247    5.963598 ^ _105_/A (sky130_fd_sc_hd__xnor2_1)
     1    0.002975    0.119033    0.147145    6.110743 ^ _105_/Y (sky130_fd_sc_hd__xnor2_1)
                                                         net48 (net)
                      0.119033    0.000096    6.110839 ^ output48/A (sky130_fd_sc_hd__buf_2)
     1    0.034670    0.172473    0.226628    6.337467 ^ output48/X (sky130_fd_sc_hd__buf_2)
                                                         outputs[23] (net)
                      0.172474    0.000757    6.338224 ^ outputs[23] (out)
                                              6.338224   data arrival time

                      0.000000   25.000000   25.000000   clock clk (rise edge)
                                  0.000000   25.000000   clock network delay (ideal)
                                 -0.250000   24.750000   clock uncertainty
                                  0.000000   24.750000   clock reconvergence pessimism
                                 -5.000000   19.750000   output external delay
                                             19.750000   data required time
---------------------------------------------------------------------------------------------
                                             19.750000   data required time
                                             -6.338224   data arrival time
---------------------------------------------------------------------------------------------
                                             13.411776   slack (MET)


Startpoint: inputs[0] (input port clocked by clk)
Endpoint: outputs[29] (output port clocked by clk)
Path Group: clk
Path Type: max

Fanout         Cap        Slew       Delay        Time   Description
---------------------------------------------------------------------------------------------
                      0.000000    0.000000    0.000000   clock clk (rise edge)
                                  0.000000    0.000000   clock network delay (ideal)
                                  5.000000    5.000000 ^ input external delay
     1    0.004562    0.027387    0.016460    5.016460 ^ inputs[0] (in)
                                                         inputs[0] (net)
                      0.027388    0.000000    5.016460 ^ input1/A (sky130_fd_sc_hd__buf_4)
     6    0.060077    0.169138    0.196798    5.213258 ^ input1/X (sky130_fd_sc_hd__buf_4)
                                                         net1 (net)
                      0.169196    0.002588    5.215847 ^ _049_/B (sky130_fd_sc_hd__xor2_4)
     5    0.044056    0.339767    0.333297    5.549144 ^ _049_/X (sky130_fd_sc_hd__xor2_4)
                                                         net40 (net)
                      0.339787    0.002092    5.551236 ^ _055_/A (sky130_fd_sc_hd__xnor2_4)
     4    0.021342    0.104638    0.151661    5.702897 v _055_/Y (sky130_fd_sc_hd__xnor2_4)
                                                         net45 (net)
                      0.104638    0.000428    5.703325 v _057_/A (sky130_fd_sc_hd__xnor2_2)
     3    0.012685    0.206759    0.240317    5.943642 ^ _057_/Y (sky130_fd_sc_hd__xnor2_2)
                                                         net53 (net)
                      0.206759    0.000274    5.943916 ^ _097_/A (sky130_fd_sc_hd__xor2_1)
     1    0.002635    0.108790    0.158218    6.102135 ^ _097_/X (sky130_fd_sc_hd__xor2_1)
                                                         net54 (net)
                      0.108790    0.000082    6.102216 ^ output54/A (sky130_fd_sc_hd__buf_2)
     1    0.034222    0.170310    0.221426    6.323642 ^ output54/X (sky130_fd_sc_hd__buf_2)
                                                         outputs[29] (net)
                      0.170310    0.000676    6.324318 ^ outputs[29] (out)
                                              6.324318   data arrival time

                      0.000000   25.000000   25.000000   clock clk (rise edge)
                                  0.000000   25.000000   clock network delay (ideal)
                                 -0.250000   24.750000   clock uncertainty
                                  0.000000   24.750000   clock reconvergence pessimism
                                 -5.000000   19.750000   output external delay
                                             19.750000   data required time
---------------------------------------------------------------------------------------------
                                             19.750000   data required time
                                             -6.324318   data arrival time
---------------------------------------------------------------------------------------------
                                             13.425681   slack (MET)


Startpoint: inputs[0] (input port clocked by clk)
Endpoint: outputs[15] (output port clocked by clk)
Path Group: clk
Path Type: max

Fanout         Cap        Slew       Delay        Time   Description
---------------------------------------------------------------------------------------------
                      0.000000    0.000000    0.000000   clock clk (rise edge)
                                  0.000000    0.000000   clock network delay (ideal)
                                  5.000000    5.000000 v input external delay
     1    0.004314    0.012141    0.007009    5.007009 v inputs[0] (in)
                                                         inputs[0] (net)
                      0.012142    0.000000    5.007009 v input1/A (sky130_fd_sc_hd__buf_4)
     6    0.055597    0.079990    0.176376    5.183384 v input1/X (sky130_fd_sc_hd__buf_4)
                                                         net1 (net)
                      0.080058    0.002123    5.185507 v _052_/A (sky130_fd_sc_hd__xor2_4)
     4    0.023062    0.086766    0.213934    5.399442 v _052_/X (sky130_fd_sc_hd__xor2_4)
                                                         net63 (net)
                      0.086766    0.000303    5.399745 v _074_/A (sky130_fd_sc_hd__xnor2_2)
     3    0.015072    0.233401    0.253383    5.653127 ^ _074_/Y (sky130_fd_sc_hd__xnor2_2)
                                                         net34 (net)
                      0.233401    0.000418    5.653545 ^ _077_/A (sky130_fd_sc_hd__xor2_1)
     2    0.009593    0.231574    0.257711    5.911256 ^ _077_/X (sky130_fd_sc_hd__xor2_1)
                                                         net38 (net)
                      0.231574    0.000425    5.911682 ^ _116_/A (sky130_fd_sc_hd__xnor2_1)
     1    0.003202    0.123330    0.148577    6.060258 ^ _116_/Y (sky130_fd_sc_hd__xnor2_1)
                                                         net39 (net)
                      0.123330    0.000082    6.060340 ^ output39/A (sky130_fd_sc_hd__buf_2)
     1    0.034619    0.172289    0.227840    6.288180 ^ output39/X (sky130_fd_sc_hd__buf_2)
                                                         outputs[15] (net)
                      0.172292    0.000930    6.289110 ^ outputs[15] (out)
                                              6.289110   data arrival time

                      0.000000   25.000000   25.000000   clock clk (rise edge)
                                  0.000000   25.000000   clock network delay (ideal)
                                 -0.250000   24.750000   clock uncertainty
                                  0.000000   24.750000   clock reconvergence pessimism
                                 -5.000000   19.750000   output external delay
                                             19.750000   data required time
---------------------------------------------------------------------------------------------
                                             19.750000   data required time
                                             -6.289110   data arrival time
---------------------------------------------------------------------------------------------
                                             13.460890   slack (MET)


Startpoint: inputs[0] (input port clocked by clk)
Endpoint: outputs[26] (output port clocked by clk)
Path Group: clk
Path Type: max

Fanout         Cap        Slew       Delay        Time   Description
---------------------------------------------------------------------------------------------
                      0.000000    0.000000    0.000000   clock clk (rise edge)
                                  0.000000    0.000000   clock network delay (ideal)
                                  5.000000    5.000000 ^ input external delay
     1    0.004562    0.027387    0.016460    5.016460 ^ inputs[0] (in)
                                                         inputs[0] (net)
                      0.027388    0.000000    5.016460 ^ input1/A (sky130_fd_sc_hd__buf_4)
     6    0.060077    0.169138    0.196798    5.213258 ^ input1/X (sky130_fd_sc_hd__buf_4)
                                                         net1 (net)
                      0.169196    0.002588    5.215847 ^ _049_/B (sky130_fd_sc_hd__xor2_4)
     5    0.044056    0.339767    0.333297    5.549144 ^ _049_/X (sky130_fd_sc_hd__xor2_4)
                                                         net40 (net)
                      0.339771    0.000933    5.550077 ^ _051_/A (sky130_fd_sc_hd__xor2_2)
     3    0.014731    0.215510    0.251072    5.801149 ^ _051_/X (sky130_fd_sc_hd__xor2_2)
                                                         net49 (net)
                      0.215510    0.000482    5.801632 ^ _069_/A (sky130_fd_sc_hd__xnor2_1)
     2    0.008538    0.226936    0.187380    5.989012 ^ _069_/Y (sky130_fd_sc_hd__xnor2_1)
                                                         net51 (net)
                      0.226936    0.000214    5.989225 ^ output51/A (sky130_fd_sc_hd__buf_2)
     1    0.035149    0.174889    0.257473    6.246698 ^ output51/X (sky130_fd_sc_hd__buf_2)
                                                         outputs[26] (net)
                      0.174894    0.001140    6.247838 ^ outputs[26] (out)
                                              6.247838   data arrival time

                      0.000000   25.000000   25.000000   clock clk (rise edge)
                                  0.000000   25.000000   clock network delay (ideal)
                                 -0.250000   24.750000   clock uncertainty
                                  0.000000   24.750000   clock reconvergence pessimism
                                 -5.000000   19.750000   output external delay
                                             19.750000   data required time
---------------------------------------------------------------------------------------------
                                             19.750000   data required time
                                             -6.247838   data arrival time
---------------------------------------------------------------------------------------------
                                             13.502162   slack (MET)


Startpoint: inputs[0] (input port clocked by clk)
Endpoint: outputs[21] (output port clocked by clk)
Path Group: clk
Path Type: max

Fanout         Cap        Slew       Delay        Time   Description
---------------------------------------------------------------------------------------------
                      0.000000    0.000000    0.000000   clock clk (rise edge)
                                  0.000000    0.000000   clock network delay (ideal)
                                  5.000000    5.000000 ^ input external delay
     1    0.004562    0.027387    0.016460    5.016460 ^ inputs[0] (in)
                                                         inputs[0] (net)
                      0.027388    0.000000    5.016460 ^ input1/A (sky130_fd_sc_hd__buf_4)
     6    0.060077    0.169138    0.196798    5.213258 ^ input1/X (sky130_fd_sc_hd__buf_4)
                                                         net1 (net)
                      0.169196    0.002588    5.215847 ^ _049_/B (sky130_fd_sc_hd__xor2_4)
     5    0.044056    0.339767    0.333297    5.549144 ^ _049_/X (sky130_fd_sc_hd__xor2_4)
                                                         net40 (net)
                      0.339787    0.002092    5.551236 ^ _055_/A (sky130_fd_sc_hd__xnor2_4)
     4    0.021342    0.104638    0.151661    5.702897 v _055_/Y (sky130_fd_sc_hd__xnor2_4)
                                                         net45 (net)
                      0.104638    0.000304    5.703201 v _102_/A (sky130_fd_sc_hd__xnor2_1)
     2    0.008884    0.233785    0.260150    5.963351 ^ _102_/Y (sky130_fd_sc_hd__xnor2_1)
                                                         net46 (net)
                      0.233786    0.000242    5.963593 ^ output46/A (sky130_fd_sc_hd__buf_2)
     1    0.034443    0.171587    0.257177    6.220770 ^ output46/X (sky130_fd_sc_hd__buf_2)
                                                         outputs[21] (net)
                      0.171588    0.000857    6.221627 ^ outputs[21] (out)
                                              6.221627   data arrival time

                      0.000000   25.000000   25.000000   clock clk (rise edge)
                                  0.000000   25.000000   clock network delay (ideal)
                                 -0.250000   24.750000   clock uncertainty
                                  0.000000   24.750000   clock reconvergence pessimism
                                 -5.000000   19.750000   output external delay
                                             19.750000   data required time
---------------------------------------------------------------------------------------------
                                             19.750000   data required time
                                             -6.221627   data arrival time
---------------------------------------------------------------------------------------------
                                             13.528373   slack (MET)


Startpoint: inputs[0] (input port clocked by clk)
Endpoint: outputs[28] (output port clocked by clk)
Path Group: clk
Path Type: max

Fanout         Cap        Slew       Delay        Time   Description
---------------------------------------------------------------------------------------------
                      0.000000    0.000000    0.000000   clock clk (rise edge)
                                  0.000000    0.000000   clock network delay (ideal)
                                  5.000000    5.000000 ^ input external delay
     1    0.004562    0.027387    0.016460    5.016460 ^ inputs[0] (in)
                                                         inputs[0] (net)
                      0.027388    0.000000    5.016460 ^ input1/A (sky130_fd_sc_hd__buf_4)
     6    0.060077    0.169138    0.196798    5.213258 ^ input1/X (sky130_fd_sc_hd__buf_4)
                                                         net1 (net)
                      0.169196    0.002588    5.215847 ^ _049_/B (sky130_fd_sc_hd__xor2_4)
     5    0.044056    0.339767    0.333297    5.549144 ^ _049_/X (sky130_fd_sc_hd__xor2_4)
                                                         net40 (net)
                      0.339787    0.002092    5.551236 ^ _055_/A (sky130_fd_sc_hd__xnor2_4)
     4    0.021342    0.104638    0.151661    5.702897 v _055_/Y (sky130_fd_sc_hd__xnor2_4)
                                                         net45 (net)
                      0.104638    0.000428    5.703325 v _057_/A (sky130_fd_sc_hd__xnor2_2)
     3    0.012685    0.206759    0.240317    5.943642 ^ _057_/Y (sky130_fd_sc_hd__xnor2_2)
                                                         net53 (net)
                      0.206759    0.000242    5.943884 ^ output53/A (sky130_fd_sc_hd__buf_2)
     1    0.034761    0.173013    0.250971    6.194855 ^ output53/X (sky130_fd_sc_hd__buf_2)
                                                         outputs[28] (net)
                      0.173014    0.000788    6.195643 ^ outputs[28] (out)
                                              6.195643   data arrival time

                      0.000000   25.000000   25.000000   clock clk (rise edge)
                                  0.000000   25.000000   clock network delay (ideal)
                                 -0.250000   24.750000   clock uncertainty
                                  0.000000   24.750000   clock reconvergence pessimism
                                 -5.000000   19.750000   output external delay
                                             19.750000   data required time
---------------------------------------------------------------------------------------------
                                             19.750000   data required time
                                             -6.195643   data arrival time
---------------------------------------------------------------------------------------------
                                             13.554357   slack (MET)


Startpoint: inputs[0] (input port clocked by clk)
Endpoint: outputs[25] (output port clocked by clk)
Path Group: clk
Path Type: max

Fanout         Cap        Slew       Delay        Time   Description
---------------------------------------------------------------------------------------------
                      0.000000    0.000000    0.000000   clock clk (rise edge)
                                  0.000000    0.000000   clock network delay (ideal)
                                  5.000000    5.000000 ^ input external delay
     1    0.004562    0.027387    0.016460    5.016460 ^ inputs[0] (in)
                                                         inputs[0] (net)
                      0.027388    0.000000    5.016460 ^ input1/A (sky130_fd_sc_hd__buf_4)
     6    0.060077    0.169138    0.196798    5.213258 ^ input1/X (sky130_fd_sc_hd__buf_4)
                                                         net1 (net)
                      0.169196    0.002588    5.215847 ^ _049_/B (sky130_fd_sc_hd__xor2_4)
     5    0.044056    0.339767    0.333297    5.549144 ^ _049_/X (sky130_fd_sc_hd__xor2_4)
                                                         net40 (net)
                      0.339771    0.000933    5.550077 ^ _051_/A (sky130_fd_sc_hd__xor2_2)
     3    0.014731    0.215510    0.251072    5.801149 ^ _051_/X (sky130_fd_sc_hd__xor2_2)
                                                         net49 (net)
                      0.215510    0.000610    5.801760 ^ _101_/A (sky130_fd_sc_hd__xor2_1)
     1    0.002814    0.111959    0.162055    5.963815 ^ _101_/X (sky130_fd_sc_hd__xor2_1)
                                                         net50 (net)
                      0.111959    0.000092    5.963906 ^ output50/A (sky130_fd_sc_hd__buf_2)
     1    0.035264    0.175283    0.225702    6.189609 ^ output50/X (sky130_fd_sc_hd__buf_2)
                                                         outputs[25] (net)
                      0.175288    0.001186    6.190795 ^ outputs[25] (out)
                                              6.190795   data arrival time

                      0.000000   25.000000   25.000000   clock clk (rise edge)
                                  0.000000   25.000000   clock network delay (ideal)
                                 -0.250000   24.750000   clock uncertainty
                                  0.000000   24.750000   clock reconvergence pessimism
                                 -5.000000   19.750000   output external delay
                                             19.750000   data required time
---------------------------------------------------------------------------------------------
                                             19.750000   data required time
                                             -6.190795   data arrival time
---------------------------------------------------------------------------------------------
                                             13.559205   slack (MET)


Startpoint: inputs[0] (input port clocked by clk)
Endpoint: outputs[14] (output port clocked by clk)
Path Group: clk
Path Type: max

Fanout         Cap        Slew       Delay        Time   Description
---------------------------------------------------------------------------------------------
                      0.000000    0.000000    0.000000   clock clk (rise edge)
                                  0.000000    0.000000   clock network delay (ideal)
                                  5.000000    5.000000 v input external delay
     1    0.004314    0.012141    0.007009    5.007009 v inputs[0] (in)
                                                         inputs[0] (net)
                      0.012142    0.000000    5.007009 v input1/A (sky130_fd_sc_hd__buf_4)
     6    0.055597    0.079990    0.176376    5.183384 v input1/X (sky130_fd_sc_hd__buf_4)
                                                         net1 (net)
                      0.080058    0.002123    5.185507 v _052_/A (sky130_fd_sc_hd__xor2_4)
     4    0.023062    0.086766    0.213934    5.399442 v _052_/X (sky130_fd_sc_hd__xor2_4)
                                                         net63 (net)
                      0.086766    0.000303    5.399745 v _074_/A (sky130_fd_sc_hd__xnor2_2)
     3    0.015072    0.233401    0.253383    5.653127 ^ _074_/Y (sky130_fd_sc_hd__xnor2_2)
                                                         net34 (net)
                      0.233401    0.000418    5.653545 ^ _077_/A (sky130_fd_sc_hd__xor2_1)
     2    0.009593    0.231574    0.257711    5.911256 ^ _077_/X (sky130_fd_sc_hd__xor2_1)
                                                         net38 (net)
                      0.231574    0.000393    5.911650 ^ output38/A (sky130_fd_sc_hd__buf_2)
     1    0.034442    0.171580    0.256577    6.168227 ^ output38/X (sky130_fd_sc_hd__buf_2)
                                                         outputs[14] (net)
                      0.171582    0.000857    6.169084 ^ outputs[14] (out)
                                              6.169084   data arrival time

                      0.000000   25.000000   25.000000   clock clk (rise edge)
                                  0.000000   25.000000   clock network delay (ideal)
                                 -0.250000   24.750000   clock uncertainty
                                  0.000000   24.750000   clock reconvergence pessimism
                                 -5.000000   19.750000   output external delay
                                             19.750000   data required time
---------------------------------------------------------------------------------------------
                                             19.750000   data required time
                                             -6.169084   data arrival time
---------------------------------------------------------------------------------------------
                                             13.580916   slack (MET)


Startpoint: inputs[0] (input port clocked by clk)
Endpoint: outputs[22] (output port clocked by clk)
Path Group: clk
Path Type: max

Fanout         Cap        Slew       Delay        Time   Description
---------------------------------------------------------------------------------------------
                      0.000000    0.000000    0.000000   clock clk (rise edge)
                                  0.000000    0.000000   clock network delay (ideal)
                                  5.000000    5.000000 ^ input external delay
     1    0.004562    0.027387    0.016460    5.016460 ^ inputs[0] (in)
                                                         inputs[0] (net)
                      0.027388    0.000000    5.016460 ^ input1/A (sky130_fd_sc_hd__buf_4)
     6    0.060077    0.169138    0.196798    5.213258 ^ input1/X (sky130_fd_sc_hd__buf_4)
                                                         net1 (net)
                      0.169196    0.002588    5.215847 ^ _049_/B (sky130_fd_sc_hd__xor2_4)
     5    0.044056    0.339767    0.333297    5.549144 ^ _049_/X (sky130_fd_sc_hd__xor2_4)
                                                         net40 (net)
                      0.339787    0.002092    5.551236 ^ _055_/A (sky130_fd_sc_hd__xnor2_4)
     4    0.022896    0.221211    0.195401    5.746637 ^ _055_/Y (sky130_fd_sc_hd__xnor2_4)
                                                         net45 (net)
                      0.221211    0.000318    5.746954 ^ _071_/A (sky130_fd_sc_hd__xor2_1)
     1    0.003394    0.121970    0.170944    5.917899 ^ _071_/X (sky130_fd_sc_hd__xor2_1)
                                                         net47 (net)
                      0.121970    0.000116    5.918015 ^ output47/A (sky130_fd_sc_hd__buf_2)
     1    0.034665    0.172504    0.227564    6.145579 ^ output47/X (sky130_fd_sc_hd__buf_2)
                                                         outputs[22] (net)
                      0.172507    0.000948    6.146526 ^ outputs[22] (out)
                                              6.146526   data arrival time

                      0.000000   25.000000   25.000000   clock clk (rise edge)
                                  0.000000   25.000000   clock network delay (ideal)
                                 -0.250000   24.750000   clock uncertainty
                                  0.000000   24.750000   clock reconvergence pessimism
                                 -5.000000   19.750000   output external delay
                                             19.750000   data required time
---------------------------------------------------------------------------------------------
                                             19.750000   data required time
                                             -6.146526   data arrival time
---------------------------------------------------------------------------------------------
                                             13.603473   slack (MET)


Startpoint: inputs[0] (input port clocked by clk)
Endpoint: outputs[19] (output port clocked by clk)
Path Group: clk
Path Type: max

Fanout         Cap        Slew       Delay        Time   Description
---------------------------------------------------------------------------------------------
                      0.000000    0.000000    0.000000   clock clk (rise edge)
                                  0.000000    0.000000   clock network delay (ideal)
                                  5.000000    5.000000 ^ input external delay
     1    0.004562    0.027387    0.016460    5.016460 ^ inputs[0] (in)
                                                         inputs[0] (net)
                      0.027388    0.000000    5.016460 ^ input1/A (sky130_fd_sc_hd__buf_4)
     6    0.060077    0.169138    0.196798    5.213258 ^ input1/X (sky130_fd_sc_hd__buf_4)
                                                         net1 (net)
                      0.169196    0.002588    5.215847 ^ _049_/B (sky130_fd_sc_hd__xor2_4)
     5    0.044056    0.339767    0.333297    5.549144 ^ _049_/X (sky130_fd_sc_hd__xor2_4)
                                                         net40 (net)
                      0.339782    0.001812    5.550956 ^ _072_/A (sky130_fd_sc_hd__xnor2_1)
     2    0.009792    0.252024    0.213796    5.764752 ^ _072_/Y (sky130_fd_sc_hd__xnor2_1)
                                                         net42 (net)
                      0.252105    0.000353    5.765105 ^ _107_/A (sky130_fd_sc_hd__xnor2_1)
     1    0.002999    0.119501    0.150536    5.915642 ^ _107_/Y (sky130_fd_sc_hd__xnor2_1)
                                                         net43 (net)
                      0.119501    0.000075    5.915717 ^ output43/A (sky130_fd_sc_hd__buf_2)
     1    0.034517    0.171767    0.226280    6.141997 ^ output43/X (sky130_fd_sc_hd__buf_2)
                                                         outputs[19] (net)
                      0.171768    0.000779    6.142776 ^ outputs[19] (out)
                                              6.142776   data arrival time

                      0.000000   25.000000   25.000000   clock clk (rise edge)
                                  0.000000   25.000000   clock network delay (ideal)
                                 -0.250000   24.750000   clock uncertainty
                                  0.000000   24.750000   clock reconvergence pessimism
                                 -5.000000   19.750000   output external delay
                                             19.750000   data required time
---------------------------------------------------------------------------------------------
                                             19.750000   data required time
                                             -6.142776   data arrival time
---------------------------------------------------------------------------------------------
                                             13.607224   slack (MET)


Startpoint: inputs[1] (input port clocked by clk)
Endpoint: outputs[13] (output port clocked by clk)
Path Group: clk
Path Type: max

Fanout         Cap        Slew       Delay        Time   Description
---------------------------------------------------------------------------------------------
                      0.000000    0.000000    0.000000   clock clk (rise edge)
                                  0.000000    0.000000   clock network delay (ideal)
                                  5.000000    5.000000 v input external delay
     1    0.002982    0.009045    0.004748    5.004748 v inputs[1] (in)
                                                         inputs[1] (net)
                      0.009045    0.000000    5.004748 v input12/A (sky130_fd_sc_hd__clkbuf_4)
     5    0.039560    0.089143    0.175024    5.179772 v input12/X (sky130_fd_sc_hd__clkbuf_4)
                                                         net12 (net)
                      0.089150    0.000818    5.180590 v _109_/A (sky130_fd_sc_hd__xor2_2)
     3    0.017242    0.092950    0.218185    5.398776 v _109_/X (sky130_fd_sc_hd__xor2_2)
                                                         _016_ (net)
                      0.092950    0.000459    5.399234 v _111_/A (sky130_fd_sc_hd__xnor2_1)
     2    0.011475    0.285860    0.294208    5.693442 ^ _111_/Y (sky130_fd_sc_hd__xnor2_1)
                                                         _018_ (net)
                      0.285860    0.000363    5.693805 ^ _117_/B (sky130_fd_sc_hd__xnor2_1)
     1    0.002929    0.118165    0.156664    5.850469 ^ _117_/Y (sky130_fd_sc_hd__xnor2_1)
                                                         net37 (net)
                      0.118165    0.000071    5.850540 ^ output37/A (sky130_fd_sc_hd__buf_2)
     1    0.034544    0.171909    0.225792    6.076332 ^ output37/X (sky130_fd_sc_hd__buf_2)
                                                         outputs[13] (net)
                      0.171911    0.000901    6.077233 ^ outputs[13] (out)
                                              6.077233   data arrival time

                      0.000000   25.000000   25.000000   clock clk (rise edge)
                                  0.000000   25.000000   clock network delay (ideal)
                                 -0.250000   24.750000   clock uncertainty
                                  0.000000   24.750000   clock reconvergence pessimism
                                 -5.000000   19.750000   output external delay
                                             19.750000   data required time
---------------------------------------------------------------------------------------------
                                             19.750000   data required time
                                             -6.077233   data arrival time
---------------------------------------------------------------------------------------------
                                             13.672767   slack (MET)


Startpoint: inputs[0] (input port clocked by clk)
Endpoint: outputs[24] (output port clocked by clk)
Path Group: clk
Path Type: max

Fanout         Cap        Slew       Delay        Time   Description
---------------------------------------------------------------------------------------------
                      0.000000    0.000000    0.000000   clock clk (rise edge)
                                  0.000000    0.000000   clock network delay (ideal)
                                  5.000000    5.000000 ^ input external delay
     1    0.004562    0.027387    0.016460    5.016460 ^ inputs[0] (in)
                                                         inputs[0] (net)
                      0.027388    0.000000    5.016460 ^ input1/A (sky130_fd_sc_hd__buf_4)
     6    0.060077    0.169138    0.196798    5.213258 ^ input1/X (sky130_fd_sc_hd__buf_4)
                                                         net1 (net)
                      0.169196    0.002588    5.215847 ^ _049_/B (sky130_fd_sc_hd__xor2_4)
     5    0.044056    0.339767    0.333297    5.549144 ^ _049_/X (sky130_fd_sc_hd__xor2_4)
                                                         net40 (net)
                      0.339771    0.000933    5.550077 ^ _051_/A (sky130_fd_sc_hd__xor2_2)
     3    0.014731    0.215510    0.251072    5.801149 ^ _051_/X (sky130_fd_sc_hd__xor2_2)
                                                         net49 (net)
                      0.215510    0.000499    5.801649 ^ output49/A (sky130_fd_sc_hd__buf_2)
     1    0.034402    0.171353    0.252185    6.053834 ^ output49/X (sky130_fd_sc_hd__buf_2)
                                                         outputs[24] (net)
                      0.171353    0.000735    6.054569 ^ outputs[24] (out)
                                              6.054569   data arrival time

                      0.000000   25.000000   25.000000   clock clk (rise edge)
                                  0.000000   25.000000   clock network delay (ideal)
                                 -0.250000   24.750000   clock uncertainty
                                  0.000000   24.750000   clock reconvergence pessimism
                                 -5.000000   19.750000   output external delay
                                             19.750000   data required time
---------------------------------------------------------------------------------------------
                                             19.750000   data required time
                                             -6.054569   data arrival time
---------------------------------------------------------------------------------------------
                                             13.695431   slack (MET)


Startpoint: inputs[0] (input port clocked by clk)
Endpoint: outputs[18] (output port clocked by clk)
Path Group: clk
Path Type: max

Fanout         Cap        Slew       Delay        Time   Description
---------------------------------------------------------------------------------------------
                      0.000000    0.000000    0.000000   clock clk (rise edge)
                                  0.000000    0.000000   clock network delay (ideal)
                                  5.000000    5.000000 ^ input external delay
     1    0.004562    0.027387    0.016460    5.016460 ^ inputs[0] (in)
                                                         inputs[0] (net)
                      0.027388    0.000000    5.016460 ^ input1/A (sky130_fd_sc_hd__buf_4)
     6    0.060077    0.169138    0.196798    5.213258 ^ input1/X (sky130_fd_sc_hd__buf_4)
                                                         net1 (net)
                      0.169196    0.002588    5.215847 ^ _049_/B (sky130_fd_sc_hd__xor2_4)
     5    0.044056    0.339767    0.333297    5.549144 ^ _049_/X (sky130_fd_sc_hd__xor2_4)
                                                         net40 (net)
                      0.339782    0.001812    5.550956 ^ _072_/A (sky130_fd_sc_hd__xnor2_1)
     2    0.009792    0.252024    0.213796    5.764752 ^ _072_/Y (sky130_fd_sc_hd__xnor2_1)
                                                         net42 (net)
                      0.252105    0.000293    5.765046 ^ output42/A (sky130_fd_sc_hd__buf_2)
     1    0.034636    0.172512    0.262718    6.027763 ^ output42/X (sky130_fd_sc_hd__buf_2)
                                                         outputs[18] (net)
                      0.172515    0.000935    6.028698 ^ outputs[18] (out)
                                              6.028698   data arrival time

                      0.000000   25.000000   25.000000   clock clk (rise edge)
                                  0.000000   25.000000   clock network delay (ideal)
                                 -0.250000   24.750000   clock uncertainty
                                  0.000000   24.750000   clock reconvergence pessimism
                                 -5.000000   19.750000   output external delay
                                             19.750000   data required time
---------------------------------------------------------------------------------------------
                                             19.750000   data required time
                                             -6.028698   data arrival time
---------------------------------------------------------------------------------------------
                                             13.721301   slack (MET)


Startpoint: inputs[0] (input port clocked by clk)
Endpoint: outputs[11] (output port clocked by clk)
Path Group: clk
Path Type: max

Fanout         Cap        Slew       Delay        Time   Description
---------------------------------------------------------------------------------------------
                      0.000000    0.000000    0.000000   clock clk (rise edge)
                                  0.000000    0.000000   clock network delay (ideal)
                                  5.000000    5.000000 v input external delay
     1    0.004314    0.012141    0.007009    5.007009 v inputs[0] (in)
                                                         inputs[0] (net)
                      0.012142    0.000000    5.007009 v input1/A (sky130_fd_sc_hd__buf_4)
     6    0.055597    0.079990    0.176376    5.183384 v input1/X (sky130_fd_sc_hd__buf_4)
                                                         net1 (net)
                      0.080058    0.002123    5.185507 v _052_/A (sky130_fd_sc_hd__xor2_4)
     4    0.023062    0.086766    0.213934    5.399442 v _052_/X (sky130_fd_sc_hd__xor2_4)
                                                         net63 (net)
                      0.086766    0.000303    5.399745 v _074_/A (sky130_fd_sc_hd__xnor2_2)
     3    0.015072    0.233401    0.253383    5.653127 ^ _074_/Y (sky130_fd_sc_hd__xnor2_2)
                                                         net34 (net)
                      0.233401    0.000469    5.653595 ^ _119_/A (sky130_fd_sc_hd__xnor2_1)
     1    0.002929    0.118165    0.146719    5.800314 ^ _119_/Y (sky130_fd_sc_hd__xnor2_1)
                                                         net35 (net)
                      0.118165    0.000071    5.800385 ^ output35/A (sky130_fd_sc_hd__buf_2)
     1    0.034469    0.171554    0.225564    6.025949 ^ output35/X (sky130_fd_sc_hd__buf_2)
                                                         outputs[11] (net)
                      0.171556    0.000872    6.026822 ^ outputs[11] (out)
                                              6.026822   data arrival time

                      0.000000   25.000000   25.000000   clock clk (rise edge)
                                  0.000000   25.000000   clock network delay (ideal)
                                 -0.250000   24.750000   clock uncertainty
                                  0.000000   24.750000   clock reconvergence pessimism
                                 -5.000000   19.750000   output external delay
                                             19.750000   data required time
---------------------------------------------------------------------------------------------
                                             19.750000   data required time
                                             -6.026822   data arrival time
---------------------------------------------------------------------------------------------
                                             13.723178   slack (MET)


Startpoint: inputs[0] (input port clocked by clk)
Endpoint: outputs[7] (output port clocked by clk)
Path Group: clk
Path Type: max

Fanout         Cap        Slew       Delay        Time   Description
---------------------------------------------------------------------------------------------
                      0.000000    0.000000    0.000000   clock clk (rise edge)
                                  0.000000    0.000000   clock network delay (ideal)
                                  5.000000    5.000000 ^ input external delay
     1    0.004562    0.027387    0.016460    5.016460 ^ inputs[0] (in)
                                                         inputs[0] (net)
                      0.027388    0.000000    5.016460 ^ input1/A (sky130_fd_sc_hd__buf_4)
     6    0.060077    0.169138    0.196798    5.213258 ^ input1/X (sky130_fd_sc_hd__buf_4)
                                                         net1 (net)
                      0.169185    0.002353    5.215611 ^ _060_/A (sky130_fd_sc_hd__xor2_2)
     3    0.015646    0.225294    0.236715    5.452327 ^ _060_/X (sky130_fd_sc_hd__xor2_2)
                                                         net59 (net)
                      0.225369    0.000622    5.452949 ^ _122_/A (sky130_fd_sc_hd__xnor2_1)
     2    0.007984    0.215996    0.184914    5.637863 ^ _122_/Y (sky130_fd_sc_hd__xnor2_1)
                                                         net60 (net)
                      0.215996    0.000190    5.638053 ^ _125_/A (sky130_fd_sc_hd__xnor2_1)
     1    0.002720    0.114205    0.142017    5.780069 ^ _125_/Y (sky130_fd_sc_hd__xnor2_1)
                                                         net62 (net)
                      0.114205    0.000086    5.780155 ^ output62/A (sky130_fd_sc_hd__buf_2)
     1    0.034702    0.172633    0.224818    6.004973 ^ output62/X (sky130_fd_sc_hd__buf_2)
                                                         outputs[7] (net)
                      0.172636    0.000958    6.005932 ^ outputs[7] (out)
                                              6.005932   data arrival time

                      0.000000   25.000000   25.000000   clock clk (rise edge)
                                  0.000000   25.000000   clock network delay (ideal)
                                 -0.250000   24.750000   clock uncertainty
                                  0.000000   24.750000   clock reconvergence pessimism
                                 -5.000000   19.750000   output external delay
                                             19.750000   data required time
---------------------------------------------------------------------------------------------
                                             19.750000   data required time
                                             -6.005932   data arrival time
---------------------------------------------------------------------------------------------
                                             13.744067   slack (MET)


Startpoint: inputs[0] (input port clocked by clk)
Endpoint: outputs[20] (output port clocked by clk)
Path Group: clk
Path Type: max

Fanout         Cap        Slew       Delay        Time   Description
---------------------------------------------------------------------------------------------
                      0.000000    0.000000    0.000000   clock clk (rise edge)
                                  0.000000    0.000000   clock network delay (ideal)
                                  5.000000    5.000000 ^ input external delay
     1    0.004562    0.027387    0.016460    5.016460 ^ inputs[0] (in)
                                                         inputs[0] (net)
                      0.027388    0.000000    5.016460 ^ input1/A (sky130_fd_sc_hd__buf_4)
     6    0.060077    0.169138    0.196798    5.213258 ^ input1/X (sky130_fd_sc_hd__buf_4)
                                                         net1 (net)
                      0.169196    0.002588    5.215847 ^ _049_/B (sky130_fd_sc_hd__xor2_4)
     5    0.044056    0.339767    0.333297    5.549144 ^ _049_/X (sky130_fd_sc_hd__xor2_4)
                                                         net40 (net)
                      0.339787    0.002092    5.551236 ^ _055_/A (sky130_fd_sc_hd__xnor2_4)
     4    0.022896    0.221211    0.195401    5.746637 ^ _055_/Y (sky130_fd_sc_hd__xnor2_4)
                                                         net45 (net)
                      0.221211    0.000324    5.746961 ^ output45/A (sky130_fd_sc_hd__buf_2)
     1    0.034517    0.171922    0.254005    6.000966 ^ output45/X (sky130_fd_sc_hd__buf_2)
                                                         outputs[20] (net)
                      0.171924    0.000886    6.001853 ^ outputs[20] (out)
                                              6.001853   data arrival time

                      0.000000   25.000000   25.000000   clock clk (rise edge)
                                  0.000000   25.000000   clock network delay (ideal)
                                 -0.250000   24.750000   clock uncertainty
                                  0.000000   24.750000   clock reconvergence pessimism
                                 -5.000000   19.750000   output external delay
                                             19.750000   data required time
---------------------------------------------------------------------------------------------
                                             19.750000   data required time
                                             -6.001853   data arrival time
---------------------------------------------------------------------------------------------
                                             13.748147   slack (MET)


Startpoint: inputs[0] (input port clocked by clk)
Endpoint: outputs[17] (output port clocked by clk)
Path Group: clk
Path Type: max

Fanout         Cap        Slew       Delay        Time   Description
---------------------------------------------------------------------------------------------
                      0.000000    0.000000    0.000000   clock clk (rise edge)
                                  0.000000    0.000000   clock network delay (ideal)
                                  5.000000    5.000000 ^ input external delay
     1    0.004562    0.027387    0.016460    5.016460 ^ inputs[0] (in)
                                                         inputs[0] (net)
                      0.027388    0.000000    5.016460 ^ input1/A (sky130_fd_sc_hd__buf_4)
     6    0.060077    0.169138    0.196798    5.213258 ^ input1/X (sky130_fd_sc_hd__buf_4)
                                                         net1 (net)
                      0.169196    0.002588    5.215847 ^ _049_/B (sky130_fd_sc_hd__xor2_4)
     5    0.044056    0.339767    0.333297    5.549144 ^ _049_/X (sky130_fd_sc_hd__xor2_4)
                                                         net40 (net)
                      0.339774    0.001261    5.550405 ^ _108_/A (sky130_fd_sc_hd__xor2_1)
     1    0.003965    0.132134    0.191917    5.742322 ^ _108_/X (sky130_fd_sc_hd__xor2_1)
                                                         net41 (net)
                      0.132134    0.000118    5.742441 ^ output41/A (sky130_fd_sc_hd__buf_2)
     1    0.035403    0.176007    0.232617    5.975058 ^ output41/X (sky130_fd_sc_hd__buf_2)
                                                         outputs[17] (net)
                      0.176013    0.001233    5.976291 ^ outputs[17] (out)
                                              5.976291   data arrival time

                      0.000000   25.000000   25.000000   clock clk (rise edge)
                                  0.000000   25.000000   clock network delay (ideal)
                                 -0.250000   24.750000   clock uncertainty
                                  0.000000   24.750000   clock reconvergence pessimism
                                 -5.000000   19.750000   output external delay
                                             19.750000   data required time
---------------------------------------------------------------------------------------------
                                             19.750000   data required time
                                             -5.976291   data arrival time
---------------------------------------------------------------------------------------------
                                             13.773708   slack (MET)


Startpoint: inputs[0] (input port clocked by clk)
Endpoint: outputs[10] (output port clocked by clk)
Path Group: clk
Path Type: max

Fanout         Cap        Slew       Delay        Time   Description
---------------------------------------------------------------------------------------------
                      0.000000    0.000000    0.000000   clock clk (rise edge)
                                  0.000000    0.000000   clock network delay (ideal)
                                  5.000000    5.000000 v input external delay
     1    0.004314    0.012141    0.007009    5.007009 v inputs[0] (in)
                                                         inputs[0] (net)
                      0.012142    0.000000    5.007009 v input1/A (sky130_fd_sc_hd__buf_4)
     6    0.055597    0.079990    0.176376    5.183384 v input1/X (sky130_fd_sc_hd__buf_4)
                                                         net1 (net)
                      0.080058    0.002123    5.185507 v _052_/A (sky130_fd_sc_hd__xor2_4)
     4    0.023062    0.086766    0.213934    5.399442 v _052_/X (sky130_fd_sc_hd__xor2_4)
                                                         net63 (net)
                      0.086766    0.000303    5.399745 v _074_/A (sky130_fd_sc_hd__xnor2_2)
     3    0.015072    0.233401    0.253383    5.653127 ^ _074_/Y (sky130_fd_sc_hd__xnor2_2)
                                                         net34 (net)
                      0.233401    0.000409    5.653536 ^ output34/A (sky130_fd_sc_hd__buf_2)
     1    0.035663    0.177303    0.260773    5.914310 ^ output34/X (sky130_fd_sc_hd__buf_2)
                                                         outputs[10] (net)
                      0.177311    0.001358    5.915668 ^ outputs[10] (out)
                                              5.915668   data arrival time

                      0.000000   25.000000   25.000000   clock clk (rise edge)
                                  0.000000   25.000000   clock network delay (ideal)
                                 -0.250000   24.750000   clock uncertainty
                                  0.000000   24.750000   clock reconvergence pessimism
                                 -5.000000   19.750000   output external delay
                                             19.750000   data required time
---------------------------------------------------------------------------------------------
                                             19.750000   data required time
                                             -5.915668   data arrival time
---------------------------------------------------------------------------------------------
                                             13.834332   slack (MET)


Startpoint: inputs[0] (input port clocked by clk)
Endpoint: outputs[12] (output port clocked by clk)
Path Group: clk
Path Type: max

Fanout         Cap        Slew       Delay        Time   Description
---------------------------------------------------------------------------------------------
                      0.000000    0.000000    0.000000   clock clk (rise edge)
                                  0.000000    0.000000   clock network delay (ideal)
                                  5.000000    5.000000 v input external delay
     1    0.004314    0.012141    0.007009    5.007009 v inputs[0] (in)
                                                         inputs[0] (net)
                      0.012142    0.000000    5.007009 v input1/A (sky130_fd_sc_hd__buf_4)
     6    0.055597    0.079990    0.176376    5.183384 v input1/X (sky130_fd_sc_hd__buf_4)
                                                         net1 (net)
                      0.080058    0.002123    5.185507 v _052_/A (sky130_fd_sc_hd__xor2_4)
     4    0.023062    0.086766    0.213934    5.399442 v _052_/X (sky130_fd_sc_hd__xor2_4)
                                                         net63 (net)
                      0.086767    0.000416    5.399857 v _059_/A (sky130_fd_sc_hd__xnor2_1)
     2    0.008967    0.235488    0.254139    5.653996 ^ _059_/Y (sky130_fd_sc_hd__xnor2_1)
                                                         net36 (net)
                      0.235489    0.000303    5.654299 ^ output36/A (sky130_fd_sc_hd__buf_2)
     1    0.034409    0.171431    0.257530    5.911830 ^ output36/X (sky130_fd_sc_hd__buf_2)
                                                         outputs[12] (net)
                      0.171432    0.000849    5.912679 ^ outputs[12] (out)
                                              5.912679   data arrival time

                      0.000000   25.000000   25.000000   clock clk (rise edge)
                                  0.000000   25.000000   clock network delay (ideal)
                                 -0.250000   24.750000   clock uncertainty
                                  0.000000   24.750000   clock reconvergence pessimism
                                 -5.000000   19.750000   output external delay
                                             19.750000   data required time
---------------------------------------------------------------------------------------------
                                             19.750000   data required time
                                             -5.912679   data arrival time
---------------------------------------------------------------------------------------------
                                             13.837321   slack (MET)


Startpoint: inputs[0] (input port clocked by clk)
Endpoint: outputs[5] (output port clocked by clk)
Path Group: clk
Path Type: max

Fanout         Cap        Slew       Delay        Time   Description
---------------------------------------------------------------------------------------------
                      0.000000    0.000000    0.000000   clock clk (rise edge)
                                  0.000000    0.000000   clock network delay (ideal)
                                  5.000000    5.000000 ^ input external delay
     1    0.004562    0.027387    0.016460    5.016460 ^ inputs[0] (in)
                                                         inputs[0] (net)
                      0.027388    0.000000    5.016460 ^ input1/A (sky130_fd_sc_hd__buf_4)
     6    0.060077    0.169138    0.196798    5.213258 ^ input1/X (sky130_fd_sc_hd__buf_4)
                                                         net1 (net)
                      0.169185    0.002353    5.215611 ^ _060_/A (sky130_fd_sc_hd__xor2_2)
     3    0.015646    0.225294    0.236715    5.452327 ^ _060_/X (sky130_fd_sc_hd__xor2_2)
                                                         net59 (net)
                      0.225369    0.000622    5.452949 ^ _122_/A (sky130_fd_sc_hd__xnor2_1)
     2    0.007984    0.215996    0.184914    5.637863 ^ _122_/Y (sky130_fd_sc_hd__xnor2_1)
                                                         net60 (net)
                      0.215996    0.000126    5.637989 ^ output60/A (sky130_fd_sc_hd__buf_2)
     1    0.034846    0.173452    0.253615    5.891603 ^ output60/X (sky130_fd_sc_hd__buf_2)
                                                         outputs[5] (net)
                      0.173455    0.000989    5.892593 ^ outputs[5] (out)
                                              5.892593   data arrival time

                      0.000000   25.000000   25.000000   clock clk (rise edge)
                                  0.000000   25.000000   clock network delay (ideal)
                                 -0.250000   24.750000   clock uncertainty
                                  0.000000   24.750000   clock reconvergence pessimism
                                 -5.000000   19.750000   output external delay
                                             19.750000   data required time
---------------------------------------------------------------------------------------------
                                             19.750000   data required time
                                             -5.892593   data arrival time
---------------------------------------------------------------------------------------------
                                             13.857407   slack (MET)


Startpoint: inputs[1] (input port clocked by clk)
Endpoint: outputs[9] (output port clocked by clk)
Path Group: clk
Path Type: max

Fanout         Cap        Slew       Delay        Time   Description
---------------------------------------------------------------------------------------------
                      0.000000    0.000000    0.000000   clock clk (rise edge)
                                  0.000000    0.000000   clock network delay (ideal)
                                  5.000000    5.000000 ^ input external delay
     1    0.003226    0.021572    0.011816    5.011816 ^ inputs[1] (in)
                                                         inputs[1] (net)
                      0.021572    0.000000    5.011816 ^ input12/A (sky130_fd_sc_hd__clkbuf_4)
     5    0.042710    0.135926    0.193437    5.205253 ^ input12/X (sky130_fd_sc_hd__clkbuf_4)
                                                         net12 (net)
                      0.135929    0.000886    5.206139 ^ _109_/A (sky130_fd_sc_hd__xor2_2)
     3    0.018257    0.253544    0.252560    5.458699 ^ _109_/X (sky130_fd_sc_hd__xor2_2)
                                                         _016_ (net)
                      0.253546    0.000589    5.459287 ^ _120_/B (sky130_fd_sc_hd__xor2_1)
     1    0.002703    0.109981    0.166604    5.625891 ^ _120_/X (sky130_fd_sc_hd__xor2_1)
                                                         net64 (net)
                      0.109981    0.000061    5.625952 ^ output64/A (sky130_fd_sc_hd__buf_2)
     1    0.034550    0.171890    0.222798    5.848751 ^ output64/X (sky130_fd_sc_hd__buf_2)
                                                         outputs[9] (net)
                      0.171893    0.000900    5.849651 ^ outputs[9] (out)
                                              5.849651   data arrival time

                      0.000000   25.000000   25.000000   clock clk (rise edge)
                                  0.000000   25.000000   clock network delay (ideal)
                                 -0.250000   24.750000   clock uncertainty
                                  0.000000   24.750000   clock reconvergence pessimism
                                 -5.000000   19.750000   output external delay
                                             19.750000   data required time
---------------------------------------------------------------------------------------------
                                             19.750000   data required time
                                             -5.849651   data arrival time
---------------------------------------------------------------------------------------------
                                             13.900349   slack (MET)


Startpoint: inputs[0] (input port clocked by clk)
Endpoint: outputs[6] (output port clocked by clk)
Path Group: clk
Path Type: max

Fanout         Cap        Slew       Delay        Time   Description
---------------------------------------------------------------------------------------------
                      0.000000    0.000000    0.000000   clock clk (rise edge)
                                  0.000000    0.000000   clock network delay (ideal)
                                  5.000000    5.000000 ^ input external delay
     1    0.004562    0.027387    0.016460    5.016460 ^ inputs[0] (in)
                                                         inputs[0] (net)
                      0.027388    0.000000    5.016460 ^ input1/A (sky130_fd_sc_hd__buf_4)
     6    0.060077    0.169138    0.196798    5.213258 ^ input1/X (sky130_fd_sc_hd__buf_4)
                                                         net1 (net)
                      0.169185    0.002353    5.215611 ^ _060_/A (sky130_fd_sc_hd__xor2_2)
     3    0.015646    0.225294    0.236715    5.452327 ^ _060_/X (sky130_fd_sc_hd__xor2_2)
                                                         net59 (net)
                      0.225369    0.000657    5.452984 ^ _079_/A (sky130_fd_sc_hd__xor2_1)
     1    0.002508    0.106608    0.159308    5.612292 ^ _079_/X (sky130_fd_sc_hd__xor2_1)
                                                         net61 (net)
                      0.106608    0.000053    5.612345 ^ output61/A (sky130_fd_sc_hd__buf_2)
     1    0.034382    0.171075    0.221041    5.833386 ^ output61/X (sky130_fd_sc_hd__buf_2)
                                                         outputs[6] (net)
                      0.171077    0.000837    5.834223 ^ outputs[6] (out)
                                              5.834223   data arrival time

                      0.000000   25.000000   25.000000   clock clk (rise edge)
                                  0.000000   25.000000   clock network delay (ideal)
                                 -0.250000   24.750000   clock uncertainty
                                  0.000000   24.750000   clock reconvergence pessimism
                                 -5.000000   19.750000   output external delay
                                             19.750000   data required time
---------------------------------------------------------------------------------------------
                                             19.750000   data required time
                                             -5.834223   data arrival time
---------------------------------------------------------------------------------------------
                                             13.915776   slack (MET)


Startpoint: inputs[0] (input port clocked by clk)
Endpoint: outputs[16] (output port clocked by clk)
Path Group: clk
Path Type: max

Fanout         Cap        Slew       Delay        Time   Description
---------------------------------------------------------------------------------------------
                      0.000000    0.000000    0.000000   clock clk (rise edge)
                                  0.000000    0.000000   clock network delay (ideal)
                                  5.000000    5.000000 ^ input external delay
     1    0.004562    0.027387    0.016460    5.016460 ^ inputs[0] (in)
                                                         inputs[0] (net)
                      0.027388    0.000000    5.016460 ^ input1/A (sky130_fd_sc_hd__buf_4)
     6    0.060077    0.169138    0.196798    5.213258 ^ input1/X (sky130_fd_sc_hd__buf_4)
                                                         net1 (net)
                      0.169196    0.002588    5.215847 ^ _049_/B (sky130_fd_sc_hd__xor2_4)
     5    0.044056    0.339767    0.333297    5.549144 ^ _049_/X (sky130_fd_sc_hd__xor2_4)
                                                         net40 (net)
                      0.339780    0.001697    5.550841 ^ output40/A (sky130_fd_sc_hd__buf_2)
     1    0.034592    0.172700    0.279868    5.830709 ^ output40/X (sky130_fd_sc_hd__buf_2)
                                                         outputs[16] (net)
                      0.172702    0.000915    5.831625 ^ outputs[16] (out)
                                              5.831625   data arrival time

                      0.000000   25.000000   25.000000   clock clk (rise edge)
                                  0.000000   25.000000   clock network delay (ideal)
                                 -0.250000   24.750000   clock uncertainty
                                  0.000000   24.750000   clock reconvergence pessimism
                                 -5.000000   19.750000   output external delay
                                             19.750000   data required time
---------------------------------------------------------------------------------------------
                                             19.750000   data required time
                                             -5.831625   data arrival time
---------------------------------------------------------------------------------------------
                                             13.918374   slack (MET)


Startpoint: inputs[0] (input port clocked by clk)
Endpoint: outputs[3] (output port clocked by clk)
Path Group: clk
Path Type: max

Fanout         Cap        Slew       Delay        Time   Description
---------------------------------------------------------------------------------------------
                      0.000000    0.000000    0.000000   clock clk (rise edge)
                                  0.000000    0.000000   clock network delay (ideal)
                                  5.000000    5.000000 ^ input external delay
     1    0.004562    0.027387    0.016460    5.016460 ^ inputs[0] (in)
                                                         inputs[0] (net)
                      0.027388    0.000000    5.016460 ^ input1/A (sky130_fd_sc_hd__buf_4)
     6    0.060077    0.169138    0.196798    5.213258 ^ input1/X (sky130_fd_sc_hd__buf_4)
                                                         net1 (net)
                      0.169190    0.002454    5.215713 ^ _080_/A (sky130_fd_sc_hd__xor2_1)
     2    0.008022    0.203185    0.226603    5.442316 ^ _080_/X (sky130_fd_sc_hd__xor2_1)
                                                         net55 (net)
                      0.203185    0.000164    5.442480 ^ _127_/A (sky130_fd_sc_hd__xnor2_1)
     1    0.002215    0.104624    0.135483    5.577963 ^ _127_/Y (sky130_fd_sc_hd__xnor2_1)
                                                         net58 (net)
                      0.104624    0.000046    5.578009 ^ output58/A (sky130_fd_sc_hd__buf_2)
     1    0.035624    0.176921    0.224199    5.802208 ^ output58/X (sky130_fd_sc_hd__buf_2)
                                                         outputs[3] (net)
                      0.176926    0.001173    5.803380 ^ outputs[3] (out)
                                              5.803380   data arrival time

                      0.000000   25.000000   25.000000   clock clk (rise edge)
                                  0.000000   25.000000   clock network delay (ideal)
                                 -0.250000   24.750000   clock uncertainty
                                  0.000000   24.750000   clock reconvergence pessimism
                                 -5.000000   19.750000   output external delay
                                             19.750000   data required time
---------------------------------------------------------------------------------------------
                                             19.750000   data required time
                                             -5.803380   data arrival time
---------------------------------------------------------------------------------------------
                                             13.946618   slack (MET)


Startpoint: inputs[0] (input port clocked by clk)
Endpoint: outputs[4] (output port clocked by clk)
Path Group: clk
Path Type: max

Fanout         Cap        Slew       Delay        Time   Description
---------------------------------------------------------------------------------------------
                      0.000000    0.000000    0.000000   clock clk (rise edge)
                                  0.000000    0.000000   clock network delay (ideal)
                                  5.000000    5.000000 ^ input external delay
     1    0.004562    0.027387    0.016460    5.016460 ^ inputs[0] (in)
                                                         inputs[0] (net)
                      0.027388    0.000000    5.016460 ^ input1/A (sky130_fd_sc_hd__buf_4)
     6    0.060077    0.169138    0.196798    5.213258 ^ input1/X (sky130_fd_sc_hd__buf_4)
                                                         net1 (net)
                      0.169185    0.002353    5.215611 ^ _060_/A (sky130_fd_sc_hd__xor2_2)
     3    0.015646    0.225294    0.236715    5.452327 ^ _060_/X (sky130_fd_sc_hd__xor2_2)
                                                         net59 (net)
                      0.225369    0.000630    5.452957 ^ output59/A (sky130_fd_sc_hd__buf_2)
     1    0.037117    0.183769    0.263426    5.716383 ^ output59/X (sky130_fd_sc_hd__buf_2)
                                                         outputs[4] (net)
                      0.183776    0.001345    5.717728 ^ outputs[4] (out)
                                              5.717728   data arrival time

                      0.000000   25.000000   25.000000   clock clk (rise edge)
                                  0.000000   25.000000   clock network delay (ideal)
                                 -0.250000   24.750000   clock uncertainty
                                  0.000000   24.750000   clock reconvergence pessimism
                                 -5.000000   19.750000   output external delay
                                             19.750000   data required time
---------------------------------------------------------------------------------------------
                                             19.750000   data required time
                                             -5.717728   data arrival time
---------------------------------------------------------------------------------------------
                                             14.032271   slack (MET)


Startpoint: inputs[0] (input port clocked by clk)
Endpoint: outputs[8] (output port clocked by clk)
Path Group: clk
Path Type: max

Fanout         Cap        Slew       Delay        Time   Description
---------------------------------------------------------------------------------------------
                      0.000000    0.000000    0.000000   clock clk (rise edge)
                                  0.000000    0.000000   clock network delay (ideal)
                                  5.000000    5.000000 ^ input external delay
     1    0.004562    0.027387    0.016460    5.016460 ^ inputs[0] (in)
                                                         inputs[0] (net)
                      0.027388    0.000000    5.016460 ^ input1/A (sky130_fd_sc_hd__buf_4)
     6    0.060077    0.169138    0.196798    5.213258 ^ input1/X (sky130_fd_sc_hd__buf_4)
                                                         net1 (net)
                      0.169183    0.002303    5.215561 ^ _052_/A (sky130_fd_sc_hd__xor2_4)
     4    0.024616    0.220154    0.243292    5.458853 ^ _052_/X (sky130_fd_sc_hd__xor2_4)
                                                         net63 (net)
                      0.220154    0.000547    5.459400 ^ output63/A (sky130_fd_sc_hd__buf_2)
     1    0.035266    0.175432    0.256005    5.715405 ^ output63/X (sky130_fd_sc_hd__buf_2)
                                                         outputs[8] (net)
                      0.175437    0.001173    5.716578 ^ outputs[8] (out)
                                              5.716578   data arrival time

                      0.000000   25.000000   25.000000   clock clk (rise edge)
                                  0.000000   25.000000   clock network delay (ideal)
                                 -0.250000   24.750000   clock uncertainty
                                  0.000000   24.750000   clock reconvergence pessimism
                                 -5.000000   19.750000   output external delay
                                             19.750000   data required time
---------------------------------------------------------------------------------------------
                                             19.750000   data required time
                                             -5.716578   data arrival time
---------------------------------------------------------------------------------------------
                                             14.033422   slack (MET)


Startpoint: inputs[0] (input port clocked by clk)
Endpoint: outputs[2] (output port clocked by clk)
Path Group: clk
Path Type: max

Fanout         Cap        Slew       Delay        Time   Description
---------------------------------------------------------------------------------------------
                      0.000000    0.000000    0.000000   clock clk (rise edge)
                                  0.000000    0.000000   clock network delay (ideal)
                                  5.000000    5.000000 ^ input external delay
     1    0.004562    0.027387    0.016460    5.016460 ^ inputs[0] (in)
                                                         inputs[0] (net)
                      0.027388    0.000000    5.016460 ^ input1/A (sky130_fd_sc_hd__buf_4)
     6    0.060077    0.169138    0.196798    5.213258 ^ input1/X (sky130_fd_sc_hd__buf_4)
                                                         net1 (net)
                      0.169190    0.002454    5.215713 ^ _080_/A (sky130_fd_sc_hd__xor2_1)
     2    0.008022    0.203185    0.226603    5.442316 ^ _080_/X (sky130_fd_sc_hd__xor2_1)
                                                         net55 (net)
                      0.203185    0.000159    5.442474 ^ output55/A (sky130_fd_sc_hd__buf_2)
     1    0.035484    0.176425    0.252131    5.694605 ^ output55/X (sky130_fd_sc_hd__buf_2)
                                                         outputs[2] (net)
                      0.176430    0.001180    5.695786 ^ outputs[2] (out)
                                              5.695786   data arrival time

                      0.000000   25.000000   25.000000   clock clk (rise edge)
                                  0.000000   25.000000   clock network delay (ideal)
                                 -0.250000   24.750000   clock uncertainty
                                  0.000000   24.750000   clock reconvergence pessimism
                                 -5.000000   19.750000   output external delay
                                             19.750000   data required time
---------------------------------------------------------------------------------------------
                                             19.750000   data required time
                                             -5.695786   data arrival time
---------------------------------------------------------------------------------------------
                                             14.054214   slack (MET)


Startpoint: inputs[0] (input port clocked by clk)
Endpoint: outputs[1] (output port clocked by clk)
Path Group: clk
Path Type: max

Fanout         Cap        Slew       Delay        Time   Description
---------------------------------------------------------------------------------------------
                      0.000000    0.000000    0.000000   clock clk (rise edge)
                                  0.000000    0.000000   clock network delay (ideal)
                                  5.000000    5.000000 ^ input external delay
     1    0.004562    0.027387    0.016460    5.016460 ^ inputs[0] (in)
                                                         inputs[0] (net)
                      0.027388    0.000000    5.016460 ^ input1/A (sky130_fd_sc_hd__buf_4)
     6    0.060077    0.169138    0.196798    5.213258 ^ input1/X (sky130_fd_sc_hd__buf_4)
                                                         net1 (net)
                      0.169143    0.000832    5.214090 ^ _128_/A (sky130_fd_sc_hd__xor2_1)
     1    0.003752    0.128094    0.167891    5.381982 ^ _128_/X (sky130_fd_sc_hd__xor2_1)
                                                         net44 (net)
                      0.128094    0.000136    5.382118 ^ output44/A (sky130_fd_sc_hd__buf_2)
     1    0.036590    0.181192    0.235382    5.617500 ^ output44/X (sky130_fd_sc_hd__buf_2)
                                                         outputs[1] (net)
                      0.181200    0.001354    5.618855 ^ outputs[1] (out)
                                              5.618855   data arrival time

                      0.000000   25.000000   25.000000   clock clk (rise edge)
                                  0.000000   25.000000   clock network delay (ideal)
                                 -0.250000   24.750000   clock uncertainty
                                  0.000000   24.750000   clock reconvergence pessimism
                                 -5.000000   19.750000   output external delay
                                             19.750000   data required time
---------------------------------------------------------------------------------------------
                                             19.750000   data required time
                                             -5.618855   data arrival time
---------------------------------------------------------------------------------------------
                                             14.131145   slack (MET)


Startpoint: inputs[0] (input port clocked by clk)
Endpoint: outputs[0] (output port clocked by clk)
Path Group: clk
Path Type: max

Fanout         Cap        Slew       Delay        Time   Description
---------------------------------------------------------------------------------------------
                      0.000000    0.000000    0.000000   clock clk (rise edge)
                                  0.000000    0.000000   clock network delay (ideal)
                                  5.000000    5.000000 ^ input external delay
     1    0.004562    0.027387    0.016460    5.016460 ^ inputs[0] (in)
                                                         inputs[0] (net)
                      0.027388    0.000000    5.016460 ^ input1/A (sky130_fd_sc_hd__buf_4)
     6    0.060077    0.169138    0.196798    5.213258 ^ input1/X (sky130_fd_sc_hd__buf_4)
                                                         net1 (net)
                      0.169188    0.002425    5.215683 ^ _129_/A (sky130_fd_sc_hd__clkbuf_1)
     1    0.002736    0.044680    0.107775    5.323458 ^ _129_/X (sky130_fd_sc_hd__clkbuf_1)
                                                         net33 (net)
                      0.044680    0.000087    5.323545 ^ output33/A (sky130_fd_sc_hd__buf_2)
     1    0.034462    0.171089    0.198350    5.521895 ^ output33/X (sky130_fd_sc_hd__buf_2)
                                                         outputs[0] (net)
                      0.171143    0.000862    5.522758 ^ outputs[0] (out)
                                              5.522758   data arrival time

                      0.000000   25.000000   25.000000   clock clk (rise edge)
                                  0.000000   25.000000   clock network delay (ideal)
                                 -0.250000   24.750000   clock uncertainty
                                  0.000000   24.750000   clock reconvergence pessimism
                                 -5.000000   19.750000   output external delay
                                             19.750000   data required time
---------------------------------------------------------------------------------------------
                                             19.750000   data required time
                                             -5.522758   data arrival time
---------------------------------------------------------------------------------------------
                                             14.227242   slack (MET)



