Reading technology LEF file at '/home/fjjf/.volare/volare/sky130/versions/0fe599b2afb6708d281543108caf8310912f54af/sky130A/libs.ref/sky130_fd_sc_hd/techlef/sky130_fd_sc_hd__nom.tlef'…
[INFO ODB-0227] LEF file: /home/fjjf/.volare/volare/sky130/versions/0fe599b2afb6708d281543108caf8310912f54af/sky130A/libs.ref/sky130_fd_sc_hd/techlef/sky130_fd_sc_hd__nom.tlef, created 14 layers, 25 vias
Reading cell LEF file at '/home/fjjf/.volare/volare/sky130/versions/0fe599b2afb6708d281543108caf8310912f54af/sky130A/libs.ref/sky130_fd_sc_hd/lef/sky130_fd_sc_hd.lef'…
[WARNING ODB-0220] WARNING (LEFPARS-2008): NOWIREEXTENSIONATPIN statement is obsolete in version 5.6 or later.
The NOWIREEXTENSIONATPIN statement will be ignored. See file /home/fjjf/.volare/volare/sky130/versions/0fe599b2afb6708d281543108caf8310912f54af/sky130A/libs.ref/sky130_fd_sc_hd/lef/sky130_fd_sc_hd.lef at line 2.

[INFO ODB-0227] LEF file: /home/fjjf/.volare/volare/sky130/versions/0fe599b2afb6708d281543108caf8310912f54af/sky130A/libs.ref/sky130_fd_sc_hd/lef/sky130_fd_sc_hd.lef, created 437 library cells
Reading cell LEF file at '/home/fjjf/.volare/volare/sky130/versions/0fe599b2afb6708d281543108caf8310912f54af/sky130A/libs.ref/sky130_fd_sc_hd/lef/sky130_ef_sc_hd.lef'…
[WARNING ODB-0220] WARNING (LEFPARS-2008): NOWIREEXTENSIONATPIN statement is obsolete in version 5.6 or later.
The NOWIREEXTENSIONATPIN statement will be ignored. See file /home/fjjf/.volare/volare/sky130/versions/0fe599b2afb6708d281543108caf8310912f54af/sky130A/libs.ref/sky130_fd_sc_hd/lef/sky130_ef_sc_hd.lef at line 2.

[INFO ODB-0227] LEF file: /home/fjjf/.volare/volare/sky130/versions/0fe599b2afb6708d281543108caf8310912f54af/sky130A/libs.ref/sky130_fd_sc_hd/lef/sky130_ef_sc_hd.lef, created 4 library cells
[INFO ODB-0127] Reading DEF file: /home/fjjf/circuits/expmob1_n5/runs/RUN_2025-03-15_01-42-01/52-odb-cellfrequencytables/expmob1.def
[INFO ODB-0128] Design: expmob1
[INFO ODB-0130]     Created 66 pins.
[INFO ODB-0131]     Created 375 components and 1810 component-terminals.
[INFO ODB-0132]     Created 2 special nets and 1440 connections.
[INFO ODB-0133]     Created 177 nets and 370 connections.
[INFO ODB-0134] Finished DEF file: /home/fjjf/circuits/expmob1_n5/runs/RUN_2025-03-15_01-42-01/52-odb-cellfrequencytables/expmob1.def
Using RCX ruleset '/home/fjjf/.volare/volare/sky130/versions/0fe599b2afb6708d281543108caf8310912f54af/sky130A/libs.tech/openlane/rules.openrcx.sky130A.nom.calibre'…
[INFO RCX-0431] Defined process_corner CURRENT_CORNER with ext_model_index 0
[INFO RCX-0029] Defined extraction corner CURRENT_CORNER
[INFO RCX-0435] Reading extraction model file /home/fjjf/.volare/volare/sky130/versions/0fe599b2afb6708d281543108caf8310912f54af/sky130A/libs.tech/openlane/rules.openrcx.sky130A.nom.calibre ...
[INFO RCX-0436] RC segment generation expmob1 (max_merge_res 50.0) ...
[INFO RCX-0040] Final 338 rc segments
[INFO RCX-0439] Coupling Cap extraction expmob1 ...
[INFO RCX-0440] Coupling threshhold is 0.1000 fF, coupling capacitance less than 0.1000 fF will be grounded.
[INFO RCX-0442] 54% of 689 wires extracted
[INFO RCX-0442] 100% of 689 wires extracted
[INFO RCX-0045] Extract 177 nets, 515 rsegs, 515 caps, 596 ccs
Setting global connections for newly added cells…
[INFO] Setting global connections...
Updating metrics…
Cell type report:                       Count       Area
  Fill cell                               200    1277.48
  Tap cell                                 30      37.54
  Standard cell                           145    1184.89
  Total                                   375    2499.90
Writing extracted parasitics to '/home/fjjf/circuits/expmob1_n5/runs/RUN_2025-03-15_01-42-01/53-openroad-rcx/nom/expmob1.nom.spef'…
[INFO RCX-0443] 177 nets finished
