Reading OpenROAD database at '/home/fjjf/circuits/expmob1_n5/runs/RUN_2025-03-15_01-42-01/15-odb-setpowerconnections/expmob1.odb'…
Reading library file at '/home/fjjf/.volare/volare/sky130/versions/0fe599b2afb6708d281543108caf8310912f54af/sky130A/libs.ref/sky130_fd_sc_hd/lib/sky130_fd_sc_hd__tt_025C_1v80.lib'…
Reading design constraints file at '/nix/store/ss2cw3sxbrwwx9jl0rrppbw4kgcmgi2n-python3-3.11.9-env/lib/python3.11/site-packages/openlane/scripts/base.sdc'…
[WARNING STA-0366] port 'clk' not found.
[INFO] Using clock clk…
[INFO] Setting output delay to: 5
[INFO] Setting input delay to: 5
[WARNING STA-0366] port 'clk' not found.
[INFO] Setting load to: 0.033442
[INFO] Setting clock uncertainty to: 0.25
[INFO] Setting clock transition to: 0.1499999999999999944488848768742172978818416595458984375
[WARNING STA-0419] transition time can not be specified for virtual clocks.
[INFO] Setting timing derate to: 5%
[WARNING STA-0450] virtual clock clk can not be propagated.
Setting global connections for newly added cells…
[INFO] Setting global connections...
Updating metrics…
Cell type report:                       Count       Area
  Buffer                                    1       5.00
  Multi-Input combinational cell           80    1301.25
  Total                                    81    1306.25
Writing OpenROAD database to '/home/fjjf/circuits/expmob1_n5/runs/RUN_2025-03-15_01-42-01/17-openroad-cutrows/expmob1.odb'…
Writing layout to '/home/fjjf/circuits/expmob1_n5/runs/RUN_2025-03-15_01-42-01/17-openroad-cutrows/expmob1.def'…
