
===========================================================================
report_checks -unconstrained
===========================================================================
======================= nom_tt_025C_1v80 Corner ===================================

Startpoint: inputs[0] (input port clocked by clk)
Endpoint: outputs[31] (output port clocked by clk)
Path Group: clk
Path Type: max

Fanout         Cap        Slew       Delay        Time   Description
---------------------------------------------------------------------------------------------
                      0.000000    0.000000    0.000000   clock clk (rise edge)
                                  0.000000    0.000000   clock network delay (ideal)
                                  5.000000    5.000000 ^ input external delay
     1    0.004994    0.029269    0.017871    5.017871 ^ inputs[0] (in)
                                                         inputs[0] (net)
                      0.029270    0.000000    5.017871 ^ input1/A (sky130_fd_sc_hd__buf_4)
     6    0.061811    0.173727    0.200671    5.218543 ^ input1/X (sky130_fd_sc_hd__buf_4)
                                                         net1 (net)
                      0.173794    0.002837    5.221380 ^ _049_/B (sky130_fd_sc_hd__xor2_4)
     5    0.042893    0.332516    0.328662    5.550042 ^ _049_/X (sky130_fd_sc_hd__xor2_4)
                                                         net40 (net)
                      0.332529    0.001629    5.551672 ^ _055_/A (sky130_fd_sc_hd__xnor2_4)
     4    0.020528    0.102045    0.148761    5.700433 v _055_/Y (sky130_fd_sc_hd__xnor2_4)
                                                         net45 (net)
                      0.102046    0.000482    5.700915 v _057_/A (sky130_fd_sc_hd__xnor2_2)
     3    0.012406    0.203674    0.236994    5.937910 ^ _057_/Y (sky130_fd_sc_hd__xnor2_2)
                                                         net53 (net)
                      0.203674    0.000253    5.938163 ^ _068_/A (sky130_fd_sc_hd__xnor2_1)
     2    0.007475    0.205915    0.177161    6.115323 ^ _068_/Y (sky130_fd_sc_hd__xnor2_1)
                                                         net56 (net)
                      0.205915    0.000194    6.115517 ^ _096_/A (sky130_fd_sc_hd__xnor2_1)
     1    0.002357    0.107316    0.137190    6.252707 ^ _096_/Y (sky130_fd_sc_hd__xnor2_1)
                                                         net57 (net)
                      0.107316    0.000066    6.252773 ^ output57/A (sky130_fd_sc_hd__buf_2)
     1    0.033921    0.168882    0.219921    6.472693 ^ output57/X (sky130_fd_sc_hd__buf_2)
                                                         outputs[31] (net)
                      0.168882    0.000622    6.473315 ^ outputs[31] (out)
                                              6.473315   data arrival time

                      0.000000   25.000000   25.000000   clock clk (rise edge)
                                  0.000000   25.000000   clock network delay (ideal)
                                 -0.250000   24.750000   clock uncertainty
                                  0.000000   24.750000   clock reconvergence pessimism
                                 -5.000000   19.750000   output external delay
                                             19.750000   data required time
---------------------------------------------------------------------------------------------
                                             19.750000   data required time
                                             -6.473315   data arrival time
---------------------------------------------------------------------------------------------
                                             13.276684   slack (MET)




===========================================================================
report_checks --slack_max -0.01
============================================================================
======================= nom_tt_025C_1v80 Corner ===================================

No paths found.


===========================================================================
 report_check_types -max_slew -max_cap -max_fanout -violators
============================================================================
======================= nom_tt_025C_1v80 Corner ===================================



===========================================================================
report_parasitic_annotation -report_unannotated
============================================================================
Found 0 unannotated drivers.
Found 0 partially unannotated drivers.

===========================================================================
max slew violation count 0
max fanout violation count 0
max cap violation count 0
============================================================================

===========================================================================
check_setup -verbose -unconstrained_endpoints -multiple_clock -no_clock -no_input_delay -loops -generated_clocks
===========================================================================
