
===========================================================================
report_checks -path_delay max (Setup)
============================================================================
======================= nom_tt_025C_1v80 Corner ===================================

Startpoint: inputs[0] (input port clocked by clk)
Endpoint: outputs[31] (output port clocked by clk)
Path Group: clk
Path Type: max

Fanout         Cap        Slew       Delay        Time   Description
---------------------------------------------------------------------------------------------
                      0.000000    0.000000    0.000000   clock clk (rise edge)
                                  0.000000    0.000000   clock network delay (ideal)
                                  5.000000    5.000000 ^ input external delay
     1    0.004994    0.029269    0.017871    5.017871 ^ inputs[0] (in)
                                                         inputs[0] (net)
                      0.029270    0.000000    5.017871 ^ input1/A (sky130_fd_sc_hd__buf_4)
     6    0.061811    0.173727    0.200671    5.218543 ^ input1/X (sky130_fd_sc_hd__buf_4)
                                                         net1 (net)
                      0.173794    0.002837    5.221380 ^ _049_/B (sky130_fd_sc_hd__xor2_4)
     5    0.042893    0.332516    0.328662    5.550042 ^ _049_/X (sky130_fd_sc_hd__xor2_4)
                                                         net40 (net)
                      0.332529    0.001629    5.551672 ^ _055_/A (sky130_fd_sc_hd__xnor2_4)
     4    0.020528    0.102045    0.148761    5.700433 v _055_/Y (sky130_fd_sc_hd__xnor2_4)
                                                         net45 (net)
                      0.102046    0.000482    5.700915 v _057_/A (sky130_fd_sc_hd__xnor2_2)
     3    0.012406    0.203674    0.236994    5.937910 ^ _057_/Y (sky130_fd_sc_hd__xnor2_2)
                                                         net53 (net)
                      0.203674    0.000253    5.938163 ^ _068_/A (sky130_fd_sc_hd__xnor2_1)
     2    0.007475    0.205915    0.177161    6.115323 ^ _068_/Y (sky130_fd_sc_hd__xnor2_1)
                                                         net56 (net)
                      0.205915    0.000194    6.115517 ^ _096_/A (sky130_fd_sc_hd__xnor2_1)
     1    0.002357    0.107316    0.137190    6.252707 ^ _096_/Y (sky130_fd_sc_hd__xnor2_1)
                                                         net57 (net)
                      0.107316    0.000066    6.252773 ^ output57/A (sky130_fd_sc_hd__buf_2)
     1    0.033921    0.168882    0.219921    6.472693 ^ output57/X (sky130_fd_sc_hd__buf_2)
                                                         outputs[31] (net)
                      0.168882    0.000622    6.473315 ^ outputs[31] (out)
                                              6.473315   data arrival time

                      0.000000   25.000000   25.000000   clock clk (rise edge)
                                  0.000000   25.000000   clock network delay (ideal)
                                 -0.250000   24.750000   clock uncertainty
                                  0.000000   24.750000   clock reconvergence pessimism
                                 -5.000000   19.750000   output external delay
                                             19.750000   data required time
---------------------------------------------------------------------------------------------
                                             19.750000   data required time
                                             -6.473315   data arrival time
---------------------------------------------------------------------------------------------
                                             13.276684   slack (MET)


Startpoint: inputs[0] (input port clocked by clk)
Endpoint: outputs[27] (output port clocked by clk)
Path Group: clk
Path Type: max

Fanout         Cap        Slew       Delay        Time   Description
---------------------------------------------------------------------------------------------
                      0.000000    0.000000    0.000000   clock clk (rise edge)
                                  0.000000    0.000000   clock network delay (ideal)
                                  5.000000    5.000000 ^ input external delay
     1    0.004994    0.029269    0.017871    5.017871 ^ inputs[0] (in)
                                                         inputs[0] (net)
                      0.029270    0.000000    5.017871 ^ input1/A (sky130_fd_sc_hd__buf_4)
     6    0.061811    0.173727    0.200671    5.218543 ^ input1/X (sky130_fd_sc_hd__buf_4)
                                                         net1 (net)
                      0.173794    0.002837    5.221380 ^ _049_/B (sky130_fd_sc_hd__xor2_4)
     5    0.042893    0.332516    0.328662    5.550042 ^ _049_/X (sky130_fd_sc_hd__xor2_4)
                                                         net40 (net)
                      0.332518    0.000682    5.550724 ^ _051_/A (sky130_fd_sc_hd__xor2_2)
     3    0.016910    0.238872    0.267856    5.818580 ^ _051_/X (sky130_fd_sc_hd__xor2_2)
                                                         net49 (net)
                      0.238872    0.000677    5.819256 ^ _069_/A (sky130_fd_sc_hd__xnor2_1)
     2    0.007929    0.214814    0.186858    6.006114 ^ _069_/Y (sky130_fd_sc_hd__xnor2_1)
                                                         net51 (net)
                      0.214814    0.000214    6.006329 ^ _100_/A (sky130_fd_sc_hd__xnor2_1)
     1    0.002598    0.111906    0.140845    6.147173 ^ _100_/Y (sky130_fd_sc_hd__xnor2_1)
                                                         net52 (net)
                      0.111906    0.000078    6.147251 ^ output52/A (sky130_fd_sc_hd__buf_2)
     1    0.033964    0.169114    0.221750    6.369001 ^ output52/X (sky130_fd_sc_hd__buf_2)
                                                         outputs[27] (net)
                      0.169114    0.000632    6.369634 ^ outputs[27] (out)
                                              6.369634   data arrival time

                      0.000000   25.000000   25.000000   clock clk (rise edge)
                                  0.000000   25.000000   clock network delay (ideal)
                                 -0.250000   24.750000   clock uncertainty
                                  0.000000   24.750000   clock reconvergence pessimism
                                 -5.000000   19.750000   output external delay
                                             19.750000   data required time
---------------------------------------------------------------------------------------------
                                             19.750000   data required time
                                             -6.369634   data arrival time
---------------------------------------------------------------------------------------------
                                             13.380365   slack (MET)


Startpoint: inputs[0] (input port clocked by clk)
Endpoint: outputs[30] (output port clocked by clk)
Path Group: clk
Path Type: max

Fanout         Cap        Slew       Delay        Time   Description
---------------------------------------------------------------------------------------------
                      0.000000    0.000000    0.000000   clock clk (rise edge)
                                  0.000000    0.000000   clock network delay (ideal)
                                  5.000000    5.000000 ^ input external delay
     1    0.004994    0.029269    0.017871    5.017871 ^ inputs[0] (in)
                                                         inputs[0] (net)
                      0.029270    0.000000    5.017871 ^ input1/A (sky130_fd_sc_hd__buf_4)
     6    0.061811    0.173727    0.200671    5.218543 ^ input1/X (sky130_fd_sc_hd__buf_4)
                                                         net1 (net)
                      0.173794    0.002837    5.221380 ^ _049_/B (sky130_fd_sc_hd__xor2_4)
     5    0.042893    0.332516    0.328662    5.550042 ^ _049_/X (sky130_fd_sc_hd__xor2_4)
                                                         net40 (net)
                      0.332529    0.001629    5.551672 ^ _055_/A (sky130_fd_sc_hd__xnor2_4)
     4    0.020528    0.102045    0.148761    5.700433 v _055_/Y (sky130_fd_sc_hd__xnor2_4)
                                                         net45 (net)
                      0.102046    0.000482    5.700915 v _057_/A (sky130_fd_sc_hd__xnor2_2)
     3    0.012406    0.203674    0.236994    5.937910 ^ _057_/Y (sky130_fd_sc_hd__xnor2_2)
                                                         net53 (net)
                      0.203674    0.000253    5.938163 ^ _068_/A (sky130_fd_sc_hd__xnor2_1)
     2    0.007475    0.205915    0.177161    6.115323 ^ _068_/Y (sky130_fd_sc_hd__xnor2_1)
                                                         net56 (net)
                      0.205915    0.000202    6.115525 ^ output56/A (sky130_fd_sc_hd__buf_2)
     1    0.034045    0.169674    0.248464    6.363989 ^ output56/X (sky130_fd_sc_hd__buf_2)
                                                         outputs[30] (net)
                      0.169675    0.000655    6.364644 ^ outputs[30] (out)
                                              6.364644   data arrival time

                      0.000000   25.000000   25.000000   clock clk (rise edge)
                                  0.000000   25.000000   clock network delay (ideal)
                                 -0.250000   24.750000   clock uncertainty
                                  0.000000   24.750000   clock reconvergence pessimism
                                 -5.000000   19.750000   output external delay
                                             19.750000   data required time
---------------------------------------------------------------------------------------------
                                             19.750000   data required time
                                             -6.364644   data arrival time
---------------------------------------------------------------------------------------------
                                             13.385355   slack (MET)


Startpoint: inputs[0] (input port clocked by clk)
Endpoint: outputs[23] (output port clocked by clk)
Path Group: clk
Path Type: max

Fanout         Cap        Slew       Delay        Time   Description
---------------------------------------------------------------------------------------------
                      0.000000    0.000000    0.000000   clock clk (rise edge)
                                  0.000000    0.000000   clock network delay (ideal)
                                  5.000000    5.000000 ^ input external delay
     1    0.004994    0.029269    0.017871    5.017871 ^ inputs[0] (in)
                                                         inputs[0] (net)
                      0.029270    0.000000    5.017871 ^ input1/A (sky130_fd_sc_hd__buf_4)
     6    0.061811    0.173727    0.200671    5.218543 ^ input1/X (sky130_fd_sc_hd__buf_4)
                                                         net1 (net)
                      0.173794    0.002837    5.221380 ^ _049_/B (sky130_fd_sc_hd__xor2_4)
     5    0.042893    0.332516    0.328662    5.550042 ^ _049_/X (sky130_fd_sc_hd__xor2_4)
                                                         net40 (net)
                      0.332529    0.001629    5.551672 ^ _055_/A (sky130_fd_sc_hd__xnor2_4)
     4    0.020528    0.102045    0.148761    5.700433 v _055_/Y (sky130_fd_sc_hd__xnor2_4)
                                                         net45 (net)
                      0.102045    0.000357    5.700790 v _102_/A (sky130_fd_sc_hd__xnor2_1)
     2    0.008540    0.226923    0.253940    5.954730 ^ _102_/Y (sky130_fd_sc_hd__xnor2_1)
                                                         net46 (net)
                      0.226923    0.000258    5.954988 ^ _105_/A (sky130_fd_sc_hd__xnor2_1)
     1    0.002722    0.114238    0.143931    6.098919 ^ _105_/Y (sky130_fd_sc_hd__xnor2_1)
                                                         net48 (net)
                      0.114238    0.000082    6.099001 ^ output48/A (sky130_fd_sc_hd__buf_2)
     1    0.034261    0.170533    0.223523    6.322524 ^ output48/X (sky130_fd_sc_hd__buf_2)
                                                         outputs[23] (net)
                      0.170534    0.000738    6.323261 ^ outputs[23] (out)
                                              6.323261   data arrival time

                      0.000000   25.000000   25.000000   clock clk (rise edge)
                                  0.000000   25.000000   clock network delay (ideal)
                                 -0.250000   24.750000   clock uncertainty
                                  0.000000   24.750000   clock reconvergence pessimism
                                 -5.000000   19.750000   output external delay
                                             19.750000   data required time
---------------------------------------------------------------------------------------------
                                             19.750000   data required time
                                             -6.323261   data arrival time
---------------------------------------------------------------------------------------------
                                             13.426739   slack (MET)


Startpoint: inputs[1] (input port clocked by clk)
Endpoint: outputs[29] (output port clocked by clk)
Path Group: clk
Path Type: max

Fanout         Cap        Slew       Delay        Time   Description
---------------------------------------------------------------------------------------------
                      0.000000    0.000000    0.000000   clock clk (rise edge)
                                  0.000000    0.000000   clock network delay (ideal)
                                  5.000000    5.000000 ^ input external delay
     1    0.003177    0.021360    0.011643    5.011643 ^ inputs[1] (in)
                                                         inputs[1] (net)
                      0.021360    0.000000    5.011643 ^ input12/A (sky130_fd_sc_hd__clkbuf_4)
     5    0.043671    0.138599    0.195390    5.207033 ^ input12/X (sky130_fd_sc_hd__clkbuf_4)
                                                         net12 (net)
                      0.138602    0.000817    5.207850 ^ _081_/B (sky130_fd_sc_hd__xor2_4)
     4    0.025023    0.222637    0.243668    5.451519 ^ _081_/X (sky130_fd_sc_hd__xor2_4)
                                                         _045_ (net)
                      0.222637    0.000578    5.452096 ^ _083_/A (sky130_fd_sc_hd__xnor2_1)
     2    0.011382    0.113883    0.160546    5.612642 v _083_/Y (sky130_fd_sc_hd__xnor2_1)
                                                         _047_ (net)
                      0.113883    0.000339    5.612981 v _087_/A (sky130_fd_sc_hd__xnor2_1)
     2    0.012546    0.307431    0.318737    5.931718 ^ _087_/Y (sky130_fd_sc_hd__xnor2_1)
                                                         _002_ (net)
                      0.307432    0.000434    5.932152 ^ _097_/B (sky130_fd_sc_hd__xor2_1)
     1    0.002263    0.102351    0.165251    6.097404 ^ _097_/X (sky130_fd_sc_hd__xor2_1)
                                                         net54 (net)
                      0.102351    0.000064    6.097467 ^ output54/A (sky130_fd_sc_hd__buf_2)
     1    0.034156    0.169956    0.218857    6.316325 ^ output54/X (sky130_fd_sc_hd__buf_2)
                                                         outputs[29] (net)
                      0.169956    0.000644    6.316969 ^ outputs[29] (out)
                                              6.316969   data arrival time

                      0.000000   25.000000   25.000000   clock clk (rise edge)
                                  0.000000   25.000000   clock network delay (ideal)
                                 -0.250000   24.750000   clock uncertainty
                                  0.000000   24.750000   clock reconvergence pessimism
                                 -5.000000   19.750000   output external delay
                                             19.750000   data required time
---------------------------------------------------------------------------------------------
                                             19.750000   data required time
                                             -6.316969   data arrival time
---------------------------------------------------------------------------------------------
                                             13.433031   slack (MET)


Startpoint: inputs[0] (input port clocked by clk)
Endpoint: outputs[15] (output port clocked by clk)
Path Group: clk
Path Type: max

Fanout         Cap        Slew       Delay        Time   Description
---------------------------------------------------------------------------------------------
                      0.000000    0.000000    0.000000   clock clk (rise edge)
                                  0.000000    0.000000   clock network delay (ideal)
                                  5.000000    5.000000 v input external delay
     1    0.004746    0.013061    0.007729    5.007729 v inputs[0] (in)
                                                         inputs[0] (net)
                      0.013063    0.000000    5.007729 v input1/A (sky130_fd_sc_hd__buf_4)
     6    0.057331    0.081842    0.178174    5.185904 v input1/X (sky130_fd_sc_hd__buf_4)
                                                         net1 (net)
                      0.081901    0.002022    5.187926 v _052_/A (sky130_fd_sc_hd__xor2_4)
     4    0.023906    0.088248    0.215796    5.403722 v _052_/X (sky130_fd_sc_hd__xor2_4)
                                                         net63 (net)
                      0.088249    0.000373    5.404095 v _074_/A (sky130_fd_sc_hd__xnor2_2)
     3    0.016534    0.249843    0.266207    5.670302 ^ _074_/Y (sky130_fd_sc_hd__xnor2_2)
                                                         net34 (net)
                      0.249923    0.000365    5.670666 ^ _077_/A (sky130_fd_sc_hd__xor2_1)
     2    0.010512    0.248382    0.272746    5.943412 ^ _077_/X (sky130_fd_sc_hd__xor2_1)
                                                         net38 (net)
                      0.248383    0.000426    5.943838 ^ _116_/A (sky130_fd_sc_hd__xnor2_1)
     1    0.002391    0.107951    0.144843    6.088681 ^ _116_/Y (sky130_fd_sc_hd__xnor2_1)
                                                         net39 (net)
                      0.107951    0.000069    6.088750 ^ output39/A (sky130_fd_sc_hd__buf_2)
     1    0.034582    0.172008    0.222220    6.310970 ^ output39/X (sky130_fd_sc_hd__buf_2)
                                                         outputs[15] (net)
                      0.172009    0.000812    6.311782 ^ outputs[15] (out)
                                              6.311782   data arrival time

                      0.000000   25.000000   25.000000   clock clk (rise edge)
                                  0.000000   25.000000   clock network delay (ideal)
                                 -0.250000   24.750000   clock uncertainty
                                  0.000000   24.750000   clock reconvergence pessimism
                                 -5.000000   19.750000   output external delay
                                             19.750000   data required time
---------------------------------------------------------------------------------------------
                                             19.750000   data required time
                                             -6.311782   data arrival time
---------------------------------------------------------------------------------------------
                                             13.438217   slack (MET)


Startpoint: inputs[0] (input port clocked by clk)
Endpoint: outputs[26] (output port clocked by clk)
Path Group: clk
Path Type: max

Fanout         Cap        Slew       Delay        Time   Description
---------------------------------------------------------------------------------------------
                      0.000000    0.000000    0.000000   clock clk (rise edge)
                                  0.000000    0.000000   clock network delay (ideal)
                                  5.000000    5.000000 ^ input external delay
     1    0.004994    0.029269    0.017871    5.017871 ^ inputs[0] (in)
                                                         inputs[0] (net)
                      0.029270    0.000000    5.017871 ^ input1/A (sky130_fd_sc_hd__buf_4)
     6    0.061811    0.173727    0.200671    5.218543 ^ input1/X (sky130_fd_sc_hd__buf_4)
                                                         net1 (net)
                      0.173794    0.002837    5.221380 ^ _049_/B (sky130_fd_sc_hd__xor2_4)
     5    0.042893    0.332516    0.328662    5.550042 ^ _049_/X (sky130_fd_sc_hd__xor2_4)
                                                         net40 (net)
                      0.332518    0.000682    5.550724 ^ _051_/A (sky130_fd_sc_hd__xor2_2)
     3    0.016910    0.238872    0.267856    5.818580 ^ _051_/X (sky130_fd_sc_hd__xor2_2)
                                                         net49 (net)
                      0.238872    0.000677    5.819256 ^ _069_/A (sky130_fd_sc_hd__xnor2_1)
     2    0.007929    0.214814    0.186858    6.006114 ^ _069_/Y (sky130_fd_sc_hd__xnor2_1)
                                                         net51 (net)
                      0.214822    0.000224    6.006338 ^ output51/A (sky130_fd_sc_hd__buf_2)
     1    0.034105    0.169969    0.251055    6.257393 ^ output51/X (sky130_fd_sc_hd__buf_2)
                                                         outputs[26] (net)
                      0.169970    0.000681    6.258074 ^ outputs[26] (out)
                                              6.258074   data arrival time

                      0.000000   25.000000   25.000000   clock clk (rise edge)
                                  0.000000   25.000000   clock network delay (ideal)
                                 -0.250000   24.750000   clock uncertainty
                                  0.000000   24.750000   clock reconvergence pessimism
                                 -5.000000   19.750000   output external delay
                                             19.750000   data required time
---------------------------------------------------------------------------------------------
                                             19.750000   data required time
                                             -6.258074   data arrival time
---------------------------------------------------------------------------------------------
                                             13.491925   slack (MET)


Startpoint: inputs[0] (input port clocked by clk)
Endpoint: outputs[21] (output port clocked by clk)
Path Group: clk
Path Type: max

Fanout         Cap        Slew       Delay        Time   Description
---------------------------------------------------------------------------------------------
                      0.000000    0.000000    0.000000   clock clk (rise edge)
                                  0.000000    0.000000   clock network delay (ideal)
                                  5.000000    5.000000 ^ input external delay
     1    0.004994    0.029269    0.017871    5.017871 ^ inputs[0] (in)
                                                         inputs[0] (net)
                      0.029270    0.000000    5.017871 ^ input1/A (sky130_fd_sc_hd__buf_4)
     6    0.061811    0.173727    0.200671    5.218543 ^ input1/X (sky130_fd_sc_hd__buf_4)
                                                         net1 (net)
                      0.173794    0.002837    5.221380 ^ _049_/B (sky130_fd_sc_hd__xor2_4)
     5    0.042893    0.332516    0.328662    5.550042 ^ _049_/X (sky130_fd_sc_hd__xor2_4)
                                                         net40 (net)
                      0.332529    0.001629    5.551672 ^ _055_/A (sky130_fd_sc_hd__xnor2_4)
     4    0.020528    0.102045    0.148761    5.700433 v _055_/Y (sky130_fd_sc_hd__xnor2_4)
                                                         net45 (net)
                      0.102045    0.000357    5.700790 v _102_/A (sky130_fd_sc_hd__xnor2_1)
     2    0.008540    0.226923    0.253940    5.954730 ^ _102_/Y (sky130_fd_sc_hd__xnor2_1)
                                                         net46 (net)
                      0.226923    0.000229    5.954958 ^ output46/A (sky130_fd_sc_hd__buf_2)
     1    0.034323    0.171000    0.255014    6.209973 ^ output46/X (sky130_fd_sc_hd__buf_2)
                                                         outputs[21] (net)
                      0.171000    0.000733    6.210705 ^ outputs[21] (out)
                                              6.210705   data arrival time

                      0.000000   25.000000   25.000000   clock clk (rise edge)
                                  0.000000   25.000000   clock network delay (ideal)
                                 -0.250000   24.750000   clock uncertainty
                                  0.000000   24.750000   clock reconvergence pessimism
                                 -5.000000   19.750000   output external delay
                                             19.750000   data required time
---------------------------------------------------------------------------------------------
                                             19.750000   data required time
                                             -6.210705   data arrival time
---------------------------------------------------------------------------------------------
                                             13.539294   slack (MET)


Startpoint: inputs[0] (input port clocked by clk)
Endpoint: outputs[14] (output port clocked by clk)
Path Group: clk
Path Type: max

Fanout         Cap        Slew       Delay        Time   Description
---------------------------------------------------------------------------------------------
                      0.000000    0.000000    0.000000   clock clk (rise edge)
                                  0.000000    0.000000   clock network delay (ideal)
                                  5.000000    5.000000 v input external delay
     1    0.004746    0.013061    0.007729    5.007729 v inputs[0] (in)
                                                         inputs[0] (net)
                      0.013063    0.000000    5.007729 v input1/A (sky130_fd_sc_hd__buf_4)
     6    0.057331    0.081842    0.178174    5.185904 v input1/X (sky130_fd_sc_hd__buf_4)
                                                         net1 (net)
                      0.081901    0.002022    5.187926 v _052_/A (sky130_fd_sc_hd__xor2_4)
     4    0.023906    0.088248    0.215796    5.403722 v _052_/X (sky130_fd_sc_hd__xor2_4)
                                                         net63 (net)
                      0.088249    0.000373    5.404095 v _074_/A (sky130_fd_sc_hd__xnor2_2)
     3    0.016534    0.249843    0.266207    5.670302 ^ _074_/Y (sky130_fd_sc_hd__xnor2_2)
                                                         net34 (net)
                      0.249923    0.000365    5.670666 ^ _077_/A (sky130_fd_sc_hd__xor2_1)
     2    0.010512    0.248382    0.272746    5.943412 ^ _077_/X (sky130_fd_sc_hd__xor2_1)
                                                         net38 (net)
                      0.248384    0.000451    5.943863 ^ output38/A (sky130_fd_sc_hd__buf_2)
     1    0.034574    0.172201    0.261598    6.205461 ^ output38/X (sky130_fd_sc_hd__buf_2)
                                                         outputs[14] (net)
                      0.172202    0.000811    6.206273 ^ outputs[14] (out)
                                              6.206273   data arrival time

                      0.000000   25.000000   25.000000   clock clk (rise edge)
                                  0.000000   25.000000   clock network delay (ideal)
                                 -0.250000   24.750000   clock uncertainty
                                  0.000000   24.750000   clock reconvergence pessimism
                                 -5.000000   19.750000   output external delay
                                             19.750000   data required time
---------------------------------------------------------------------------------------------
                                             19.750000   data required time
                                             -6.206273   data arrival time
---------------------------------------------------------------------------------------------
                                             13.543727   slack (MET)


Startpoint: inputs[0] (input port clocked by clk)
Endpoint: outputs[25] (output port clocked by clk)
Path Group: clk
Path Type: max

Fanout         Cap        Slew       Delay        Time   Description
---------------------------------------------------------------------------------------------
                      0.000000    0.000000    0.000000   clock clk (rise edge)
                                  0.000000    0.000000   clock network delay (ideal)
                                  5.000000    5.000000 ^ input external delay
     1    0.004994    0.029269    0.017871    5.017871 ^ inputs[0] (in)
                                                         inputs[0] (net)
                      0.029270    0.000000    5.017871 ^ input1/A (sky130_fd_sc_hd__buf_4)
     6    0.061811    0.173727    0.200671    5.218543 ^ input1/X (sky130_fd_sc_hd__buf_4)
                                                         net1 (net)
                      0.173794    0.002837    5.221380 ^ _049_/B (sky130_fd_sc_hd__xor2_4)
     5    0.042893    0.332516    0.328662    5.550042 ^ _049_/X (sky130_fd_sc_hd__xor2_4)
                                                         net40 (net)
                      0.332518    0.000682    5.550724 ^ _051_/A (sky130_fd_sc_hd__xor2_2)
     3    0.016910    0.238872    0.267856    5.818580 ^ _051_/X (sky130_fd_sc_hd__xor2_2)
                                                         net49 (net)
                      0.238955    0.000789    5.819369 ^ _101_/A (sky130_fd_sc_hd__xor2_1)
     1    0.002719    0.110336    0.164342    5.983711 ^ _101_/X (sky130_fd_sc_hd__xor2_1)
                                                         net50 (net)
                      0.110336    0.000082    5.983792 ^ output50/A (sky130_fd_sc_hd__buf_2)
     1    0.033957    0.169073    0.221135    6.204927 ^ output50/X (sky130_fd_sc_hd__buf_2)
                                                         outputs[25] (net)
                      0.169074    0.000649    6.205576 ^ outputs[25] (out)
                                              6.205576   data arrival time

                      0.000000   25.000000   25.000000   clock clk (rise edge)
                                  0.000000   25.000000   clock network delay (ideal)
                                 -0.250000   24.750000   clock uncertainty
                                  0.000000   24.750000   clock reconvergence pessimism
                                 -5.000000   19.750000   output external delay
                                             19.750000   data required time
---------------------------------------------------------------------------------------------
                                             19.750000   data required time
                                             -6.205576   data arrival time
---------------------------------------------------------------------------------------------
                                             13.544423   slack (MET)


Startpoint: inputs[0] (input port clocked by clk)
Endpoint: outputs[28] (output port clocked by clk)
Path Group: clk
Path Type: max

Fanout         Cap        Slew       Delay        Time   Description
---------------------------------------------------------------------------------------------
                      0.000000    0.000000    0.000000   clock clk (rise edge)
                                  0.000000    0.000000   clock network delay (ideal)
                                  5.000000    5.000000 ^ input external delay
     1    0.004994    0.029269    0.017871    5.017871 ^ inputs[0] (in)
                                                         inputs[0] (net)
                      0.029270    0.000000    5.017871 ^ input1/A (sky130_fd_sc_hd__buf_4)
     6    0.061811    0.173727    0.200671    5.218543 ^ input1/X (sky130_fd_sc_hd__buf_4)
                                                         net1 (net)
                      0.173794    0.002837    5.221380 ^ _049_/B (sky130_fd_sc_hd__xor2_4)
     5    0.042893    0.332516    0.328662    5.550042 ^ _049_/X (sky130_fd_sc_hd__xor2_4)
                                                         net40 (net)
                      0.332529    0.001629    5.551672 ^ _055_/A (sky130_fd_sc_hd__xnor2_4)
     4    0.020528    0.102045    0.148761    5.700433 v _055_/Y (sky130_fd_sc_hd__xnor2_4)
                                                         net45 (net)
                      0.102046    0.000482    5.700915 v _057_/A (sky130_fd_sc_hd__xnor2_2)
     3    0.012406    0.203674    0.236994    5.937910 ^ _057_/Y (sky130_fd_sc_hd__xnor2_2)
                                                         net53 (net)
                      0.203674    0.000195    5.938104 ^ output53/A (sky130_fd_sc_hd__buf_2)
     1    0.033896    0.168972    0.247394    6.185498 ^ output53/X (sky130_fd_sc_hd__buf_2)
                                                         outputs[28] (net)
                      0.168972    0.000612    6.186109 ^ outputs[28] (out)
                                              6.186109   data arrival time

                      0.000000   25.000000   25.000000   clock clk (rise edge)
                                  0.000000   25.000000   clock network delay (ideal)
                                 -0.250000   24.750000   clock uncertainty
                                  0.000000   24.750000   clock reconvergence pessimism
                                 -5.000000   19.750000   output external delay
                                             19.750000   data required time
---------------------------------------------------------------------------------------------
                                             19.750000   data required time
                                             -6.186109   data arrival time
---------------------------------------------------------------------------------------------
                                             13.563890   slack (MET)


Startpoint: inputs[0] (input port clocked by clk)
Endpoint: outputs[19] (output port clocked by clk)
Path Group: clk
Path Type: max

Fanout         Cap        Slew       Delay        Time   Description
---------------------------------------------------------------------------------------------
                      0.000000    0.000000    0.000000   clock clk (rise edge)
                                  0.000000    0.000000   clock network delay (ideal)
                                  5.000000    5.000000 ^ input external delay
     1    0.004994    0.029269    0.017871    5.017871 ^ inputs[0] (in)
                                                         inputs[0] (net)
                      0.029270    0.000000    5.017871 ^ input1/A (sky130_fd_sc_hd__buf_4)
     6    0.061811    0.173727    0.200671    5.218543 ^ input1/X (sky130_fd_sc_hd__buf_4)
                                                         net1 (net)
                      0.173794    0.002837    5.221380 ^ _049_/B (sky130_fd_sc_hd__xor2_4)
     5    0.042893    0.332516    0.328662    5.550042 ^ _049_/X (sky130_fd_sc_hd__xor2_4)
                                                         net40 (net)
                      0.332526    0.001478    5.551520 ^ _072_/A (sky130_fd_sc_hd__xnor2_1)
     2    0.010440    0.265057    0.218136    5.769656 ^ _072_/Y (sky130_fd_sc_hd__xnor2_1)
                                                         net42 (net)
                      0.265057    0.000343    5.770000 ^ _107_/A (sky130_fd_sc_hd__xnor2_1)
     1    0.003034    0.120163    0.153074    5.923073 ^ _107_/Y (sky130_fd_sc_hd__xnor2_1)
                                                         net43 (net)
                      0.120163    0.000069    5.923142 ^ output43/A (sky130_fd_sc_hd__buf_2)
     1    0.033966    0.169168    0.224797    6.147939 ^ output43/X (sky130_fd_sc_hd__buf_2)
                                                         outputs[19] (net)
                      0.169168    0.000632    6.148571 ^ outputs[19] (out)
                                              6.148571   data arrival time

                      0.000000   25.000000   25.000000   clock clk (rise edge)
                                  0.000000   25.000000   clock network delay (ideal)
                                 -0.250000   24.750000   clock uncertainty
                                  0.000000   24.750000   clock reconvergence pessimism
                                 -5.000000   19.750000   output external delay
                                             19.750000   data required time
---------------------------------------------------------------------------------------------
                                             19.750000   data required time
                                             -6.148571   data arrival time
---------------------------------------------------------------------------------------------
                                             13.601428   slack (MET)


Startpoint: inputs[0] (input port clocked by clk)
Endpoint: outputs[22] (output port clocked by clk)
Path Group: clk
Path Type: max

Fanout         Cap        Slew       Delay        Time   Description
---------------------------------------------------------------------------------------------
                      0.000000    0.000000    0.000000   clock clk (rise edge)
                                  0.000000    0.000000   clock network delay (ideal)
                                  5.000000    5.000000 ^ input external delay
     1    0.004994    0.029269    0.017871    5.017871 ^ inputs[0] (in)
                                                         inputs[0] (net)
                      0.029270    0.000000    5.017871 ^ input1/A (sky130_fd_sc_hd__buf_4)
     6    0.061811    0.173727    0.200671    5.218543 ^ input1/X (sky130_fd_sc_hd__buf_4)
                                                         net1 (net)
                      0.173794    0.002837    5.221380 ^ _049_/B (sky130_fd_sc_hd__xor2_4)
     5    0.042893    0.332516    0.328662    5.550042 ^ _049_/X (sky130_fd_sc_hd__xor2_4)
                                                         net40 (net)
                      0.332529    0.001629    5.551672 ^ _055_/A (sky130_fd_sc_hd__xnor2_4)
     4    0.022082    0.216024    0.193010    5.744682 ^ _055_/Y (sky130_fd_sc_hd__xnor2_4)
                                                         net45 (net)
                      0.216024    0.000471    5.745153 ^ _071_/A (sky130_fd_sc_hd__xor2_1)
     1    0.002695    0.109884    0.160486    5.905639 ^ _071_/X (sky130_fd_sc_hd__xor2_1)
                                                         net47 (net)
                      0.109884    0.000078    5.905717 ^ output47/A (sky130_fd_sc_hd__buf_2)
     1    0.034404    0.171176    0.222385    6.128102 ^ output47/X (sky130_fd_sc_hd__buf_2)
                                                         outputs[22] (net)
                      0.171177    0.000748    6.128850 ^ outputs[22] (out)
                                              6.128850   data arrival time

                      0.000000   25.000000   25.000000   clock clk (rise edge)
                                  0.000000   25.000000   clock network delay (ideal)
                                 -0.250000   24.750000   clock uncertainty
                                  0.000000   24.750000   clock reconvergence pessimism
                                 -5.000000   19.750000   output external delay
                                             19.750000   data required time
---------------------------------------------------------------------------------------------
                                             19.750000   data required time
                                             -6.128850   data arrival time
---------------------------------------------------------------------------------------------
                                             13.621149   slack (MET)


Startpoint: inputs[1] (input port clocked by clk)
Endpoint: outputs[13] (output port clocked by clk)
Path Group: clk
Path Type: max

Fanout         Cap        Slew       Delay        Time   Description
---------------------------------------------------------------------------------------------
                      0.000000    0.000000    0.000000   clock clk (rise edge)
                                  0.000000    0.000000   clock network delay (ideal)
                                  5.000000    5.000000 v input external delay
     1    0.002933    0.008931    0.004663    5.004663 v inputs[1] (in)
                                                         inputs[1] (net)
                      0.008931    0.000000    5.004663 v input12/A (sky130_fd_sc_hd__clkbuf_4)
     5    0.040521    0.090851    0.176487    5.181150 v input12/X (sky130_fd_sc_hd__clkbuf_4)
                                                         net12 (net)
                      0.090858    0.000825    5.181975 v _109_/A (sky130_fd_sc_hd__xor2_2)
     3    0.017488    0.094156    0.219422    5.401398 v _109_/X (sky130_fd_sc_hd__xor2_2)
                                                         _016_ (net)
                      0.094158    0.000590    5.401988 v _111_/A (sky130_fd_sc_hd__xnor2_1)
     2    0.011078    0.277865    0.288800    5.690788 ^ _111_/Y (sky130_fd_sc_hd__xnor2_1)
                                                         _018_ (net)
                      0.277865    0.000246    5.691033 ^ _117_/B (sky130_fd_sc_hd__xnor2_1)
     1    0.003198    0.123263    0.157722    5.848756 ^ _117_/Y (sky130_fd_sc_hd__xnor2_1)
                                                         net37 (net)
                      0.123263    0.000094    5.848850 ^ output37/A (sky130_fd_sc_hd__buf_2)
     1    0.034582    0.172096    0.227787    6.076637 ^ output37/X (sky130_fd_sc_hd__buf_2)
                                                         outputs[13] (net)
                      0.172097    0.000812    6.077449 ^ outputs[13] (out)
                                              6.077449   data arrival time

                      0.000000   25.000000   25.000000   clock clk (rise edge)
                                  0.000000   25.000000   clock network delay (ideal)
                                 -0.250000   24.750000   clock uncertainty
                                  0.000000   24.750000   clock reconvergence pessimism
                                 -5.000000   19.750000   output external delay
                                             19.750000   data required time
---------------------------------------------------------------------------------------------
                                             19.750000   data required time
                                             -6.077449   data arrival time
---------------------------------------------------------------------------------------------
                                             13.672550   slack (MET)


Startpoint: inputs[0] (input port clocked by clk)
Endpoint: outputs[24] (output port clocked by clk)
Path Group: clk
Path Type: max

Fanout         Cap        Slew       Delay        Time   Description
---------------------------------------------------------------------------------------------
                      0.000000    0.000000    0.000000   clock clk (rise edge)
                                  0.000000    0.000000   clock network delay (ideal)
                                  5.000000    5.000000 ^ input external delay
     1    0.004994    0.029269    0.017871    5.017871 ^ inputs[0] (in)
                                                         inputs[0] (net)
                      0.029270    0.000000    5.017871 ^ input1/A (sky130_fd_sc_hd__buf_4)
     6    0.061811    0.173727    0.200671    5.218543 ^ input1/X (sky130_fd_sc_hd__buf_4)
                                                         net1 (net)
                      0.173794    0.002837    5.221380 ^ _049_/B (sky130_fd_sc_hd__xor2_4)
     5    0.042893    0.332516    0.328662    5.550042 ^ _049_/X (sky130_fd_sc_hd__xor2_4)
                                                         net40 (net)
                      0.332518    0.000682    5.550724 ^ _051_/A (sky130_fd_sc_hd__xor2_2)
     3    0.016910    0.238872    0.267856    5.818580 ^ _051_/X (sky130_fd_sc_hd__xor2_2)
                                                         net49 (net)
                      0.238872    0.000690    5.819270 ^ output49/A (sky130_fd_sc_hd__buf_2)
     1    0.033894    0.169017    0.256909    6.076179 ^ output49/X (sky130_fd_sc_hd__buf_2)
                                                         outputs[24] (net)
                      0.169017    0.000611    6.076789 ^ outputs[24] (out)
                                              6.076789   data arrival time

                      0.000000   25.000000   25.000000   clock clk (rise edge)
                                  0.000000   25.000000   clock network delay (ideal)
                                 -0.250000   24.750000   clock uncertainty
                                  0.000000   24.750000   clock reconvergence pessimism
                                 -5.000000   19.750000   output external delay
                                             19.750000   data required time
---------------------------------------------------------------------------------------------
                                             19.750000   data required time
                                             -6.076789   data arrival time
---------------------------------------------------------------------------------------------
                                             13.673210   slack (MET)


Startpoint: inputs[0] (input port clocked by clk)
Endpoint: outputs[11] (output port clocked by clk)
Path Group: clk
Path Type: max

Fanout         Cap        Slew       Delay        Time   Description
---------------------------------------------------------------------------------------------
                      0.000000    0.000000    0.000000   clock clk (rise edge)
                                  0.000000    0.000000   clock network delay (ideal)
                                  5.000000    5.000000 v input external delay
     1    0.004746    0.013061    0.007729    5.007729 v inputs[0] (in)
                                                         inputs[0] (net)
                      0.013063    0.000000    5.007729 v input1/A (sky130_fd_sc_hd__buf_4)
     6    0.057331    0.081842    0.178174    5.185904 v input1/X (sky130_fd_sc_hd__buf_4)
                                                         net1 (net)
                      0.081901    0.002022    5.187926 v _052_/A (sky130_fd_sc_hd__xor2_4)
     4    0.023906    0.088248    0.215796    5.403722 v _052_/X (sky130_fd_sc_hd__xor2_4)
                                                         net63 (net)
                      0.088249    0.000373    5.404095 v _074_/A (sky130_fd_sc_hd__xnor2_2)
     3    0.016534    0.249843    0.266207    5.670302 ^ _074_/Y (sky130_fd_sc_hd__xnor2_2)
                                                         net34 (net)
                      0.249925    0.000603    5.670905 ^ _119_/A (sky130_fd_sc_hd__xnor2_1)
     1    0.003071    0.120847    0.150722    5.821627 ^ _119_/Y (sky130_fd_sc_hd__xnor2_1)
                                                         net35 (net)
                      0.120847    0.000089    5.821716 ^ output35/A (sky130_fd_sc_hd__buf_2)
     1    0.034591    0.172123    0.227001    6.048717 ^ output35/X (sky130_fd_sc_hd__buf_2)
                                                         outputs[11] (net)
                      0.172125    0.000812    6.049529 ^ outputs[11] (out)
                                              6.049529   data arrival time

                      0.000000   25.000000   25.000000   clock clk (rise edge)
                                  0.000000   25.000000   clock network delay (ideal)
                                 -0.250000   24.750000   clock uncertainty
                                  0.000000   24.750000   clock reconvergence pessimism
                                 -5.000000   19.750000   output external delay
                                             19.750000   data required time
---------------------------------------------------------------------------------------------
                                             19.750000   data required time
                                             -6.049529   data arrival time
---------------------------------------------------------------------------------------------
                                             13.700471   slack (MET)


Startpoint: inputs[0] (input port clocked by clk)
Endpoint: outputs[18] (output port clocked by clk)
Path Group: clk
Path Type: max

Fanout         Cap        Slew       Delay        Time   Description
---------------------------------------------------------------------------------------------
                      0.000000    0.000000    0.000000   clock clk (rise edge)
                                  0.000000    0.000000   clock network delay (ideal)
                                  5.000000    5.000000 ^ input external delay
     1    0.004994    0.029269    0.017871    5.017871 ^ inputs[0] (in)
                                                         inputs[0] (net)
                      0.029270    0.000000    5.017871 ^ input1/A (sky130_fd_sc_hd__buf_4)
     6    0.061811    0.173727    0.200671    5.218543 ^ input1/X (sky130_fd_sc_hd__buf_4)
                                                         net1 (net)
                      0.173794    0.002837    5.221380 ^ _049_/B (sky130_fd_sc_hd__xor2_4)
     5    0.042893    0.332516    0.328662    5.550042 ^ _049_/X (sky130_fd_sc_hd__xor2_4)
                                                         net40 (net)
                      0.332526    0.001478    5.551520 ^ _072_/A (sky130_fd_sc_hd__xnor2_1)
     2    0.010440    0.265057    0.218136    5.769656 ^ _072_/Y (sky130_fd_sc_hd__xnor2_1)
                                                         net42 (net)
                      0.265057    0.000264    5.769920 ^ output42/A (sky130_fd_sc_hd__buf_2)
     1    0.034323    0.171048    0.265327    6.035248 ^ output42/X (sky130_fd_sc_hd__buf_2)
                                                         outputs[18] (net)
                      0.171049    0.000733    6.035980 ^ outputs[18] (out)
                                              6.035980   data arrival time

                      0.000000   25.000000   25.000000   clock clk (rise edge)
                                  0.000000   25.000000   clock network delay (ideal)
                                 -0.250000   24.750000   clock uncertainty
                                  0.000000   24.750000   clock reconvergence pessimism
                                 -5.000000   19.750000   output external delay
                                             19.750000   data required time
---------------------------------------------------------------------------------------------
                                             19.750000   data required time
                                             -6.035980   data arrival time
---------------------------------------------------------------------------------------------
                                             13.714019   slack (MET)


Startpoint: inputs[0] (input port clocked by clk)
Endpoint: outputs[7] (output port clocked by clk)
Path Group: clk
Path Type: max

Fanout         Cap        Slew       Delay        Time   Description
---------------------------------------------------------------------------------------------
                      0.000000    0.000000    0.000000   clock clk (rise edge)
                                  0.000000    0.000000   clock network delay (ideal)
                                  5.000000    5.000000 ^ input external delay
     1    0.004994    0.029269    0.017871    5.017871 ^ inputs[0] (in)
                                                         inputs[0] (net)
                      0.029270    0.000000    5.017871 ^ input1/A (sky130_fd_sc_hd__buf_4)
     6    0.061811    0.173727    0.200671    5.218543 ^ input1/X (sky130_fd_sc_hd__buf_4)
                                                         net1 (net)
                      0.173782    0.002573    5.221115 ^ _060_/A (sky130_fd_sc_hd__xor2_2)
     3    0.016701    0.236733    0.245918    5.467033 ^ _060_/X (sky130_fd_sc_hd__xor2_2)
                                                         net59 (net)
                      0.236735    0.000542    5.467576 ^ _122_/A (sky130_fd_sc_hd__xnor2_1)
     2    0.008228    0.220853    0.188779    5.656354 ^ _122_/Y (sky130_fd_sc_hd__xnor2_1)
                                                         net60 (net)
                      0.220853    0.000228    5.656582 ^ _125_/A (sky130_fd_sc_hd__xnor2_1)
     1    0.002884    0.117317    0.144171    5.800754 ^ _125_/Y (sky130_fd_sc_hd__xnor2_1)
                                                         net62 (net)
                      0.117317    0.000087    5.800840 ^ output62/A (sky130_fd_sc_hd__buf_2)
     1    0.034542    0.171874    0.225549    6.026389 ^ output62/X (sky130_fd_sc_hd__buf_2)
                                                         outputs[7] (net)
                      0.171875    0.000798    6.027187 ^ outputs[7] (out)
                                              6.027187   data arrival time

                      0.000000   25.000000   25.000000   clock clk (rise edge)
                                  0.000000   25.000000   clock network delay (ideal)
                                 -0.250000   24.750000   clock uncertainty
                                  0.000000   24.750000   clock reconvergence pessimism
                                 -5.000000   19.750000   output external delay
                                             19.750000   data required time
---------------------------------------------------------------------------------------------
                                             19.750000   data required time
                                             -6.027187   data arrival time
---------------------------------------------------------------------------------------------
                                             13.722813   slack (MET)


Startpoint: inputs[0] (input port clocked by clk)
Endpoint: outputs[20] (output port clocked by clk)
Path Group: clk
Path Type: max

Fanout         Cap        Slew       Delay        Time   Description
---------------------------------------------------------------------------------------------
                      0.000000    0.000000    0.000000   clock clk (rise edge)
                                  0.000000    0.000000   clock network delay (ideal)
                                  5.000000    5.000000 ^ input external delay
     1    0.004994    0.029269    0.017871    5.017871 ^ inputs[0] (in)
                                                         inputs[0] (net)
                      0.029270    0.000000    5.017871 ^ input1/A (sky130_fd_sc_hd__buf_4)
     6    0.061811    0.173727    0.200671    5.218543 ^ input1/X (sky130_fd_sc_hd__buf_4)
                                                         net1 (net)
                      0.173794    0.002837    5.221380 ^ _049_/B (sky130_fd_sc_hd__xor2_4)
     5    0.042893    0.332516    0.328662    5.550042 ^ _049_/X (sky130_fd_sc_hd__xor2_4)
                                                         net40 (net)
                      0.332529    0.001629    5.551672 ^ _055_/A (sky130_fd_sc_hd__xnor2_4)
     4    0.022082    0.216024    0.193010    5.744682 ^ _055_/Y (sky130_fd_sc_hd__xnor2_4)
                                                         net45 (net)
                      0.216024    0.000393    5.745075 ^ output45/A (sky130_fd_sc_hd__buf_2)
     1    0.034339    0.171060    0.252119    5.997194 ^ output45/X (sky130_fd_sc_hd__buf_2)
                                                         outputs[20] (net)
                      0.171061    0.000734    5.997927 ^ outputs[20] (out)
                                              5.997927   data arrival time

                      0.000000   25.000000   25.000000   clock clk (rise edge)
                                  0.000000   25.000000   clock network delay (ideal)
                                 -0.250000   24.750000   clock uncertainty
                                  0.000000   24.750000   clock reconvergence pessimism
                                 -5.000000   19.750000   output external delay
                                             19.750000   data required time
---------------------------------------------------------------------------------------------
                                             19.750000   data required time
                                             -5.997927   data arrival time
---------------------------------------------------------------------------------------------
                                             13.752072   slack (MET)


Startpoint: inputs[0] (input port clocked by clk)
Endpoint: outputs[17] (output port clocked by clk)
Path Group: clk
Path Type: max

Fanout         Cap        Slew       Delay        Time   Description
---------------------------------------------------------------------------------------------
                      0.000000    0.000000    0.000000   clock clk (rise edge)
                                  0.000000    0.000000   clock network delay (ideal)
                                  5.000000    5.000000 ^ input external delay
     1    0.004994    0.029269    0.017871    5.017871 ^ inputs[0] (in)
                                                         inputs[0] (net)
                      0.029270    0.000000    5.017871 ^ input1/A (sky130_fd_sc_hd__buf_4)
     6    0.061811    0.173727    0.200671    5.218543 ^ input1/X (sky130_fd_sc_hd__buf_4)
                                                         net1 (net)
                      0.173794    0.002837    5.221380 ^ _049_/B (sky130_fd_sc_hd__xor2_4)
     5    0.042893    0.332516    0.328662    5.550042 ^ _049_/X (sky130_fd_sc_hd__xor2_4)
                                                         net40 (net)
                      0.332522    0.001073    5.551116 ^ _108_/A (sky130_fd_sc_hd__xor2_1)
     1    0.004770    0.145923    0.202550    5.753665 ^ _108_/X (sky130_fd_sc_hd__xor2_1)
                                                         net41 (net)
                      0.145923    0.000143    5.753808 ^ output41/A (sky130_fd_sc_hd__buf_2)
     1    0.033965    0.169212    0.231984    5.985792 ^ output41/X (sky130_fd_sc_hd__buf_2)
                                                         outputs[17] (net)
                      0.169213    0.000639    5.986431 ^ outputs[17] (out)
                                              5.986431   data arrival time

                      0.000000   25.000000   25.000000   clock clk (rise edge)
                                  0.000000   25.000000   clock network delay (ideal)
                                 -0.250000   24.750000   clock uncertainty
                                  0.000000   24.750000   clock reconvergence pessimism
                                 -5.000000   19.750000   output external delay
                                             19.750000   data required time
---------------------------------------------------------------------------------------------
                                             19.750000   data required time
                                             -5.986431   data arrival time
---------------------------------------------------------------------------------------------
                                             13.763569   slack (MET)


Startpoint: inputs[4] (input port clocked by clk)
Endpoint: outputs[12] (output port clocked by clk)
Path Group: clk
Path Type: max

Fanout         Cap        Slew       Delay        Time   Description
---------------------------------------------------------------------------------------------
                      0.000000    0.000000    0.000000   clock clk (rise edge)
                                  0.000000    0.000000   clock network delay (ideal)
                                  5.000000    5.000000 v input external delay
     1    0.003475    0.010201    0.005582    5.005582 v inputs[4] (in)
                                                         inputs[4] (net)
                      0.010202    0.000000    5.005582 v input27/A (sky130_fd_sc_hd__clkbuf_2)
     3    0.022758    0.091645    0.141888    5.147470 v input27/X (sky130_fd_sc_hd__clkbuf_2)
                                                         net27 (net)
                      0.091647    0.000485    5.147955 v _058_/A (sky130_fd_sc_hd__xnor2_1)
     2    0.013627    0.328949    0.325858    5.473813 ^ _058_/Y (sky130_fd_sc_hd__xnor2_1)
                                                         _032_ (net)
                      0.328950    0.000572    5.474385 ^ _059_/B (sky130_fd_sc_hd__xnor2_1)
     2    0.010326    0.262686    0.217946    5.692331 ^ _059_/Y (sky130_fd_sc_hd__xnor2_1)
                                                         net36 (net)
                      0.262687    0.000296    5.692626 ^ output36/A (sky130_fd_sc_hd__buf_2)
     1    0.035084    0.174574    0.267106    5.959733 ^ output36/X (sky130_fd_sc_hd__buf_2)
                                                         outputs[12] (net)
                      0.174575    0.000877    5.960609 ^ outputs[12] (out)
                                              5.960609   data arrival time

                      0.000000   25.000000   25.000000   clock clk (rise edge)
                                  0.000000   25.000000   clock network delay (ideal)
                                 -0.250000   24.750000   clock uncertainty
                                  0.000000   24.750000   clock reconvergence pessimism
                                 -5.000000   19.750000   output external delay
                                             19.750000   data required time
---------------------------------------------------------------------------------------------
                                             19.750000   data required time
                                             -5.960609   data arrival time
---------------------------------------------------------------------------------------------
                                             13.789391   slack (MET)


Startpoint: inputs[0] (input port clocked by clk)
Endpoint: outputs[10] (output port clocked by clk)
Path Group: clk
Path Type: max

Fanout         Cap        Slew       Delay        Time   Description
---------------------------------------------------------------------------------------------
                      0.000000    0.000000    0.000000   clock clk (rise edge)
                                  0.000000    0.000000   clock network delay (ideal)
                                  5.000000    5.000000 v input external delay
     1    0.004746    0.013061    0.007729    5.007729 v inputs[0] (in)
                                                         inputs[0] (net)
                      0.013063    0.000000    5.007729 v input1/A (sky130_fd_sc_hd__buf_4)
     6    0.057331    0.081842    0.178174    5.185904 v input1/X (sky130_fd_sc_hd__buf_4)
                                                         net1 (net)
                      0.081901    0.002022    5.187926 v _052_/A (sky130_fd_sc_hd__xor2_4)
     4    0.023906    0.088248    0.215796    5.403722 v _052_/X (sky130_fd_sc_hd__xor2_4)
                                                         net63 (net)
                      0.088249    0.000373    5.404095 v _074_/A (sky130_fd_sc_hd__xnor2_2)
     3    0.016534    0.249843    0.266207    5.670302 ^ _074_/Y (sky130_fd_sc_hd__xnor2_2)
                                                         net34 (net)
                      0.249924    0.000489    5.670791 ^ output34/A (sky130_fd_sc_hd__buf_2)
     1    0.036186    0.179628    0.267075    5.937866 ^ output34/X (sky130_fd_sc_hd__buf_2)
                                                         outputs[10] (net)
                      0.179634    0.001213    5.939079 ^ outputs[10] (out)
                                              5.939079   data arrival time

                      0.000000   25.000000   25.000000   clock clk (rise edge)
                                  0.000000   25.000000   clock network delay (ideal)
                                 -0.250000   24.750000   clock uncertainty
                                  0.000000   24.750000   clock reconvergence pessimism
                                 -5.000000   19.750000   output external delay
                                             19.750000   data required time
---------------------------------------------------------------------------------------------
                                             19.750000   data required time
                                             -5.939079   data arrival time
---------------------------------------------------------------------------------------------
                                             13.810921   slack (MET)


Startpoint: inputs[0] (input port clocked by clk)
Endpoint: outputs[5] (output port clocked by clk)
Path Group: clk
Path Type: max

Fanout         Cap        Slew       Delay        Time   Description
---------------------------------------------------------------------------------------------
                      0.000000    0.000000    0.000000   clock clk (rise edge)
                                  0.000000    0.000000   clock network delay (ideal)
                                  5.000000    5.000000 ^ input external delay
     1    0.004994    0.029269    0.017871    5.017871 ^ inputs[0] (in)
                                                         inputs[0] (net)
                      0.029270    0.000000    5.017871 ^ input1/A (sky130_fd_sc_hd__buf_4)
     6    0.061811    0.173727    0.200671    5.218543 ^ input1/X (sky130_fd_sc_hd__buf_4)
                                                         net1 (net)
                      0.173782    0.002573    5.221115 ^ _060_/A (sky130_fd_sc_hd__xor2_2)
     3    0.016701    0.236733    0.245918    5.467033 ^ _060_/X (sky130_fd_sc_hd__xor2_2)
                                                         net59 (net)
                      0.236735    0.000542    5.467576 ^ _122_/A (sky130_fd_sc_hd__xnor2_1)
     2    0.008228    0.220853    0.188779    5.656354 ^ _122_/Y (sky130_fd_sc_hd__xnor2_1)
                                                         net60 (net)
                      0.220853    0.000098    5.656453 ^ output60/A (sky130_fd_sc_hd__buf_2)
     1    0.034047    0.169704    0.252521    5.908974 ^ output60/X (sky130_fd_sc_hd__buf_2)
                                                         outputs[5] (net)
                      0.169704    0.000643    5.909616 ^ outputs[5] (out)
                                              5.909616   data arrival time

                      0.000000   25.000000   25.000000   clock clk (rise edge)
                                  0.000000   25.000000   clock network delay (ideal)
                                 -0.250000   24.750000   clock uncertainty
                                  0.000000   24.750000   clock reconvergence pessimism
                                 -5.000000   19.750000   output external delay
                                             19.750000   data required time
---------------------------------------------------------------------------------------------
                                             19.750000   data required time
                                             -5.909616   data arrival time
---------------------------------------------------------------------------------------------
                                             13.840384   slack (MET)


Startpoint: inputs[0] (input port clocked by clk)
Endpoint: outputs[9] (output port clocked by clk)
Path Group: clk
Path Type: max

Fanout         Cap        Slew       Delay        Time   Description
---------------------------------------------------------------------------------------------
                      0.000000    0.000000    0.000000   clock clk (rise edge)
                                  0.000000    0.000000   clock network delay (ideal)
                                  5.000000    5.000000 ^ input external delay
     1    0.004994    0.029269    0.017871    5.017871 ^ inputs[0] (in)
                                                         inputs[0] (net)
                      0.029270    0.000000    5.017871 ^ input1/A (sky130_fd_sc_hd__buf_4)
     6    0.061811    0.173727    0.200671    5.218543 ^ input1/X (sky130_fd_sc_hd__buf_4)
                                                         net1 (net)
                      0.173767    0.002189    5.220732 ^ _052_/A (sky130_fd_sc_hd__xor2_4)
     4    0.025460    0.225290    0.248014    5.468746 ^ _052_/X (sky130_fd_sc_hd__xor2_4)
                                                         net63 (net)
                      0.225290    0.000709    5.469454 ^ _120_/A (sky130_fd_sc_hd__xor2_1)
     1    0.002724    0.110349    0.162313    5.631767 ^ _120_/X (sky130_fd_sc_hd__xor2_1)
                                                         net64 (net)
                      0.110349    0.000080    5.631847 ^ output64/A (sky130_fd_sc_hd__buf_2)
     1    0.034478    0.171534    0.222780    5.854628 ^ output64/X (sky130_fd_sc_hd__buf_2)
                                                         outputs[9] (net)
                      0.171535    0.000783    5.855411 ^ outputs[9] (out)
                                              5.855411   data arrival time

                      0.000000   25.000000   25.000000   clock clk (rise edge)
                                  0.000000   25.000000   clock network delay (ideal)
                                 -0.250000   24.750000   clock uncertainty
                                  0.000000   24.750000   clock reconvergence pessimism
                                 -5.000000   19.750000   output external delay
                                             19.750000   data required time
---------------------------------------------------------------------------------------------
                                             19.750000   data required time
                                             -5.855411   data arrival time
---------------------------------------------------------------------------------------------
                                             13.894589   slack (MET)


Startpoint: inputs[0] (input port clocked by clk)
Endpoint: outputs[6] (output port clocked by clk)
Path Group: clk
Path Type: max

Fanout         Cap        Slew       Delay        Time   Description
---------------------------------------------------------------------------------------------
                      0.000000    0.000000    0.000000   clock clk (rise edge)
                                  0.000000    0.000000   clock network delay (ideal)
                                  5.000000    5.000000 ^ input external delay
     1    0.004994    0.029269    0.017871    5.017871 ^ inputs[0] (in)
                                                         inputs[0] (net)
                      0.029270    0.000000    5.017871 ^ input1/A (sky130_fd_sc_hd__buf_4)
     6    0.061811    0.173727    0.200671    5.218543 ^ input1/X (sky130_fd_sc_hd__buf_4)
                                                         net1 (net)
                      0.173782    0.002573    5.221115 ^ _060_/A (sky130_fd_sc_hd__xor2_2)
     3    0.016701    0.236733    0.245918    5.467033 ^ _060_/X (sky130_fd_sc_hd__xor2_2)
                                                         net59 (net)
                      0.236736    0.000600    5.467633 ^ _079_/A (sky130_fd_sc_hd__xor2_1)
     1    0.002528    0.106960    0.161323    5.628957 ^ _079_/X (sky130_fd_sc_hd__xor2_1)
                                                         net61 (net)
                      0.106960    0.000072    5.629029 ^ output61/A (sky130_fd_sc_hd__buf_2)
     1    0.034611    0.172140    0.221953    5.850982 ^ output61/X (sky130_fd_sc_hd__buf_2)
                                                         outputs[6] (net)
                      0.172141    0.000813    5.851794 ^ outputs[6] (out)
                                              5.851794   data arrival time

                      0.000000   25.000000   25.000000   clock clk (rise edge)
                                  0.000000   25.000000   clock network delay (ideal)
                                 -0.250000   24.750000   clock uncertainty
                                  0.000000   24.750000   clock reconvergence pessimism
                                 -5.000000   19.750000   output external delay
                                             19.750000   data required time
---------------------------------------------------------------------------------------------
                                             19.750000   data required time
                                             -5.851794   data arrival time
---------------------------------------------------------------------------------------------
                                             13.898206   slack (MET)


Startpoint: inputs[0] (input port clocked by clk)
Endpoint: outputs[16] (output port clocked by clk)
Path Group: clk
Path Type: max

Fanout         Cap        Slew       Delay        Time   Description
---------------------------------------------------------------------------------------------
                      0.000000    0.000000    0.000000   clock clk (rise edge)
                                  0.000000    0.000000   clock network delay (ideal)
                                  5.000000    5.000000 ^ input external delay
     1    0.004994    0.029269    0.017871    5.017871 ^ inputs[0] (in)
                                                         inputs[0] (net)
                      0.029270    0.000000    5.017871 ^ input1/A (sky130_fd_sc_hd__buf_4)
     6    0.061811    0.173727    0.200671    5.218543 ^ input1/X (sky130_fd_sc_hd__buf_4)
                                                         net1 (net)
                      0.173794    0.002837    5.221380 ^ _049_/B (sky130_fd_sc_hd__xor2_4)
     5    0.042893    0.332516    0.328662    5.550042 ^ _049_/X (sky130_fd_sc_hd__xor2_4)
                                                         net40 (net)
                      0.332526    0.001438    5.551480 ^ output40/A (sky130_fd_sc_hd__buf_2)
     1    0.034318    0.171366    0.277939    5.829419 ^ output40/X (sky130_fd_sc_hd__buf_2)
                                                         outputs[16] (net)
                      0.171367    0.000733    5.830152 ^ outputs[16] (out)
                                              5.830152   data arrival time

                      0.000000   25.000000   25.000000   clock clk (rise edge)
                                  0.000000   25.000000   clock network delay (ideal)
                                 -0.250000   24.750000   clock uncertainty
                                  0.000000   24.750000   clock reconvergence pessimism
                                 -5.000000   19.750000   output external delay
                                             19.750000   data required time
---------------------------------------------------------------------------------------------
                                             19.750000   data required time
                                             -5.830152   data arrival time
---------------------------------------------------------------------------------------------
                                             13.919847   slack (MET)


Startpoint: inputs[0] (input port clocked by clk)
Endpoint: outputs[3] (output port clocked by clk)
Path Group: clk
Path Type: max

Fanout         Cap        Slew       Delay        Time   Description
---------------------------------------------------------------------------------------------
                      0.000000    0.000000    0.000000   clock clk (rise edge)
                                  0.000000    0.000000   clock network delay (ideal)
                                  5.000000    5.000000 ^ input external delay
     1    0.004994    0.029269    0.017871    5.017871 ^ inputs[0] (in)
                                                         inputs[0] (net)
                      0.029270    0.000000    5.017871 ^ input1/A (sky130_fd_sc_hd__buf_4)
     6    0.061811    0.173727    0.200671    5.218543 ^ input1/X (sky130_fd_sc_hd__buf_4)
                                                         net1 (net)
                      0.173790    0.002751    5.221294 ^ _080_/A (sky130_fd_sc_hd__xor2_1)
     2    0.007661    0.196704    0.222363    5.443656 ^ _080_/X (sky130_fd_sc_hd__xor2_1)
                                                         net55 (net)
                      0.196704    0.000195    5.443851 ^ _127_/A (sky130_fd_sc_hd__xnor2_1)
     1    0.001986    0.100258    0.132359    5.576210 ^ _127_/Y (sky130_fd_sc_hd__xnor2_1)
                                                         net58 (net)
                      0.100258    0.000038    5.576248 ^ output58/A (sky130_fd_sc_hd__buf_2)
     1    0.035275    0.175227    0.221578    5.797826 ^ output58/X (sky130_fd_sc_hd__buf_2)
                                                         outputs[3] (net)
                      0.175230    0.000965    5.798792 ^ outputs[3] (out)
                                              5.798792   data arrival time

                      0.000000   25.000000   25.000000   clock clk (rise edge)
                                  0.000000   25.000000   clock network delay (ideal)
                                 -0.250000   24.750000   clock uncertainty
                                  0.000000   24.750000   clock reconvergence pessimism
                                 -5.000000   19.750000   output external delay
                                             19.750000   data required time
---------------------------------------------------------------------------------------------
                                             19.750000   data required time
                                             -5.798792   data arrival time
---------------------------------------------------------------------------------------------
                                             13.951208   slack (MET)


Startpoint: inputs[0] (input port clocked by clk)
Endpoint: outputs[4] (output port clocked by clk)
Path Group: clk
Path Type: max

Fanout         Cap        Slew       Delay        Time   Description
---------------------------------------------------------------------------------------------
                      0.000000    0.000000    0.000000   clock clk (rise edge)
                                  0.000000    0.000000   clock network delay (ideal)
                                  5.000000    5.000000 ^ input external delay
     1    0.004994    0.029269    0.017871    5.017871 ^ inputs[0] (in)
                                                         inputs[0] (net)
                      0.029270    0.000000    5.017871 ^ input1/A (sky130_fd_sc_hd__buf_4)
     6    0.061811    0.173727    0.200671    5.218543 ^ input1/X (sky130_fd_sc_hd__buf_4)
                                                         net1 (net)
                      0.173782    0.002573    5.221115 ^ _060_/A (sky130_fd_sc_hd__xor2_2)
     3    0.016701    0.236733    0.245918    5.467033 ^ _060_/X (sky130_fd_sc_hd__xor2_2)
                                                         net59 (net)
                      0.236735    0.000573    5.467606 ^ output59/A (sky130_fd_sc_hd__buf_2)
     1    0.038630    0.190935    0.271462    5.739068 ^ output59/X (sky130_fd_sc_hd__buf_2)
                                                         outputs[4] (net)
                      0.190942    0.001399    5.740468 ^ outputs[4] (out)
                                              5.740468   data arrival time

                      0.000000   25.000000   25.000000   clock clk (rise edge)
                                  0.000000   25.000000   clock network delay (ideal)
                                 -0.250000   24.750000   clock uncertainty
                                  0.000000   24.750000   clock reconvergence pessimism
                                 -5.000000   19.750000   output external delay
                                             19.750000   data required time
---------------------------------------------------------------------------------------------
                                             19.750000   data required time
                                             -5.740468   data arrival time
---------------------------------------------------------------------------------------------
                                             14.009532   slack (MET)


Startpoint: inputs[0] (input port clocked by clk)
Endpoint: outputs[8] (output port clocked by clk)
Path Group: clk
Path Type: max

Fanout         Cap        Slew       Delay        Time   Description
---------------------------------------------------------------------------------------------
                      0.000000    0.000000    0.000000   clock clk (rise edge)
                                  0.000000    0.000000   clock network delay (ideal)
                                  5.000000    5.000000 ^ input external delay
     1    0.004994    0.029269    0.017871    5.017871 ^ inputs[0] (in)
                                                         inputs[0] (net)
                      0.029270    0.000000    5.017871 ^ input1/A (sky130_fd_sc_hd__buf_4)
     6    0.061811    0.173727    0.200671    5.218543 ^ input1/X (sky130_fd_sc_hd__buf_4)
                                                         net1 (net)
                      0.173767    0.002189    5.220732 ^ _052_/A (sky130_fd_sc_hd__xor2_4)
     4    0.025460    0.225290    0.248014    5.468746 ^ _052_/X (sky130_fd_sc_hd__xor2_4)
                                                         net63 (net)
                      0.225290    0.000734    5.469479 ^ output63/A (sky130_fd_sc_hd__buf_2)
     1    0.034777    0.173112    0.256008    5.725487 ^ output63/X (sky130_fd_sc_hd__buf_2)
                                                         outputs[8] (net)
                      0.173114    0.000831    5.726319 ^ outputs[8] (out)
                                              5.726319   data arrival time

                      0.000000   25.000000   25.000000   clock clk (rise edge)
                                  0.000000   25.000000   clock network delay (ideal)
                                 -0.250000   24.750000   clock uncertainty
                                  0.000000   24.750000   clock reconvergence pessimism
                                 -5.000000   19.750000   output external delay
                                             19.750000   data required time
---------------------------------------------------------------------------------------------
                                             19.750000   data required time
                                             -5.726319   data arrival time
---------------------------------------------------------------------------------------------
                                             14.023681   slack (MET)


Startpoint: inputs[0] (input port clocked by clk)
Endpoint: outputs[2] (output port clocked by clk)
Path Group: clk
Path Type: max

Fanout         Cap        Slew       Delay        Time   Description
---------------------------------------------------------------------------------------------
                      0.000000    0.000000    0.000000   clock clk (rise edge)
                                  0.000000    0.000000   clock network delay (ideal)
                                  5.000000    5.000000 ^ input external delay
     1    0.004994    0.029269    0.017871    5.017871 ^ inputs[0] (in)
                                                         inputs[0] (net)
                      0.029270    0.000000    5.017871 ^ input1/A (sky130_fd_sc_hd__buf_4)
     6    0.061811    0.173727    0.200671    5.218543 ^ input1/X (sky130_fd_sc_hd__buf_4)
                                                         net1 (net)
                      0.173790    0.002751    5.221294 ^ _080_/A (sky130_fd_sc_hd__xor2_1)
     2    0.007661    0.196704    0.222363    5.443656 ^ _080_/X (sky130_fd_sc_hd__xor2_1)
                                                         net55 (net)
                      0.196704    0.000169    5.443825 ^ output55/A (sky130_fd_sc_hd__buf_2)
     1    0.034199    0.170375    0.246476    5.690301 ^ output55/X (sky130_fd_sc_hd__buf_2)
                                                         outputs[2] (net)
                      0.170375    0.000665    5.690967 ^ outputs[2] (out)
                                              5.690967   data arrival time

                      0.000000   25.000000   25.000000   clock clk (rise edge)
                                  0.000000   25.000000   clock network delay (ideal)
                                 -0.250000   24.750000   clock uncertainty
                                  0.000000   24.750000   clock reconvergence pessimism
                                 -5.000000   19.750000   output external delay
                                             19.750000   data required time
---------------------------------------------------------------------------------------------
                                             19.750000   data required time
                                             -5.690967   data arrival time
---------------------------------------------------------------------------------------------
                                             14.059033   slack (MET)


Startpoint: inputs[0] (input port clocked by clk)
Endpoint: outputs[1] (output port clocked by clk)
Path Group: clk
Path Type: max

Fanout         Cap        Slew       Delay        Time   Description
---------------------------------------------------------------------------------------------
                      0.000000    0.000000    0.000000   clock clk (rise edge)
                                  0.000000    0.000000   clock network delay (ideal)
                                  5.000000    5.000000 ^ input external delay
     1    0.004994    0.029269    0.017871    5.017871 ^ inputs[0] (in)
                                                         inputs[0] (net)
                      0.029270    0.000000    5.017871 ^ input1/A (sky130_fd_sc_hd__buf_4)
     6    0.061811    0.173727    0.200671    5.218543 ^ input1/X (sky130_fd_sc_hd__buf_4)
                                                         net1 (net)
                      0.173731    0.000758    5.219301 ^ _128_/A (sky130_fd_sc_hd__xor2_1)
     1    0.002885    0.113105    0.156614    5.375915 ^ _128_/X (sky130_fd_sc_hd__xor2_1)
                                                         net44 (net)
                      0.113105    0.000088    5.376003 ^ output44/A (sky130_fd_sc_hd__buf_2)
     1    0.036467    0.180569    0.230231    5.606234 ^ output44/X (sky130_fd_sc_hd__buf_2)
                                                         outputs[1] (net)
                      0.180572    0.001028    5.607262 ^ outputs[1] (out)
                                              5.607262   data arrival time

                      0.000000   25.000000   25.000000   clock clk (rise edge)
                                  0.000000   25.000000   clock network delay (ideal)
                                 -0.250000   24.750000   clock uncertainty
                                  0.000000   24.750000   clock reconvergence pessimism
                                 -5.000000   19.750000   output external delay
                                             19.750000   data required time
---------------------------------------------------------------------------------------------
                                             19.750000   data required time
                                             -5.607262   data arrival time
---------------------------------------------------------------------------------------------
                                             14.142737   slack (MET)


Startpoint: inputs[0] (input port clocked by clk)
Endpoint: outputs[0] (output port clocked by clk)
Path Group: clk
Path Type: max

Fanout         Cap        Slew       Delay        Time   Description
---------------------------------------------------------------------------------------------
                      0.000000    0.000000    0.000000   clock clk (rise edge)
                                  0.000000    0.000000   clock network delay (ideal)
                                  5.000000    5.000000 ^ input external delay
     1    0.004994    0.029269    0.017871    5.017871 ^ inputs[0] (in)
                                                         inputs[0] (net)
                      0.029270    0.000000    5.017871 ^ input1/A (sky130_fd_sc_hd__buf_4)
     6    0.061811    0.173727    0.200671    5.218543 ^ input1/X (sky130_fd_sc_hd__buf_4)
                                                         net1 (net)
                      0.173789    0.002721    5.221263 ^ _129_/A (sky130_fd_sc_hd__clkbuf_1)
     1    0.002565    0.042973    0.106994    5.328258 ^ _129_/X (sky130_fd_sc_hd__clkbuf_1)
                                                         net33 (net)
                      0.042973    0.000075    5.328332 ^ output33/A (sky130_fd_sc_hd__buf_2)
     1    0.034824    0.172779    0.198905    5.527237 ^ output33/X (sky130_fd_sc_hd__buf_2)
                                                         outputs[0] (net)
                      0.172833    0.000852    5.528089 ^ outputs[0] (out)
                                              5.528089   data arrival time

                      0.000000   25.000000   25.000000   clock clk (rise edge)
                                  0.000000   25.000000   clock network delay (ideal)
                                 -0.250000   24.750000   clock uncertainty
                                  0.000000   24.750000   clock reconvergence pessimism
                                 -5.000000   19.750000   output external delay
                                             19.750000   data required time
---------------------------------------------------------------------------------------------
                                             19.750000   data required time
                                             -5.528089   data arrival time
---------------------------------------------------------------------------------------------
                                             14.221910   slack (MET)



