
===========================================================================
report_checks -unconstrained
===========================================================================
======================= min_tt_025C_1v80 Corner ===================================

Startpoint: inputs[0] (input port clocked by clk)
Endpoint: outputs[31] (output port clocked by clk)
Path Group: clk
Path Type: max

Fanout         Cap        Slew       Delay        Time   Description
---------------------------------------------------------------------------------------------
                      0.000000    0.000000    0.000000   clock clk (rise edge)
                                  0.000000    0.000000   clock network delay (ideal)
                                  5.000000    5.000000 ^ input external delay
     1    0.004826    0.028536    0.017292    5.017292 ^ inputs[0] (in)
                                                         inputs[0] (net)
                      0.028537    0.000000    5.017292 ^ input1/A (sky130_fd_sc_hd__buf_4)
     6    0.061144    0.172369    0.199781    5.217073 ^ input1/X (sky130_fd_sc_hd__buf_4)
                                                         net1 (net)
                      0.172392    0.001640    5.218713 ^ _049_/B (sky130_fd_sc_hd__xor2_4)
     5    0.042412    0.329481    0.326591    5.545304 ^ _049_/X (sky130_fd_sc_hd__xor2_4)
                                                         net40 (net)
                      0.329486    0.001024    5.546328 ^ _055_/A (sky130_fd_sc_hd__xnor2_4)
     4    0.020327    0.101249    0.148050    5.694378 v _055_/Y (sky130_fd_sc_hd__xnor2_4)
                                                         net45 (net)
                      0.101249    0.000163    5.694541 v _057_/A (sky130_fd_sc_hd__xnor2_2)
     3    0.012298    0.202483    0.235844    5.930385 ^ _057_/Y (sky130_fd_sc_hd__xnor2_2)
                                                         net53 (net)
                      0.202483    0.000089    5.930474 ^ _068_/A (sky130_fd_sc_hd__xnor2_1)
     2    0.007389    0.211568    0.176368    6.106843 ^ _068_/Y (sky130_fd_sc_hd__xnor2_1)
                                                         net56 (net)
                      0.211568    0.000060    6.106903 ^ _096_/A (sky130_fd_sc_hd__xnor2_1)
     1    0.002301    0.108172    0.137693    6.244596 ^ _096_/Y (sky130_fd_sc_hd__xnor2_1)
                                                         net57 (net)
                      0.108172    0.000022    6.244618 ^ output57/A (sky130_fd_sc_hd__buf_2)
     1    0.033894    0.168670    0.220466    6.465085 ^ output57/X (sky130_fd_sc_hd__buf_2)
                                                         outputs[31] (net)
                      0.168670    0.000172    6.465257 ^ outputs[31] (out)
                                              6.465257   data arrival time

                      0.000000   25.000000   25.000000   clock clk (rise edge)
                                  0.000000   25.000000   clock network delay (ideal)
                                 -0.250000   24.750000   clock uncertainty
                                  0.000000   24.750000   clock reconvergence pessimism
                                 -5.000000   19.750000   output external delay
                                             19.750000   data required time
---------------------------------------------------------------------------------------------
                                             19.750000   data required time
                                             -6.465257   data arrival time
---------------------------------------------------------------------------------------------
                                             13.284742   slack (MET)




===========================================================================
report_checks --slack_max -0.01
============================================================================
======================= min_tt_025C_1v80 Corner ===================================

No paths found.


===========================================================================
 report_check_types -max_slew -max_cap -max_fanout -violators
============================================================================
======================= min_tt_025C_1v80 Corner ===================================



===========================================================================
report_parasitic_annotation -report_unannotated
============================================================================
Found 0 unannotated drivers.
Found 0 partially unannotated drivers.

===========================================================================
max slew violation count 0
max fanout violation count 0
max cap violation count 0
============================================================================

===========================================================================
check_setup -verbose -unconstrained_endpoints -multiple_clock -no_clock -no_input_delay -loops -generated_clocks
===========================================================================
