
===========================================================================
report_checks -path_delay min (Hold)
============================================================================
======================= min_tt_025C_1v80 Corner ===================================

Startpoint: inputs[0] (input port clocked by clk)
Endpoint: outputs[0] (output port clocked by clk)
Path Group: clk
Path Type: min

Fanout         Cap        Slew       Delay        Time   Description
---------------------------------------------------------------------------------------------
                      0.000000    0.000000    0.000000   clock clk (rise edge)
                                  0.000000    0.000000   clock network delay (ideal)
                                  5.000000    5.000000 v input external delay
     1    0.004578    0.012718    0.007422    5.007421 v inputs[0] (in)
                                                         inputs[0] (net)
                      0.012719    0.000000    5.007421 v input1/A (sky130_fd_sc_hd__buf_4)
     6    0.056664    0.081079    0.178060    5.185482 v input1/X (sky130_fd_sc_hd__buf_4)
                                                         net1 (net)
                      0.081111    0.001516    5.186997 v _129_/A (sky130_fd_sc_hd__clkbuf_1)
     1    0.002330    0.024470    0.100666    5.287664 v _129_/X (sky130_fd_sc_hd__clkbuf_1)
                                                         net33 (net)
                      0.024470    0.000024    5.287688 v output33/A (sky130_fd_sc_hd__buf_2)
     1    0.034701    0.090456    0.172306    5.459993 v output33/X (sky130_fd_sc_hd__buf_2)
                                                         outputs[0] (net)
                      0.090457    0.000358    5.460352 v outputs[0] (out)
                                              5.460352   data arrival time

                      0.000000    0.000000    0.000000   clock clk (rise edge)
                                  0.000000    0.000000   clock network delay (ideal)
                                  0.250000    0.250000   clock uncertainty
                                  0.000000    0.250000   clock reconvergence pessimism
                                 -5.000000   -4.750000   output external delay
                                             -4.750000   data required time
---------------------------------------------------------------------------------------------
                                             -4.750000   data required time
                                             -5.460352   data arrival time
---------------------------------------------------------------------------------------------
                                             10.210352   slack (MET)


Startpoint: inputs[1] (input port clocked by clk)
Endpoint: outputs[1] (output port clocked by clk)
Path Group: clk
Path Type: min

Fanout         Cap        Slew       Delay        Time   Description
---------------------------------------------------------------------------------------------
                      0.000000    0.000000    0.000000   clock clk (rise edge)
                                  0.000000    0.000000   clock network delay (ideal)
                                  5.000000    5.000000 ^ input external delay
     1    0.003112    0.021076    0.011392    5.011392 ^ inputs[1] (in)
                                                         inputs[1] (net)
                      0.021076    0.000000    5.011392 ^ input12/A (sky130_fd_sc_hd__clkbuf_4)
     5    0.043228    0.137251    0.194727    5.206119 ^ input12/X (sky130_fd_sc_hd__clkbuf_4)
                                                         net12 (net)
                      0.137251    0.000408    5.206527 ^ _128_/B (sky130_fd_sc_hd__xor2_1)
     1    0.002618    0.035544    0.080355    5.286882 v _128_/X (sky130_fd_sc_hd__xor2_1)
                                                         net44 (net)
                      0.035544    0.000031    5.286913 v output44/A (sky130_fd_sc_hd__buf_2)
     1    0.036213    0.092524    0.179808    5.466721 v output44/X (sky130_fd_sc_hd__buf_2)
                                                         outputs[1] (net)
                      0.092526    0.000492    5.467213 v outputs[1] (out)
                                              5.467213   data arrival time

                      0.000000    0.000000    0.000000   clock clk (rise edge)
                                  0.000000    0.000000   clock network delay (ideal)
                                  0.250000    0.250000   clock uncertainty
                                  0.000000    0.250000   clock reconvergence pessimism
                                 -5.000000   -4.750000   output external delay
                                             -4.750000   data required time
---------------------------------------------------------------------------------------------
                                             -4.750000   data required time
                                             -5.467213   data arrival time
---------------------------------------------------------------------------------------------
                                             10.217213   slack (MET)


Startpoint: inputs[2] (input port clocked by clk)
Endpoint: outputs[2] (output port clocked by clk)
Path Group: clk
Path Type: min

Fanout         Cap        Slew       Delay        Time   Description
---------------------------------------------------------------------------------------------
                      0.000000    0.000000    0.000000   clock clk (rise edge)
                                  0.000000    0.000000   clock network delay (ideal)
                                  5.000000    5.000000 ^ input external delay
     1    0.002957    0.020408    0.010855    5.010855 ^ inputs[2] (in)
                                                         inputs[2] (net)
                      0.020408    0.000000    5.010855 ^ input23/A (sky130_fd_sc_hd__buf_2)
     4    0.029952    0.150008    0.174447    5.185303 ^ input23/X (sky130_fd_sc_hd__buf_2)
                                                         net23 (net)
                      0.150008    0.000317    5.185620 ^ _080_/B (sky130_fd_sc_hd__xor2_1)
     2    0.007054    0.053035    0.109078    5.294697 v _080_/X (sky130_fd_sc_hd__xor2_1)
                                                         net55 (net)
                      0.053035    0.000059    5.294756 v output55/A (sky130_fd_sc_hd__buf_2)
     1    0.034130    0.088954    0.183666    5.478421 v output55/X (sky130_fd_sc_hd__buf_2)
                                                         outputs[2] (net)
                      0.088954    0.000207    5.478628 v outputs[2] (out)
                                              5.478628   data arrival time

                      0.000000    0.000000    0.000000   clock clk (rise edge)
                                  0.000000    0.000000   clock network delay (ideal)
                                  0.250000    0.250000   clock uncertainty
                                  0.000000    0.250000   clock reconvergence pessimism
                                 -5.000000   -4.750000   output external delay
                                             -4.750000   data required time
---------------------------------------------------------------------------------------------
                                             -4.750000   data required time
                                             -5.478628   data arrival time
---------------------------------------------------------------------------------------------
                                             10.228628   slack (MET)


Startpoint: inputs[8] (input port clocked by clk)
Endpoint: outputs[8] (output port clocked by clk)
Path Group: clk
Path Type: min

Fanout         Cap        Slew       Delay        Time   Description
---------------------------------------------------------------------------------------------
                      0.000000    0.000000    0.000000   clock clk (rise edge)
                                  0.000000    0.000000   clock network delay (ideal)
                                  5.000000    5.000000 ^ input external delay
     1    0.003665    0.023481    0.013322    5.013322 ^ inputs[8] (in)
                                                         inputs[8] (net)
                      0.023481    0.000000    5.013322 ^ input31/A (sky130_fd_sc_hd__clkbuf_2)
     2    0.025234    0.141669    0.166619    5.179941 ^ input31/X (sky130_fd_sc_hd__clkbuf_2)
                                                         net31 (net)
                      0.141669    0.000184    5.180125 ^ _052_/B (sky130_fd_sc_hd__xor2_4)
     4    0.023396    0.056052    0.115563    5.295688 v _052_/X (sky130_fd_sc_hd__xor2_4)
                                                         net63 (net)
                      0.056055    0.000443    5.296131 v output63/A (sky130_fd_sc_hd__buf_2)
     1    0.034670    0.090216    0.185871    5.482002 v output63/X (sky130_fd_sc_hd__buf_2)
                                                         outputs[8] (net)
                      0.090217    0.000424    5.482426 v outputs[8] (out)
                                              5.482426   data arrival time

                      0.000000    0.000000    0.000000   clock clk (rise edge)
                                  0.000000    0.000000   clock network delay (ideal)
                                  0.250000    0.250000   clock uncertainty
                                  0.000000    0.250000   clock reconvergence pessimism
                                 -5.000000   -4.750000   output external delay
                                             -4.750000   data required time
---------------------------------------------------------------------------------------------
                                             -4.750000   data required time
                                             -5.482426   data arrival time
---------------------------------------------------------------------------------------------
                                             10.232427   slack (MET)


Startpoint: inputs[4] (input port clocked by clk)
Endpoint: outputs[4] (output port clocked by clk)
Path Group: clk
Path Type: min

Fanout         Cap        Slew       Delay        Time   Description
---------------------------------------------------------------------------------------------
                      0.000000    0.000000    0.000000   clock clk (rise edge)
                                  0.000000    0.000000   clock network delay (ideal)
                                  5.000000    5.000000 ^ input external delay
     1    0.003589    0.023151    0.013064    5.013064 ^ inputs[4] (in)
                                                         inputs[4] (net)
                      0.023151    0.000000    5.013064 ^ input27/A (sky130_fd_sc_hd__clkbuf_2)
     3    0.023885    0.134669    0.161601    5.174665 ^ input27/X (sky130_fd_sc_hd__clkbuf_2)
                                                         net27 (net)
                      0.134669    0.000234    5.174899 ^ _060_/B (sky130_fd_sc_hd__xor2_2)
     3    0.015281    0.059789    0.116428    5.291327 v _060_/X (sky130_fd_sc_hd__xor2_2)
                                                         net59 (net)
                      0.059789    0.000300    5.291627 v output59/A (sky130_fd_sc_hd__buf_2)
     1    0.038201    0.095205    0.193672    5.485299 v output59/X (sky130_fd_sc_hd__buf_2)
                                                         outputs[4] (net)
                      0.095210    0.000786    5.486085 v outputs[4] (out)
                                              5.486085   data arrival time

                      0.000000    0.000000    0.000000   clock clk (rise edge)
                                  0.000000    0.000000   clock network delay (ideal)
                                  0.250000    0.250000   clock uncertainty
                                  0.000000    0.250000   clock reconvergence pessimism
                                 -5.000000   -4.750000   output external delay
                                             -4.750000   data required time
---------------------------------------------------------------------------------------------
                                             -4.750000   data required time
                                             -5.486085   data arrival time
---------------------------------------------------------------------------------------------
                                             10.236086   slack (MET)


Startpoint: inputs[16] (input port clocked by clk)
Endpoint: outputs[16] (output port clocked by clk)
Path Group: clk
Path Type: min

Fanout         Cap        Slew       Delay        Time   Description
---------------------------------------------------------------------------------------------
                      0.000000    0.000000    0.000000   clock clk (rise edge)
                                  0.000000    0.000000   clock network delay (ideal)
                                  5.000000    5.000000 ^ input external delay
     1    0.003343    0.022080    0.012199    5.012199 ^ inputs[16] (in)
                                                         inputs[16] (net)
                      0.022080    0.000000    5.012199 ^ input8/A (sky130_fd_sc_hd__clkbuf_2)
     1    0.018408    0.106264    0.141443    5.153642 ^ input8/X (sky130_fd_sc_hd__clkbuf_2)
                                                         net8 (net)
                      0.106264    0.000170    5.153812 ^ _049_/A (sky130_fd_sc_hd__xor2_4)
     5    0.039386    0.074283    0.137673    5.291486 v _049_/X (sky130_fd_sc_hd__xor2_4)
                                                         net40 (net)
                      0.074293    0.000914    5.292400 v output40/A (sky130_fd_sc_hd__buf_2)
     1    0.034253    0.089304    0.193453    5.485853 v output40/X (sky130_fd_sc_hd__buf_2)
                                                         outputs[16] (net)
                      0.089305    0.000345    5.486198 v outputs[16] (out)
                                              5.486198   data arrival time

                      0.000000    0.000000    0.000000   clock clk (rise edge)
                                  0.000000    0.000000   clock network delay (ideal)
                                  0.250000    0.250000   clock uncertainty
                                  0.000000    0.250000   clock reconvergence pessimism
                                 -5.000000   -4.750000   output external delay
                                             -4.750000   data required time
---------------------------------------------------------------------------------------------
                                             -4.750000   data required time
                                             -5.486198   data arrival time
---------------------------------------------------------------------------------------------
                                             10.236198   slack (MET)


Startpoint: inputs[6] (input port clocked by clk)
Endpoint: outputs[6] (output port clocked by clk)
Path Group: clk
Path Type: min

Fanout         Cap        Slew       Delay        Time   Description
---------------------------------------------------------------------------------------------
                      0.000000    0.000000    0.000000   clock clk (rise edge)
                                  0.000000    0.000000   clock network delay (ideal)
                                  5.000000    5.000000 ^ input external delay
     1    0.003206    0.021485    0.011724    5.011724 ^ inputs[6] (in)
                                                         inputs[6] (net)
                      0.021485    0.000000    5.011724 ^ input29/A (sky130_fd_sc_hd__clkbuf_2)
     3    0.019515    0.112010    0.145211    5.156936 ^ input29/X (sky130_fd_sc_hd__clkbuf_2)
                                                         net29 (net)
                      0.112010    0.000175    5.157111 ^ _078_/B (sky130_fd_sc_hd__xor2_2)
     2    0.013338    0.055048    0.103742    5.260853 v _078_/X (sky130_fd_sc_hd__xor2_2)
                                                         _044_ (net)
                      0.055049    0.000401    5.261253 v _079_/B (sky130_fd_sc_hd__xor2_1)
     1    0.002285    0.034105    0.136309    5.397562 v _079_/X (sky130_fd_sc_hd__xor2_1)
                                                         net61 (net)
                      0.034105    0.000022    5.397584 v output61/A (sky130_fd_sc_hd__buf_2)
     1    0.034520    0.090023    0.176078    5.573662 v output61/X (sky130_fd_sc_hd__buf_2)
                                                         outputs[6] (net)
                      0.090024    0.000410    5.574072 v outputs[6] (out)
                                              5.574072   data arrival time

                      0.000000    0.000000    0.000000   clock clk (rise edge)
                                  0.000000    0.000000   clock network delay (ideal)
                                  0.250000    0.250000   clock uncertainty
                                  0.000000    0.250000   clock reconvergence pessimism
                                 -5.000000   -4.750000   output external delay
                                             -4.750000   data required time
---------------------------------------------------------------------------------------------
                                             -4.750000   data required time
                                             -5.574072   data arrival time
---------------------------------------------------------------------------------------------
                                             10.324073   slack (MET)


Startpoint: inputs[2] (input port clocked by clk)
Endpoint: outputs[3] (output port clocked by clk)
Path Group: clk
Path Type: min

Fanout         Cap        Slew       Delay        Time   Description
---------------------------------------------------------------------------------------------
                      0.000000    0.000000    0.000000   clock clk (rise edge)
                                  0.000000    0.000000   clock network delay (ideal)
                                  5.000000    5.000000 ^ input external delay
     1    0.002957    0.020408    0.010855    5.010855 ^ inputs[2] (in)
                                                         inputs[2] (net)
                      0.020408    0.000000    5.010855 ^ input23/A (sky130_fd_sc_hd__buf_2)
     4    0.029952    0.150008    0.174447    5.185303 ^ input23/X (sky130_fd_sc_hd__buf_2)
                                                         net23 (net)
                      0.150008    0.000317    5.185620 ^ _080_/B (sky130_fd_sc_hd__xor2_1)
     2    0.007054    0.053035    0.109078    5.294697 v _080_/X (sky130_fd_sc_hd__xor2_1)
                                                         net55 (net)
                      0.053035    0.000061    5.294759 v _127_/A (sky130_fd_sc_hd__xnor2_1)
     1    0.001809    0.031506    0.115941    5.410699 v _127_/Y (sky130_fd_sc_hd__xnor2_1)
                                                         net58 (net)
                      0.031506    0.000008    5.410707 v output58/A (sky130_fd_sc_hd__buf_2)
     1    0.035171    0.091458    0.176143    5.586850 v output58/X (sky130_fd_sc_hd__buf_2)
                                                         outputs[3] (net)
                      0.091459    0.000450    5.587300 v outputs[3] (out)
                                              5.587300   data arrival time

                      0.000000    0.000000    0.000000   clock clk (rise edge)
                                  0.000000    0.000000   clock network delay (ideal)
                                  0.250000    0.250000   clock uncertainty
                                  0.000000    0.250000   clock reconvergence pessimism
                                 -5.000000   -4.750000   output external delay
                                             -4.750000   data required time
---------------------------------------------------------------------------------------------
                                             -4.750000   data required time
                                             -5.587300   data arrival time
---------------------------------------------------------------------------------------------
                                             10.337300   slack (MET)


Startpoint: inputs[9] (input port clocked by clk)
Endpoint: outputs[9] (output port clocked by clk)
Path Group: clk
Path Type: min

Fanout         Cap        Slew       Delay        Time   Description
---------------------------------------------------------------------------------------------
                      0.000000    0.000000    0.000000   clock clk (rise edge)
                                  0.000000    0.000000   clock network delay (ideal)
                                  5.000000    5.000000 ^ input external delay
     1    0.004311    0.026289    0.015601    5.015601 ^ inputs[9] (in)
                                                         inputs[9] (net)
                      0.026289    0.000000    5.015601 ^ input32/A (sky130_fd_sc_hd__clkbuf_2)
     2    0.018414    0.106306    0.142969    5.158570 ^ input32/X (sky130_fd_sc_hd__clkbuf_2)
                                                         net32 (net)
                      0.106306    0.000127    5.158697 ^ _109_/B (sky130_fd_sc_hd__xor2_2)
     3    0.017010    0.064102    0.112777    5.271474 v _109_/X (sky130_fd_sc_hd__xor2_2)
                                                         _016_ (net)
                      0.064102    0.000195    5.271669 v _120_/B (sky130_fd_sc_hd__xor2_1)
     1    0.002467    0.034874    0.140949    5.412619 v _120_/X (sky130_fd_sc_hd__xor2_1)
                                                         net64 (net)
                      0.034874    0.000026    5.412645 v output64/A (sky130_fd_sc_hd__buf_2)
     1    0.034402    0.089751    0.176206    5.588851 v output64/X (sky130_fd_sc_hd__buf_2)
                                                         outputs[9] (net)
                      0.089752    0.000386    5.589237 v outputs[9] (out)
                                              5.589237   data arrival time

                      0.000000    0.000000    0.000000   clock clk (rise edge)
                                  0.000000    0.000000   clock network delay (ideal)
                                  0.250000    0.250000   clock uncertainty
                                  0.000000    0.250000   clock reconvergence pessimism
                                 -5.000000   -4.750000   output external delay
                                             -4.750000   data required time
---------------------------------------------------------------------------------------------
                                             -4.750000   data required time
                                             -5.589237   data arrival time
---------------------------------------------------------------------------------------------
                                             10.339237   slack (MET)


Startpoint: inputs[17] (input port clocked by clk)
Endpoint: outputs[17] (output port clocked by clk)
Path Group: clk
Path Type: min

Fanout         Cap        Slew       Delay        Time   Description
---------------------------------------------------------------------------------------------
                      0.000000    0.000000    0.000000   clock clk (rise edge)
                                  0.000000    0.000000   clock network delay (ideal)
                                  5.000000    5.000000 ^ input external delay
     1    0.004155    0.025613    0.015047    5.015047 ^ inputs[17] (in)
                                                         inputs[17] (net)
                      0.025613    0.000000    5.015047 ^ input9/A (sky130_fd_sc_hd__clkbuf_2)
     1    0.018936    0.109018    0.144567    5.159613 ^ input9/X (sky130_fd_sc_hd__clkbuf_2)
                                                         net9 (net)
                      0.109018    0.000213    5.159826 ^ _081_/A (sky130_fd_sc_hd__xor2_4)
     4    0.023075    0.055618    0.111211    5.271037 v _081_/X (sky130_fd_sc_hd__xor2_4)
                                                         _045_ (net)
                      0.055620    0.000465    5.271502 v _108_/B (sky130_fd_sc_hd__xor2_1)
     1    0.004301    0.042031    0.146584    5.418087 v _108_/X (sky130_fd_sc_hd__xor2_1)
                                                         net41 (net)
                      0.042031    0.000063    5.418149 v output41/A (sky130_fd_sc_hd__buf_2)
     1    0.033926    0.088585    0.178559    5.596709 v output41/X (sky130_fd_sc_hd__buf_2)
                                                         outputs[17] (net)
                      0.088585    0.000187    5.596895 v outputs[17] (out)
                                              5.596895   data arrival time

                      0.000000    0.000000    0.000000   clock clk (rise edge)
                                  0.000000    0.000000   clock network delay (ideal)
                                  0.250000    0.250000   clock uncertainty
                                  0.000000    0.250000   clock reconvergence pessimism
                                 -5.000000   -4.750000   output external delay
                                             -4.750000   data required time
---------------------------------------------------------------------------------------------
                                             -4.750000   data required time
                                             -5.596895   data arrival time
---------------------------------------------------------------------------------------------
                                             10.346895   slack (MET)


Startpoint: inputs[20] (input port clocked by clk)
Endpoint: outputs[20] (output port clocked by clk)
Path Group: clk
Path Type: min

Fanout         Cap        Slew       Delay        Time   Description
---------------------------------------------------------------------------------------------
                      0.000000    0.000000    0.000000   clock clk (rise edge)
                                  0.000000    0.000000   clock network delay (ideal)
                                  5.000000    5.000000 ^ input external delay
     1    0.003327    0.022014    0.012147    5.012147 ^ inputs[20] (in)
                                                         inputs[20] (net)
                      0.022014    0.000000    5.012147 ^ input13/A (sky130_fd_sc_hd__buf_1)
     1    0.009367    0.117457    0.124818    5.136966 ^ input13/X (sky130_fd_sc_hd__buf_1)
                                                         net13 (net)
                      0.117457    0.000084    5.137050 ^ _053_/A (sky130_fd_sc_hd__xnor2_2)
     1    0.019150    0.107609    0.176406    5.313455 ^ _053_/Y (sky130_fd_sc_hd__xnor2_2)
                                                         _029_ (net)
                      0.107609    0.000444    5.313899 ^ _055_/B (sky130_fd_sc_hd__xnor2_4)
     4    0.020327    0.066429    0.097549    5.411448 v _055_/Y (sky130_fd_sc_hd__xnor2_4)
                                                         net45 (net)
                      0.066429    0.000125    5.411572 v output45/A (sky130_fd_sc_hd__buf_2)
     1    0.034271    0.089336    0.189909    5.601482 v output45/X (sky130_fd_sc_hd__buf_2)
                                                         outputs[20] (net)
                      0.089336    0.000345    5.601827 v outputs[20] (out)
                                              5.601827   data arrival time

                      0.000000    0.000000    0.000000   clock clk (rise edge)
                                  0.000000    0.000000   clock network delay (ideal)
                                  0.250000    0.250000   clock uncertainty
                                  0.000000    0.250000   clock reconvergence pessimism
                                 -5.000000   -4.750000   output external delay
                                             -4.750000   data required time
---------------------------------------------------------------------------------------------
                                             -4.750000   data required time
                                             -5.601827   data arrival time
---------------------------------------------------------------------------------------------
                                             10.351828   slack (MET)


Startpoint: inputs[24] (input port clocked by clk)
Endpoint: outputs[24] (output port clocked by clk)
Path Group: clk
Path Type: min

Fanout         Cap        Slew       Delay        Time   Description
---------------------------------------------------------------------------------------------
                      0.000000    0.000000    0.000000   clock clk (rise edge)
                                  0.000000    0.000000   clock network delay (ideal)
                                  5.000000    5.000000 ^ input external delay
     1    0.003136    0.021182    0.011480    5.011480 ^ inputs[24] (in)
                                                         inputs[24] (net)
                      0.021182    0.000000    5.011480 ^ input17/A (sky130_fd_sc_hd__buf_1)
     1    0.009546    0.119489    0.125945    5.137424 ^ input17/X (sky130_fd_sc_hd__buf_1)
                                                         net17 (net)
                      0.119489    0.000081    5.137506 ^ _050_/A (sky130_fd_sc_hd__xor2_2)
     2    0.013785    0.056049    0.112081    5.249587 v _050_/X (sky130_fd_sc_hd__xor2_2)
                                                         _028_ (net)
                      0.056049    0.000170    5.249756 v _051_/B (sky130_fd_sc_hd__xor2_2)
     3    0.015510    0.060376    0.172718    5.422474 v _051_/X (sky130_fd_sc_hd__xor2_2)
                                                         net49 (net)
                      0.060378    0.000382    5.422856 v output49/A (sky130_fd_sc_hd__buf_2)
     1    0.033867    0.088377    0.186547    5.609403 v output49/X (sky130_fd_sc_hd__buf_2)
                                                         outputs[24] (net)
                      0.088377    0.000163    5.609567 v outputs[24] (out)
                                              5.609567   data arrival time

                      0.000000    0.000000    0.000000   clock clk (rise edge)
                                  0.000000    0.000000   clock network delay (ideal)
                                  0.250000    0.250000   clock uncertainty
                                  0.000000    0.250000   clock reconvergence pessimism
                                 -5.000000   -4.750000   output external delay
                                             -4.750000   data required time
---------------------------------------------------------------------------------------------
                                             -4.750000   data required time
                                             -5.609567   data arrival time
---------------------------------------------------------------------------------------------
                                             10.359567   slack (MET)


Startpoint: inputs[18] (input port clocked by clk)
Endpoint: outputs[18] (output port clocked by clk)
Path Group: clk
Path Type: min

Fanout         Cap        Slew       Delay        Time   Description
---------------------------------------------------------------------------------------------
                      0.000000    0.000000    0.000000   clock clk (rise edge)
                                  0.000000    0.000000   clock network delay (ideal)
                                  5.000000    5.000000 ^ input external delay
     1    0.002979    0.020500    0.010929    5.010929 ^ inputs[18] (in)
                                                         inputs[18] (net)
                      0.020500    0.000000    5.010929 ^ input10/A (sky130_fd_sc_hd__buf_1)
     1    0.009255    0.116181    0.123419    5.134347 ^ input10/X (sky130_fd_sc_hd__buf_1)
                                                         net10 (net)
                      0.116181    0.000081    5.134428 ^ _061_/A (sky130_fd_sc_hd__xnor2_2)
     3    0.020821    0.115335    0.181843    5.316271 ^ _061_/Y (sky130_fd_sc_hd__xnor2_2)
                                                         _033_ (net)
                      0.115335    0.000191    5.316462 ^ _072_/B (sky130_fd_sc_hd__xnor2_1)
     2    0.009560    0.081365    0.113172    5.429634 v _072_/Y (sky130_fd_sc_hd__xnor2_1)
                                                         net42 (net)
                      0.081365    0.000112    5.429746 v output42/A (sky130_fd_sc_hd__buf_2)
     1    0.034256    0.089318    0.196676    5.626422 v output42/X (sky130_fd_sc_hd__buf_2)
                                                         outputs[18] (net)
                      0.089319    0.000345    5.626767 v outputs[18] (out)
                                              5.626767   data arrival time

                      0.000000    0.000000    0.000000   clock clk (rise edge)
                                  0.000000    0.000000   clock network delay (ideal)
                                  0.250000    0.250000   clock uncertainty
                                  0.000000    0.250000   clock reconvergence pessimism
                                 -5.000000   -4.750000   output external delay
                                             -4.750000   data required time
---------------------------------------------------------------------------------------------
                                             -4.750000   data required time
                                             -5.626767   data arrival time
---------------------------------------------------------------------------------------------
                                             10.376767   slack (MET)


Startpoint: inputs[1] (input port clocked by clk)
Endpoint: outputs[5] (output port clocked by clk)
Path Group: clk
Path Type: min

Fanout         Cap        Slew       Delay        Time   Description
---------------------------------------------------------------------------------------------
                      0.000000    0.000000    0.000000   clock clk (rise edge)
                                  0.000000    0.000000   clock network delay (ideal)
                                  5.000000    5.000000 ^ input external delay
     1    0.003112    0.021076    0.011392    5.011392 ^ inputs[1] (in)
                                                         inputs[1] (net)
                      0.021076    0.000000    5.011392 ^ input12/A (sky130_fd_sc_hd__clkbuf_4)
     5    0.043228    0.137251    0.194727    5.206119 ^ input12/X (sky130_fd_sc_hd__clkbuf_4)
                                                         net12 (net)
                      0.137251    0.000228    5.206347 ^ _121_/A (sky130_fd_sc_hd__xnor2_1)
     1    0.005126    0.072652    0.147347    5.353695 ^ _121_/Y (sky130_fd_sc_hd__xnor2_1)
                                                         _024_ (net)
                      0.072652    0.000047    5.353742 ^ _122_/B (sky130_fd_sc_hd__xnor2_1)
     2    0.007538    0.066250    0.089345    5.443087 v _122_/Y (sky130_fd_sc_hd__xnor2_1)
                                                         net60 (net)
                      0.066250    0.000018    5.443105 v output60/A (sky130_fd_sc_hd__buf_2)
     1    0.033997    0.088675    0.189442    5.632546 v output60/X (sky130_fd_sc_hd__buf_2)
                                                         outputs[5] (net)
                      0.088675    0.000189    5.632735 v outputs[5] (out)
                                              5.632735   data arrival time

                      0.000000    0.000000    0.000000   clock clk (rise edge)
                                  0.000000    0.000000   clock network delay (ideal)
                                  0.250000    0.250000   clock uncertainty
                                  0.000000    0.250000   clock reconvergence pessimism
                                 -5.000000   -4.750000   output external delay
                                             -4.750000   data required time
---------------------------------------------------------------------------------------------
                                             -4.750000   data required time
                                             -5.632735   data arrival time
---------------------------------------------------------------------------------------------
                                             10.382735   slack (MET)


Startpoint: inputs[8] (input port clocked by clk)
Endpoint: outputs[12] (output port clocked by clk)
Path Group: clk
Path Type: min

Fanout         Cap        Slew       Delay        Time   Description
---------------------------------------------------------------------------------------------
                      0.000000    0.000000    0.000000   clock clk (rise edge)
                                  0.000000    0.000000   clock network delay (ideal)
                                  5.000000    5.000000 ^ input external delay
     1    0.003665    0.023481    0.013322    5.013322 ^ inputs[8] (in)
                                                         inputs[8] (net)
                      0.023481    0.000000    5.013322 ^ input31/A (sky130_fd_sc_hd__clkbuf_2)
     2    0.025234    0.141669    0.166619    5.179941 ^ input31/X (sky130_fd_sc_hd__clkbuf_2)
                                                         net31 (net)
                      0.141669    0.000184    5.180125 ^ _052_/B (sky130_fd_sc_hd__xor2_4)
     4    0.023396    0.056052    0.115563    5.295688 v _052_/X (sky130_fd_sc_hd__xor2_4)
                                                         net63 (net)
                      0.056052    0.000257    5.295944 v _059_/A (sky130_fd_sc_hd__xnor2_1)
     2    0.009458    0.080686    0.161191    5.457135 v _059_/Y (sky130_fd_sc_hd__xnor2_1)
                                                         net36 (net)
                      0.080686    0.000139    5.457274 v output36/A (sky130_fd_sc_hd__buf_2)
     1    0.034942    0.090843    0.197557    5.654831 v output36/X (sky130_fd_sc_hd__buf_2)
                                                         outputs[12] (net)
                      0.090844    0.000459    5.655290 v outputs[12] (out)
                                              5.655290   data arrival time

                      0.000000    0.000000    0.000000   clock clk (rise edge)
                                  0.000000    0.000000   clock network delay (ideal)
                                  0.250000    0.250000   clock uncertainty
                                  0.000000    0.250000   clock reconvergence pessimism
                                 -5.000000   -4.750000   output external delay
                                             -4.750000   data required time
---------------------------------------------------------------------------------------------
                                             -4.750000   data required time
                                             -5.655290   data arrival time
---------------------------------------------------------------------------------------------
                                             10.405290   slack (MET)


Startpoint: inputs[10] (input port clocked by clk)
Endpoint: outputs[10] (output port clocked by clk)
Path Group: clk
Path Type: min

Fanout         Cap        Slew       Delay        Time   Description
---------------------------------------------------------------------------------------------
                      0.000000    0.000000    0.000000   clock clk (rise edge)
                                  0.000000    0.000000   clock network delay (ideal)
                                  5.000000    5.000000 ^ input external delay
     1    0.003791    0.024029    0.013778    5.013778 ^ inputs[10] (in)
                                                         inputs[10] (net)
                      0.024029    0.000000    5.013778 ^ input2/A (sky130_fd_sc_hd__buf_1)
     2    0.011061    0.136682    0.138827    5.152606 ^ input2/X (sky130_fd_sc_hd__buf_1)
                                                         net2 (net)
                      0.136682    0.000088    5.152694 ^ _073_/B (sky130_fd_sc_hd__xnor2_1)
     1    0.011798    0.096686    0.131247    5.283940 v _073_/Y (sky130_fd_sc_hd__xnor2_1)
                                                         _041_ (net)
                      0.096686    0.000304    5.284244 v _074_/B (sky130_fd_sc_hd__xnor2_2)
     3    0.015181    0.080091    0.182385    5.466629 v _074_/Y (sky130_fd_sc_hd__xnor2_2)
                                                         net34 (net)
                      0.080091    0.000223    5.466852 v output34/A (sky130_fd_sc_hd__buf_2)
     1    0.035961    0.092706    0.198977    5.665828 v output34/X (sky130_fd_sc_hd__buf_2)
                                                         outputs[10] (net)
                      0.092711    0.000734    5.666563 v outputs[10] (out)
                                              5.666563   data arrival time

                      0.000000    0.000000    0.000000   clock clk (rise edge)
                                  0.000000    0.000000   clock network delay (ideal)
                                  0.250000    0.250000   clock uncertainty
                                  0.000000    0.250000   clock reconvergence pessimism
                                 -5.000000   -4.750000   output external delay
                                             -4.750000   data required time
---------------------------------------------------------------------------------------------
                                             -4.750000   data required time
                                             -5.666563   data arrival time
---------------------------------------------------------------------------------------------
                                             10.416562   slack (MET)


Startpoint: inputs[19] (input port clocked by clk)
Endpoint: outputs[19] (output port clocked by clk)
Path Group: clk
Path Type: min

Fanout         Cap        Slew       Delay        Time   Description
---------------------------------------------------------------------------------------------
                      0.000000    0.000000    0.000000   clock clk (rise edge)
                                  0.000000    0.000000   clock network delay (ideal)
                                  5.000000    5.000000 ^ input external delay
     1    0.002568    0.018742    0.009483    5.009483 ^ inputs[19] (in)
                                                         inputs[19] (net)
                      0.018742    0.000000    5.009483 ^ input11/A (sky130_fd_sc_hd__buf_1)
     1    0.009641    0.120548    0.125855    5.135338 ^ input11/X (sky130_fd_sc_hd__buf_1)
                                                         net11 (net)
                      0.120548    0.000072    5.135410 ^ _088_/A (sky130_fd_sc_hd__xnor2_2)
     3    0.014605    0.077785    0.116959    5.252369 v _088_/Y (sky130_fd_sc_hd__xnor2_2)
                                                         _003_ (net)
                      0.077785    0.000139    5.252508 v _106_/B (sky130_fd_sc_hd__xor2_1)
     1    0.005153    0.138027    0.167871    5.420379 ^ _106_/X (sky130_fd_sc_hd__xor2_1)
                                                         _015_ (net)
                      0.138027    0.000054    5.420433 ^ _107_/B (sky130_fd_sc_hd__xnor2_1)
     1    0.002783    0.036928    0.078314    5.498747 v _107_/Y (sky130_fd_sc_hd__xnor2_1)
                                                         net43 (net)
                      0.036928    0.000025    5.498772 v output43/A (sky130_fd_sc_hd__buf_2)
     1    0.033930    0.088628    0.176373    5.675146 v output43/X (sky130_fd_sc_hd__buf_2)
                                                         outputs[19] (net)
                      0.088628    0.000181    5.675326 v outputs[19] (out)
                                              5.675326   data arrival time

                      0.000000    0.000000    0.000000   clock clk (rise edge)
                                  0.000000    0.000000   clock network delay (ideal)
                                  0.250000    0.250000   clock uncertainty
                                  0.000000    0.250000   clock reconvergence pessimism
                                 -5.000000   -4.750000   output external delay
                                             -4.750000   data required time
---------------------------------------------------------------------------------------------
                                             -4.750000   data required time
                                             -5.675326   data arrival time
---------------------------------------------------------------------------------------------
                                             10.425326   slack (MET)


Startpoint: inputs[6] (input port clocked by clk)
Endpoint: outputs[7] (output port clocked by clk)
Path Group: clk
Path Type: min

Fanout         Cap        Slew       Delay        Time   Description
---------------------------------------------------------------------------------------------
                      0.000000    0.000000    0.000000   clock clk (rise edge)
                                  0.000000    0.000000   clock network delay (ideal)
                                  5.000000    5.000000 ^ input external delay
     1    0.003206    0.021485    0.011724    5.011724 ^ inputs[6] (in)
                                                         inputs[6] (net)
                      0.021485    0.000000    5.011724 ^ input29/A (sky130_fd_sc_hd__clkbuf_2)
     3    0.019515    0.112010    0.145211    5.156936 ^ input29/X (sky130_fd_sc_hd__clkbuf_2)
                                                         net29 (net)
                      0.112010    0.000175    5.157111 ^ _078_/B (sky130_fd_sc_hd__xor2_2)
     2    0.013338    0.055048    0.103742    5.260853 v _078_/X (sky130_fd_sc_hd__xor2_2)
                                                         _044_ (net)
                      0.055049    0.000381    5.261233 v _124_/A (sky130_fd_sc_hd__xnor2_1)
     1    0.004996    0.074325    0.181784    5.443017 ^ _124_/Y (sky130_fd_sc_hd__xnor2_1)
                                                         _026_ (net)
                      0.074325    0.000025    5.443042 ^ _125_/B (sky130_fd_sc_hd__xnor2_1)
     1    0.002608    0.033967    0.062172    5.505214 v _125_/Y (sky130_fd_sc_hd__xnor2_1)
                                                         net62 (net)
                      0.033967    0.000029    5.505243 v output62/A (sky130_fd_sc_hd__buf_2)
     1    0.034457    0.089882    0.175910    5.681153 v output62/X (sky130_fd_sc_hd__buf_2)
                                                         outputs[7] (net)
                      0.089883    0.000398    5.681551 v outputs[7] (out)
                                              5.681551   data arrival time

                      0.000000    0.000000    0.000000   clock clk (rise edge)
                                  0.000000    0.000000   clock network delay (ideal)
                                  0.250000    0.250000   clock uncertainty
                                  0.000000    0.250000   clock reconvergence pessimism
                                 -5.000000   -4.750000   output external delay
                                             -4.750000   data required time
---------------------------------------------------------------------------------------------
                                             -4.750000   data required time
                                             -5.681551   data arrival time
---------------------------------------------------------------------------------------------
                                             10.431551   slack (MET)


Startpoint: inputs[26] (input port clocked by clk)
Endpoint: outputs[26] (output port clocked by clk)
Path Group: clk
Path Type: min

Fanout         Cap        Slew       Delay        Time   Description
---------------------------------------------------------------------------------------------
                      0.000000    0.000000    0.000000   clock clk (rise edge)
                                  0.000000    0.000000   clock network delay (ideal)
                                  5.000000    5.000000 ^ input external delay
     1    0.003192    0.021425    0.011678    5.011678 ^ inputs[26] (in)
                                                         inputs[26] (net)
                      0.021425    0.000000    5.011678 ^ input19/A (sky130_fd_sc_hd__clkbuf_1)
     1    0.005004    0.070702    0.090058    5.101737 ^ input19/X (sky130_fd_sc_hd__clkbuf_1)
                                                         net19 (net)
                      0.070702    0.000026    5.101762 ^ _062_/A (sky130_fd_sc_hd__xnor2_1)
     1    0.008939    0.077083    0.105552    5.207314 v _062_/Y (sky130_fd_sc_hd__xnor2_1)
                                                         _034_ (net)
                      0.077083    0.000107    5.207422 v _063_/B (sky130_fd_sc_hd__xnor2_2)
     2    0.012815    0.078462    0.204550    5.411973 ^ _063_/Y (sky130_fd_sc_hd__xnor2_2)
                                                         _035_ (net)
                      0.078462    0.000264    5.412236 ^ _069_/B (sky130_fd_sc_hd__xnor2_1)
     2    0.007300    0.064891    0.089825    5.502061 v _069_/Y (sky130_fd_sc_hd__xnor2_1)
                                                         net51 (net)
                      0.064891    0.000084    5.502145 v output51/A (sky130_fd_sc_hd__buf_2)
     1    0.034051    0.088804    0.188898    5.691043 v output51/X (sky130_fd_sc_hd__buf_2)
                                                         outputs[26] (net)
                      0.088804    0.000221    5.691264 v outputs[26] (out)
                                              5.691264   data arrival time

                      0.000000    0.000000    0.000000   clock clk (rise edge)
                                  0.000000    0.000000   clock network delay (ideal)
                                  0.250000    0.250000   clock uncertainty
                                  0.000000    0.250000   clock reconvergence pessimism
                                 -5.000000   -4.750000   output external delay
                                             -4.750000   data required time
---------------------------------------------------------------------------------------------
                                             -4.750000   data required time
                                             -5.691264   data arrival time
---------------------------------------------------------------------------------------------
                                             10.441264   slack (MET)


Startpoint: inputs[11] (input port clocked by clk)
Endpoint: outputs[11] (output port clocked by clk)
Path Group: clk
Path Type: min

Fanout         Cap        Slew       Delay        Time   Description
---------------------------------------------------------------------------------------------
                      0.000000    0.000000    0.000000   clock clk (rise edge)
                                  0.000000    0.000000   clock network delay (ideal)
                                  5.000000    5.000000 ^ input external delay
     1    0.003244    0.021650    0.011861    5.011861 ^ inputs[11] (in)
                                                         inputs[11] (net)
                      0.021650    0.000000    5.011861 ^ input3/A (sky130_fd_sc_hd__buf_1)
     2    0.011407    0.140607    0.140679    5.152540 ^ input3/X (sky130_fd_sc_hd__buf_1)
                                                         net3 (net)
                      0.140607    0.000119    5.152660 ^ _112_/B (sky130_fd_sc_hd__xor2_1)
     2    0.011599    0.070778    0.129273    5.281933 v _112_/X (sky130_fd_sc_hd__xor2_1)
                                                         _019_ (net)
                      0.070778    0.000155    5.282089 v _118_/B (sky130_fd_sc_hd__xnor2_1)
     1    0.005095    0.073345    0.171142    5.453230 ^ _118_/Y (sky130_fd_sc_hd__xnor2_1)
                                                         _023_ (net)
                      0.073345    0.000050    5.453280 ^ _119_/B (sky130_fd_sc_hd__xnor2_1)
     1    0.002763    0.034817    0.062807    5.516087 v _119_/Y (sky130_fd_sc_hd__xnor2_1)
                                                         net35 (net)
                      0.034817    0.000030    5.516117 v output35/A (sky130_fd_sc_hd__buf_2)
     1    0.034504    0.089983    0.176355    5.692472 v output35/X (sky130_fd_sc_hd__buf_2)
                                                         outputs[11] (net)
                      0.089984    0.000410    5.692882 v outputs[11] (out)
                                              5.692882   data arrival time

                      0.000000    0.000000    0.000000   clock clk (rise edge)
                                  0.000000    0.000000   clock network delay (ideal)
                                  0.250000    0.250000   clock uncertainty
                                  0.000000    0.250000   clock reconvergence pessimism
                                 -5.000000   -4.750000   output external delay
                                             -4.750000   data required time
---------------------------------------------------------------------------------------------
                                             -4.750000   data required time
                                             -5.692882   data arrival time
---------------------------------------------------------------------------------------------
                                             10.442883   slack (MET)


Startpoint: inputs[14] (input port clocked by clk)
Endpoint: outputs[14] (output port clocked by clk)
Path Group: clk
Path Type: min

Fanout         Cap        Slew       Delay        Time   Description
---------------------------------------------------------------------------------------------
                      0.000000    0.000000    0.000000   clock clk (rise edge)
                                  0.000000    0.000000   clock network delay (ideal)
                                  5.000000    5.000000 ^ input external delay
     1    0.003073    0.020910    0.011262    5.011262 ^ inputs[14] (in)
                                                         inputs[14] (net)
                      0.020910    0.000000    5.011262 ^ input6/A (sky130_fd_sc_hd__buf_1)
     2    0.011067    0.136744    0.137754    5.149016 ^ input6/X (sky130_fd_sc_hd__buf_1)
                                                         net6 (net)
                      0.136744    0.000179    5.149195 ^ _075_/B (sky130_fd_sc_hd__xor2_1)
     1    0.007602    0.055095    0.108470    5.257665 v _075_/X (sky130_fd_sc_hd__xor2_1)
                                                         _042_ (net)
                      0.055095    0.000173    5.257838 v _076_/B (sky130_fd_sc_hd__xnor2_1)
     1    0.004724    0.068825    0.159195    5.417033 ^ _076_/Y (sky130_fd_sc_hd__xnor2_1)
                                                         _043_ (net)
                      0.068825    0.000041    5.417074 ^ _077_/B (sky130_fd_sc_hd__xor2_1)
     2    0.009687    0.063150    0.096538    5.513612 v _077_/X (sky130_fd_sc_hd__xor2_1)
                                                         net38 (net)
                      0.063150    0.000242    5.513854 v output38/A (sky130_fd_sc_hd__buf_2)
     1    0.034490    0.089830    0.188775    5.702629 v output38/X (sky130_fd_sc_hd__buf_2)
                                                         outputs[14] (net)
                      0.089831    0.000409    5.703039 v outputs[14] (out)
                                              5.703039   data arrival time

                      0.000000    0.000000    0.000000   clock clk (rise edge)
                                  0.000000    0.000000   clock network delay (ideal)
                                  0.250000    0.250000   clock uncertainty
                                  0.000000    0.250000   clock reconvergence pessimism
                                 -5.000000   -4.750000   output external delay
                                             -4.750000   data required time
---------------------------------------------------------------------------------------------
                                             -4.750000   data required time
                                             -5.703039   data arrival time
---------------------------------------------------------------------------------------------
                                             10.453039   slack (MET)


Startpoint: inputs[22] (input port clocked by clk)
Endpoint: outputs[22] (output port clocked by clk)
Path Group: clk
Path Type: min

Fanout         Cap        Slew       Delay        Time   Description
---------------------------------------------------------------------------------------------
                      0.000000    0.000000    0.000000   clock clk (rise edge)
                                  0.000000    0.000000   clock network delay (ideal)
                                  5.000000    5.000000 ^ input external delay
     1    0.003087    0.020967    0.011307    5.011308 ^ inputs[22] (in)
                                                         inputs[22] (net)
                      0.020967    0.000000    5.011308 ^ input15/A (sky130_fd_sc_hd__clkbuf_1)
     1    0.004877    0.067004    0.088870    5.100177 ^ input15/X (sky130_fd_sc_hd__clkbuf_1)
                                                         net15 (net)
                      0.067004    0.000045    5.100222 ^ _064_/A (sky130_fd_sc_hd__xor2_1)
     2    0.010842    0.067741    0.105128    5.205350 v _064_/X (sky130_fd_sc_hd__xor2_1)
                                                         _036_ (net)
                      0.067741    0.000062    5.205413 v _070_/B (sky130_fd_sc_hd__xnor2_1)
     2    0.010981    0.091053    0.172462    5.377874 v _070_/Y (sky130_fd_sc_hd__xnor2_1)
                                                         _040_ (net)
                      0.091053    0.000085    5.377960 v _071_/B (sky130_fd_sc_hd__xor2_1)
     1    0.002437    0.034756    0.151418    5.529377 v _071_/X (sky130_fd_sc_hd__xor2_1)
                                                         net47 (net)
                      0.034756    0.000025    5.529402 v output47/A (sky130_fd_sc_hd__buf_2)
     1    0.034329    0.089583    0.176043    5.705445 v output47/X (sky130_fd_sc_hd__buf_2)
                                                         outputs[22] (net)
                      0.089584    0.000357    5.705802 v outputs[22] (out)
                                              5.705802   data arrival time

                      0.000000    0.000000    0.000000   clock clk (rise edge)
                                  0.000000    0.000000   clock network delay (ideal)
                                  0.250000    0.250000   clock uncertainty
                                  0.000000    0.250000   clock reconvergence pessimism
                                 -5.000000   -4.750000   output external delay
                                             -4.750000   data required time
---------------------------------------------------------------------------------------------
                                             -4.750000   data required time
                                             -5.705802   data arrival time
---------------------------------------------------------------------------------------------
                                             10.455802   slack (MET)


Startpoint: inputs[13] (input port clocked by clk)
Endpoint: outputs[13] (output port clocked by clk)
Path Group: clk
Path Type: min

Fanout         Cap        Slew       Delay        Time   Description
---------------------------------------------------------------------------------------------
                      0.000000    0.000000    0.000000   clock clk (rise edge)
                                  0.000000    0.000000   clock network delay (ideal)
                                  5.000000    5.000000 v input external delay
     1    0.003127    0.009392    0.004976    5.004976 v inputs[13] (in)
                                                         inputs[13] (net)
                      0.009392    0.000000    5.004976 v input5/A (sky130_fd_sc_hd__buf_1)
     2    0.010761    0.068652    0.108408    5.113385 v input5/X (sky130_fd_sc_hd__buf_1)
                                                         net5 (net)
                      0.068652    0.000167    5.113552 v _110_/B (sky130_fd_sc_hd__xor2_1)
     1    0.005117    0.137380    0.163903    5.277454 ^ _110_/X (sky130_fd_sc_hd__xor2_1)
                                                         _017_ (net)
                      0.137380    0.000051    5.277505 ^ _111_/B (sky130_fd_sc_hd__xnor2_1)
     2    0.010361    0.086816    0.123572    5.401077 v _111_/Y (sky130_fd_sc_hd__xnor2_1)
                                                         _018_ (net)
                      0.086816    0.000076    5.401153 v _117_/B (sky130_fd_sc_hd__xnor2_1)
     1    0.002865    0.037428    0.135638    5.536791 v _117_/Y (sky130_fd_sc_hd__xnor2_1)
                                                         net37 (net)
                      0.037428    0.000032    5.536822 v output37/A (sky130_fd_sc_hd__buf_2)
     1    0.034498    0.089950    0.177467    5.714290 v output37/X (sky130_fd_sc_hd__buf_2)
                                                         outputs[13] (net)
                      0.089951    0.000410    5.714700 v outputs[13] (out)
                                              5.714700   data arrival time

                      0.000000    0.000000    0.000000   clock clk (rise edge)
                                  0.000000    0.000000   clock network delay (ideal)
                                  0.250000    0.250000   clock uncertainty
                                  0.000000    0.250000   clock reconvergence pessimism
                                 -5.000000   -4.750000   output external delay
                                             -4.750000   data required time
---------------------------------------------------------------------------------------------
                                             -4.750000   data required time
                                             -5.714700   data arrival time
---------------------------------------------------------------------------------------------
                                             10.464700   slack (MET)


Startpoint: inputs[25] (input port clocked by clk)
Endpoint: outputs[25] (output port clocked by clk)
Path Group: clk
Path Type: min

Fanout         Cap        Slew       Delay        Time   Description
---------------------------------------------------------------------------------------------
                      0.000000    0.000000    0.000000   clock clk (rise edge)
                                  0.000000    0.000000   clock network delay (ideal)
                                  5.000000    5.000000 ^ input external delay
     1    0.002821    0.019823    0.010373    5.010374 ^ inputs[25] (in)
                                                         inputs[25] (net)
                      0.019823    0.000000    5.010374 ^ input18/A (sky130_fd_sc_hd__buf_1)
     1    0.009388    0.117695    0.124232    5.134606 ^ input18/X (sky130_fd_sc_hd__buf_1)
                                                         net18 (net)
                      0.117695    0.000089    5.134695 ^ _084_/A (sky130_fd_sc_hd__xnor2_2)
     2    0.012944    0.079072    0.154916    5.289611 ^ _084_/Y (sky130_fd_sc_hd__xnor2_2)
                                                         _048_ (net)
                      0.079072    0.000314    5.289924 ^ _098_/B (sky130_fd_sc_hd__xnor2_1)
     2    0.010415    0.127578    0.172566    5.462490 ^ _098_/Y (sky130_fd_sc_hd__xnor2_1)
                                                         _011_ (net)
                      0.127578    0.000119    5.462609 ^ _101_/B (sky130_fd_sc_hd__xor2_1)
     1    0.002479    0.034929    0.077716    5.540325 v _101_/X (sky130_fd_sc_hd__xor2_1)
                                                         net50 (net)
                      0.034929    0.000028    5.540353 v output50/A (sky130_fd_sc_hd__buf_2)
     1    0.033925    0.088638    0.175490    5.715843 v output50/X (sky130_fd_sc_hd__buf_2)
                                                         outputs[25] (net)
                      0.088638    0.000195    5.716038 v outputs[25] (out)
                                              5.716038   data arrival time

                      0.000000    0.000000    0.000000   clock clk (rise edge)
                                  0.000000    0.000000   clock network delay (ideal)
                                  0.250000    0.250000   clock uncertainty
                                  0.000000    0.250000   clock reconvergence pessimism
                                 -5.000000   -4.750000   output external delay
                                             -4.750000   data required time
---------------------------------------------------------------------------------------------
                                             -4.750000   data required time
                                             -5.716038   data arrival time
---------------------------------------------------------------------------------------------
                                             10.466038   slack (MET)


Startpoint: inputs[28] (input port clocked by clk)
Endpoint: outputs[28] (output port clocked by clk)
Path Group: clk
Path Type: min

Fanout         Cap        Slew       Delay        Time   Description
---------------------------------------------------------------------------------------------
                      0.000000    0.000000    0.000000   clock clk (rise edge)
                                  0.000000    0.000000   clock network delay (ideal)
                                  5.000000    5.000000 ^ input external delay
     1    0.004756    0.028229    0.017059    5.017059 ^ inputs[28] (in)
                                                         inputs[28] (net)
                      0.028229    0.000000    5.017059 ^ input21/A (sky130_fd_sc_hd__clkbuf_1)
     1    0.006017    0.079777    0.100430    5.117489 ^ input21/X (sky130_fd_sc_hd__clkbuf_1)
                                                         net21 (net)
                      0.079777    0.000088    5.117577 ^ _054_/A (sky130_fd_sc_hd__xor2_1)
     1    0.005826    0.048372    0.084261    5.201838 v _054_/X (sky130_fd_sc_hd__xor2_1)
                                                         _030_ (net)
                      0.048372    0.000076    5.201915 v _056_/B (sky130_fd_sc_hd__xnor2_1)
     1    0.011492    0.094587    0.166758    5.368673 v _056_/Y (sky130_fd_sc_hd__xnor2_1)
                                                         _031_ (net)
                      0.094587    0.000306    5.368979 v _057_/B (sky130_fd_sc_hd__xnor2_2)
     3    0.011466    0.065426    0.169740    5.538719 v _057_/Y (sky130_fd_sc_hd__xnor2_2)
                                                         net53 (net)
                      0.065426    0.000069    5.538788 v output53/A (sky130_fd_sc_hd__buf_2)
     1    0.033870    0.088389    0.188850    5.727638 v output53/X (sky130_fd_sc_hd__buf_2)
                                                         outputs[28] (net)
                      0.088389    0.000163    5.727801 v outputs[28] (out)
                                              5.727801   data arrival time

                      0.000000    0.000000    0.000000   clock clk (rise edge)
                                  0.000000    0.000000   clock network delay (ideal)
                                  0.250000    0.250000   clock uncertainty
                                  0.000000    0.250000   clock reconvergence pessimism
                                 -5.000000   -4.750000   output external delay
                                             -4.750000   data required time
---------------------------------------------------------------------------------------------
                                             -4.750000   data required time
                                             -5.727801   data arrival time
---------------------------------------------------------------------------------------------
                                             10.477802   slack (MET)


Startpoint: inputs[21] (input port clocked by clk)
Endpoint: outputs[21] (output port clocked by clk)
Path Group: clk
Path Type: min

Fanout         Cap        Slew       Delay        Time   Description
---------------------------------------------------------------------------------------------
                      0.000000    0.000000    0.000000   clock clk (rise edge)
                                  0.000000    0.000000   clock network delay (ideal)
                                  5.000000    5.000000 ^ input external delay
     1    0.003201    0.021463    0.011704    5.011704 ^ inputs[21] (in)
                                                         inputs[21] (net)
                      0.021463    0.000000    5.011704 ^ input14/A (sky130_fd_sc_hd__clkbuf_1)
     1    0.008155    0.103765    0.115015    5.126719 ^ input14/X (sky130_fd_sc_hd__clkbuf_1)
                                                         net14 (net)
                      0.103765    0.000174    5.126893 ^ _082_/A (sky130_fd_sc_hd__xor2_1)
     1    0.006350    0.050386    0.094198    5.221092 v _082_/X (sky130_fd_sc_hd__xor2_1)
                                                         _046_ (net)
                      0.050386    0.000108    5.221200 v _083_/B (sky130_fd_sc_hd__xnor2_1)
     2    0.011164    0.092323    0.165853    5.387053 v _083_/Y (sky130_fd_sc_hd__xnor2_1)
                                                         _047_ (net)
                      0.092323    0.000215    5.387268 v _102_/B (sky130_fd_sc_hd__xnor2_1)
     2    0.007857    0.069824    0.166251    5.553518 v _102_/Y (sky130_fd_sc_hd__xnor2_1)
                                                         net46 (net)
                      0.069824    0.000103    5.553621 v output46/A (sky130_fd_sc_hd__buf_2)
     1    0.034256    0.089306    0.191426    5.745047 v output46/X (sky130_fd_sc_hd__buf_2)
                                                         outputs[21] (net)
                      0.089307    0.000345    5.745392 v outputs[21] (out)
                                              5.745392   data arrival time

                      0.000000    0.000000    0.000000   clock clk (rise edge)
                                  0.000000    0.000000   clock network delay (ideal)
                                  0.250000    0.250000   clock uncertainty
                                  0.000000    0.250000   clock reconvergence pessimism
                                 -5.000000   -4.750000   output external delay
                                             -4.750000   data required time
---------------------------------------------------------------------------------------------
                                             -4.750000   data required time
                                             -5.745392   data arrival time
---------------------------------------------------------------------------------------------
                                             10.495392   slack (MET)


Startpoint: inputs[30] (input port clocked by clk)
Endpoint: outputs[30] (output port clocked by clk)
Path Group: clk
Path Type: min

Fanout         Cap        Slew       Delay        Time   Description
---------------------------------------------------------------------------------------------
                      0.000000    0.000000    0.000000   clock clk (rise edge)
                                  0.000000    0.000000   clock network delay (ideal)
                                  5.000000    5.000000 ^ input external delay
     1    0.003074    0.020914    0.011265    5.011265 ^ inputs[30] (in)
                                                         inputs[30] (net)
                      0.020914    0.000000    5.011265 ^ input24/A (sky130_fd_sc_hd__clkbuf_1)
     1    0.004856    0.066768    0.088686    5.099951 ^ input24/X (sky130_fd_sc_hd__clkbuf_1)
                                                         net24 (net)
                      0.066768    0.000044    5.099994 ^ _065_/A (sky130_fd_sc_hd__xor2_1)
     1    0.005771    0.048154    0.080090    5.180084 v _065_/X (sky130_fd_sc_hd__xor2_1)
                                                         _037_ (net)
                      0.048154    0.000080    5.180164 v _066_/B (sky130_fd_sc_hd__xnor2_1)
     1    0.006266    0.059169    0.138317    5.318481 v _066_/Y (sky130_fd_sc_hd__xnor2_1)
                                                         _038_ (net)
                      0.059169    0.000096    5.318577 v _067_/B (sky130_fd_sc_hd__xnor2_1)
     1    0.004817    0.071676    0.162247    5.480824 ^ _067_/Y (sky130_fd_sc_hd__xnor2_1)
                                                         _039_ (net)
                      0.071676    0.000020    5.480845 ^ _068_/B (sky130_fd_sc_hd__xnor2_1)
     2    0.006891    0.061768    0.085599    5.566444 v _068_/Y (sky130_fd_sc_hd__xnor2_1)
                                                         net56 (net)
                      0.061768    0.000070    5.566514 v output56/A (sky130_fd_sc_hd__buf_2)
     1    0.034005    0.088692    0.187411    5.753924 v output56/X (sky130_fd_sc_hd__buf_2)
                                                         outputs[30] (net)
                      0.088692    0.000199    5.754123 v outputs[30] (out)
                                              5.754123   data arrival time

                      0.000000    0.000000    0.000000   clock clk (rise edge)
                                  0.000000    0.000000   clock network delay (ideal)
                                  0.250000    0.250000   clock uncertainty
                                  0.000000    0.250000   clock reconvergence pessimism
                                 -5.000000   -4.750000   output external delay
                                             -4.750000   data required time
---------------------------------------------------------------------------------------------
                                             -4.750000   data required time
                                             -5.754123   data arrival time
---------------------------------------------------------------------------------------------
                                             10.504123   slack (MET)


Startpoint: inputs[15] (input port clocked by clk)
Endpoint: outputs[15] (output port clocked by clk)
Path Group: clk
Path Type: min

Fanout         Cap        Slew       Delay        Time   Description
---------------------------------------------------------------------------------------------
                      0.000000    0.000000    0.000000   clock clk (rise edge)
                                  0.000000    0.000000   clock network delay (ideal)
                                  5.000000    5.000000 ^ input external delay
     1    0.003143    0.021212    0.011506    5.011507 ^ inputs[15] (in)
                                                         inputs[15] (net)
                      0.021212    0.000000    5.011507 ^ input7/A (sky130_fd_sc_hd__buf_1)
     2    0.009768    0.122000    0.127693    5.139200 ^ input7/X (sky130_fd_sc_hd__buf_1)
                                                         net7 (net)
                      0.122000    0.000079    5.139278 ^ _113_/B (sky130_fd_sc_hd__xor2_1)
     1    0.005168    0.045612    0.092216    5.231495 v _113_/X (sky130_fd_sc_hd__xor2_1)
                                                         _020_ (net)
                      0.045612    0.000058    5.231553 v _114_/B (sky130_fd_sc_hd__xnor2_1)
     1    0.005805    0.056140    0.134753    5.366306 v _114_/Y (sky130_fd_sc_hd__xnor2_1)
                                                         _021_ (net)
                      0.056140    0.000080    5.366386 v _115_/B (sky130_fd_sc_hd__xnor2_1)
     1    0.004861    0.072311    0.161720    5.528106 ^ _115_/Y (sky130_fd_sc_hd__xnor2_1)
                                                         _022_ (net)
                      0.072311    0.000021    5.528127 ^ _116_/B (sky130_fd_sc_hd__xnor2_1)
     1    0.002167    0.030953    0.058874    5.587001 v _116_/Y (sky130_fd_sc_hd__xnor2_1)
                                                         net39 (net)
                      0.030953    0.000021    5.587022 v output39/A (sky130_fd_sc_hd__buf_2)
     1    0.034499    0.090000    0.174680    5.761703 v output39/X (sky130_fd_sc_hd__buf_2)
                                                         outputs[15] (net)
                      0.090001    0.000410    5.762112 v outputs[15] (out)
                                              5.762112   data arrival time

                      0.000000    0.000000    0.000000   clock clk (rise edge)
                                  0.000000    0.000000   clock network delay (ideal)
                                  0.250000    0.250000   clock uncertainty
                                  0.000000    0.250000   clock reconvergence pessimism
                                 -5.000000   -4.750000   output external delay
                                             -4.750000   data required time
---------------------------------------------------------------------------------------------
                                             -4.750000   data required time
                                             -5.762112   data arrival time
---------------------------------------------------------------------------------------------
                                             10.512113   slack (MET)


Startpoint: inputs[23] (input port clocked by clk)
Endpoint: outputs[23] (output port clocked by clk)
Path Group: clk
Path Type: min

Fanout         Cap        Slew       Delay        Time   Description
---------------------------------------------------------------------------------------------
                      0.000000    0.000000    0.000000   clock clk (rise edge)
                                  0.000000    0.000000   clock network delay (ideal)
                                  5.000000    5.000000 ^ input external delay
     1    0.002725    0.019411    0.010035    5.010035 ^ inputs[23] (in)
                                                         inputs[23] (net)
                      0.019411    0.000000    5.010035 ^ input16/A (sky130_fd_sc_hd__clkbuf_1)
     1    0.005859    0.077998    0.096115    5.106150 ^ input16/X (sky130_fd_sc_hd__clkbuf_1)
                                                         net16 (net)
                      0.077998    0.000076    5.106226 ^ _091_/A (sky130_fd_sc_hd__xor2_1)
     2    0.010383    0.065890    0.106250    5.212476 v _091_/X (sky130_fd_sc_hd__xor2_1)
                                                         _006_ (net)
                      0.065890    0.000091    5.212567 v _103_/B (sky130_fd_sc_hd__xnor2_1)
     1    0.006830    0.062928    0.149005    5.361572 v _103_/Y (sky130_fd_sc_hd__xnor2_1)
                                                         _013_ (net)
                      0.062928    0.000145    5.361717 v _104_/B (sky130_fd_sc_hd__xnor2_1)
     1    0.005685    0.078123    0.177014    5.538731 ^ _104_/Y (sky130_fd_sc_hd__xnor2_1)
                                                         _014_ (net)
                      0.078123    0.000067    5.538798 ^ _105_/B (sky130_fd_sc_hd__xnor2_1)
     1    0.002481    0.033577    0.062356    5.601154 v _105_/Y (sky130_fd_sc_hd__xnor2_1)
                                                         net48 (net)
                      0.033577    0.000028    5.601182 v output48/A (sky130_fd_sc_hd__buf_2)
     1    0.034208    0.089289    0.175379    5.776560 v output48/X (sky130_fd_sc_hd__buf_2)
                                                         outputs[23] (net)
                      0.089289    0.000268    5.776828 v outputs[23] (out)
                                              5.776828   data arrival time

                      0.000000    0.000000    0.000000   clock clk (rise edge)
                                  0.000000    0.000000   clock network delay (ideal)
                                  0.250000    0.250000   clock uncertainty
                                  0.000000    0.250000   clock reconvergence pessimism
                                 -5.000000   -4.750000   output external delay
                                             -4.750000   data required time
---------------------------------------------------------------------------------------------
                                             -4.750000   data required time
                                             -5.776828   data arrival time
---------------------------------------------------------------------------------------------
                                             10.526828   slack (MET)


Startpoint: inputs[27] (input port clocked by clk)
Endpoint: outputs[27] (output port clocked by clk)
Path Group: clk
Path Type: min

Fanout         Cap        Slew       Delay        Time   Description
---------------------------------------------------------------------------------------------
                      0.000000    0.000000    0.000000   clock clk (rise edge)
                                  0.000000    0.000000   clock network delay (ideal)
                                  5.000000    5.000000 ^ input external delay
     1    0.002778    0.019636    0.010220    5.010220 ^ inputs[27] (in)
                                                         inputs[27] (net)
                      0.019636    0.000000    5.010220 ^ input20/A (sky130_fd_sc_hd__clkbuf_1)
     1    0.005350    0.072295    0.092158    5.102378 ^ input20/X (sky130_fd_sc_hd__clkbuf_1)
                                                         net20 (net)
                      0.072295    0.000061    5.102439 ^ _089_/A (sky130_fd_sc_hd__xnor2_1)
     1    0.005270    0.073711    0.132521    5.234960 ^ _089_/Y (sky130_fd_sc_hd__xnor2_1)
                                                         _004_ (net)
                      0.073711    0.000058    5.235018 ^ _090_/B (sky130_fd_sc_hd__xnor2_1)
     2    0.009436    0.079373    0.099806    5.334824 v _090_/Y (sky130_fd_sc_hd__xnor2_1)
                                                         _005_ (net)
                      0.079373    0.000056    5.334880 v _099_/A (sky130_fd_sc_hd__xor2_1)
     1    0.005440    0.143283    0.191662    5.526542 ^ _099_/X (sky130_fd_sc_hd__xor2_1)
                                                         _012_ (net)
                      0.143283    0.000060    5.526602 ^ _100_/B (sky130_fd_sc_hd__xnor2_1)
     1    0.002371    0.034326    0.076080    5.602682 v _100_/Y (sky130_fd_sc_hd__xnor2_1)
                                                         net52 (net)
                      0.034326    0.000026    5.602708 v output52/A (sky130_fd_sc_hd__buf_2)
     1    0.033928    0.088644    0.175250    5.777957 v output52/X (sky130_fd_sc_hd__buf_2)
                                                         outputs[27] (net)
                      0.088644    0.000181    5.778138 v outputs[27] (out)
                                              5.778138   data arrival time

                      0.000000    0.000000    0.000000   clock clk (rise edge)
                                  0.000000    0.000000   clock network delay (ideal)
                                  0.250000    0.250000   clock uncertainty
                                  0.000000    0.250000   clock reconvergence pessimism
                                 -5.000000   -4.750000   output external delay
                                             -4.750000   data required time
---------------------------------------------------------------------------------------------
                                             -4.750000   data required time
                                             -5.778138   data arrival time
---------------------------------------------------------------------------------------------
                                             10.528139   slack (MET)


Startpoint: inputs[29] (input port clocked by clk)
Endpoint: outputs[29] (output port clocked by clk)
Path Group: clk
Path Type: min

Fanout         Cap        Slew       Delay        Time   Description
---------------------------------------------------------------------------------------------
                      0.000000    0.000000    0.000000   clock clk (rise edge)
                                  0.000000    0.000000   clock network delay (ideal)
                                  5.000000    5.000000 ^ input external delay
     1    0.003298    0.021887    0.012051    5.012052 ^ inputs[29] (in)
                                                         inputs[29] (net)
                      0.021887    0.000000    5.012052 ^ input22/A (sky130_fd_sc_hd__clkbuf_1)
     1    0.004833    0.066510    0.088840    5.100891 ^ input22/X (sky130_fd_sc_hd__clkbuf_1)
                                                         net22 (net)
                      0.066510    0.000042    5.100933 ^ _085_/A (sky130_fd_sc_hd__xor2_1)
     1    0.006133    0.049680    0.081875    5.182808 v _085_/X (sky130_fd_sc_hd__xor2_1)
                                                         _000_ (net)
                      0.049680    0.000107    5.182915 v _086_/B (sky130_fd_sc_hd__xnor2_1)
     1    0.005718    0.078241    0.172409    5.355324 ^ _086_/Y (sky130_fd_sc_hd__xnor2_1)
                                                         _001_ (net)
                      0.078241    0.000076    5.355400 ^ _087_/B (sky130_fd_sc_hd__xnor2_1)
     2    0.011584    0.094416    0.112592    5.467992 v _087_/Y (sky130_fd_sc_hd__xnor2_1)
                                                         _002_ (net)
                      0.094416    0.000206    5.468198 v _097_/B (sky130_fd_sc_hd__xor2_1)
     1    0.002053    0.033136    0.150493    5.618691 v _097_/X (sky130_fd_sc_hd__xor2_1)
                                                         net54 (net)
                      0.033136    0.000018    5.618709 v output54/A (sky130_fd_sc_hd__buf_2)
     1    0.034108    0.089040    0.175066    5.793775 v output54/X (sky130_fd_sc_hd__buf_2)
                                                         outputs[29] (net)
                      0.089040    0.000189    5.793964 v outputs[29] (out)
                                              5.793964   data arrival time

                      0.000000    0.000000    0.000000   clock clk (rise edge)
                                  0.000000    0.000000   clock network delay (ideal)
                                  0.250000    0.250000   clock uncertainty
                                  0.000000    0.250000   clock reconvergence pessimism
                                 -5.000000   -4.750000   output external delay
                                             -4.750000   data required time
---------------------------------------------------------------------------------------------
                                             -4.750000   data required time
                                             -5.793964   data arrival time
---------------------------------------------------------------------------------------------
                                             10.543964   slack (MET)


Startpoint: inputs[31] (input port clocked by clk)
Endpoint: outputs[31] (output port clocked by clk)
Path Group: clk
Path Type: min

Fanout         Cap        Slew       Delay        Time   Description
---------------------------------------------------------------------------------------------
                      0.000000    0.000000    0.000000   clock clk (rise edge)
                                  0.000000    0.000000   clock network delay (ideal)
                                  5.000000    5.000000 ^ input external delay
     1    0.002918    0.020239    0.010713    5.010713 ^ inputs[31] (in)
                                                         inputs[31] (net)
                      0.020239    0.000000    5.010713 ^ input25/A (sky130_fd_sc_hd__clkbuf_1)
     1    0.005053    0.068965    0.090010    5.100723 ^ input25/X (sky130_fd_sc_hd__clkbuf_1)
                                                         net25 (net)
                      0.068965    0.000047    5.100770 ^ _092_/A (sky130_fd_sc_hd__xnor2_1)
     1    0.005495    0.054114    0.085823    5.186593 v _092_/Y (sky130_fd_sc_hd__xnor2_1)
                                                         _007_ (net)
                      0.054114    0.000064    5.186656 v _093_/B (sky130_fd_sc_hd__xnor2_1)
     1    0.005455    0.075713    0.169971    5.356628 ^ _093_/Y (sky130_fd_sc_hd__xnor2_1)
                                                         _008_ (net)
                      0.075713    0.000068    5.356696 ^ _094_/B (sky130_fd_sc_hd__xnor2_1)
     1    0.006082    0.056471    0.082477    5.439173 v _094_/Y (sky130_fd_sc_hd__xnor2_1)
                                                         _009_ (net)
                      0.056471    0.000098    5.439271 v _095_/B (sky130_fd_sc_hd__xnor2_1)
     1    0.005445    0.075661    0.170763    5.610034 ^ _095_/Y (sky130_fd_sc_hd__xnor2_1)
                                                         _010_ (net)
                      0.075661    0.000067    5.610101 ^ _096_/B (sky130_fd_sc_hd__xnor2_1)
     1    0.002141    0.031157    0.059547    5.669647 v _096_/Y (sky130_fd_sc_hd__xnor2_1)
                                                         net57 (net)
                      0.031157    0.000020    5.669667 v output57/A (sky130_fd_sc_hd__buf_2)
     1    0.033894    0.088588    0.173826    5.843493 v output57/X (sky130_fd_sc_hd__buf_2)
                                                         outputs[31] (net)
                      0.088588    0.000172    5.843666 v outputs[31] (out)
                                              5.843666   data arrival time

                      0.000000    0.000000    0.000000   clock clk (rise edge)
                                  0.000000    0.000000   clock network delay (ideal)
                                  0.250000    0.250000   clock uncertainty
                                  0.000000    0.250000   clock reconvergence pessimism
                                 -5.000000   -4.750000   output external delay
                                             -4.750000   data required time
---------------------------------------------------------------------------------------------
                                             -4.750000   data required time
                                             -5.843666   data arrival time
---------------------------------------------------------------------------------------------
                                             10.593666   slack (MET)



