Reading timing models for corner nom_tt_025C_1v80…
Reading timing library for the 'nom_tt_025C_1v80' corner at '/home/fjjf/.volare/volare/sky130/versions/0fe599b2afb6708d281543108caf8310912f54af/sky130A/libs.ref/sky130_fd_sc_hd/lib/sky130_fd_sc_hd__tt_025C_1v80.lib'…
Reading timing models for corner nom_ff_n40C_1v95…
Reading timing library for the 'nom_ff_n40C_1v95' corner at '/home/fjjf/.volare/volare/sky130/versions/0fe599b2afb6708d281543108caf8310912f54af/sky130A/libs.ref/sky130_fd_sc_hd/lib/sky130_fd_sc_hd__ff_n40C_1v95.lib'…
Reading timing models for corner nom_ss_100C_1v60…
Reading timing library for the 'nom_ss_100C_1v60' corner at '/home/fjjf/.volare/volare/sky130/versions/0fe599b2afb6708d281543108caf8310912f54af/sky130A/libs.ref/sky130_fd_sc_hd/lib/sky130_fd_sc_hd__ss_100C_1v60.lib'…
Reading OpenROAD database at '/home/fjjf/circuits/expmob1_n5/runs/RUN_2025-03-15_01-42-01/27-openroad-globalplacement/expmob1.odb'…
Reading design constraints file at '/nix/store/ss2cw3sxbrwwx9jl0rrppbw4kgcmgi2n-python3-3.11.9-env/lib/python3.11/site-packages/openlane/scripts/base.sdc'…
[WARNING STA-0366] port 'clk' not found.
[INFO] Using clock clk…
[INFO] Setting output delay to: 5
[INFO] Setting input delay to: 5
[WARNING STA-0366] port 'clk' not found.
[INFO] Setting load to: 0.033442
[INFO] Setting clock uncertainty to: 0.25
[INFO] Setting clock transition to: 0.1499999999999999944488848768742172978818416595458984375
[WARNING STA-0419] transition time can not be specified for virtual clocks.
[INFO] Setting timing derate to: 5%
[WARNING STA-0450] virtual clock clk can not be propagated.
[INFO] Setting RC values…
[INFO RSZ-0027] Inserted 32 input buffers.
[INFO RSZ-0028] Inserted 32 output buffers.
[INFO RSZ-0058] Using max wire length 6335um.
Iteration | Resized | Buffers | Nets repaired | Remaining
---------------------------------------------------------
        0 |       0 |       0 |             0 |       177
       10 |       9 |       0 |             0 |       167
       20 |      19 |       0 |             0 |       157
       30 |      29 |       0 |             0 |       147
       40 |      38 |       0 |             0 |       137
       50 |      48 |       0 |             0 |       127
       60 |      58 |       0 |             0 |       117
       70 |      67 |       0 |             0 |       107
       80 |      75 |       0 |             0 |        97
       90 |      85 |       0 |             0 |        87
      100 |      92 |       0 |             0 |        77
      110 |      99 |       0 |             0 |        67
      120 |     103 |       0 |             0 |        57
      130 |     112 |       0 |             0 |        47
      140 |     119 |       0 |             0 |        37
      150 |     122 |       0 |             0 |        27
      160 |     122 |       0 |             0 |        17
      170 |     122 |       0 |             0 |         7
    final |     122 |       0 |             0 |         0
---------------------------------------------------------
[INFO RSZ-0039] Resized 122 instances.
Placement Analysis
---------------------------------
total displacement        416.6 u
average displacement        2.0 u
max displacement           21.1 u
original HPWL            2196.0 u
legalized HPWL           2469.8 u
delta HPWL                   12 %

[INFO DPL-0020] Mirrored 37 instances
[INFO DPL-0021] HPWL before            2469.8 u
[INFO DPL-0022] HPWL after             2427.7 u
[INFO DPL-0023] HPWL delta               -1.7 %
[INFO] Setting RC values…
Setting global connections for newly added cells…
[INFO] Setting global connections...
Updating metrics…
Cell type report:                       Count       Area
  Fill cell                                36     135.13
  Tap cell                                 30      37.54
  Buffer                                    1       3.75
  Timing Repair Buffer                     64     315.30
  Multi-Input combinational cell           80     865.83
  Total                                   211    1357.55
Writing OpenROAD database to '/home/fjjf/circuits/expmob1_n5/runs/RUN_2025-03-15_01-42-01/31-openroad-repairdesignpostgpl/expmob1.odb'…
Writing netlist to '/home/fjjf/circuits/expmob1_n5/runs/RUN_2025-03-15_01-42-01/31-openroad-repairdesignpostgpl/expmob1.nl.v'…
Writing powered netlist to '/home/fjjf/circuits/expmob1_n5/runs/RUN_2025-03-15_01-42-01/31-openroad-repairdesignpostgpl/expmob1.pnl.v'…
Writing layout to '/home/fjjf/circuits/expmob1_n5/runs/RUN_2025-03-15_01-42-01/31-openroad-repairdesignpostgpl/expmob1.def'…
Writing timing constraints to '/home/fjjf/circuits/expmob1_n5/runs/RUN_2025-03-15_01-42-01/31-openroad-repairdesignpostgpl/expmob1.sdc'…
