Reading OpenROAD database at '/home/fjjf/circuits/expmob1_n5/runs/RUN_2025-03-15_01-42-01/24-openroad-ioplacement/expmob1.odb'…
Reading library file at '/home/fjjf/.volare/volare/sky130/versions/0fe599b2afb6708d281543108caf8310912f54af/sky130A/libs.ref/sky130_fd_sc_hd/lib/sky130_fd_sc_hd__tt_025C_1v80.lib'…
Reading design constraints file at '/nix/store/ss2cw3sxbrwwx9jl0rrppbw4kgcmgi2n-python3-3.11.9-env/lib/python3.11/site-packages/openlane/scripts/base.sdc'…
[WARNING STA-0366] port 'clk' not found.
[INFO] Using clock clk…
[INFO] Setting output delay to: 5
[INFO] Setting input delay to: 5
[WARNING STA-0366] port 'clk' not found.
[INFO] Setting load to: 0.033442
[INFO] Setting clock uncertainty to: 0.25
[INFO] Setting clock transition to: 0.1499999999999999944488848768742172978818416595458984375
[WARNING STA-0419] transition time can not be specified for virtual clocks.
[INFO] Setting timing derate to: 5%
[WARNING STA-0450] virtual clock clk can not be propagated.
[INFO] Setting RC values…
[INFO] Setting signal min routing layer to: met1 and clock min routing layer to met1. 
[INFO] Setting signal max routing layer to: met5 and clock max routing layer to met5. 
+ global_placement -density 0.6375379999999999 -timing_driven -routability_driven -pad_right 0 -pad_left 0 -init_wirelength_coef 0.25
[INFO GPL-0002] DBU: 1000
[INFO GPL-0003] SiteSize: (  0.460  2.720 ) um
[INFO GPL-0004] CoreBBox: (  5.520 10.880 ) ( 56.580 59.840 ) um
[INFO GPL-0006] NumInstances:               147
[INFO GPL-0007] NumPlaceInstances:           81
[INFO GPL-0008] NumFixedInstances:           66
[INFO GPL-0009] NumDummyInstances:            0
[INFO GPL-0010] NumNets:                    113
[INFO GPL-0011] NumPins:                    306
[INFO GPL-0012] DieBBox:  (  0.000  0.000 ) ( 62.150 72.870 ) um
[INFO GPL-0013] CoreBBox: (  5.520 10.880 ) ( 56.580 59.840 ) um
[INFO GPL-0016] CoreArea:              2499.898 um^2
[INFO GPL-0017] NonPlaceInstsArea:      172.666 um^2
[INFO GPL-0018] PlaceInstsArea:        1306.253 um^2
[INFO GPL-0019] Util:                    56.129 %
[INFO GPL-0020] StdInstsArea:          1306.253 um^2
[INFO GPL-0021] MacroInstsArea:           0.000 um^2
[InitialPlace]  Iter: 1 CG residual: 0.00000010 HPWL: 3353322
[InitialPlace]  Iter: 2 CG residual: 0.00000006 HPWL: 3581760
[InitialPlace]  Iter: 3 CG residual: 0.00000004 HPWL: 3431803
[InitialPlace]  Iter: 4 CG residual: 0.00000005 HPWL: 3301189
[InitialPlace]  Iter: 5 CG residual: 0.00000011 HPWL: 3202471
[INFO GPL-0031] FillerInit:NumGCells:        91
[INFO GPL-0032] FillerInit:NumGNets:        113
[INFO GPL-0033] FillerInit:NumGPins:        306
[INFO GPL-0023] TargetDensity:            0.638
[INFO GPL-0024] AvrgPlaceInstArea:       16.127 um^2
[INFO GPL-0025] IdealBinArea:            25.295 um^2
[INFO GPL-0026] IdealBinCnt:                 98
[INFO GPL-0027] TotalBinArea:          2499.898 um^2
[INFO GPL-0028] BinCnt:         8      8
[INFO GPL-0029] BinSize: (  6.383  6.120 )
[INFO GPL-0030] NumBins: 64
[NesterovSolve] Iter:    1 overflow: 0.163 HPWL: 2141339
[INFO GPL-0100] Timing-driven: executing resizer for reweighting nets.
[INFO GPL-0101] Timing-driven: worst slack 1.23e-08
[INFO GPL-0103] Timing-driven: weighted 11 nets.
[NesterovSolve] Snapshot saved at iter = 0
[INFO GPL-0075] Routability numCall: 1 inflationIterCnt: 1 bloatIterCnt: 0
[INFO GPL-0036] TileBBox: (    0    0 ) ( 6900 6900 ) DBU
[INFO GPL-0038] TileCnt:       9   10
[INFO GPL-0040] NumTiles: 90
[INFO GPL-0081] TotalRouteOverflow: 0
[INFO GPL-0082] OverflowTileCnt: 0
[INFO GPL-0083] 0.5%RC: 0.7167632579803467
[INFO GPL-0084] 1.0%RC: 0.7167632579803467
[INFO GPL-0085] 2.0%RC: 0.6666758060455322
[INFO GPL-0086] 5.0%RC: 0.628210973739624
[INFO GPL-0087] FinalRC: 0.71676326
[INFO GPL-0077] FinalRC lower than targetRC(1.01), routability not needed.
[NesterovSolve] Iter:   10 overflow: 0.154 HPWL: 2105624
[NesterovSolve] Iter:   20 overflow: 0.160 HPWL: 2103724
[NesterovSolve] Iter:   30 overflow: 0.160 HPWL: 2103202
[NesterovSolve] Iter:   40 overflow: 0.160 HPWL: 2102999
[NesterovSolve] Iter:   50 overflow: 0.160 HPWL: 2103013
[NesterovSolve] Iter:   60 overflow: 0.163 HPWL: 2103957
[NesterovSolve] Iter:   70 overflow: 0.167 HPWL: 2104933
[NesterovSolve] Iter:   80 overflow: 0.176 HPWL: 2108080
[NesterovSolve] Iter:   90 overflow: 0.185 HPWL: 2110670
[NesterovSolve] Iter:  100 overflow: 0.179 HPWL: 2108992
[NesterovSolve] Iter:  110 overflow: 0.175 HPWL: 2107714
[NesterovSolve] Iter:  120 overflow: 0.177 HPWL: 2108506
[NesterovSolve] Iter:  130 overflow: 0.179 HPWL: 2109076
[NesterovSolve] Iter:  140 overflow: 0.178 HPWL: 2109243
[NesterovSolve] Iter:  150 overflow: 0.175 HPWL: 2108405
[NesterovSolve] Iter:  160 overflow: 0.172 HPWL: 2107386
[NesterovSolve] Iter:  170 overflow: 0.170 HPWL: 2107285
[NesterovSolve] Iter:  180 overflow: 0.167 HPWL: 2106902
[NesterovSolve] Iter:  190 overflow: 0.162 HPWL: 2106246
[NesterovSolve] Iter:  200 overflow: 0.153 HPWL: 2104464
[NesterovSolve] Iter:  210 overflow: 0.147 HPWL: 2103977
[INFO GPL-0100] Timing-driven: executing resizer for reweighting nets.
[INFO GPL-0101] Timing-driven: worst slack 1.23e-08
[INFO GPL-0103] Timing-driven: weighted 11 nets.
[NesterovSolve] Iter:  220 overflow: 0.144 HPWL: 2104924
[NesterovSolve] Iter:  230 overflow: 0.138 HPWL: 2105897
[NesterovSolve] Iter:  240 overflow: 0.129 HPWL: 2107173
[NesterovSolve] Iter:  250 overflow: 0.123 HPWL: 2110008
[NesterovSolve] Iter:  260 overflow: 0.115 HPWL: 2113383
[NesterovSolve] Iter:  270 overflow: 0.104 HPWL: 2117025
[NesterovSolve] Finished with Overflow: 0.099631
[INFO] Setting RC values…
Setting global connections for newly added cells…
[INFO] Setting global connections...
Updating metrics…
Cell type report:                       Count       Area
  Fill cell                                36     135.13
  Tap cell                                 30      37.54
  Buffer                                    1       5.00
  Multi-Input combinational cell           80    1301.25
  Total                                   147    1478.92
Writing OpenROAD database to '/home/fjjf/circuits/expmob1_n5/runs/RUN_2025-03-15_01-42-01/27-openroad-globalplacement/expmob1.odb'…
Writing netlist to '/home/fjjf/circuits/expmob1_n5/runs/RUN_2025-03-15_01-42-01/27-openroad-globalplacement/expmob1.nl.v'…
Writing powered netlist to '/home/fjjf/circuits/expmob1_n5/runs/RUN_2025-03-15_01-42-01/27-openroad-globalplacement/expmob1.pnl.v'…
Writing layout to '/home/fjjf/circuits/expmob1_n5/runs/RUN_2025-03-15_01-42-01/27-openroad-globalplacement/expmob1.def'…
Writing timing constraints to '/home/fjjf/circuits/expmob1_n5/runs/RUN_2025-03-15_01-42-01/27-openroad-globalplacement/expmob1.sdc'…
