
===========================================================================
report_checks -unconstrained
===========================================================================
======================= min_ff_n40C_1v95 Corner ===================================

Startpoint: inputs[0] (input port clocked by clk)
Endpoint: outputs[31] (output port clocked by clk)
Path Group: clk
Path Type: max

Fanout         Cap        Slew       Delay        Time   Description
---------------------------------------------------------------------------------------------
                      0.000000    0.000000    0.000000   clock clk (rise edge)
                                  0.000000    0.000000   clock network delay (ideal)
                                  5.000000    5.000000 ^ input external delay
     1    0.004864    0.021253    0.012638    5.012639 ^ inputs[0] (in)
                                                         inputs[0] (net)
                      0.021253    0.000000    5.012639 ^ input1/A (sky130_fd_sc_hd__buf_4)
     6    0.060943    0.129308    0.140169    5.152808 ^ input1/X (sky130_fd_sc_hd__buf_4)
                                                         net1 (net)
                      0.129338    0.001632    5.154440 ^ _049_/B (sky130_fd_sc_hd__xor2_4)
     5    0.042249    0.248000    0.220084    5.374524 ^ _049_/X (sky130_fd_sc_hd__xor2_4)
                                                         net40 (net)
                      0.248006    0.001020    5.375543 ^ _055_/A (sky130_fd_sc_hd__xnor2_4)
     4    0.020313    0.077350    0.077270    5.452813 v _055_/Y (sky130_fd_sc_hd__xnor2_4)
                                                         net45 (net)
                      0.077350    0.000163    5.452976 v _057_/A (sky130_fd_sc_hd__xnor2_2)
     3    0.011499    0.060746    0.121831    5.574807 v _057_/Y (sky130_fd_sc_hd__xnor2_2)
                                                         net53 (net)
                      0.060764    0.000083    5.574890 v _068_/A (sky130_fd_sc_hd__xnor2_1)
     2    0.007430    0.145649    0.157315    5.732204 ^ _068_/Y (sky130_fd_sc_hd__xnor2_1)
                                                         net56 (net)
                      0.145649    0.000061    5.732265 ^ _096_/A (sky130_fd_sc_hd__xnor2_1)
     1    0.002372    0.076563    0.076553    5.808818 ^ _096_/Y (sky130_fd_sc_hd__xnor2_1)
                                                         net57 (net)
                      0.076563    0.000022    5.808840 ^ output57/A (sky130_fd_sc_hd__buf_2)
     1    0.033894    0.126753    0.148717    5.957557 ^ output57/X (sky130_fd_sc_hd__buf_2)
                                                         outputs[31] (net)
                      0.126753    0.000172    5.957730 ^ outputs[31] (out)
                                              5.957730   data arrival time

                      0.000000   25.000000   25.000000   clock clk (rise edge)
                                  0.000000   25.000000   clock network delay (ideal)
                                 -0.250000   24.750000   clock uncertainty
                                  0.000000   24.750000   clock reconvergence pessimism
                                 -5.000000   19.750000   output external delay
                                             19.750000   data required time
---------------------------------------------------------------------------------------------
                                             19.750000   data required time
                                             -5.957730   data arrival time
---------------------------------------------------------------------------------------------
                                             13.792270   slack (MET)




===========================================================================
report_checks --slack_max -0.01
============================================================================
======================= min_ff_n40C_1v95 Corner ===================================

No paths found.


===========================================================================
 report_check_types -max_slew -max_cap -max_fanout -violators
============================================================================
======================= min_ff_n40C_1v95 Corner ===================================



===========================================================================
report_parasitic_annotation -report_unannotated
============================================================================
Found 0 unannotated drivers.
Found 0 partially unannotated drivers.

===========================================================================
max slew violation count 0
max fanout violation count 0
max cap violation count 0
============================================================================

===========================================================================
check_setup -verbose -unconstrained_endpoints -multiple_clock -no_clock -no_input_delay -loops -generated_clocks
===========================================================================
