
===========================================================================
report_checks -path_delay max (Setup)
============================================================================
======================= min_ff_n40C_1v95 Corner ===================================

Startpoint: inputs[0] (input port clocked by clk)
Endpoint: outputs[31] (output port clocked by clk)
Path Group: clk
Path Type: max

Fanout         Cap        Slew       Delay        Time   Description
---------------------------------------------------------------------------------------------
                      0.000000    0.000000    0.000000   clock clk (rise edge)
                                  0.000000    0.000000   clock network delay (ideal)
                                  5.000000    5.000000 ^ input external delay
     1    0.004864    0.021253    0.012638    5.012639 ^ inputs[0] (in)
                                                         inputs[0] (net)
                      0.021253    0.000000    5.012639 ^ input1/A (sky130_fd_sc_hd__buf_4)
     6    0.060943    0.129308    0.140169    5.152808 ^ input1/X (sky130_fd_sc_hd__buf_4)
                                                         net1 (net)
                      0.129338    0.001632    5.154440 ^ _049_/B (sky130_fd_sc_hd__xor2_4)
     5    0.042249    0.248000    0.220084    5.374524 ^ _049_/X (sky130_fd_sc_hd__xor2_4)
                                                         net40 (net)
                      0.248006    0.001020    5.375543 ^ _055_/A (sky130_fd_sc_hd__xnor2_4)
     4    0.020313    0.077350    0.077270    5.452813 v _055_/Y (sky130_fd_sc_hd__xnor2_4)
                                                         net45 (net)
                      0.077350    0.000163    5.452976 v _057_/A (sky130_fd_sc_hd__xnor2_2)
     3    0.011499    0.060746    0.121831    5.574807 v _057_/Y (sky130_fd_sc_hd__xnor2_2)
                                                         net53 (net)
                      0.060764    0.000083    5.574890 v _068_/A (sky130_fd_sc_hd__xnor2_1)
     2    0.007430    0.145649    0.157315    5.732204 ^ _068_/Y (sky130_fd_sc_hd__xnor2_1)
                                                         net56 (net)
                      0.145649    0.000061    5.732265 ^ _096_/A (sky130_fd_sc_hd__xnor2_1)
     1    0.002372    0.076563    0.076553    5.808818 ^ _096_/Y (sky130_fd_sc_hd__xnor2_1)
                                                         net57 (net)
                      0.076563    0.000022    5.808840 ^ output57/A (sky130_fd_sc_hd__buf_2)
     1    0.033894    0.126753    0.148717    5.957557 ^ output57/X (sky130_fd_sc_hd__buf_2)
                                                         outputs[31] (net)
                      0.126753    0.000172    5.957730 ^ outputs[31] (out)
                                              5.957730   data arrival time

                      0.000000   25.000000   25.000000   clock clk (rise edge)
                                  0.000000   25.000000   clock network delay (ideal)
                                 -0.250000   24.750000   clock uncertainty
                                  0.000000   24.750000   clock reconvergence pessimism
                                 -5.000000   19.750000   output external delay
                                             19.750000   data required time
---------------------------------------------------------------------------------------------
                                             19.750000   data required time
                                             -5.957730   data arrival time
---------------------------------------------------------------------------------------------
                                             13.792270   slack (MET)


Startpoint: inputs[0] (input port clocked by clk)
Endpoint: outputs[30] (output port clocked by clk)
Path Group: clk
Path Type: max

Fanout         Cap        Slew       Delay        Time   Description
---------------------------------------------------------------------------------------------
                      0.000000    0.000000    0.000000   clock clk (rise edge)
                                  0.000000    0.000000   clock network delay (ideal)
                                  5.000000    5.000000 ^ input external delay
     1    0.004864    0.021253    0.012638    5.012639 ^ inputs[0] (in)
                                                         inputs[0] (net)
                      0.021253    0.000000    5.012639 ^ input1/A (sky130_fd_sc_hd__buf_4)
     6    0.060943    0.129308    0.140169    5.152808 ^ input1/X (sky130_fd_sc_hd__buf_4)
                                                         net1 (net)
                      0.129338    0.001632    5.154440 ^ _049_/B (sky130_fd_sc_hd__xor2_4)
     5    0.042249    0.248000    0.220084    5.374524 ^ _049_/X (sky130_fd_sc_hd__xor2_4)
                                                         net40 (net)
                      0.248006    0.001020    5.375543 ^ _055_/A (sky130_fd_sc_hd__xnor2_4)
     4    0.020313    0.077350    0.077270    5.452813 v _055_/Y (sky130_fd_sc_hd__xnor2_4)
                                                         net45 (net)
                      0.077350    0.000163    5.452976 v _057_/A (sky130_fd_sc_hd__xnor2_2)
     3    0.011499    0.060746    0.121831    5.574807 v _057_/Y (sky130_fd_sc_hd__xnor2_2)
                                                         net53 (net)
                      0.060764    0.000083    5.574890 v _068_/A (sky130_fd_sc_hd__xnor2_1)
     2    0.007430    0.145649    0.157315    5.732204 ^ _068_/Y (sky130_fd_sc_hd__xnor2_1)
                                                         net56 (net)
                      0.145649    0.000076    5.732281 ^ output56/A (sky130_fd_sc_hd__buf_2)
     1    0.034005    0.127255    0.161902    5.894182 ^ output56/X (sky130_fd_sc_hd__buf_2)
                                                         outputs[30] (net)
                      0.127255    0.000199    5.894381 ^ outputs[30] (out)
                                              5.894381   data arrival time

                      0.000000   25.000000   25.000000   clock clk (rise edge)
                                  0.000000   25.000000   clock network delay (ideal)
                                 -0.250000   24.750000   clock uncertainty
                                  0.000000   24.750000   clock reconvergence pessimism
                                 -5.000000   19.750000   output external delay
                                             19.750000   data required time
---------------------------------------------------------------------------------------------
                                             19.750000   data required time
                                             -5.894381   data arrival time
---------------------------------------------------------------------------------------------
                                             13.855619   slack (MET)


Startpoint: inputs[0] (input port clocked by clk)
Endpoint: outputs[27] (output port clocked by clk)
Path Group: clk
Path Type: max

Fanout         Cap        Slew       Delay        Time   Description
---------------------------------------------------------------------------------------------
                      0.000000    0.000000    0.000000   clock clk (rise edge)
                                  0.000000    0.000000   clock network delay (ideal)
                                  5.000000    5.000000 ^ input external delay
     1    0.004864    0.021253    0.012638    5.012639 ^ inputs[0] (in)
                                                         inputs[0] (net)
                      0.021253    0.000000    5.012639 ^ input1/A (sky130_fd_sc_hd__buf_4)
     6    0.060943    0.129308    0.140169    5.152808 ^ input1/X (sky130_fd_sc_hd__buf_4)
                                                         net1 (net)
                      0.129338    0.001632    5.154440 ^ _049_/B (sky130_fd_sc_hd__xor2_4)
     5    0.042249    0.248000    0.220084    5.374524 ^ _049_/X (sky130_fd_sc_hd__xor2_4)
                                                         net40 (net)
                      0.248000    0.000357    5.374881 ^ _051_/A (sky130_fd_sc_hd__xor2_2)
     3    0.016359    0.174780    0.157650    5.532531 ^ _051_/X (sky130_fd_sc_hd__xor2_2)
                                                         net49 (net)
                      0.174780    0.000377    5.532909 ^ _069_/A (sky130_fd_sc_hd__xnor2_1)
     2    0.007839    0.151325    0.108925    5.641834 ^ _069_/Y (sky130_fd_sc_hd__xnor2_1)
                                                         net51 (net)
                      0.151325    0.000075    5.641909 ^ _100_/A (sky130_fd_sc_hd__xnor2_1)
     1    0.002602    0.079850    0.078048    5.719957 ^ _100_/Y (sky130_fd_sc_hd__xnor2_1)
                                                         net52 (net)
                      0.079850    0.000028    5.719985 ^ output52/A (sky130_fd_sc_hd__buf_2)
     1    0.033928    0.126875    0.149550    5.869535 ^ output52/X (sky130_fd_sc_hd__buf_2)
                                                         outputs[27] (net)
                      0.126875    0.000181    5.869716 ^ outputs[27] (out)
                                              5.869716   data arrival time

                      0.000000   25.000000   25.000000   clock clk (rise edge)
                                  0.000000   25.000000   clock network delay (ideal)
                                 -0.250000   24.750000   clock uncertainty
                                  0.000000   24.750000   clock reconvergence pessimism
                                 -5.000000   19.750000   output external delay
                                             19.750000   data required time
---------------------------------------------------------------------------------------------
                                             19.750000   data required time
                                             -5.869716   data arrival time
---------------------------------------------------------------------------------------------
                                             13.880284   slack (MET)


Startpoint: inputs[0] (input port clocked by clk)
Endpoint: outputs[29] (output port clocked by clk)
Path Group: clk
Path Type: max

Fanout         Cap        Slew       Delay        Time   Description
---------------------------------------------------------------------------------------------
                      0.000000    0.000000    0.000000   clock clk (rise edge)
                                  0.000000    0.000000   clock network delay (ideal)
                                  5.000000    5.000000 ^ input external delay
     1    0.004864    0.021253    0.012638    5.012639 ^ inputs[0] (in)
                                                         inputs[0] (net)
                      0.021253    0.000000    5.012639 ^ input1/A (sky130_fd_sc_hd__buf_4)
     6    0.060943    0.129308    0.140169    5.152808 ^ input1/X (sky130_fd_sc_hd__buf_4)
                                                         net1 (net)
                      0.129338    0.001632    5.154440 ^ _049_/B (sky130_fd_sc_hd__xor2_4)
     5    0.042249    0.248000    0.220084    5.374524 ^ _049_/X (sky130_fd_sc_hd__xor2_4)
                                                         net40 (net)
                      0.248006    0.001020    5.375543 ^ _055_/A (sky130_fd_sc_hd__xnor2_4)
     4    0.020313    0.077350    0.077270    5.452813 v _055_/Y (sky130_fd_sc_hd__xnor2_4)
                                                         net45 (net)
                      0.077350    0.000163    5.452976 v _057_/A (sky130_fd_sc_hd__xnor2_2)
     3    0.012315    0.152500    0.168494    5.621469 ^ _057_/Y (sky130_fd_sc_hd__xnor2_2)
                                                         net53 (net)
                      0.152500    0.000074    5.621544 ^ _097_/A (sky130_fd_sc_hd__xor2_1)
     1    0.002284    0.073882    0.087776    5.709320 ^ _097_/X (sky130_fd_sc_hd__xor2_1)
                                                         net54 (net)
                      0.073882    0.000020    5.709341 ^ output54/A (sky130_fd_sc_hd__buf_2)
     1    0.034108    0.127513    0.148616    5.857957 ^ output54/X (sky130_fd_sc_hd__buf_2)
                                                         outputs[29] (net)
                      0.127513    0.000189    5.858146 ^ outputs[29] (out)
                                              5.858146   data arrival time

                      0.000000   25.000000   25.000000   clock clk (rise edge)
                                  0.000000   25.000000   clock network delay (ideal)
                                 -0.250000   24.750000   clock uncertainty
                                  0.000000   24.750000   clock reconvergence pessimism
                                 -5.000000   19.750000   output external delay
                                             19.750000   data required time
---------------------------------------------------------------------------------------------
                                             19.750000   data required time
                                             -5.858146   data arrival time
---------------------------------------------------------------------------------------------
                                             13.891853   slack (MET)


Startpoint: inputs[0] (input port clocked by clk)
Endpoint: outputs[23] (output port clocked by clk)
Path Group: clk
Path Type: max

Fanout         Cap        Slew       Delay        Time   Description
---------------------------------------------------------------------------------------------
                      0.000000    0.000000    0.000000   clock clk (rise edge)
                                  0.000000    0.000000   clock network delay (ideal)
                                  5.000000    5.000000 ^ input external delay
     1    0.004864    0.021253    0.012638    5.012639 ^ inputs[0] (in)
                                                         inputs[0] (net)
                      0.021253    0.000000    5.012639 ^ input1/A (sky130_fd_sc_hd__buf_4)
     6    0.060943    0.129308    0.140169    5.152808 ^ input1/X (sky130_fd_sc_hd__buf_4)
                                                         net1 (net)
                      0.129338    0.001632    5.154440 ^ _049_/B (sky130_fd_sc_hd__xor2_4)
     5    0.042249    0.248000    0.220084    5.374524 ^ _049_/X (sky130_fd_sc_hd__xor2_4)
                                                         net40 (net)
                      0.248006    0.001020    5.375543 ^ _055_/A (sky130_fd_sc_hd__xnor2_4)
     4    0.020313    0.077350    0.077270    5.452813 v _055_/Y (sky130_fd_sc_hd__xnor2_4)
                                                         net45 (net)
                      0.077350    0.000098    5.452911 v _102_/A (sky130_fd_sc_hd__xnor2_1)
     2    0.008396    0.159168    0.173574    5.626485 ^ _102_/Y (sky130_fd_sc_hd__xnor2_1)
                                                         net46 (net)
                      0.159168    0.000114    5.626599 ^ _105_/A (sky130_fd_sc_hd__xnor2_1)
     1    0.002712    0.081296    0.078817    5.705416 ^ _105_/Y (sky130_fd_sc_hd__xnor2_1)
                                                         net48 (net)
                      0.081296    0.000030    5.705447 ^ output48/A (sky130_fd_sc_hd__buf_2)
     1    0.034208    0.127878    0.150509    5.855956 ^ output48/X (sky130_fd_sc_hd__buf_2)
                                                         outputs[23] (net)
                      0.127878    0.000268    5.856224 ^ outputs[23] (out)
                                              5.856224   data arrival time

                      0.000000   25.000000   25.000000   clock clk (rise edge)
                                  0.000000   25.000000   clock network delay (ideal)
                                 -0.250000   24.750000   clock uncertainty
                                  0.000000   24.750000   clock reconvergence pessimism
                                 -5.000000   19.750000   output external delay
                                             19.750000   data required time
---------------------------------------------------------------------------------------------
                                             19.750000   data required time
                                             -5.856224   data arrival time
---------------------------------------------------------------------------------------------
                                             13.893775   slack (MET)


Startpoint: inputs[0] (input port clocked by clk)
Endpoint: outputs[15] (output port clocked by clk)
Path Group: clk
Path Type: max

Fanout         Cap        Slew       Delay        Time   Description
---------------------------------------------------------------------------------------------
                      0.000000    0.000000    0.000000   clock clk (rise edge)
                                  0.000000    0.000000   clock network delay (ideal)
                                  5.000000    5.000000 v input external delay
     1    0.004603    0.007537    0.003862    5.003862 v inputs[0] (in)
                                                         inputs[0] (net)
                      0.007537    0.000000    5.003862 v input1/A (sky130_fd_sc_hd__buf_4)
     6    0.056417    0.060769    0.118399    5.122261 v input1/X (sky130_fd_sc_hd__buf_4)
                                                         net1 (net)
                      0.060792    0.001106    5.123367 v _052_/A (sky130_fd_sc_hd__xor2_4)
     4    0.023382    0.064504    0.141886    5.265253 v _052_/X (sky130_fd_sc_hd__xor2_4)
                                                         net63 (net)
                      0.064504    0.000202    5.265454 v _074_/A (sky130_fd_sc_hd__xnor2_2)
     3    0.016030    0.183355    0.186629    5.452084 ^ _074_/Y (sky130_fd_sc_hd__xnor2_2)
                                                         net34 (net)
                      0.183355    0.000133    5.452217 ^ _077_/A (sky130_fd_sc_hd__xor2_1)
     2    0.010226    0.175705    0.165986    5.618203 ^ _077_/X (sky130_fd_sc_hd__xor2_1)
                                                         net38 (net)
                      0.175706    0.000233    5.618435 ^ _116_/A (sky130_fd_sc_hd__xnor2_1)
     1    0.002398    0.077306    0.077022    5.695457 ^ _116_/Y (sky130_fd_sc_hd__xnor2_1)
                                                         net39 (net)
                      0.077306    0.000023    5.695480 ^ output39/A (sky130_fd_sc_hd__buf_2)
     1    0.034499    0.128900    0.150218    5.845697 ^ output39/X (sky130_fd_sc_hd__buf_2)
                                                         outputs[15] (net)
                      0.128900    0.000410    5.846107 ^ outputs[15] (out)
                                              5.846107   data arrival time

                      0.000000   25.000000   25.000000   clock clk (rise edge)
                                  0.000000   25.000000   clock network delay (ideal)
                                 -0.250000   24.750000   clock uncertainty
                                  0.000000   24.750000   clock reconvergence pessimism
                                 -5.000000   19.750000   output external delay
                                             19.750000   data required time
---------------------------------------------------------------------------------------------
                                             19.750000   data required time
                                             -5.846107   data arrival time
---------------------------------------------------------------------------------------------
                                             13.903892   slack (MET)


Startpoint: inputs[0] (input port clocked by clk)
Endpoint: outputs[26] (output port clocked by clk)
Path Group: clk
Path Type: max

Fanout         Cap        Slew       Delay        Time   Description
---------------------------------------------------------------------------------------------
                      0.000000    0.000000    0.000000   clock clk (rise edge)
                                  0.000000    0.000000   clock network delay (ideal)
                                  5.000000    5.000000 ^ input external delay
     1    0.004864    0.021253    0.012638    5.012639 ^ inputs[0] (in)
                                                         inputs[0] (net)
                      0.021253    0.000000    5.012639 ^ input1/A (sky130_fd_sc_hd__buf_4)
     6    0.060943    0.129308    0.140169    5.152808 ^ input1/X (sky130_fd_sc_hd__buf_4)
                                                         net1 (net)
                      0.129338    0.001632    5.154440 ^ _049_/B (sky130_fd_sc_hd__xor2_4)
     5    0.042249    0.248000    0.220084    5.374524 ^ _049_/X (sky130_fd_sc_hd__xor2_4)
                                                         net40 (net)
                      0.248000    0.000357    5.374881 ^ _051_/A (sky130_fd_sc_hd__xor2_2)
     3    0.016359    0.174780    0.157650    5.532531 ^ _051_/X (sky130_fd_sc_hd__xor2_2)
                                                         net49 (net)
                      0.174780    0.000377    5.532909 ^ _069_/A (sky130_fd_sc_hd__xnor2_1)
     2    0.007839    0.151325    0.108925    5.641834 ^ _069_/Y (sky130_fd_sc_hd__xnor2_1)
                                                         net51 (net)
                      0.151325    0.000091    5.641925 ^ output51/A (sky130_fd_sc_hd__buf_2)
     1    0.034051    0.127447    0.162585    5.804510 ^ output51/X (sky130_fd_sc_hd__buf_2)
                                                         outputs[26] (net)
                      0.127447    0.000221    5.804731 ^ outputs[26] (out)
                                              5.804731   data arrival time

                      0.000000   25.000000   25.000000   clock clk (rise edge)
                                  0.000000   25.000000   clock network delay (ideal)
                                 -0.250000   24.750000   clock uncertainty
                                  0.000000   24.750000   clock reconvergence pessimism
                                 -5.000000   19.750000   output external delay
                                             19.750000   data required time
---------------------------------------------------------------------------------------------
                                             19.750000   data required time
                                             -5.804731   data arrival time
---------------------------------------------------------------------------------------------
                                             13.945269   slack (MET)


Startpoint: inputs[0] (input port clocked by clk)
Endpoint: outputs[21] (output port clocked by clk)
Path Group: clk
Path Type: max

Fanout         Cap        Slew       Delay        Time   Description
---------------------------------------------------------------------------------------------
                      0.000000    0.000000    0.000000   clock clk (rise edge)
                                  0.000000    0.000000   clock network delay (ideal)
                                  5.000000    5.000000 ^ input external delay
     1    0.004864    0.021253    0.012638    5.012639 ^ inputs[0] (in)
                                                         inputs[0] (net)
                      0.021253    0.000000    5.012639 ^ input1/A (sky130_fd_sc_hd__buf_4)
     6    0.060943    0.129308    0.140169    5.152808 ^ input1/X (sky130_fd_sc_hd__buf_4)
                                                         net1 (net)
                      0.129338    0.001632    5.154440 ^ _049_/B (sky130_fd_sc_hd__xor2_4)
     5    0.042249    0.248000    0.220084    5.374524 ^ _049_/X (sky130_fd_sc_hd__xor2_4)
                                                         net40 (net)
                      0.248006    0.001020    5.375543 ^ _055_/A (sky130_fd_sc_hd__xnor2_4)
     4    0.020313    0.077350    0.077270    5.452813 v _055_/Y (sky130_fd_sc_hd__xnor2_4)
                                                         net45 (net)
                      0.077350    0.000098    5.452911 v _102_/A (sky130_fd_sc_hd__xnor2_1)
     2    0.008396    0.159168    0.173574    5.626485 ^ _102_/Y (sky130_fd_sc_hd__xnor2_1)
                                                         net46 (net)
                      0.159168    0.000111    5.626595 ^ output46/A (sky130_fd_sc_hd__buf_2)
     1    0.034256    0.128225    0.163814    5.790409 ^ output46/X (sky130_fd_sc_hd__buf_2)
                                                         outputs[21] (net)
                      0.128225    0.000345    5.790754 ^ outputs[21] (out)
                                              5.790754   data arrival time

                      0.000000   25.000000   25.000000   clock clk (rise edge)
                                  0.000000   25.000000   clock network delay (ideal)
                                 -0.250000   24.750000   clock uncertainty
                                  0.000000   24.750000   clock reconvergence pessimism
                                 -5.000000   19.750000   output external delay
                                             19.750000   data required time
---------------------------------------------------------------------------------------------
                                             19.750000   data required time
                                             -5.790754   data arrival time
---------------------------------------------------------------------------------------------
                                             13.959246   slack (MET)


Startpoint: inputs[0] (input port clocked by clk)
Endpoint: outputs[14] (output port clocked by clk)
Path Group: clk
Path Type: max

Fanout         Cap        Slew       Delay        Time   Description
---------------------------------------------------------------------------------------------
                      0.000000    0.000000    0.000000   clock clk (rise edge)
                                  0.000000    0.000000   clock network delay (ideal)
                                  5.000000    5.000000 v input external delay
     1    0.004603    0.007537    0.003862    5.003862 v inputs[0] (in)
                                                         inputs[0] (net)
                      0.007537    0.000000    5.003862 v input1/A (sky130_fd_sc_hd__buf_4)
     6    0.056417    0.060769    0.118399    5.122261 v input1/X (sky130_fd_sc_hd__buf_4)
                                                         net1 (net)
                      0.060792    0.001106    5.123367 v _052_/A (sky130_fd_sc_hd__xor2_4)
     4    0.023382    0.064504    0.141886    5.265253 v _052_/X (sky130_fd_sc_hd__xor2_4)
                                                         net63 (net)
                      0.064504    0.000202    5.265454 v _074_/A (sky130_fd_sc_hd__xnor2_2)
     3    0.016030    0.183355    0.186629    5.452084 ^ _074_/Y (sky130_fd_sc_hd__xnor2_2)
                                                         net34 (net)
                      0.183355    0.000133    5.452217 ^ _077_/A (sky130_fd_sc_hd__xor2_1)
     2    0.010226    0.175705    0.165986    5.618203 ^ _077_/X (sky130_fd_sc_hd__xor2_1)
                                                         net38 (net)
                      0.175706    0.000258    5.618461 ^ output38/A (sky130_fd_sc_hd__buf_2)
     1    0.034490    0.129135    0.166053    5.784513 ^ output38/X (sky130_fd_sc_hd__buf_2)
                                                         outputs[14] (net)
                      0.129135    0.000409    5.784923 ^ outputs[14] (out)
                                              5.784923   data arrival time

                      0.000000   25.000000   25.000000   clock clk (rise edge)
                                  0.000000   25.000000   clock network delay (ideal)
                                 -0.250000   24.750000   clock uncertainty
                                  0.000000   24.750000   clock reconvergence pessimism
                                 -5.000000   19.750000   output external delay
                                             19.750000   data required time
---------------------------------------------------------------------------------------------
                                             19.750000   data required time
                                             -5.784923   data arrival time
---------------------------------------------------------------------------------------------
                                             13.965076   slack (MET)


Startpoint: inputs[0] (input port clocked by clk)
Endpoint: outputs[28] (output port clocked by clk)
Path Group: clk
Path Type: max

Fanout         Cap        Slew       Delay        Time   Description
---------------------------------------------------------------------------------------------
                      0.000000    0.000000    0.000000   clock clk (rise edge)
                                  0.000000    0.000000   clock network delay (ideal)
                                  5.000000    5.000000 ^ input external delay
     1    0.004864    0.021253    0.012638    5.012639 ^ inputs[0] (in)
                                                         inputs[0] (net)
                      0.021253    0.000000    5.012639 ^ input1/A (sky130_fd_sc_hd__buf_4)
     6    0.060943    0.129308    0.140169    5.152808 ^ input1/X (sky130_fd_sc_hd__buf_4)
                                                         net1 (net)
                      0.129338    0.001632    5.154440 ^ _049_/B (sky130_fd_sc_hd__xor2_4)
     5    0.042249    0.248000    0.220084    5.374524 ^ _049_/X (sky130_fd_sc_hd__xor2_4)
                                                         net40 (net)
                      0.248006    0.001020    5.375543 ^ _055_/A (sky130_fd_sc_hd__xnor2_4)
     4    0.020313    0.077350    0.077270    5.452813 v _055_/Y (sky130_fd_sc_hd__xnor2_4)
                                                         net45 (net)
                      0.077350    0.000163    5.452976 v _057_/A (sky130_fd_sc_hd__xnor2_2)
     3    0.012315    0.152500    0.168494    5.621469 ^ _057_/Y (sky130_fd_sc_hd__xnor2_2)
                                                         net53 (net)
                      0.152500    0.000075    5.621544 ^ output53/A (sky130_fd_sc_hd__buf_2)
     1    0.033870    0.126808    0.162301    5.783845 ^ output53/X (sky130_fd_sc_hd__buf_2)
                                                         outputs[28] (net)
                      0.126808    0.000163    5.784009 ^ outputs[28] (out)
                                              5.784009   data arrival time

                      0.000000   25.000000   25.000000   clock clk (rise edge)
                                  0.000000   25.000000   clock network delay (ideal)
                                 -0.250000   24.750000   clock uncertainty
                                  0.000000   24.750000   clock reconvergence pessimism
                                 -5.000000   19.750000   output external delay
                                             19.750000   data required time
---------------------------------------------------------------------------------------------
                                             19.750000   data required time
                                             -5.784009   data arrival time
---------------------------------------------------------------------------------------------
                                             13.965990   slack (MET)


Startpoint: inputs[0] (input port clocked by clk)
Endpoint: outputs[25] (output port clocked by clk)
Path Group: clk
Path Type: max

Fanout         Cap        Slew       Delay        Time   Description
---------------------------------------------------------------------------------------------
                      0.000000    0.000000    0.000000   clock clk (rise edge)
                                  0.000000    0.000000   clock network delay (ideal)
                                  5.000000    5.000000 ^ input external delay
     1    0.004864    0.021253    0.012638    5.012639 ^ inputs[0] (in)
                                                         inputs[0] (net)
                      0.021253    0.000000    5.012639 ^ input1/A (sky130_fd_sc_hd__buf_4)
     6    0.060943    0.129308    0.140169    5.152808 ^ input1/X (sky130_fd_sc_hd__buf_4)
                                                         net1 (net)
                      0.129338    0.001632    5.154440 ^ _049_/B (sky130_fd_sc_hd__xor2_4)
     5    0.042249    0.248000    0.220084    5.374524 ^ _049_/X (sky130_fd_sc_hd__xor2_4)
                                                         net40 (net)
                      0.248000    0.000357    5.374881 ^ _051_/A (sky130_fd_sc_hd__xor2_2)
     3    0.016359    0.174780    0.157650    5.532531 ^ _051_/X (sky130_fd_sc_hd__xor2_2)
                                                         net49 (net)
                      0.174780    0.000450    5.532981 ^ _101_/A (sky130_fd_sc_hd__xor2_1)
     1    0.002710    0.079896    0.091806    5.624787 ^ _101_/X (sky130_fd_sc_hd__xor2_1)
                                                         net50 (net)
                      0.079896    0.000031    5.624818 ^ output50/A (sky130_fd_sc_hd__buf_2)
     1    0.033925    0.126864    0.149541    5.774360 ^ output50/X (sky130_fd_sc_hd__buf_2)
                                                         outputs[25] (net)
                      0.126864    0.000195    5.774555 ^ outputs[25] (out)
                                              5.774555   data arrival time

                      0.000000   25.000000   25.000000   clock clk (rise edge)
                                  0.000000   25.000000   clock network delay (ideal)
                                 -0.250000   24.750000   clock uncertainty
                                  0.000000   24.750000   clock reconvergence pessimism
                                 -5.000000   19.750000   output external delay
                                             19.750000   data required time
---------------------------------------------------------------------------------------------
                                             19.750000   data required time
                                             -5.774555   data arrival time
---------------------------------------------------------------------------------------------
                                             13.975445   slack (MET)


Startpoint: inputs[0] (input port clocked by clk)
Endpoint: outputs[19] (output port clocked by clk)
Path Group: clk
Path Type: max

Fanout         Cap        Slew       Delay        Time   Description
---------------------------------------------------------------------------------------------
                      0.000000    0.000000    0.000000   clock clk (rise edge)
                                  0.000000    0.000000   clock network delay (ideal)
                                  5.000000    5.000000 ^ input external delay
     1    0.004864    0.021253    0.012638    5.012639 ^ inputs[0] (in)
                                                         inputs[0] (net)
                      0.021253    0.000000    5.012639 ^ input1/A (sky130_fd_sc_hd__buf_4)
     6    0.060943    0.129308    0.140169    5.152808 ^ input1/X (sky130_fd_sc_hd__buf_4)
                                                         net1 (net)
                      0.129338    0.001632    5.154440 ^ _049_/B (sky130_fd_sc_hd__xor2_4)
     5    0.042249    0.248000    0.220084    5.374524 ^ _049_/X (sky130_fd_sc_hd__xor2_4)
                                                         net40 (net)
                      0.248006    0.000993    5.375517 ^ _072_/A (sky130_fd_sc_hd__xnor2_1)
     2    0.009614    0.082851    0.091219    5.466736 v _072_/Y (sky130_fd_sc_hd__xnor2_1)
                                                         net42 (net)
                      0.082878    0.000151    5.466888 v _107_/A (sky130_fd_sc_hd__xnor2_1)
     1    0.003014    0.085762    0.119047    5.585936 ^ _107_/Y (sky130_fd_sc_hd__xnor2_1)
                                                         net43 (net)
                      0.085762    0.000028    5.585963 ^ output43/A (sky130_fd_sc_hd__buf_2)
     1    0.033930    0.126879    0.150910    5.736874 ^ output43/X (sky130_fd_sc_hd__buf_2)
                                                         outputs[19] (net)
                      0.126879    0.000181    5.737054 ^ outputs[19] (out)
                                              5.737054   data arrival time

                      0.000000   25.000000   25.000000   clock clk (rise edge)
                                  0.000000   25.000000   clock network delay (ideal)
                                 -0.250000   24.750000   clock uncertainty
                                  0.000000   24.750000   clock reconvergence pessimism
                                 -5.000000   19.750000   output external delay
                                             19.750000   data required time
---------------------------------------------------------------------------------------------
                                             19.750000   data required time
                                             -5.737054   data arrival time
---------------------------------------------------------------------------------------------
                                             14.012945   slack (MET)


Startpoint: inputs[0] (input port clocked by clk)
Endpoint: outputs[22] (output port clocked by clk)
Path Group: clk
Path Type: max

Fanout         Cap        Slew       Delay        Time   Description
---------------------------------------------------------------------------------------------
                      0.000000    0.000000    0.000000   clock clk (rise edge)
                                  0.000000    0.000000   clock network delay (ideal)
                                  5.000000    5.000000 ^ input external delay
     1    0.004864    0.021253    0.012638    5.012639 ^ inputs[0] (in)
                                                         inputs[0] (net)
                      0.021253    0.000000    5.012639 ^ input1/A (sky130_fd_sc_hd__buf_4)
     6    0.060943    0.129308    0.140169    5.152808 ^ input1/X (sky130_fd_sc_hd__buf_4)
                                                         net1 (net)
                      0.129338    0.001632    5.154440 ^ _049_/B (sky130_fd_sc_hd__xor2_4)
     5    0.042249    0.248000    0.220084    5.374524 ^ _049_/X (sky130_fd_sc_hd__xor2_4)
                                                         net40 (net)
                      0.248006    0.001020    5.375543 ^ _055_/A (sky130_fd_sc_hd__xnor2_4)
     4    0.021835    0.163430    0.109230    5.484774 ^ _055_/Y (sky130_fd_sc_hd__xnor2_4)
                                                         net45 (net)
                      0.163430    0.000162    5.484936 ^ _071_/A (sky130_fd_sc_hd__xor2_1)
     1    0.002668    0.079218    0.091517    5.576453 ^ _071_/X (sky130_fd_sc_hd__xor2_1)
                                                         net47 (net)
                      0.079218    0.000028    5.576481 ^ output47/A (sky130_fd_sc_hd__buf_2)
     1    0.034329    0.128324    0.150271    5.726752 ^ output47/X (sky130_fd_sc_hd__buf_2)
                                                         outputs[22] (net)
                      0.128324    0.000357    5.727109 ^ outputs[22] (out)
                                              5.727109   data arrival time

                      0.000000   25.000000   25.000000   clock clk (rise edge)
                                  0.000000   25.000000   clock network delay (ideal)
                                 -0.250000   24.750000   clock uncertainty
                                  0.000000   24.750000   clock reconvergence pessimism
                                 -5.000000   19.750000   output external delay
                                             19.750000   data required time
---------------------------------------------------------------------------------------------
                                             19.750000   data required time
                                             -5.727109   data arrival time
---------------------------------------------------------------------------------------------
                                             14.022890   slack (MET)


Startpoint: inputs[0] (input port clocked by clk)
Endpoint: outputs[24] (output port clocked by clk)
Path Group: clk
Path Type: max

Fanout         Cap        Slew       Delay        Time   Description
---------------------------------------------------------------------------------------------
                      0.000000    0.000000    0.000000   clock clk (rise edge)
                                  0.000000    0.000000   clock network delay (ideal)
                                  5.000000    5.000000 ^ input external delay
     1    0.004864    0.021253    0.012638    5.012639 ^ inputs[0] (in)
                                                         inputs[0] (net)
                      0.021253    0.000000    5.012639 ^ input1/A (sky130_fd_sc_hd__buf_4)
     6    0.060943    0.129308    0.140169    5.152808 ^ input1/X (sky130_fd_sc_hd__buf_4)
                                                         net1 (net)
                      0.129338    0.001632    5.154440 ^ _049_/B (sky130_fd_sc_hd__xor2_4)
     5    0.042249    0.248000    0.220084    5.374524 ^ _049_/X (sky130_fd_sc_hd__xor2_4)
                                                         net40 (net)
                      0.248000    0.000357    5.374881 ^ _051_/A (sky130_fd_sc_hd__xor2_2)
     3    0.016359    0.174780    0.157650    5.532531 ^ _051_/X (sky130_fd_sc_hd__xor2_2)
                                                         net49 (net)
                      0.174780    0.000405    5.532937 ^ output49/A (sky130_fd_sc_hd__buf_2)
     1    0.033867    0.126910    0.164595    5.697532 ^ output49/X (sky130_fd_sc_hd__buf_2)
                                                         outputs[24] (net)
                      0.126910    0.000163    5.697695 ^ outputs[24] (out)
                                              5.697695   data arrival time

                      0.000000   25.000000   25.000000   clock clk (rise edge)
                                  0.000000   25.000000   clock network delay (ideal)
                                 -0.250000   24.750000   clock uncertainty
                                  0.000000   24.750000   clock reconvergence pessimism
                                 -5.000000   19.750000   output external delay
                                             19.750000   data required time
---------------------------------------------------------------------------------------------
                                             19.750000   data required time
                                             -5.697695   data arrival time
---------------------------------------------------------------------------------------------
                                             14.052304   slack (MET)


Startpoint: inputs[1] (input port clocked by clk)
Endpoint: outputs[13] (output port clocked by clk)
Path Group: clk
Path Type: max

Fanout         Cap        Slew       Delay        Time   Description
---------------------------------------------------------------------------------------------
                      0.000000    0.000000    0.000000   clock clk (rise edge)
                                  0.000000    0.000000   clock network delay (ideal)
                                  5.000000    5.000000 v input external delay
     1    0.002899    0.004874    0.002347    5.002347 v inputs[1] (in)
                                                         inputs[1] (net)
                      0.004874    0.000000    5.002347 v input12/A (sky130_fd_sc_hd__clkbuf_4)
     5    0.039792    0.063139    0.118916    5.121263 v input12/X (sky130_fd_sc_hd__clkbuf_4)
                                                         net12 (net)
                      0.063139    0.000320    5.121583 v _109_/A (sky130_fd_sc_hd__xor2_2)
     3    0.016943    0.063529    0.142334    5.263917 v _109_/X (sky130_fd_sc_hd__xor2_2)
                                                         _016_ (net)
                      0.063529    0.000267    5.264184 v _111_/A (sky130_fd_sc_hd__xnor2_1)
     2    0.010844    0.193791    0.194019    5.458204 ^ _111_/Y (sky130_fd_sc_hd__xnor2_1)
                                                         _018_ (net)
                      0.193791    0.000079    5.458283 ^ _117_/B (sky130_fd_sc_hd__xnor2_1)
     1    0.003096    0.087277    0.079489    5.537772 ^ _117_/Y (sky130_fd_sc_hd__xnor2_1)
                                                         net37 (net)
                      0.087277    0.000034    5.537807 ^ output37/A (sky130_fd_sc_hd__buf_2)
     1    0.034498    0.128925    0.152499    5.690305 ^ output37/X (sky130_fd_sc_hd__buf_2)
                                                         outputs[13] (net)
                      0.128925    0.000410    5.690715 ^ outputs[13] (out)
                                              5.690715   data arrival time

                      0.000000   25.000000   25.000000   clock clk (rise edge)
                                  0.000000   25.000000   clock network delay (ideal)
                                 -0.250000   24.750000   clock uncertainty
                                  0.000000   24.750000   clock reconvergence pessimism
                                 -5.000000   19.750000   output external delay
                                             19.750000   data required time
---------------------------------------------------------------------------------------------
                                             19.750000   data required time
                                             -5.690715   data arrival time
---------------------------------------------------------------------------------------------
                                             14.059284   slack (MET)


Startpoint: inputs[0] (input port clocked by clk)
Endpoint: outputs[11] (output port clocked by clk)
Path Group: clk
Path Type: max

Fanout         Cap        Slew       Delay        Time   Description
---------------------------------------------------------------------------------------------
                      0.000000    0.000000    0.000000   clock clk (rise edge)
                                  0.000000    0.000000   clock network delay (ideal)
                                  5.000000    5.000000 v input external delay
     1    0.004603    0.007537    0.003862    5.003862 v inputs[0] (in)
                                                         inputs[0] (net)
                      0.007537    0.000000    5.003862 v input1/A (sky130_fd_sc_hd__buf_4)
     6    0.056417    0.060769    0.118399    5.122261 v input1/X (sky130_fd_sc_hd__buf_4)
                                                         net1 (net)
                      0.060792    0.001106    5.123367 v _052_/A (sky130_fd_sc_hd__xor2_4)
     4    0.023382    0.064504    0.141886    5.265253 v _052_/X (sky130_fd_sc_hd__xor2_4)
                                                         net63 (net)
                      0.064504    0.000202    5.265454 v _074_/A (sky130_fd_sc_hd__xnor2_2)
     3    0.016030    0.183355    0.186629    5.452084 ^ _074_/Y (sky130_fd_sc_hd__xnor2_2)
                                                         net34 (net)
                      0.183355    0.000293    5.452376 ^ _119_/A (sky130_fd_sc_hd__xnor2_1)
     1    0.002994    0.085179    0.080814    5.533190 ^ _119_/Y (sky130_fd_sc_hd__xnor2_1)
                                                         net35 (net)
                      0.085179    0.000033    5.533223 ^ output35/A (sky130_fd_sc_hd__buf_2)
     1    0.034504    0.128949    0.152034    5.685256 ^ output35/X (sky130_fd_sc_hd__buf_2)
                                                         outputs[11] (net)
                      0.128949    0.000410    5.685666 ^ outputs[11] (out)
                                              5.685666   data arrival time

                      0.000000   25.000000   25.000000   clock clk (rise edge)
                                  0.000000   25.000000   clock network delay (ideal)
                                 -0.250000   24.750000   clock uncertainty
                                  0.000000   24.750000   clock reconvergence pessimism
                                 -5.000000   19.750000   output external delay
                                             19.750000   data required time
---------------------------------------------------------------------------------------------
                                             19.750000   data required time
                                             -5.685666   data arrival time
---------------------------------------------------------------------------------------------
                                             14.064334   slack (MET)


Startpoint: inputs[0] (input port clocked by clk)
Endpoint: outputs[18] (output port clocked by clk)
Path Group: clk
Path Type: max

Fanout         Cap        Slew       Delay        Time   Description
---------------------------------------------------------------------------------------------
                      0.000000    0.000000    0.000000   clock clk (rise edge)
                                  0.000000    0.000000   clock network delay (ideal)
                                  5.000000    5.000000 ^ input external delay
     1    0.004864    0.021253    0.012638    5.012639 ^ inputs[0] (in)
                                                         inputs[0] (net)
                      0.021253    0.000000    5.012639 ^ input1/A (sky130_fd_sc_hd__buf_4)
     6    0.060943    0.129308    0.140169    5.152808 ^ input1/X (sky130_fd_sc_hd__buf_4)
                                                         net1 (net)
                      0.129338    0.001632    5.154440 ^ _049_/B (sky130_fd_sc_hd__xor2_4)
     5    0.042249    0.248000    0.220084    5.374524 ^ _049_/X (sky130_fd_sc_hd__xor2_4)
                                                         net40 (net)
                      0.248006    0.000993    5.375517 ^ _072_/A (sky130_fd_sc_hd__xnor2_1)
     2    0.010099    0.183222    0.122681    5.498198 ^ _072_/Y (sky130_fd_sc_hd__xnor2_1)
                                                         net42 (net)
                      0.183222    0.000119    5.498318 ^ output42/A (sky130_fd_sc_hd__buf_2)
     1    0.034256    0.128344    0.166299    5.664616 ^ output42/X (sky130_fd_sc_hd__buf_2)
                                                         outputs[18] (net)
                      0.128344    0.000345    5.664961 ^ outputs[18] (out)
                                              5.664961   data arrival time

                      0.000000   25.000000   25.000000   clock clk (rise edge)
                                  0.000000   25.000000   clock network delay (ideal)
                                 -0.250000   24.750000   clock uncertainty
                                  0.000000   24.750000   clock reconvergence pessimism
                                 -5.000000   19.750000   output external delay
                                             19.750000   data required time
---------------------------------------------------------------------------------------------
                                             19.750000   data required time
                                             -5.664961   data arrival time
---------------------------------------------------------------------------------------------
                                             14.085039   slack (MET)


Startpoint: inputs[0] (input port clocked by clk)
Endpoint: outputs[7] (output port clocked by clk)
Path Group: clk
Path Type: max

Fanout         Cap        Slew       Delay        Time   Description
---------------------------------------------------------------------------------------------
                      0.000000    0.000000    0.000000   clock clk (rise edge)
                                  0.000000    0.000000   clock network delay (ideal)
                                  5.000000    5.000000 v input external delay
     1    0.004603    0.007537    0.003862    5.003862 v inputs[0] (in)
                                                         inputs[0] (net)
                      0.007537    0.000000    5.003862 v input1/A (sky130_fd_sc_hd__buf_4)
     6    0.056417    0.060769    0.118399    5.122261 v input1/X (sky130_fd_sc_hd__buf_4)
                                                         net1 (net)
                      0.060805    0.001348    5.123609 v _060_/A (sky130_fd_sc_hd__xor2_2)
     3    0.015314    0.063497    0.138786    5.262395 v _060_/X (sky130_fd_sc_hd__xor2_2)
                                                         net59 (net)
                      0.063497    0.000266    5.262661 v _122_/A (sky130_fd_sc_hd__xnor2_1)
     2    0.008077    0.154725    0.165100    5.427762 ^ _122_/Y (sky130_fd_sc_hd__xnor2_1)
                                                         net60 (net)
                      0.154725    0.000082    5.427844 ^ _125_/A (sky130_fd_sc_hd__xnor2_1)
     1    0.002839    0.082917    0.079562    5.507406 ^ _125_/Y (sky130_fd_sc_hd__xnor2_1)
                                                         net62 (net)
                      0.082917    0.000032    5.507437 ^ output62/A (sky130_fd_sc_hd__buf_2)
     1    0.034457    0.128782    0.151407    5.658844 ^ output62/X (sky130_fd_sc_hd__buf_2)
                                                         outputs[7] (net)
                      0.128782    0.000398    5.659243 ^ outputs[7] (out)
                                              5.659243   data arrival time

                      0.000000   25.000000   25.000000   clock clk (rise edge)
                                  0.000000   25.000000   clock network delay (ideal)
                                 -0.250000   24.750000   clock uncertainty
                                  0.000000   24.750000   clock reconvergence pessimism
                                 -5.000000   19.750000   output external delay
                                             19.750000   data required time
---------------------------------------------------------------------------------------------
                                             19.750000   data required time
                                             -5.659243   data arrival time
---------------------------------------------------------------------------------------------
                                             14.090757   slack (MET)


Startpoint: inputs[0] (input port clocked by clk)
Endpoint: outputs[20] (output port clocked by clk)
Path Group: clk
Path Type: max

Fanout         Cap        Slew       Delay        Time   Description
---------------------------------------------------------------------------------------------
                      0.000000    0.000000    0.000000   clock clk (rise edge)
                                  0.000000    0.000000   clock network delay (ideal)
                                  5.000000    5.000000 ^ input external delay
     1    0.004864    0.021253    0.012638    5.012639 ^ inputs[0] (in)
                                                         inputs[0] (net)
                      0.021253    0.000000    5.012639 ^ input1/A (sky130_fd_sc_hd__buf_4)
     6    0.060943    0.129308    0.140169    5.152808 ^ input1/X (sky130_fd_sc_hd__buf_4)
                                                         net1 (net)
                      0.129338    0.001632    5.154440 ^ _049_/B (sky130_fd_sc_hd__xor2_4)
     5    0.042249    0.248000    0.220084    5.374524 ^ _049_/X (sky130_fd_sc_hd__xor2_4)
                                                         net40 (net)
                      0.248006    0.001020    5.375543 ^ _055_/A (sky130_fd_sc_hd__xnor2_4)
     4    0.021835    0.163430    0.109230    5.484774 ^ _055_/Y (sky130_fd_sc_hd__xnor2_4)
                                                         net45 (net)
                      0.163430    0.000135    5.484909 ^ output45/A (sky130_fd_sc_hd__buf_2)
     1    0.034271    0.128300    0.164291    5.649200 ^ output45/X (sky130_fd_sc_hd__buf_2)
                                                         outputs[20] (net)
                      0.128300    0.000345    5.649545 ^ outputs[20] (out)
                                              5.649545   data arrival time

                      0.000000   25.000000   25.000000   clock clk (rise edge)
                                  0.000000   25.000000   clock network delay (ideal)
                                 -0.250000   24.750000   clock uncertainty
                                  0.000000   24.750000   clock reconvergence pessimism
                                 -5.000000   19.750000   output external delay
                                             19.750000   data required time
---------------------------------------------------------------------------------------------
                                             19.750000   data required time
                                             -5.649545   data arrival time
---------------------------------------------------------------------------------------------
                                             14.100454   slack (MET)


Startpoint: inputs[0] (input port clocked by clk)
Endpoint: outputs[17] (output port clocked by clk)
Path Group: clk
Path Type: max

Fanout         Cap        Slew       Delay        Time   Description
---------------------------------------------------------------------------------------------
                      0.000000    0.000000    0.000000   clock clk (rise edge)
                                  0.000000    0.000000   clock network delay (ideal)
                                  5.000000    5.000000 ^ input external delay
     1    0.004864    0.021253    0.012638    5.012639 ^ inputs[0] (in)
                                                         inputs[0] (net)
                      0.021253    0.000000    5.012639 ^ input1/A (sky130_fd_sc_hd__buf_4)
     6    0.060943    0.129308    0.140169    5.152808 ^ input1/X (sky130_fd_sc_hd__buf_4)
                                                         net1 (net)
                      0.129338    0.001632    5.154440 ^ _049_/B (sky130_fd_sc_hd__xor2_4)
     5    0.042249    0.248000    0.220084    5.374524 ^ _049_/X (sky130_fd_sc_hd__xor2_4)
                                                         net40 (net)
                      0.248003    0.000711    5.375235 ^ _108_/A (sky130_fd_sc_hd__xor2_1)
     1    0.004532    0.102715    0.109015    5.484250 ^ _108_/X (sky130_fd_sc_hd__xor2_1)
                                                         net41 (net)
                      0.102715    0.000067    5.484317 ^ output41/A (sky130_fd_sc_hd__buf_2)
     1    0.033926    0.126860    0.154786    5.639102 ^ output41/X (sky130_fd_sc_hd__buf_2)
                                                         outputs[17] (net)
                      0.126860    0.000187    5.639289 ^ outputs[17] (out)
                                              5.639289   data arrival time

                      0.000000   25.000000   25.000000   clock clk (rise edge)
                                  0.000000   25.000000   clock network delay (ideal)
                                 -0.250000   24.750000   clock uncertainty
                                  0.000000   24.750000   clock reconvergence pessimism
                                 -5.000000   19.750000   output external delay
                                             19.750000   data required time
---------------------------------------------------------------------------------------------
                                             19.750000   data required time
                                             -5.639289   data arrival time
---------------------------------------------------------------------------------------------
                                             14.110710   slack (MET)


Startpoint: inputs[0] (input port clocked by clk)
Endpoint: outputs[10] (output port clocked by clk)
Path Group: clk
Path Type: max

Fanout         Cap        Slew       Delay        Time   Description
---------------------------------------------------------------------------------------------
                      0.000000    0.000000    0.000000   clock clk (rise edge)
                                  0.000000    0.000000   clock network delay (ideal)
                                  5.000000    5.000000 v input external delay
     1    0.004603    0.007537    0.003862    5.003862 v inputs[0] (in)
                                                         inputs[0] (net)
                      0.007537    0.000000    5.003862 v input1/A (sky130_fd_sc_hd__buf_4)
     6    0.056417    0.060769    0.118399    5.122261 v input1/X (sky130_fd_sc_hd__buf_4)
                                                         net1 (net)
                      0.060792    0.001106    5.123367 v _052_/A (sky130_fd_sc_hd__xor2_4)
     4    0.023382    0.064504    0.141886    5.265253 v _052_/X (sky130_fd_sc_hd__xor2_4)
                                                         net63 (net)
                      0.064504    0.000202    5.265454 v _074_/A (sky130_fd_sc_hd__xnor2_2)
     3    0.016030    0.183355    0.186629    5.452084 ^ _074_/Y (sky130_fd_sc_hd__xnor2_2)
                                                         net34 (net)
                      0.183355    0.000236    5.452320 ^ output34/A (sky130_fd_sc_hd__buf_2)
     1    0.035961    0.134364    0.170233    5.622553 ^ output34/X (sky130_fd_sc_hd__buf_2)
                                                         outputs[10] (net)
                      0.134366    0.000735    5.623287 ^ outputs[10] (out)
                                              5.623287   data arrival time

                      0.000000   25.000000   25.000000   clock clk (rise edge)
                                  0.000000   25.000000   clock network delay (ideal)
                                 -0.250000   24.750000   clock uncertainty
                                  0.000000   24.750000   clock reconvergence pessimism
                                 -5.000000   19.750000   output external delay
                                             19.750000   data required time
---------------------------------------------------------------------------------------------
                                             19.750000   data required time
                                             -5.623287   data arrival time
---------------------------------------------------------------------------------------------
                                             14.126713   slack (MET)


Startpoint: inputs[0] (input port clocked by clk)
Endpoint: outputs[12] (output port clocked by clk)
Path Group: clk
Path Type: max

Fanout         Cap        Slew       Delay        Time   Description
---------------------------------------------------------------------------------------------
                      0.000000    0.000000    0.000000   clock clk (rise edge)
                                  0.000000    0.000000   clock network delay (ideal)
                                  5.000000    5.000000 v input external delay
     1    0.004603    0.007537    0.003862    5.003862 v inputs[0] (in)
                                                         inputs[0] (net)
                      0.007537    0.000000    5.003862 v input1/A (sky130_fd_sc_hd__buf_4)
     6    0.056417    0.060769    0.118399    5.122261 v input1/X (sky130_fd_sc_hd__buf_4)
                                                         net1 (net)
                      0.060792    0.001106    5.123367 v _052_/A (sky130_fd_sc_hd__xor2_4)
     4    0.023382    0.064504    0.141886    5.265253 v _052_/X (sky130_fd_sc_hd__xor2_4)
                                                         net63 (net)
                      0.064504    0.000257    5.265510 v _059_/A (sky130_fd_sc_hd__xnor2_1)
     2    0.009997    0.181778    0.185496    5.451005 ^ _059_/Y (sky130_fd_sc_hd__xnor2_1)
                                                         net36 (net)
                      0.181778    0.000147    5.451153 ^ output36/A (sky130_fd_sc_hd__buf_2)
     1    0.034942    0.130752    0.167754    5.618907 ^ output36/X (sky130_fd_sc_hd__buf_2)
                                                         outputs[12] (net)
                      0.130752    0.000459    5.619366 ^ outputs[12] (out)
                                              5.619366   data arrival time

                      0.000000   25.000000   25.000000   clock clk (rise edge)
                                  0.000000   25.000000   clock network delay (ideal)
                                 -0.250000   24.750000   clock uncertainty
                                  0.000000   24.750000   clock reconvergence pessimism
                                 -5.000000   19.750000   output external delay
                                             19.750000   data required time
---------------------------------------------------------------------------------------------
                                             19.750000   data required time
                                             -5.619366   data arrival time
---------------------------------------------------------------------------------------------
                                             14.130634   slack (MET)


Startpoint: inputs[0] (input port clocked by clk)
Endpoint: outputs[5] (output port clocked by clk)
Path Group: clk
Path Type: max

Fanout         Cap        Slew       Delay        Time   Description
---------------------------------------------------------------------------------------------
                      0.000000    0.000000    0.000000   clock clk (rise edge)
                                  0.000000    0.000000   clock network delay (ideal)
                                  5.000000    5.000000 v input external delay
     1    0.004603    0.007537    0.003862    5.003862 v inputs[0] (in)
                                                         inputs[0] (net)
                      0.007537    0.000000    5.003862 v input1/A (sky130_fd_sc_hd__buf_4)
     6    0.056417    0.060769    0.118399    5.122261 v input1/X (sky130_fd_sc_hd__buf_4)
                                                         net1 (net)
                      0.060805    0.001348    5.123609 v _060_/A (sky130_fd_sc_hd__xor2_2)
     3    0.015314    0.063497    0.138786    5.262395 v _060_/X (sky130_fd_sc_hd__xor2_2)
                                                         net59 (net)
                      0.063497    0.000266    5.262661 v _122_/A (sky130_fd_sc_hd__xnor2_1)
     2    0.008077    0.154725    0.165100    5.427762 ^ _122_/Y (sky130_fd_sc_hd__xnor2_1)
                                                         net60 (net)
                      0.154725    0.000020    5.427782 ^ output60/A (sky130_fd_sc_hd__buf_2)
     1    0.033997    0.127270    0.162826    5.590607 ^ output60/X (sky130_fd_sc_hd__buf_2)
                                                         outputs[5] (net)
                      0.127270    0.000189    5.590796 ^ outputs[5] (out)
                                              5.590796   data arrival time

                      0.000000   25.000000   25.000000   clock clk (rise edge)
                                  0.000000   25.000000   clock network delay (ideal)
                                 -0.250000   24.750000   clock uncertainty
                                  0.000000   24.750000   clock reconvergence pessimism
                                 -5.000000   19.750000   output external delay
                                             19.750000   data required time
---------------------------------------------------------------------------------------------
                                             19.750000   data required time
                                             -5.590796   data arrival time
---------------------------------------------------------------------------------------------
                                             14.159204   slack (MET)


Startpoint: inputs[0] (input port clocked by clk)
Endpoint: outputs[9] (output port clocked by clk)
Path Group: clk
Path Type: max

Fanout         Cap        Slew       Delay        Time   Description
---------------------------------------------------------------------------------------------
                      0.000000    0.000000    0.000000   clock clk (rise edge)
                                  0.000000    0.000000   clock network delay (ideal)
                                  5.000000    5.000000 ^ input external delay
     1    0.004864    0.021253    0.012638    5.012639 ^ inputs[0] (in)
                                                         inputs[0] (net)
                      0.021253    0.000000    5.012639 ^ input1/A (sky130_fd_sc_hd__buf_4)
     6    0.060943    0.129308    0.140169    5.152808 ^ input1/X (sky130_fd_sc_hd__buf_4)
                                                         net1 (net)
                      0.129324    0.001199    5.154007 ^ _052_/A (sky130_fd_sc_hd__xor2_4)
     4    0.024904    0.167926    0.162059    5.316066 ^ _052_/X (sky130_fd_sc_hd__xor2_4)
                                                         net63 (net)
                      0.167926    0.000449    5.316515 ^ _120_/A (sky130_fd_sc_hd__xor2_1)
     1    0.002698    0.079187    0.091761    5.408277 ^ _120_/X (sky130_fd_sc_hd__xor2_1)
                                                         net64 (net)
                      0.079187    0.000028    5.408305 ^ output64/A (sky130_fd_sc_hd__buf_2)
     1    0.034402    0.128551    0.150425    5.558731 ^ output64/X (sky130_fd_sc_hd__buf_2)
                                                         outputs[9] (net)
                      0.128551    0.000386    5.559116 ^ outputs[9] (out)
                                              5.559116   data arrival time

                      0.000000   25.000000   25.000000   clock clk (rise edge)
                                  0.000000   25.000000   clock network delay (ideal)
                                 -0.250000   24.750000   clock uncertainty
                                  0.000000   24.750000   clock reconvergence pessimism
                                 -5.000000   19.750000   output external delay
                                             19.750000   data required time
---------------------------------------------------------------------------------------------
                                             19.750000   data required time
                                             -5.559116   data arrival time
---------------------------------------------------------------------------------------------
                                             14.190884   slack (MET)


Startpoint: inputs[0] (input port clocked by clk)
Endpoint: outputs[6] (output port clocked by clk)
Path Group: clk
Path Type: max

Fanout         Cap        Slew       Delay        Time   Description
---------------------------------------------------------------------------------------------
                      0.000000    0.000000    0.000000   clock clk (rise edge)
                                  0.000000    0.000000   clock network delay (ideal)
                                  5.000000    5.000000 ^ input external delay
     1    0.004864    0.021253    0.012638    5.012639 ^ inputs[0] (in)
                                                         inputs[0] (net)
                      0.021253    0.000000    5.012639 ^ input1/A (sky130_fd_sc_hd__buf_4)
     6    0.060943    0.129308    0.140169    5.152808 ^ input1/X (sky130_fd_sc_hd__buf_4)
                                                         net1 (net)
                      0.129332    0.001462    5.154270 ^ _060_/A (sky130_fd_sc_hd__xor2_2)
     3    0.016130    0.172924    0.157333    5.311603 ^ _060_/X (sky130_fd_sc_hd__xor2_2)
                                                         net59 (net)
                      0.172979    0.000323    5.311926 ^ _079_/A (sky130_fd_sc_hd__xor2_1)
     1    0.002516    0.076883    0.089885    5.401811 ^ _079_/X (sky130_fd_sc_hd__xor2_1)
                                                         net61 (net)
                      0.076883    0.000024    5.401835 ^ output61/A (sky130_fd_sc_hd__buf_2)
     1    0.034520    0.128975    0.150173    5.552008 ^ output61/X (sky130_fd_sc_hd__buf_2)
                                                         outputs[6] (net)
                      0.128975    0.000410    5.552418 ^ outputs[6] (out)
                                              5.552418   data arrival time

                      0.000000   25.000000   25.000000   clock clk (rise edge)
                                  0.000000   25.000000   clock network delay (ideal)
                                 -0.250000   24.750000   clock uncertainty
                                  0.000000   24.750000   clock reconvergence pessimism
                                 -5.000000   19.750000   output external delay
                                             19.750000   data required time
---------------------------------------------------------------------------------------------
                                             19.750000   data required time
                                             -5.552418   data arrival time
---------------------------------------------------------------------------------------------
                                             14.197582   slack (MET)


Startpoint: inputs[0] (input port clocked by clk)
Endpoint: outputs[16] (output port clocked by clk)
Path Group: clk
Path Type: max

Fanout         Cap        Slew       Delay        Time   Description
---------------------------------------------------------------------------------------------
                      0.000000    0.000000    0.000000   clock clk (rise edge)
                                  0.000000    0.000000   clock network delay (ideal)
                                  5.000000    5.000000 ^ input external delay
     1    0.004864    0.021253    0.012638    5.012639 ^ inputs[0] (in)
                                                         inputs[0] (net)
                      0.021253    0.000000    5.012639 ^ input1/A (sky130_fd_sc_hd__buf_4)
     6    0.060943    0.129308    0.140169    5.152808 ^ input1/X (sky130_fd_sc_hd__buf_4)
                                                         net1 (net)
                      0.129338    0.001632    5.154440 ^ _049_/B (sky130_fd_sc_hd__xor2_4)
     5    0.042249    0.248000    0.220084    5.374524 ^ _049_/X (sky130_fd_sc_hd__xor2_4)
                                                         net40 (net)
                      0.248006    0.000983    5.375506 ^ output40/A (sky130_fd_sc_hd__buf_2)
     1    0.034253    0.128652    0.172983    5.548489 ^ output40/X (sky130_fd_sc_hd__buf_2)
                                                         outputs[16] (net)
                      0.128652    0.000345    5.548833 ^ outputs[16] (out)
                                              5.548833   data arrival time

                      0.000000   25.000000   25.000000   clock clk (rise edge)
                                  0.000000   25.000000   clock network delay (ideal)
                                 -0.250000   24.750000   clock uncertainty
                                  0.000000   24.750000   clock reconvergence pessimism
                                 -5.000000   19.750000   output external delay
                                             19.750000   data required time
---------------------------------------------------------------------------------------------
                                             19.750000   data required time
                                             -5.548833   data arrival time
---------------------------------------------------------------------------------------------
                                             14.201166   slack (MET)


Startpoint: inputs[0] (input port clocked by clk)
Endpoint: outputs[3] (output port clocked by clk)
Path Group: clk
Path Type: max

Fanout         Cap        Slew       Delay        Time   Description
---------------------------------------------------------------------------------------------
                      0.000000    0.000000    0.000000   clock clk (rise edge)
                                  0.000000    0.000000   clock network delay (ideal)
                                  5.000000    5.000000 ^ input external delay
     1    0.004864    0.021253    0.012638    5.012639 ^ inputs[0] (in)
                                                         inputs[0] (net)
                      0.021253    0.000000    5.012639 ^ input1/A (sky130_fd_sc_hd__buf_4)
     6    0.060943    0.129308    0.140169    5.152808 ^ input1/X (sky130_fd_sc_hd__buf_4)
                                                         net1 (net)
                      0.129338    0.001644    5.154452 ^ _080_/A (sky130_fd_sc_hd__xor2_1)
     2    0.007593    0.141231    0.140857    5.295309 ^ _080_/X (sky130_fd_sc_hd__xor2_1)
                                                         net55 (net)
                      0.141231    0.000066    5.295374 ^ _127_/A (sky130_fd_sc_hd__xnor2_1)
     1    0.002040    0.073003    0.074441    5.369815 ^ _127_/Y (sky130_fd_sc_hd__xnor2_1)
                                                         net58 (net)
                      0.073003    0.000008    5.369824 ^ output58/A (sky130_fd_sc_hd__buf_2)
     1    0.035171    0.131285    0.150858    5.520681 ^ output58/X (sky130_fd_sc_hd__buf_2)
                                                         outputs[3] (net)
                      0.131325    0.000450    5.521132 ^ outputs[3] (out)
                                              5.521132   data arrival time

                      0.000000   25.000000   25.000000   clock clk (rise edge)
                                  0.000000   25.000000   clock network delay (ideal)
                                 -0.250000   24.750000   clock uncertainty
                                  0.000000   24.750000   clock reconvergence pessimism
                                 -5.000000   19.750000   output external delay
                                             19.750000   data required time
---------------------------------------------------------------------------------------------
                                             19.750000   data required time
                                             -5.521132   data arrival time
---------------------------------------------------------------------------------------------
                                             14.228868   slack (MET)


Startpoint: inputs[0] (input port clocked by clk)
Endpoint: outputs[4] (output port clocked by clk)
Path Group: clk
Path Type: max

Fanout         Cap        Slew       Delay        Time   Description
---------------------------------------------------------------------------------------------
                      0.000000    0.000000    0.000000   clock clk (rise edge)
                                  0.000000    0.000000   clock network delay (ideal)
                                  5.000000    5.000000 ^ input external delay
     1    0.004864    0.021253    0.012638    5.012639 ^ inputs[0] (in)
                                                         inputs[0] (net)
                      0.021253    0.000000    5.012639 ^ input1/A (sky130_fd_sc_hd__buf_4)
     6    0.060943    0.129308    0.140169    5.152808 ^ input1/X (sky130_fd_sc_hd__buf_4)
                                                         net1 (net)
                      0.129332    0.001462    5.154270 ^ _060_/A (sky130_fd_sc_hd__xor2_2)
     3    0.016130    0.172924    0.157333    5.311603 ^ _060_/X (sky130_fd_sc_hd__xor2_2)
                                                         net59 (net)
                      0.172979    0.000318    5.311921 ^ output59/A (sky130_fd_sc_hd__buf_2)
     1    0.038201    0.142166    0.174634    5.486556 ^ output59/X (sky130_fd_sc_hd__buf_2)
                                                         outputs[4] (net)
                      0.142168    0.000786    5.487342 ^ outputs[4] (out)
                                              5.487342   data arrival time

                      0.000000   25.000000   25.000000   clock clk (rise edge)
                                  0.000000   25.000000   clock network delay (ideal)
                                 -0.250000   24.750000   clock uncertainty
                                  0.000000   24.750000   clock reconvergence pessimism
                                 -5.000000   19.750000   output external delay
                                             19.750000   data required time
---------------------------------------------------------------------------------------------
                                             19.750000   data required time
                                             -5.487342   data arrival time
---------------------------------------------------------------------------------------------
                                             14.262657   slack (MET)


Startpoint: inputs[0] (input port clocked by clk)
Endpoint: outputs[8] (output port clocked by clk)
Path Group: clk
Path Type: max

Fanout         Cap        Slew       Delay        Time   Description
---------------------------------------------------------------------------------------------
                      0.000000    0.000000    0.000000   clock clk (rise edge)
                                  0.000000    0.000000   clock network delay (ideal)
                                  5.000000    5.000000 ^ input external delay
     1    0.004864    0.021253    0.012638    5.012639 ^ inputs[0] (in)
                                                         inputs[0] (net)
                      0.021253    0.000000    5.012639 ^ input1/A (sky130_fd_sc_hd__buf_4)
     6    0.060943    0.129308    0.140169    5.152808 ^ input1/X (sky130_fd_sc_hd__buf_4)
                                                         net1 (net)
                      0.129324    0.001199    5.154007 ^ _052_/A (sky130_fd_sc_hd__xor2_4)
     4    0.024904    0.167926    0.162059    5.316066 ^ _052_/X (sky130_fd_sc_hd__xor2_4)
                                                         net63 (net)
                      0.167926    0.000472    5.316538 ^ output63/A (sky130_fd_sc_hd__buf_2)
     1    0.034670    0.129730    0.165680    5.482219 ^ output63/X (sky130_fd_sc_hd__buf_2)
                                                         outputs[8] (net)
                      0.129730    0.000424    5.482643 ^ outputs[8] (out)
                                              5.482643   data arrival time

                      0.000000   25.000000   25.000000   clock clk (rise edge)
                                  0.000000   25.000000   clock network delay (ideal)
                                 -0.250000   24.750000   clock uncertainty
                                  0.000000   24.750000   clock reconvergence pessimism
                                 -5.000000   19.750000   output external delay
                                             19.750000   data required time
---------------------------------------------------------------------------------------------
                                             19.750000   data required time
                                             -5.482643   data arrival time
---------------------------------------------------------------------------------------------
                                             14.267357   slack (MET)


Startpoint: inputs[0] (input port clocked by clk)
Endpoint: outputs[2] (output port clocked by clk)
Path Group: clk
Path Type: max

Fanout         Cap        Slew       Delay        Time   Description
---------------------------------------------------------------------------------------------
                      0.000000    0.000000    0.000000   clock clk (rise edge)
                                  0.000000    0.000000   clock network delay (ideal)
                                  5.000000    5.000000 ^ input external delay
     1    0.004864    0.021253    0.012638    5.012639 ^ inputs[0] (in)
                                                         inputs[0] (net)
                      0.021253    0.000000    5.012639 ^ input1/A (sky130_fd_sc_hd__buf_4)
     6    0.060943    0.129308    0.140169    5.152808 ^ input1/X (sky130_fd_sc_hd__buf_4)
                                                         net1 (net)
                      0.129338    0.001644    5.154452 ^ _080_/A (sky130_fd_sc_hd__xor2_1)
     2    0.007593    0.141231    0.140857    5.295309 ^ _080_/X (sky130_fd_sc_hd__xor2_1)
                                                         net55 (net)
                      0.141231    0.000064    5.295372 ^ output55/A (sky130_fd_sc_hd__buf_2)
     1    0.034130    0.127670    0.161745    5.457117 ^ output55/X (sky130_fd_sc_hd__buf_2)
                                                         outputs[2] (net)
                      0.127670    0.000207    5.457324 ^ outputs[2] (out)
                                              5.457324   data arrival time

                      0.000000   25.000000   25.000000   clock clk (rise edge)
                                  0.000000   25.000000   clock network delay (ideal)
                                 -0.250000   24.750000   clock uncertainty
                                  0.000000   24.750000   clock reconvergence pessimism
                                 -5.000000   19.750000   output external delay
                                             19.750000   data required time
---------------------------------------------------------------------------------------------
                                             19.750000   data required time
                                             -5.457324   data arrival time
---------------------------------------------------------------------------------------------
                                             14.292676   slack (MET)


Startpoint: inputs[0] (input port clocked by clk)
Endpoint: outputs[1] (output port clocked by clk)
Path Group: clk
Path Type: max

Fanout         Cap        Slew       Delay        Time   Description
---------------------------------------------------------------------------------------------
                      0.000000    0.000000    0.000000   clock clk (rise edge)
                                  0.000000    0.000000   clock network delay (ideal)
                                  5.000000    5.000000 ^ input external delay
     1    0.004864    0.021253    0.012638    5.012639 ^ inputs[0] (in)
                                                         inputs[0] (net)
                      0.021253    0.000000    5.012639 ^ input1/A (sky130_fd_sc_hd__buf_4)
     6    0.060943    0.129308    0.140169    5.152808 ^ input1/X (sky130_fd_sc_hd__buf_4)
                                                         net1 (net)
                      0.129308    0.000199    5.153007 ^ _128_/A (sky130_fd_sc_hd__xor2_1)
     1    0.002849    0.080977    0.093725    5.246733 ^ _128_/X (sky130_fd_sc_hd__xor2_1)
                                                         net44 (net)
                      0.080977    0.000034    5.246766 ^ output44/A (sky130_fd_sc_hd__buf_2)
     1    0.036213    0.134966    0.155222    5.401989 ^ output44/X (sky130_fd_sc_hd__buf_2)
                                                         outputs[1] (net)
                      0.135007    0.000492    5.402481 ^ outputs[1] (out)
                                              5.402481   data arrival time

                      0.000000   25.000000   25.000000   clock clk (rise edge)
                                  0.000000   25.000000   clock network delay (ideal)
                                 -0.250000   24.750000   clock uncertainty
                                  0.000000   24.750000   clock reconvergence pessimism
                                 -5.000000   19.750000   output external delay
                                             19.750000   data required time
---------------------------------------------------------------------------------------------
                                             19.750000   data required time
                                             -5.402481   data arrival time
---------------------------------------------------------------------------------------------
                                             14.347519   slack (MET)


Startpoint: inputs[0] (input port clocked by clk)
Endpoint: outputs[0] (output port clocked by clk)
Path Group: clk
Path Type: max

Fanout         Cap        Slew       Delay        Time   Description
---------------------------------------------------------------------------------------------
                      0.000000    0.000000    0.000000   clock clk (rise edge)
                                  0.000000    0.000000   clock network delay (ideal)
                                  5.000000    5.000000 ^ input external delay
     1    0.004864    0.021253    0.012638    5.012639 ^ inputs[0] (in)
                                                         inputs[0] (net)
                      0.021253    0.000000    5.012639 ^ input1/A (sky130_fd_sc_hd__buf_4)
     6    0.060943    0.129308    0.140169    5.152808 ^ input1/X (sky130_fd_sc_hd__buf_4)
                                                         net1 (net)
                      0.129338    0.001635    5.154442 ^ _129_/A (sky130_fd_sc_hd__clkbuf_1)
     1    0.002561    0.031482    0.059282    5.213724 ^ _129_/X (sky130_fd_sc_hd__clkbuf_1)
                                                         net33 (net)
                      0.031482    0.000027    5.213751 ^ output33/A (sky130_fd_sc_hd__buf_2)
     1    0.034701    0.129748    0.138641    5.352392 ^ output33/X (sky130_fd_sc_hd__buf_2)
                                                         outputs[0] (net)
                      0.129750    0.000358    5.352750 ^ outputs[0] (out)
                                              5.352750   data arrival time

                      0.000000   25.000000   25.000000   clock clk (rise edge)
                                  0.000000   25.000000   clock network delay (ideal)
                                 -0.250000   24.750000   clock uncertainty
                                  0.000000   24.750000   clock reconvergence pessimism
                                 -5.000000   19.750000   output external delay
                                             19.750000   data required time
---------------------------------------------------------------------------------------------
                                             19.750000   data required time
                                             -5.352750   data arrival time
---------------------------------------------------------------------------------------------
                                             14.397249   slack (MET)



