
===========================================================================
report_checks -path_delay min (Hold)
============================================================================
======================= min_ff_n40C_1v95 Corner ===================================

Startpoint: inputs[1] (input port clocked by clk)
Endpoint: outputs[1] (output port clocked by clk)
Path Group: clk
Path Type: min

Fanout         Cap        Slew       Delay        Time   Description
---------------------------------------------------------------------------------------------
                      0.000000    0.000000    0.000000   clock clk (rise edge)
                                  0.000000    0.000000   clock network delay (ideal)
                                  5.000000    5.000000 ^ input external delay
     1    0.003143    0.015140    0.008121    5.008121 ^ inputs[1] (in)
                                                         inputs[1] (net)
                      0.015140    0.000000    5.008121 ^ input12/A (sky130_fd_sc_hd__clkbuf_4)
     5    0.042930    0.102768    0.134444    5.142565 ^ input12/X (sky130_fd_sc_hd__clkbuf_4)
                                                         net12 (net)
                      0.102768    0.000406    5.142971 ^ _128_/B (sky130_fd_sc_hd__xor2_1)
     1    0.002690    0.024836    0.041702    5.184673 v _128_/X (sky130_fd_sc_hd__xor2_1)
                                                         net44 (net)
                      0.024836    0.000032    5.184705 v output44/A (sky130_fd_sc_hd__buf_2)
     1    0.036213    0.065592    0.117755    5.302460 v output44/X (sky130_fd_sc_hd__buf_2)
                                                         outputs[1] (net)
                      0.065595    0.000492    5.302952 v outputs[1] (out)
                                              5.302952   data arrival time

                      0.000000    0.000000    0.000000   clock clk (rise edge)
                                  0.000000    0.000000   clock network delay (ideal)
                                  0.250000    0.250000   clock uncertainty
                                  0.000000    0.250000   clock reconvergence pessimism
                                 -5.000000   -4.750000   output external delay
                                             -4.750000   data required time
---------------------------------------------------------------------------------------------
                                             -4.750000   data required time
                                             -5.302952   data arrival time
---------------------------------------------------------------------------------------------
                                             10.052953   slack (MET)


Startpoint: inputs[0] (input port clocked by clk)
Endpoint: outputs[0] (output port clocked by clk)
Path Group: clk
Path Type: min

Fanout         Cap        Slew       Delay        Time   Description
---------------------------------------------------------------------------------------------
                      0.000000    0.000000    0.000000   clock clk (rise edge)
                                  0.000000    0.000000   clock network delay (ideal)
                                  5.000000    5.000000 v input external delay
     1    0.004603    0.007537    0.003862    5.003862 v inputs[0] (in)
                                                         inputs[0] (net)
                      0.007537    0.000000    5.003862 v input1/A (sky130_fd_sc_hd__buf_4)
     6    0.056417    0.060769    0.118399    5.122261 v input1/X (sky130_fd_sc_hd__buf_4)
                                                         net1 (net)
                      0.060815    0.001507    5.123768 v _129_/A (sky130_fd_sc_hd__clkbuf_1)
     1    0.002402    0.017491    0.066642    5.190410 v _129_/X (sky130_fd_sc_hd__clkbuf_1)
                                                         net33 (net)
                      0.017491    0.000025    5.190435 v output33/A (sky130_fd_sc_hd__buf_2)
     1    0.034701    0.063262    0.113241    5.303676 v output33/X (sky130_fd_sc_hd__buf_2)
                                                         outputs[0] (net)
                      0.063264    0.000358    5.304034 v outputs[0] (out)
                                              5.304034   data arrival time

                      0.000000    0.000000    0.000000   clock clk (rise edge)
                                  0.000000    0.000000   clock network delay (ideal)
                                  0.250000    0.250000   clock uncertainty
                                  0.000000    0.250000   clock reconvergence pessimism
                                 -5.000000   -4.750000   output external delay
                                             -4.750000   data required time
---------------------------------------------------------------------------------------------
                                             -4.750000   data required time
                                             -5.304034   data arrival time
---------------------------------------------------------------------------------------------
                                             10.054034   slack (MET)


Startpoint: inputs[2] (input port clocked by clk)
Endpoint: outputs[2] (output port clocked by clk)
Path Group: clk
Path Type: min

Fanout         Cap        Slew       Delay        Time   Description
---------------------------------------------------------------------------------------------
                      0.000000    0.000000    0.000000   clock clk (rise edge)
                                  0.000000    0.000000   clock network delay (ideal)
                                  5.000000    5.000000 ^ input external delay
     1    0.003028    0.014730    0.007825    5.007825 ^ inputs[2] (in)
                                                         inputs[2] (net)
                      0.014730    0.000000    5.007825 ^ input23/A (sky130_fd_sc_hd__buf_2)
     4    0.029819    0.112386    0.121636    5.129461 ^ input23/X (sky130_fd_sc_hd__buf_2)
                                                         net23 (net)
                      0.112387    0.000316    5.129777 ^ _080_/B (sky130_fd_sc_hd__xor2_1)
     2    0.007108    0.036980    0.062176    5.191953 v _080_/X (sky130_fd_sc_hd__xor2_1)
                                                         net55 (net)
                      0.036980    0.000060    5.192012 v output55/A (sky130_fd_sc_hd__buf_2)
     1    0.034130    0.062391    0.120178    5.312191 v output55/X (sky130_fd_sc_hd__buf_2)
                                                         outputs[2] (net)
                      0.062391    0.000207    5.312397 v outputs[2] (out)
                                              5.312397   data arrival time

                      0.000000    0.000000    0.000000   clock clk (rise edge)
                                  0.000000    0.000000   clock network delay (ideal)
                                  0.250000    0.250000   clock uncertainty
                                  0.000000    0.250000   clock reconvergence pessimism
                                 -5.000000   -4.750000   output external delay
                                             -4.750000   data required time
---------------------------------------------------------------------------------------------
                                             -4.750000   data required time
                                             -5.312397   data arrival time
---------------------------------------------------------------------------------------------
                                             10.062397   slack (MET)


Startpoint: inputs[8] (input port clocked by clk)
Endpoint: outputs[8] (output port clocked by clk)
Path Group: clk
Path Type: min

Fanout         Cap        Slew       Delay        Time   Description
---------------------------------------------------------------------------------------------
                      0.000000    0.000000    0.000000   clock clk (rise edge)
                                  0.000000    0.000000   clock network delay (ideal)
                                  5.000000    5.000000 ^ input external delay
     1    0.003702    0.017155    0.009581    5.009581 ^ inputs[8] (in)
                                                         inputs[8] (net)
                      0.017155    0.000000    5.009581 ^ input31/A (sky130_fd_sc_hd__clkbuf_2)
     2    0.024968    0.107585    0.116755    5.126336 ^ input31/X (sky130_fd_sc_hd__clkbuf_2)
                                                         net31 (net)
                      0.107586    0.000182    5.126518 ^ _052_/B (sky130_fd_sc_hd__xor2_4)
     4    0.023382    0.040217    0.071083    5.197601 v _052_/X (sky130_fd_sc_hd__xor2_4)
                                                         net63 (net)
                      0.040221    0.000445    5.198046 v output63/A (sky130_fd_sc_hd__buf_2)
     1    0.034670    0.063282    0.122001    5.320047 v output63/X (sky130_fd_sc_hd__buf_2)
                                                         outputs[8] (net)
                      0.063284    0.000424    5.320470 v outputs[8] (out)
                                              5.320470   data arrival time

                      0.000000    0.000000    0.000000   clock clk (rise edge)
                                  0.000000    0.000000   clock network delay (ideal)
                                  0.250000    0.250000   clock uncertainty
                                  0.000000    0.250000   clock reconvergence pessimism
                                 -5.000000   -4.750000   output external delay
                                             -4.750000   data required time
---------------------------------------------------------------------------------------------
                                             -4.750000   data required time
                                             -5.320470   data arrival time
---------------------------------------------------------------------------------------------
                                             10.070471   slack (MET)


Startpoint: inputs[4] (input port clocked by clk)
Endpoint: outputs[4] (output port clocked by clk)
Path Group: clk
Path Type: min

Fanout         Cap        Slew       Delay        Time   Description
---------------------------------------------------------------------------------------------
                      0.000000    0.000000    0.000000   clock clk (rise edge)
                                  0.000000    0.000000   clock network delay (ideal)
                                  5.000000    5.000000 ^ input external delay
     1    0.003626    0.016881    0.009389    5.009389 ^ inputs[4] (in)
                                                         inputs[4] (net)
                      0.016882    0.000000    5.009389 ^ input27/A (sky130_fd_sc_hd__clkbuf_2)
     3    0.023724    0.102558    0.113262    5.122651 ^ input27/X (sky130_fd_sc_hd__clkbuf_2)
                                                         net27 (net)
                      0.102559    0.000231    5.122883 ^ _060_/B (sky130_fd_sc_hd__xor2_2)
     3    0.015314    0.042381    0.069682    5.192564 v _060_/X (sky130_fd_sc_hd__xor2_2)
                                                         net59 (net)
                      0.042382    0.000302    5.192866 v output59/A (sky130_fd_sc_hd__buf_2)
     1    0.038201    0.068664    0.127110    5.319976 v output59/X (sky130_fd_sc_hd__buf_2)
                                                         outputs[4] (net)
                      0.068673    0.000786    5.320762 v outputs[4] (out)
                                              5.320762   data arrival time

                      0.000000    0.000000    0.000000   clock clk (rise edge)
                                  0.000000    0.000000   clock network delay (ideal)
                                  0.250000    0.250000   clock uncertainty
                                  0.000000    0.250000   clock reconvergence pessimism
                                 -5.000000   -4.750000   output external delay
                                             -4.750000   data required time
---------------------------------------------------------------------------------------------
                                             -4.750000   data required time
                                             -5.320762   data arrival time
---------------------------------------------------------------------------------------------
                                             10.070763   slack (MET)


Startpoint: inputs[16] (input port clocked by clk)
Endpoint: outputs[16] (output port clocked by clk)
Path Group: clk
Path Type: min

Fanout         Cap        Slew       Delay        Time   Description
---------------------------------------------------------------------------------------------
                      0.000000    0.000000    0.000000   clock clk (rise edge)
                                  0.000000    0.000000   clock network delay (ideal)
                                  5.000000    5.000000 ^ input external delay
     1    0.003380    0.015990    0.008740    5.008740 ^ inputs[16] (in)
                                                         inputs[16] (net)
                      0.015996    0.000000    5.008740 ^ input8/A (sky130_fd_sc_hd__clkbuf_2)
     1    0.018399    0.081012    0.098510    5.107250 ^ input8/X (sky130_fd_sc_hd__clkbuf_2)
                                                         net8 (net)
                      0.081012    0.000170    5.107420 ^ _049_/A (sky130_fd_sc_hd__xor2_4)
     5    0.039303    0.053734    0.088829    5.196249 v _049_/X (sky130_fd_sc_hd__xor2_4)
                                                         net40 (net)
                      0.053751    0.000913    5.197161 v output40/A (sky130_fd_sc_hd__buf_2)
     1    0.034253    0.062635    0.126953    5.324114 v output40/X (sky130_fd_sc_hd__buf_2)
                                                         outputs[16] (net)
                      0.062636    0.000345    5.324459 v outputs[16] (out)
                                              5.324459   data arrival time

                      0.000000    0.000000    0.000000   clock clk (rise edge)
                                  0.000000    0.000000   clock network delay (ideal)
                                  0.250000    0.250000   clock uncertainty
                                  0.000000    0.250000   clock reconvergence pessimism
                                 -5.000000   -4.750000   output external delay
                                             -4.750000   data required time
---------------------------------------------------------------------------------------------
                                             -4.750000   data required time
                                             -5.324459   data arrival time
---------------------------------------------------------------------------------------------
                                             10.074459   slack (MET)


Startpoint: inputs[6] (input port clocked by clk)
Endpoint: outputs[6] (output port clocked by clk)
Path Group: clk
Path Type: min

Fanout         Cap        Slew       Delay        Time   Description
---------------------------------------------------------------------------------------------
                      0.000000    0.000000    0.000000   clock clk (rise edge)
                                  0.000000    0.000000   clock network delay (ideal)
                                  5.000000    5.000000 ^ input external delay
     1    0.003243    0.015500    0.008386    5.008386 ^ inputs[6] (in)
                                                         inputs[6] (net)
                      0.015504    0.000000    5.008386 ^ input29/A (sky130_fd_sc_hd__clkbuf_2)
     3    0.019378    0.084964    0.101018    5.109405 ^ input29/X (sky130_fd_sc_hd__clkbuf_2)
                                                         net29 (net)
                      0.084964    0.000174    5.109578 ^ _078_/B (sky130_fd_sc_hd__xor2_2)
     2    0.013289    0.038953    0.061748    5.171326 v _078_/X (sky130_fd_sc_hd__xor2_2)
                                                         _044_ (net)
                      0.038956    0.000399    5.171725 v _079_/B (sky130_fd_sc_hd__xor2_1)
     1    0.002357    0.023741    0.085381    5.257106 v _079_/X (sky130_fd_sc_hd__xor2_1)
                                                         net61 (net)
                      0.023741    0.000022    5.257128 v output61/A (sky130_fd_sc_hd__buf_2)
     1    0.034520    0.063052    0.115218    5.372346 v output61/X (sky130_fd_sc_hd__buf_2)
                                                         outputs[6] (net)
                      0.063054    0.000410    5.372756 v outputs[6] (out)
                                              5.372756   data arrival time

                      0.000000    0.000000    0.000000   clock clk (rise edge)
                                  0.000000    0.000000   clock network delay (ideal)
                                  0.250000    0.250000   clock uncertainty
                                  0.000000    0.250000   clock reconvergence pessimism
                                 -5.000000   -4.750000   output external delay
                                             -4.750000   data required time
---------------------------------------------------------------------------------------------
                                             -4.750000   data required time
                                             -5.372756   data arrival time
---------------------------------------------------------------------------------------------
                                             10.122756   slack (MET)


Startpoint: inputs[2] (input port clocked by clk)
Endpoint: outputs[3] (output port clocked by clk)
Path Group: clk
Path Type: min

Fanout         Cap        Slew       Delay        Time   Description
---------------------------------------------------------------------------------------------
                      0.000000    0.000000    0.000000   clock clk (rise edge)
                                  0.000000    0.000000   clock network delay (ideal)
                                  5.000000    5.000000 ^ input external delay
     1    0.003028    0.014730    0.007825    5.007825 ^ inputs[2] (in)
                                                         inputs[2] (net)
                      0.014730    0.000000    5.007825 ^ input23/A (sky130_fd_sc_hd__buf_2)
     4    0.029819    0.112386    0.121636    5.129461 ^ input23/X (sky130_fd_sc_hd__buf_2)
                                                         net23 (net)
                      0.112387    0.000316    5.129777 ^ _080_/B (sky130_fd_sc_hd__xor2_1)
     2    0.007108    0.036980    0.062176    5.191953 v _080_/X (sky130_fd_sc_hd__xor2_1)
                                                         net55 (net)
                      0.036980    0.000061    5.192014 v _127_/A (sky130_fd_sc_hd__xnor2_1)
     1    0.001881    0.020177    0.075174    5.267188 v _127_/Y (sky130_fd_sc_hd__xnor2_1)
                                                         net58 (net)
                      0.020177    0.000008    5.267196 v output58/A (sky130_fd_sc_hd__buf_2)
     1    0.035171    0.064013    0.114722    5.381918 v output58/X (sky130_fd_sc_hd__buf_2)
                                                         outputs[3] (net)
                      0.064016    0.000450    5.382369 v outputs[3] (out)
                                              5.382369   data arrival time

                      0.000000    0.000000    0.000000   clock clk (rise edge)
                                  0.000000    0.000000   clock network delay (ideal)
                                  0.250000    0.250000   clock uncertainty
                                  0.000000    0.250000   clock reconvergence pessimism
                                 -5.000000   -4.750000   output external delay
                                             -4.750000   data required time
---------------------------------------------------------------------------------------------
                                             -4.750000   data required time
                                             -5.382369   data arrival time
---------------------------------------------------------------------------------------------
                                             10.132369   slack (MET)


Startpoint: inputs[9] (input port clocked by clk)
Endpoint: outputs[9] (output port clocked by clk)
Path Group: clk
Path Type: min

Fanout         Cap        Slew       Delay        Time   Description
---------------------------------------------------------------------------------------------
                      0.000000    0.000000    0.000000   clock clk (rise edge)
                                  0.000000    0.000000   clock network delay (ideal)
                                  5.000000    5.000000 ^ input external delay
     1    0.004348    0.019448    0.011291    5.011292 ^ inputs[9] (in)
                                                         inputs[9] (net)
                      0.019449    0.000000    5.011292 ^ input32/A (sky130_fd_sc_hd__clkbuf_2)
     2    0.018283    0.080568    0.099164    5.110456 ^ input32/X (sky130_fd_sc_hd__clkbuf_2)
                                                         net32 (net)
                      0.080568    0.000126    5.110581 ^ _109_/B (sky130_fd_sc_hd__xor2_2)
     3    0.016943    0.045143    0.068306    5.178887 v _109_/X (sky130_fd_sc_hd__xor2_2)
                                                         _016_ (net)
                      0.045143    0.000195    5.179082 v _120_/B (sky130_fd_sc_hd__xor2_1)
     1    0.002539    0.024296    0.088345    5.267426 v _120_/X (sky130_fd_sc_hd__xor2_1)
                                                         net64 (net)
                      0.024296    0.000027    5.267453 v output64/A (sky130_fd_sc_hd__buf_2)
     1    0.034402    0.062867    0.115307    5.382760 v output64/X (sky130_fd_sc_hd__buf_2)
                                                         outputs[9] (net)
                      0.062868    0.000386    5.383146 v outputs[9] (out)
                                              5.383146   data arrival time

                      0.000000    0.000000    0.000000   clock clk (rise edge)
                                  0.000000    0.000000   clock network delay (ideal)
                                  0.250000    0.250000   clock uncertainty
                                  0.000000    0.250000   clock reconvergence pessimism
                                 -5.000000   -4.750000   output external delay
                                             -4.750000   data required time
---------------------------------------------------------------------------------------------
                                             -4.750000   data required time
                                             -5.383146   data arrival time
---------------------------------------------------------------------------------------------
                                             10.133146   slack (MET)


Startpoint: inputs[17] (input port clocked by clk)
Endpoint: outputs[17] (output port clocked by clk)
Path Group: clk
Path Type: min

Fanout         Cap        Slew       Delay        Time   Description
---------------------------------------------------------------------------------------------
                      0.000000    0.000000    0.000000   clock clk (rise edge)
                                  0.000000    0.000000   clock network delay (ideal)
                                  5.000000    5.000000 ^ input external delay
     1    0.004192    0.018898    0.010874    5.010875 ^ inputs[17] (in)
                                                         inputs[17] (net)
                      0.018898    0.000000    5.010875 ^ input9/A (sky130_fd_sc_hd__clkbuf_2)
     1    0.018927    0.083170    0.100720    5.111594 ^ input9/X (sky130_fd_sc_hd__clkbuf_2)
                                                         net9 (net)
                      0.083170    0.000213    5.111807 ^ _081_/A (sky130_fd_sc_hd__xor2_4)
     4    0.022987    0.039823    0.070183    5.181991 v _081_/X (sky130_fd_sc_hd__xor2_4)
                                                         _045_ (net)
                      0.039828    0.000463    5.182454 v _108_/B (sky130_fd_sc_hd__xor2_1)
     1    0.004373    0.029295    0.092681    5.275135 v _108_/X (sky130_fd_sc_hd__xor2_1)
                                                         net41 (net)
                      0.029295    0.000064    5.275199 v output41/A (sky130_fd_sc_hd__buf_2)
     1    0.033926    0.062080    0.116854    5.392053 v output41/X (sky130_fd_sc_hd__buf_2)
                                                         outputs[17] (net)
                      0.062080    0.000187    5.392239 v outputs[17] (out)
                                              5.392239   data arrival time

                      0.000000    0.000000    0.000000   clock clk (rise edge)
                                  0.000000    0.000000   clock network delay (ideal)
                                  0.250000    0.250000   clock uncertainty
                                  0.000000    0.250000   clock reconvergence pessimism
                                 -5.000000   -4.750000   output external delay
                                             -4.750000   data required time
---------------------------------------------------------------------------------------------
                                             -4.750000   data required time
                                             -5.392239   data arrival time
---------------------------------------------------------------------------------------------
                                             10.142240   slack (MET)


Startpoint: inputs[20] (input port clocked by clk)
Endpoint: outputs[20] (output port clocked by clk)
Path Group: clk
Path Type: min

Fanout         Cap        Slew       Delay        Time   Description
---------------------------------------------------------------------------------------------
                      0.000000    0.000000    0.000000   clock clk (rise edge)
                                  0.000000    0.000000   clock network delay (ideal)
                                  5.000000    5.000000 ^ input external delay
     1    0.003394    0.016044    0.008781    5.008781 ^ inputs[20] (in)
                                                         inputs[20] (net)
                      0.016049    0.000000    5.008781 ^ input13/A (sky130_fd_sc_hd__buf_1)
     1    0.009304    0.086604    0.086532    5.095313 ^ input13/X (sky130_fd_sc_hd__buf_1)
                                                         net13 (net)
                      0.086604    0.000083    5.095396 ^ _053_/A (sky130_fd_sc_hd__xnor2_2)
     1    0.019035    0.081249    0.114716    5.210112 ^ _053_/Y (sky130_fd_sc_hd__xnor2_2)
                                                         _029_ (net)
                      0.081250    0.000441    5.210553 ^ _055_/B (sky130_fd_sc_hd__xnor2_4)
     4    0.020313    0.047024    0.059721    5.270274 v _055_/Y (sky130_fd_sc_hd__xnor2_4)
                                                         net45 (net)
                      0.047024    0.000125    5.270399 v output45/A (sky130_fd_sc_hd__buf_2)
     1    0.034271    0.062660    0.124277    5.394676 v output45/X (sky130_fd_sc_hd__buf_2)
                                                         outputs[20] (net)
                      0.062661    0.000345    5.395021 v outputs[20] (out)
                                              5.395021   data arrival time

                      0.000000    0.000000    0.000000   clock clk (rise edge)
                                  0.000000    0.000000   clock network delay (ideal)
                                  0.250000    0.250000   clock uncertainty
                                  0.000000    0.250000   clock reconvergence pessimism
                                 -5.000000   -4.750000   output external delay
                                             -4.750000   data required time
---------------------------------------------------------------------------------------------
                                             -4.750000   data required time
                                             -5.395021   data arrival time
---------------------------------------------------------------------------------------------
                                             10.145021   slack (MET)


Startpoint: inputs[24] (input port clocked by clk)
Endpoint: outputs[24] (output port clocked by clk)
Path Group: clk
Path Type: min

Fanout         Cap        Slew       Delay        Time   Description
---------------------------------------------------------------------------------------------
                      0.000000    0.000000    0.000000   clock clk (rise edge)
                                  0.000000    0.000000   clock network delay (ideal)
                                  5.000000    5.000000 ^ input external delay
     1    0.003203    0.015357    0.008281    5.008282 ^ inputs[24] (in)
                                                         inputs[24] (net)
                      0.015357    0.000000    5.008282 ^ input17/A (sky130_fd_sc_hd__buf_1)
     1    0.009519    0.088433    0.087593    5.095874 ^ input17/X (sky130_fd_sc_hd__buf_1)
                                                         net17 (net)
                      0.088433    0.000081    5.095955 ^ _050_/A (sky130_fd_sc_hd__xor2_2)
     2    0.013646    0.039563    0.067698    5.163654 v _050_/X (sky130_fd_sc_hd__xor2_2)
                                                         _028_ (net)
                      0.039563    0.000168    5.163822 v _051_/B (sky130_fd_sc_hd__xor2_2)
     3    0.015543    0.042776    0.111925    5.275747 v _051_/X (sky130_fd_sc_hd__xor2_2)
                                                         net49 (net)
                      0.042778    0.000383    5.276129 v output49/A (sky130_fd_sc_hd__buf_2)
     1    0.033867    0.061985    0.122198    5.398328 v output49/X (sky130_fd_sc_hd__buf_2)
                                                         outputs[24] (net)
                      0.061985    0.000163    5.398491 v outputs[24] (out)
                                              5.398491   data arrival time

                      0.000000    0.000000    0.000000   clock clk (rise edge)
                                  0.000000    0.000000   clock network delay (ideal)
                                  0.250000    0.250000   clock uncertainty
                                  0.000000    0.250000   clock reconvergence pessimism
                                 -5.000000   -4.750000   output external delay
                                             -4.750000   data required time
---------------------------------------------------------------------------------------------
                                             -4.750000   data required time
                                             -5.398491   data arrival time
---------------------------------------------------------------------------------------------
                                             10.148491   slack (MET)


Startpoint: inputs[18] (input port clocked by clk)
Endpoint: outputs[18] (output port clocked by clk)
Path Group: clk
Path Type: min

Fanout         Cap        Slew       Delay        Time   Description
---------------------------------------------------------------------------------------------
                      0.000000    0.000000    0.000000   clock clk (rise edge)
                                  0.000000    0.000000   clock network delay (ideal)
                                  5.000000    5.000000 ^ input external delay
     1    0.003046    0.014793    0.007869    5.007869 ^ inputs[18] (in)
                                                         inputs[18] (net)
                      0.014793    0.000000    5.007869 ^ input10/A (sky130_fd_sc_hd__buf_1)
     1    0.009192    0.085669    0.085518    5.093387 ^ input10/X (sky130_fd_sc_hd__buf_1)
                                                         net10 (net)
                      0.085669    0.000080    5.093468 ^ _061_/A (sky130_fd_sc_hd__xnor2_2)
     3    0.020721    0.087273    0.119114    5.212582 ^ _061_/Y (sky130_fd_sc_hd__xnor2_2)
                                                         _033_ (net)
                      0.087273    0.000190    5.212772 ^ _072_/B (sky130_fd_sc_hd__xnor2_1)
     2    0.009614    0.050500    0.067798    5.280571 v _072_/Y (sky130_fd_sc_hd__xnor2_1)
                                                         net42 (net)
                      0.050500    0.000113    5.280684 v output42/A (sky130_fd_sc_hd__buf_2)
     1    0.034256    0.062637    0.125651    5.406334 v output42/X (sky130_fd_sc_hd__buf_2)
                                                         outputs[18] (net)
                      0.062639    0.000345    5.406679 v outputs[18] (out)
                                              5.406679   data arrival time

                      0.000000    0.000000    0.000000   clock clk (rise edge)
                                  0.000000    0.000000   clock network delay (ideal)
                                  0.250000    0.250000   clock uncertainty
                                  0.000000    0.250000   clock reconvergence pessimism
                                 -5.000000   -4.750000   output external delay
                                             -4.750000   data required time
---------------------------------------------------------------------------------------------
                                             -4.750000   data required time
                                             -5.406679   data arrival time
---------------------------------------------------------------------------------------------
                                             10.156679   slack (MET)


Startpoint: inputs[5] (input port clocked by clk)
Endpoint: outputs[5] (output port clocked by clk)
Path Group: clk
Path Type: min

Fanout         Cap        Slew       Delay        Time   Description
---------------------------------------------------------------------------------------------
                      0.000000    0.000000    0.000000   clock clk (rise edge)
                                  0.000000    0.000000   clock network delay (ideal)
                                  5.000000    5.000000 ^ input external delay
     1    0.002865    0.014149    0.007396    5.007396 ^ inputs[5] (in)
                                                         inputs[5] (net)
                      0.014149    0.000000    5.007396 ^ input28/A (sky130_fd_sc_hd__dlymetal6s2s_1)
     3    0.017911    0.150168    0.134794    5.142190 ^ input28/X (sky130_fd_sc_hd__dlymetal6s2s_1)
                                                         net28 (net)
                      0.150168    0.000217    5.142406 ^ _121_/B (sky130_fd_sc_hd__xnor2_1)
     1    0.005119    0.054058    0.090735    5.233141 ^ _121_/Y (sky130_fd_sc_hd__xnor2_1)
                                                         _024_ (net)
                      0.054058    0.000047    5.233188 ^ _122_/B (sky130_fd_sc_hd__xnor2_1)
     2    0.007592    0.041218    0.054601    5.287789 v _122_/Y (sky130_fd_sc_hd__xnor2_1)
                                                         net60 (net)
                      0.041218    0.000018    5.287807 v output60/A (sky130_fd_sc_hd__buf_2)
     1    0.033997    0.062188    0.121720    5.409528 v output60/X (sky130_fd_sc_hd__buf_2)
                                                         outputs[5] (net)
                      0.062188    0.000189    5.409717 v outputs[5] (out)
                                              5.409717   data arrival time

                      0.000000    0.000000    0.000000   clock clk (rise edge)
                                  0.000000    0.000000   clock network delay (ideal)
                                  0.250000    0.250000   clock uncertainty
                                  0.000000    0.250000   clock reconvergence pessimism
                                 -5.000000   -4.750000   output external delay
                                             -4.750000   data required time
---------------------------------------------------------------------------------------------
                                             -4.750000   data required time
                                             -5.409717   data arrival time
---------------------------------------------------------------------------------------------
                                             10.159717   slack (MET)


Startpoint: inputs[12] (input port clocked by clk)
Endpoint: outputs[12] (output port clocked by clk)
Path Group: clk
Path Type: min

Fanout         Cap        Slew       Delay        Time   Description
---------------------------------------------------------------------------------------------
                      0.000000    0.000000    0.000000   clock clk (rise edge)
                                  0.000000    0.000000   clock network delay (ideal)
                                  5.000000    5.000000 ^ input external delay
     1    0.002860    0.014130    0.007378    5.007378 ^ inputs[12] (in)
                                                         inputs[12] (net)
                      0.014130    0.000000    5.007378 ^ input4/A (sky130_fd_sc_hd__buf_1)
     2    0.011207    0.102799    0.097044    5.104423 ^ input4/X (sky130_fd_sc_hd__buf_1)
                                                         net4 (net)
                      0.102800    0.000130    5.104552 ^ _058_/B (sky130_fd_sc_hd__xnor2_1)
     2    0.012573    0.062838    0.081549    5.186101 v _058_/Y (sky130_fd_sc_hd__xnor2_1)
                                                         _032_ (net)
                      0.062838    0.000279    5.186381 v _059_/B (sky130_fd_sc_hd__xnor2_1)
     2    0.009512    0.050061    0.111566    5.297946 v _059_/Y (sky130_fd_sc_hd__xnor2_1)
                                                         net36 (net)
                      0.050061    0.000140    5.298087 v output36/A (sky130_fd_sc_hd__buf_2)
     1    0.034942    0.063701    0.126263    5.424350 v output36/X (sky130_fd_sc_hd__buf_2)
                                                         outputs[12] (net)
                      0.063703    0.000459    5.424809 v outputs[12] (out)
                                              5.424809   data arrival time

                      0.000000    0.000000    0.000000   clock clk (rise edge)
                                  0.000000    0.000000   clock network delay (ideal)
                                  0.250000    0.250000   clock uncertainty
                                  0.000000    0.250000   clock reconvergence pessimism
                                 -5.000000   -4.750000   output external delay
                                             -4.750000   data required time
---------------------------------------------------------------------------------------------
                                             -4.750000   data required time
                                             -5.424809   data arrival time
---------------------------------------------------------------------------------------------
                                             10.174809   slack (MET)


Startpoint: inputs[10] (input port clocked by clk)
Endpoint: outputs[10] (output port clocked by clk)
Path Group: clk
Path Type: min

Fanout         Cap        Slew       Delay        Time   Description
---------------------------------------------------------------------------------------------
                      0.000000    0.000000    0.000000   clock clk (rise edge)
                                  0.000000    0.000000   clock network delay (ideal)
                                  5.000000    5.000000 ^ input external delay
     1    0.003858    0.017714    0.010004    5.010005 ^ inputs[10] (in)
                                                         inputs[10] (net)
                      0.017714    0.000000    5.010005 ^ input2/A (sky130_fd_sc_hd__buf_1)
     2    0.011047    0.101412    0.097155    5.107160 ^ input2/X (sky130_fd_sc_hd__buf_1)
                                                         net2 (net)
                      0.101412    0.000088    5.107248 ^ _073_/B (sky130_fd_sc_hd__xnor2_1)
     1    0.011723    0.059276    0.078135    5.185383 v _073_/Y (sky130_fd_sc_hd__xnor2_1)
                                                         _041_ (net)
                      0.059277    0.000302    5.185685 v _074_/B (sky130_fd_sc_hd__xnor2_2)
     3    0.015214    0.052845    0.113770    5.299454 v _074_/Y (sky130_fd_sc_hd__xnor2_2)
                                                         net34 (net)
                      0.052845    0.000224    5.299679 v output34/A (sky130_fd_sc_hd__buf_2)
     1    0.035961    0.065322    0.128473    5.428152 v output34/X (sky130_fd_sc_hd__buf_2)
                                                         outputs[10] (net)
                      0.065330    0.000734    5.428885 v outputs[10] (out)
                                              5.428885   data arrival time

                      0.000000    0.000000    0.000000   clock clk (rise edge)
                                  0.000000    0.000000   clock network delay (ideal)
                                  0.250000    0.250000   clock uncertainty
                                  0.000000    0.250000   clock reconvergence pessimism
                                 -5.000000   -4.750000   output external delay
                                             -4.750000   data required time
---------------------------------------------------------------------------------------------
                                             -4.750000   data required time
                                             -5.428885   data arrival time
---------------------------------------------------------------------------------------------
                                             10.178885   slack (MET)


Startpoint: inputs[19] (input port clocked by clk)
Endpoint: outputs[19] (output port clocked by clk)
Path Group: clk
Path Type: min

Fanout         Cap        Slew       Delay        Time   Description
---------------------------------------------------------------------------------------------
                      0.000000    0.000000    0.000000   clock clk (rise edge)
                                  0.000000    0.000000   clock network delay (ideal)
                                  5.000000    5.000000 ^ input external delay
     1    0.002635    0.013329    0.006784    5.006784 ^ inputs[19] (in)
                                                         inputs[19] (net)
                      0.013329    0.000000    5.006784 ^ input11/A (sky130_fd_sc_hd__buf_1)
     1    0.009578    0.088938    0.087361    5.094145 ^ input11/X (sky130_fd_sc_hd__buf_1)
                                                         net11 (net)
                      0.088938    0.000071    5.094217 ^ _088_/A (sky130_fd_sc_hd__xnor2_2)
     3    0.014538    0.051117    0.069059    5.163275 v _088_/Y (sky130_fd_sc_hd__xnor2_2)
                                                         _003_ (net)
                      0.051117    0.000138    5.163414 v _106_/B (sky130_fd_sc_hd__xor2_1)
     1    0.005146    0.099393    0.114583    5.277996 ^ _106_/X (sky130_fd_sc_hd__xor2_1)
                                                         _015_ (net)
                      0.099393    0.000054    5.278050 ^ _107_/B (sky130_fd_sc_hd__xnor2_1)
     1    0.002855    0.023910    0.041735    5.319785 v _107_/Y (sky130_fd_sc_hd__xnor2_1)
                                                         net43 (net)
                      0.023910    0.000026    5.319811 v output43/A (sky130_fd_sc_hd__buf_2)
     1    0.033930    0.062084    0.114706    5.434517 v output43/X (sky130_fd_sc_hd__buf_2)
                                                         outputs[19] (net)
                      0.062084    0.000181    5.434698 v outputs[19] (out)
                                              5.434698   data arrival time

                      0.000000    0.000000    0.000000   clock clk (rise edge)
                                  0.000000    0.000000   clock network delay (ideal)
                                  0.250000    0.250000   clock uncertainty
                                  0.000000    0.250000   clock reconvergence pessimism
                                 -5.000000   -4.750000   output external delay
                                             -4.750000   data required time
---------------------------------------------------------------------------------------------
                                             -4.750000   data required time
                                             -5.434698   data arrival time
---------------------------------------------------------------------------------------------
                                             10.184698   slack (MET)


Startpoint: inputs[6] (input port clocked by clk)
Endpoint: outputs[7] (output port clocked by clk)
Path Group: clk
Path Type: min

Fanout         Cap        Slew       Delay        Time   Description
---------------------------------------------------------------------------------------------
                      0.000000    0.000000    0.000000   clock clk (rise edge)
                                  0.000000    0.000000   clock network delay (ideal)
                                  5.000000    5.000000 ^ input external delay
     1    0.003243    0.015500    0.008386    5.008386 ^ inputs[6] (in)
                                                         inputs[6] (net)
                      0.015504    0.000000    5.008386 ^ input29/A (sky130_fd_sc_hd__clkbuf_2)
     3    0.019378    0.084964    0.101018    5.109405 ^ input29/X (sky130_fd_sc_hd__clkbuf_2)
                                                         net29 (net)
                      0.084964    0.000174    5.109578 ^ _078_/B (sky130_fd_sc_hd__xor2_2)
     2    0.013289    0.038953    0.061748    5.171326 v _078_/X (sky130_fd_sc_hd__xor2_2)
                                                         _044_ (net)
                      0.038956    0.000379    5.171705 v _124_/A (sky130_fd_sc_hd__xnor2_1)
     1    0.004989    0.053278    0.123396    5.295101 ^ _124_/Y (sky130_fd_sc_hd__xnor2_1)
                                                         _026_ (net)
                      0.053278    0.000025    5.295125 ^ _125_/B (sky130_fd_sc_hd__xnor2_1)
     1    0.002680    0.022660    0.036785    5.331911 v _125_/Y (sky130_fd_sc_hd__xnor2_1)
                                                         net62 (net)
                      0.022660    0.000030    5.331940 v output62/A (sky130_fd_sc_hd__buf_2)
     1    0.034457    0.062951    0.114732    5.446672 v output62/X (sky130_fd_sc_hd__buf_2)
                                                         outputs[7] (net)
                      0.062953    0.000397    5.447070 v outputs[7] (out)
                                              5.447070   data arrival time

                      0.000000    0.000000    0.000000   clock clk (rise edge)
                                  0.000000    0.000000   clock network delay (ideal)
                                  0.250000    0.250000   clock uncertainty
                                  0.000000    0.250000   clock reconvergence pessimism
                                 -5.000000   -4.750000   output external delay
                                             -4.750000   data required time
---------------------------------------------------------------------------------------------
                                             -4.750000   data required time
                                             -5.447070   data arrival time
---------------------------------------------------------------------------------------------
                                             10.197070   slack (MET)


Startpoint: inputs[26] (input port clocked by clk)
Endpoint: outputs[26] (output port clocked by clk)
Path Group: clk
Path Type: min

Fanout         Cap        Slew       Delay        Time   Description
---------------------------------------------------------------------------------------------
                      0.000000    0.000000    0.000000   clock clk (rise edge)
                                  0.000000    0.000000   clock network delay (ideal)
                                  5.000000    5.000000 ^ input external delay
     1    0.003257    0.015550    0.008425    5.008425 ^ inputs[26] (in)
                                                         inputs[26] (net)
                      0.015555    0.000000    5.008425 ^ input19/A (sky130_fd_sc_hd__clkbuf_1)
     1    0.004974    0.050161    0.061009    5.069434 ^ input19/X (sky130_fd_sc_hd__clkbuf_1)
                                                         net19 (net)
                      0.050161    0.000026    5.069459 ^ _062_/A (sky130_fd_sc_hd__xnor2_1)
     1    0.009257    0.086664    0.108162    5.177621 ^ _062_/Y (sky130_fd_sc_hd__xnor2_1)
                                                         _034_ (net)
                      0.086664    0.000111    5.177733 ^ _063_/B (sky130_fd_sc_hd__xnor2_2)
     2    0.012778    0.058889    0.094503    5.272236 ^ _063_/Y (sky130_fd_sc_hd__xnor2_2)
                                                         _035_ (net)
                      0.058889    0.000263    5.272499 ^ _069_/B (sky130_fd_sc_hd__xnor2_1)
     2    0.007354    0.040970    0.054689    5.327188 v _069_/Y (sky130_fd_sc_hd__xnor2_1)
                                                         net51 (net)
                      0.040970    0.000085    5.327273 v output51/A (sky130_fd_sc_hd__buf_2)
     1    0.034051    0.062282    0.121664    5.448937 v output51/X (sky130_fd_sc_hd__buf_2)
                                                         outputs[26] (net)
                      0.062282    0.000221    5.449159 v outputs[26] (out)
                                              5.449159   data arrival time

                      0.000000    0.000000    0.000000   clock clk (rise edge)
                                  0.000000    0.000000   clock network delay (ideal)
                                  0.250000    0.250000   clock uncertainty
                                  0.000000    0.250000   clock reconvergence pessimism
                                 -5.000000   -4.750000   output external delay
                                             -4.750000   data required time
---------------------------------------------------------------------------------------------
                                             -4.750000   data required time
                                             -5.449159   data arrival time
---------------------------------------------------------------------------------------------
                                             10.199159   slack (MET)


Startpoint: inputs[22] (input port clocked by clk)
Endpoint: outputs[22] (output port clocked by clk)
Path Group: clk
Path Type: min

Fanout         Cap        Slew       Delay        Time   Description
---------------------------------------------------------------------------------------------
                      0.000000    0.000000    0.000000   clock clk (rise edge)
                                  0.000000    0.000000   clock network delay (ideal)
                                  5.000000    5.000000 ^ input external delay
     1    0.003152    0.015172    0.008148    5.008148 ^ inputs[22] (in)
                                                         inputs[22] (net)
                      0.015172    0.000000    5.008148 ^ input15/A (sky130_fd_sc_hd__clkbuf_1)
     1    0.004853    0.049151    0.060188    5.068336 ^ input15/X (sky130_fd_sc_hd__clkbuf_1)
                                                         net15 (net)
                      0.049151    0.000044    5.068380 ^ _064_/A (sky130_fd_sc_hd__xor2_1)
     2    0.010798    0.046889    0.064749    5.133129 v _064_/X (sky130_fd_sc_hd__xor2_1)
                                                         _036_ (net)
                      0.046889    0.000062    5.133191 v _070_/B (sky130_fd_sc_hd__xnor2_1)
     2    0.010932    0.055995    0.110141    5.243332 v _070_/Y (sky130_fd_sc_hd__xnor2_1)
                                                         _040_ (net)
                      0.055995    0.000085    5.243416 v _071_/B (sky130_fd_sc_hd__xor2_1)
     1    0.002509    0.024211    0.092221    5.335638 v _071_/X (sky130_fd_sc_hd__xor2_1)
                                                         net47 (net)
                      0.024211    0.000026    5.335663 v output47/A (sky130_fd_sc_hd__buf_2)
     1    0.034329    0.062748    0.115203    5.450866 v output47/X (sky130_fd_sc_hd__buf_2)
                                                         outputs[22] (net)
                      0.062749    0.000357    5.451222 v outputs[22] (out)
                                              5.451222   data arrival time

                      0.000000    0.000000    0.000000   clock clk (rise edge)
                                  0.000000    0.000000   clock network delay (ideal)
                                  0.250000    0.250000   clock uncertainty
                                  0.000000    0.250000   clock reconvergence pessimism
                                 -5.000000   -4.750000   output external delay
                                             -4.750000   data required time
---------------------------------------------------------------------------------------------
                                             -4.750000   data required time
                                             -5.451222   data arrival time
---------------------------------------------------------------------------------------------
                                             10.201222   slack (MET)


Startpoint: inputs[11] (input port clocked by clk)
Endpoint: outputs[11] (output port clocked by clk)
Path Group: clk
Path Type: min

Fanout         Cap        Slew       Delay        Time   Description
---------------------------------------------------------------------------------------------
                      0.000000    0.000000    0.000000   clock clk (rise edge)
                                  0.000000    0.000000   clock network delay (ideal)
                                  5.000000    5.000000 ^ input external delay
     1    0.003311    0.015749    0.008567    5.008567 ^ inputs[11] (in)
                                                         inputs[11] (net)
                      0.015749    0.000000    5.008567 ^ input3/A (sky130_fd_sc_hd__buf_1)
     2    0.011371    0.104189    0.098445    5.107013 ^ input3/X (sky130_fd_sc_hd__buf_1)
                                                         net3 (net)
                      0.104189    0.000119    5.107132 ^ _112_/B (sky130_fd_sc_hd__xor2_1)
     2    0.011555    0.048963    0.075641    5.182773 v _112_/X (sky130_fd_sc_hd__xor2_1)
                                                         _019_ (net)
                      0.048963    0.000155    5.182927 v _118_/B (sky130_fd_sc_hd__xnor2_1)
     1    0.005088    0.054390    0.115583    5.298510 ^ _118_/Y (sky130_fd_sc_hd__xnor2_1)
                                                         _023_ (net)
                      0.054390    0.000050    5.298560 ^ _119_/B (sky130_fd_sc_hd__xnor2_1)
     1    0.002835    0.023392    0.037580    5.336140 v _119_/Y (sky130_fd_sc_hd__xnor2_1)
                                                         net35 (net)
                      0.023392    0.000031    5.336171 v output35/A (sky130_fd_sc_hd__buf_2)
     1    0.034504    0.063028    0.115058    5.451229 v output35/X (sky130_fd_sc_hd__buf_2)
                                                         outputs[11] (net)
                      0.063030    0.000410    5.451638 v outputs[11] (out)
                                              5.451638   data arrival time

                      0.000000    0.000000    0.000000   clock clk (rise edge)
                                  0.000000    0.000000   clock network delay (ideal)
                                  0.250000    0.250000   clock uncertainty
                                  0.000000    0.250000   clock reconvergence pessimism
                                 -5.000000   -4.750000   output external delay
                                             -4.750000   data required time
---------------------------------------------------------------------------------------------
                                             -4.750000   data required time
                                             -5.451638   data arrival time
---------------------------------------------------------------------------------------------
                                             10.201639   slack (MET)


Startpoint: inputs[14] (input port clocked by clk)
Endpoint: outputs[14] (output port clocked by clk)
Path Group: clk
Path Type: min

Fanout         Cap        Slew       Delay        Time   Description
---------------------------------------------------------------------------------------------
                      0.000000    0.000000    0.000000   clock clk (rise edge)
                                  0.000000    0.000000   clock network delay (ideal)
                                  5.000000    5.000000 ^ input external delay
     1    0.003140    0.015132    0.008118    5.008119 ^ inputs[14] (in)
                                                         inputs[14] (net)
                      0.015132    0.000000    5.008119 ^ input6/A (sky130_fd_sc_hd__buf_1)
     2    0.011009    0.101110    0.096159    5.104278 ^ input6/X (sky130_fd_sc_hd__buf_1)
                                                         net6 (net)
                      0.101111    0.000178    5.104455 ^ _075_/B (sky130_fd_sc_hd__xor2_1)
     1    0.007576    0.038190    0.061683    5.166139 v _075_/X (sky130_fd_sc_hd__xor2_1)
                                                         _042_ (net)
                      0.038190    0.000172    5.166311 v _076_/B (sky130_fd_sc_hd__xnor2_1)
     1    0.004695    0.050895    0.107706    5.274016 ^ _076_/Y (sky130_fd_sc_hd__xnor2_1)
                                                         _043_ (net)
                      0.050895    0.000040    5.274057 ^ _077_/B (sky130_fd_sc_hd__xor2_1)
     2    0.009741    0.043982    0.058245    5.332302 v _077_/X (sky130_fd_sc_hd__xor2_1)
                                                         net38 (net)
                      0.043982    0.000244    5.332546 v output38/A (sky130_fd_sc_hd__buf_2)
     1    0.034490    0.063009    0.123289    5.455835 v output38/X (sky130_fd_sc_hd__buf_2)
                                                         outputs[14] (net)
                      0.063011    0.000409    5.456245 v outputs[14] (out)
                                              5.456245   data arrival time

                      0.000000    0.000000    0.000000   clock clk (rise edge)
                                  0.000000    0.000000   clock network delay (ideal)
                                  0.250000    0.250000   clock uncertainty
                                  0.000000    0.250000   clock reconvergence pessimism
                                 -5.000000   -4.750000   output external delay
                                             -4.750000   data required time
---------------------------------------------------------------------------------------------
                                             -4.750000   data required time
                                             -5.456245   data arrival time
---------------------------------------------------------------------------------------------
                                             10.206245   slack (MET)


Startpoint: inputs[13] (input port clocked by clk)
Endpoint: outputs[13] (output port clocked by clk)
Path Group: clk
Path Type: min

Fanout         Cap        Slew       Delay        Time   Description
---------------------------------------------------------------------------------------------
                      0.000000    0.000000    0.000000   clock clk (rise edge)
                                  0.000000    0.000000   clock network delay (ideal)
                                  5.000000    5.000000 v input external delay
     1    0.003182    0.005287    0.002603    5.002603 v inputs[13] (in)
                                                         inputs[13] (net)
                      0.005287    0.000000    5.002603 v input5/A (sky130_fd_sc_hd__buf_1)
     2    0.010699    0.046343    0.071465    5.074068 v input5/X (sky130_fd_sc_hd__buf_1)
                                                         net5 (net)
                      0.046343    0.000166    5.074234 v _110_/B (sky130_fd_sc_hd__xor2_1)
     1    0.005110    0.098907    0.112537    5.186770 ^ _110_/X (sky130_fd_sc_hd__xor2_1)
                                                         _017_ (net)
                      0.098907    0.000050    5.186821 ^ _111_/B (sky130_fd_sc_hd__xnor2_1)
     2    0.010317    0.053382    0.072662    5.259483 v _111_/Y (sky130_fd_sc_hd__xnor2_1)
                                                         _018_ (net)
                      0.053382    0.000076    5.259559 v _117_/B (sky130_fd_sc_hd__xnor2_1)
     1    0.002937    0.024224    0.084629    5.344188 v _117_/Y (sky130_fd_sc_hd__xnor2_1)
                                                         net37 (net)
                      0.024224    0.000032    5.344220 v output37/A (sky130_fd_sc_hd__buf_2)
     1    0.034498    0.063019    0.115383    5.459603 v output37/X (sky130_fd_sc_hd__buf_2)
                                                         outputs[13] (net)
                      0.063021    0.000410    5.460013 v outputs[13] (out)
                                              5.460013   data arrival time

                      0.000000    0.000000    0.000000   clock clk (rise edge)
                                  0.000000    0.000000   clock network delay (ideal)
                                  0.250000    0.250000   clock uncertainty
                                  0.000000    0.250000   clock reconvergence pessimism
                                 -5.000000   -4.750000   output external delay
                                             -4.750000   data required time
---------------------------------------------------------------------------------------------
                                             -4.750000   data required time
                                             -5.460013   data arrival time
---------------------------------------------------------------------------------------------
                                             10.210012   slack (MET)


Startpoint: inputs[25] (input port clocked by clk)
Endpoint: outputs[25] (output port clocked by clk)
Path Group: clk
Path Type: min

Fanout         Cap        Slew       Delay        Time   Description
---------------------------------------------------------------------------------------------
                      0.000000    0.000000    0.000000   clock clk (rise edge)
                                  0.000000    0.000000   clock network delay (ideal)
                                  5.000000    5.000000 ^ input external delay
     1    0.002888    0.014230    0.007452    5.007452 ^ inputs[25] (in)
                                                         inputs[25] (net)
                      0.014230    0.000000    5.007452 ^ input18/A (sky130_fd_sc_hd__buf_1)
     1    0.009325    0.086795    0.086137    5.093589 ^ input18/X (sky130_fd_sc_hd__buf_1)
                                                         net18 (net)
                      0.086795    0.000088    5.093677 ^ _084_/A (sky130_fd_sc_hd__xnor2_2)
     2    0.012907    0.059341    0.098868    5.192545 ^ _084_/Y (sky130_fd_sc_hd__xnor2_2)
                                                         _048_ (net)
                      0.059342    0.000312    5.192857 ^ _098_/B (sky130_fd_sc_hd__xnor2_1)
     2    0.009675    0.050662    0.062490    5.255347 v _098_/Y (sky130_fd_sc_hd__xnor2_1)
                                                         _011_ (net)
                      0.050662    0.000111    5.255458 v _101_/B (sky130_fd_sc_hd__xor2_1)
     1    0.002551    0.024336    0.090390    5.345848 v _101_/X (sky130_fd_sc_hd__xor2_1)
                                                         net50 (net)
                      0.024336    0.000029    5.345877 v output50/A (sky130_fd_sc_hd__buf_2)
     1    0.033925    0.062082    0.114858    5.460735 v output50/X (sky130_fd_sc_hd__buf_2)
                                                         outputs[25] (net)
                      0.062082    0.000195    5.460930 v outputs[25] (out)
                                              5.460930   data arrival time

                      0.000000    0.000000    0.000000   clock clk (rise edge)
                                  0.000000    0.000000   clock network delay (ideal)
                                  0.250000    0.250000   clock uncertainty
                                  0.000000    0.250000   clock reconvergence pessimism
                                 -5.000000   -4.750000   output external delay
                                             -4.750000   data required time
---------------------------------------------------------------------------------------------
                                             -4.750000   data required time
                                             -5.460930   data arrival time
---------------------------------------------------------------------------------------------
                                             10.210930   slack (MET)


Startpoint: inputs[28] (input port clocked by clk)
Endpoint: outputs[28] (output port clocked by clk)
Path Group: clk
Path Type: min

Fanout         Cap        Slew       Delay        Time   Description
---------------------------------------------------------------------------------------------
                      0.000000    0.000000    0.000000   clock clk (rise edge)
                                  0.000000    0.000000   clock network delay (ideal)
                                  5.000000    5.000000 ^ input external delay
     1    0.004821    0.021108    0.012528    5.012528 ^ inputs[28] (in)
                                                         inputs[28] (net)
                      0.021109    0.000000    5.012528 ^ input21/A (sky130_fd_sc_hd__clkbuf_1)
     1    0.005993    0.058761    0.068485    5.081013 ^ input21/X (sky130_fd_sc_hd__clkbuf_1)
                                                         net21 (net)
                      0.058761    0.000087    5.081100 ^ _054_/A (sky130_fd_sc_hd__xor2_1)
     1    0.005800    0.033380    0.051044    5.132144 v _054_/X (sky130_fd_sc_hd__xor2_1)
                                                         _030_ (net)
                      0.033380    0.000076    5.132220 v _056_/B (sky130_fd_sc_hd__xnor2_1)
     1    0.011417    0.057983    0.106263    5.238483 v _056_/Y (sky130_fd_sc_hd__xnor2_1)
                                                         _031_ (net)
                      0.057983    0.000304    5.238788 v _057_/B (sky130_fd_sc_hd__xnor2_2)
     3    0.011499    0.043523    0.105779    5.344567 v _057_/Y (sky130_fd_sc_hd__xnor2_2)
                                                         net53 (net)
                      0.043523    0.000070    5.344636 v output53/A (sky130_fd_sc_hd__buf_2)
     1    0.033870    0.061990    0.122500    5.467137 v output53/X (sky130_fd_sc_hd__buf_2)
                                                         outputs[28] (net)
                      0.061990    0.000163    5.467300 v outputs[28] (out)
                                              5.467300   data arrival time

                      0.000000    0.000000    0.000000   clock clk (rise edge)
                                  0.000000    0.000000   clock network delay (ideal)
                                  0.250000    0.250000   clock uncertainty
                                  0.000000    0.250000   clock reconvergence pessimism
                                 -5.000000   -4.750000   output external delay
                                             -4.750000   data required time
---------------------------------------------------------------------------------------------
                                             -4.750000   data required time
                                             -5.467300   data arrival time
---------------------------------------------------------------------------------------------
                                             10.217300   slack (MET)


Startpoint: inputs[21] (input port clocked by clk)
Endpoint: outputs[21] (output port clocked by clk)
Path Group: clk
Path Type: min

Fanout         Cap        Slew       Delay        Time   Description
---------------------------------------------------------------------------------------------
                      0.000000    0.000000    0.000000   clock clk (rise edge)
                                  0.000000    0.000000   clock network delay (ideal)
                                  5.000000    5.000000 ^ input external delay
     1    0.003266    0.015582    0.008443    5.008443 ^ inputs[21] (in)
                                                         inputs[21] (net)
                      0.015582    0.000000    5.008443 ^ input14/A (sky130_fd_sc_hd__clkbuf_1)
     1    0.008131    0.076808    0.079452    5.087895 ^ input14/X (sky130_fd_sc_hd__clkbuf_1)
                                                         net14 (net)
                      0.076809    0.000173    5.088068 ^ _082_/A (sky130_fd_sc_hd__xor2_1)
     1    0.006324    0.034917    0.055923    5.143991 v _082_/X (sky130_fd_sc_hd__xor2_1)
                                                         _046_ (net)
                      0.034917    0.000107    5.144099 v _083_/B (sky130_fd_sc_hd__xnor2_1)
     2    0.011120    0.056727    0.105928    5.250027 v _083_/Y (sky130_fd_sc_hd__xnor2_1)
                                                         _047_ (net)
                      0.056727    0.000214    5.250241 v _102_/B (sky130_fd_sc_hd__xnor2_1)
     2    0.007911    0.043480    0.103756    5.353997 v _102_/Y (sky130_fd_sc_hd__xnor2_1)
                                                         net46 (net)
                      0.043480    0.000104    5.354101 v output46/A (sky130_fd_sc_hd__buf_2)
     1    0.034256    0.062637    0.122838    5.476939 v output46/X (sky130_fd_sc_hd__buf_2)
                                                         outputs[21] (net)
                      0.062638    0.000345    5.477283 v outputs[21] (out)
                                              5.477283   data arrival time

                      0.000000    0.000000    0.000000   clock clk (rise edge)
                                  0.000000    0.000000   clock network delay (ideal)
                                  0.250000    0.250000   clock uncertainty
                                  0.000000    0.250000   clock reconvergence pessimism
                                 -5.000000   -4.750000   output external delay
                                             -4.750000   data required time
---------------------------------------------------------------------------------------------
                                             -4.750000   data required time
                                             -5.477283   data arrival time
---------------------------------------------------------------------------------------------
                                             10.227284   slack (MET)


Startpoint: inputs[30] (input port clocked by clk)
Endpoint: outputs[30] (output port clocked by clk)
Path Group: clk
Path Type: min

Fanout         Cap        Slew       Delay        Time   Description
---------------------------------------------------------------------------------------------
                      0.000000    0.000000    0.000000   clock clk (rise edge)
                                  0.000000    0.000000   clock network delay (ideal)
                                  5.000000    5.000000 ^ input external delay
     1    0.003139    0.015128    0.008116    5.008116 ^ inputs[30] (in)
                                                         inputs[30] (net)
                      0.015128    0.000000    5.008116 ^ input24/A (sky130_fd_sc_hd__clkbuf_1)
     1    0.004832    0.048974    0.060054    5.068170 ^ input24/X (sky130_fd_sc_hd__clkbuf_1)
                                                         net24 (net)
                      0.048974    0.000044    5.068213 ^ _065_/A (sky130_fd_sc_hd__xor2_1)
     1    0.005745    0.033232    0.048925    5.117138 v _065_/X (sky130_fd_sc_hd__xor2_1)
                                                         _037_ (net)
                      0.033232    0.000080    5.117218 v _066_/B (sky130_fd_sc_hd__xnor2_1)
     1    0.006240    0.036988    0.088514    5.205732 v _066_/Y (sky130_fd_sc_hd__xnor2_1)
                                                         _038_ (net)
                      0.036988    0.000095    5.205828 v _067_/B (sky130_fd_sc_hd__xnor2_1)
     1    0.004810    0.051265    0.108533    5.314361 ^ _067_/Y (sky130_fd_sc_hd__xnor2_1)
                                                         _039_ (net)
                      0.051265    0.000020    5.314382 ^ _068_/B (sky130_fd_sc_hd__xnor2_1)
     2    0.006945    0.038362    0.051803    5.366185 v _068_/Y (sky130_fd_sc_hd__xnor2_1)
                                                         net56 (net)
                      0.038362    0.000071    5.366256 v output56/A (sky130_fd_sc_hd__buf_2)
     1    0.034005    0.062204    0.120579    5.486835 v output56/X (sky130_fd_sc_hd__buf_2)
                                                         outputs[30] (net)
                      0.062204    0.000199    5.487033 v outputs[30] (out)
                                              5.487033   data arrival time

                      0.000000    0.000000    0.000000   clock clk (rise edge)
                                  0.000000    0.000000   clock network delay (ideal)
                                  0.250000    0.250000   clock uncertainty
                                  0.000000    0.250000   clock reconvergence pessimism
                                 -5.000000   -4.750000   output external delay
                                             -4.750000   data required time
---------------------------------------------------------------------------------------------
                                             -4.750000   data required time
                                             -5.487033   data arrival time
---------------------------------------------------------------------------------------------
                                             10.237033   slack (MET)


Startpoint: inputs[15] (input port clocked by clk)
Endpoint: outputs[15] (output port clocked by clk)
Path Group: clk
Path Type: min

Fanout         Cap        Slew       Delay        Time   Description
---------------------------------------------------------------------------------------------
                      0.000000    0.000000    0.000000   clock clk (rise edge)
                                  0.000000    0.000000   clock network delay (ideal)
                                  5.000000    5.000000 ^ input external delay
     1    0.003210    0.015382    0.008302    5.008302 ^ inputs[15] (in)
                                                         inputs[15] (net)
                      0.015387    0.000000    5.008302 ^ input7/A (sky130_fd_sc_hd__buf_1)
     2    0.009732    0.090239    0.088837    5.097140 ^ input7/X (sky130_fd_sc_hd__buf_1)
                                                         net7 (net)
                      0.090239    0.000079    5.097219 ^ _113_/B (sky130_fd_sc_hd__xor2_1)
     1    0.005142    0.031567    0.050230    5.147448 v _113_/X (sky130_fd_sc_hd__xor2_1)
                                                         _020_ (net)
                      0.031567    0.000058    5.147506 v _114_/B (sky130_fd_sc_hd__xnor2_1)
     1    0.005779    0.035193    0.086188    5.233694 v _114_/Y (sky130_fd_sc_hd__xnor2_1)
                                                         _021_ (net)
                      0.035193    0.000080    5.233774 v _115_/B (sky130_fd_sc_hd__xnor2_1)
     1    0.004854    0.051716    0.108392    5.342165 ^ _115_/Y (sky130_fd_sc_hd__xnor2_1)
                                                         _022_ (net)
                      0.051716    0.000021    5.342186 ^ _116_/B (sky130_fd_sc_hd__xnor2_1)
     1    0.002239    0.020930    0.034522    5.376708 v _116_/Y (sky130_fd_sc_hd__xnor2_1)
                                                         net39 (net)
                      0.020930    0.000021    5.376729 v output39/A (sky130_fd_sc_hd__buf_2)
     1    0.034499    0.063007    0.114163    5.490892 v output39/X (sky130_fd_sc_hd__buf_2)
                                                         outputs[15] (net)
                      0.063009    0.000410    5.491302 v outputs[15] (out)
                                              5.491302   data arrival time

                      0.000000    0.000000    0.000000   clock clk (rise edge)
                                  0.000000    0.000000   clock network delay (ideal)
                                  0.250000    0.250000   clock uncertainty
                                  0.000000    0.250000   clock reconvergence pessimism
                                 -5.000000   -4.750000   output external delay
                                             -4.750000   data required time
---------------------------------------------------------------------------------------------
                                             -4.750000   data required time
                                             -5.491302   data arrival time
---------------------------------------------------------------------------------------------
                                             10.241302   slack (MET)


Startpoint: inputs[27] (input port clocked by clk)
Endpoint: outputs[27] (output port clocked by clk)
Path Group: clk
Path Type: min

Fanout         Cap        Slew       Delay        Time   Description
---------------------------------------------------------------------------------------------
                      0.000000    0.000000    0.000000   clock clk (rise edge)
                                  0.000000    0.000000   clock network delay (ideal)
                                  5.000000    5.000000 ^ input external delay
     1    0.002843    0.014068    0.007331    5.007331 ^ inputs[27] (in)
                                                         inputs[27] (net)
                      0.014068    0.000000    5.007331 ^ input20/A (sky130_fd_sc_hd__clkbuf_1)
     1    0.005320    0.053068    0.062616    5.069947 ^ input20/X (sky130_fd_sc_hd__clkbuf_1)
                                                         net20 (net)
                      0.053068    0.000061    5.070008 ^ _089_/A (sky130_fd_sc_hd__xnor2_1)
     1    0.005263    0.054781    0.085812    5.155820 ^ _089_/Y (sky130_fd_sc_hd__xnor2_1)
                                                         _004_ (net)
                      0.054781    0.000058    5.155878 ^ _090_/B (sky130_fd_sc_hd__xnor2_1)
     2    0.009397    0.048862    0.060697    5.216575 v _090_/Y (sky130_fd_sc_hd__xnor2_1)
                                                         _005_ (net)
                      0.048862    0.000056    5.216631 v _099_/A (sky130_fd_sc_hd__xor2_1)
     1    0.005433    0.103185    0.129140    5.345771 ^ _099_/X (sky130_fd_sc_hd__xor2_1)
                                                         _012_ (net)
                      0.103185    0.000060    5.345831 ^ _100_/B (sky130_fd_sc_hd__xnor2_1)
     1    0.002443    0.022303    0.039596    5.385427 v _100_/Y (sky130_fd_sc_hd__xnor2_1)
                                                         net52 (net)
                      0.022309    0.000027    5.385454 v output52/A (sky130_fd_sc_hd__buf_2)
     1    0.033928    0.062077    0.114097    5.499551 v output52/X (sky130_fd_sc_hd__buf_2)
                                                         outputs[27] (net)
                      0.062077    0.000181    5.499732 v outputs[27] (out)
                                              5.499732   data arrival time

                      0.000000    0.000000    0.000000   clock clk (rise edge)
                                  0.000000    0.000000   clock network delay (ideal)
                                  0.250000    0.250000   clock uncertainty
                                  0.000000    0.250000   clock reconvergence pessimism
                                 -5.000000   -4.750000   output external delay
                                             -4.750000   data required time
---------------------------------------------------------------------------------------------
                                             -4.750000   data required time
                                             -5.499732   data arrival time
---------------------------------------------------------------------------------------------
                                             10.249732   slack (MET)


Startpoint: inputs[23] (input port clocked by clk)
Endpoint: outputs[23] (output port clocked by clk)
Path Group: clk
Path Type: min

Fanout         Cap        Slew       Delay        Time   Description
---------------------------------------------------------------------------------------------
                      0.000000    0.000000    0.000000   clock clk (rise edge)
                                  0.000000    0.000000   clock network delay (ideal)
                                  5.000000    5.000000 ^ input external delay
     1    0.002790    0.013880    0.007193    5.007193 ^ inputs[23] (in)
                                                         inputs[23] (net)
                      0.013880    0.000000    5.007193 ^ input16/A (sky130_fd_sc_hd__clkbuf_1)
     1    0.005835    0.057392    0.065574    5.072767 ^ input16/X (sky130_fd_sc_hd__clkbuf_1)
                                                         net16 (net)
                      0.057410    0.000075    5.072842 ^ _091_/A (sky130_fd_sc_hd__xor2_1)
     2    0.010339    0.045623    0.065206    5.138048 v _091_/X (sky130_fd_sc_hd__xor2_1)
                                                         _006_ (net)
                      0.045623    0.000091    5.138138 v _103_/B (sky130_fd_sc_hd__xnor2_1)
     1    0.006804    0.039082    0.095509    5.233648 v _103_/Y (sky130_fd_sc_hd__xnor2_1)
                                                         _013_ (net)
                      0.039082    0.000145    5.233793 v _104_/B (sky130_fd_sc_hd__xnor2_1)
     1    0.005678    0.058255    0.118465    5.352258 ^ _104_/Y (sky130_fd_sc_hd__xnor2_1)
                                                         _014_ (net)
                      0.058255    0.000067    5.352325 ^ _105_/B (sky130_fd_sc_hd__xnor2_1)
     1    0.002553    0.022733    0.036621    5.388947 v _105_/Y (sky130_fd_sc_hd__xnor2_1)
                                                         net48 (net)
                      0.022733    0.000028    5.388975 v output48/A (sky130_fd_sc_hd__buf_2)
     1    0.034208    0.062529    0.114538    5.503512 v output48/X (sky130_fd_sc_hd__buf_2)
                                                         outputs[23] (net)
                      0.062529    0.000268    5.503780 v outputs[23] (out)
                                              5.503780   data arrival time

                      0.000000    0.000000    0.000000   clock clk (rise edge)
                                  0.000000    0.000000   clock network delay (ideal)
                                  0.250000    0.250000   clock uncertainty
                                  0.000000    0.250000   clock reconvergence pessimism
                                 -5.000000   -4.750000   output external delay
                                             -4.750000   data required time
---------------------------------------------------------------------------------------------
                                             -4.750000   data required time
                                             -5.503780   data arrival time
---------------------------------------------------------------------------------------------
                                             10.253780   slack (MET)


Startpoint: inputs[29] (input port clocked by clk)
Endpoint: outputs[29] (output port clocked by clk)
Path Group: clk
Path Type: min

Fanout         Cap        Slew       Delay        Time   Description
---------------------------------------------------------------------------------------------
                      0.000000    0.000000    0.000000   clock clk (rise edge)
                                  0.000000    0.000000   clock network delay (ideal)
                                  5.000000    5.000000 ^ input external delay
     1    0.003363    0.015937    0.008705    5.008705 ^ inputs[29] (in)
                                                         inputs[29] (net)
                      0.015937    0.000000    5.008705 ^ input22/A (sky130_fd_sc_hd__clkbuf_1)
     1    0.004809    0.048783    0.060139    5.068844 ^ input22/X (sky130_fd_sc_hd__clkbuf_1)
                                                         net22 (net)
                      0.048783    0.000042    5.068885 ^ _085_/A (sky130_fd_sc_hd__xor2_1)
     1    0.006107    0.034310    0.050040    5.118926 v _085_/X (sky130_fd_sc_hd__xor2_1)
                                                         _000_ (net)
                      0.034310    0.000107    5.119032 v _086_/B (sky130_fd_sc_hd__xnor2_1)
     1    0.005711    0.058368    0.117180    5.236212 ^ _086_/Y (sky130_fd_sc_hd__xnor2_1)
                                                         _001_ (net)
                      0.058368    0.000075    5.236287 ^ _087_/B (sky130_fd_sc_hd__xnor2_1)
     2    0.011535    0.058347    0.068425    5.304712 v _087_/Y (sky130_fd_sc_hd__xnor2_1)
                                                         _002_ (net)
                      0.058347    0.000205    5.304917 v _097_/B (sky130_fd_sc_hd__xor2_1)
     1    0.002125    0.023042    0.091588    5.396505 v _097_/X (sky130_fd_sc_hd__xor2_1)
                                                         net54 (net)
                      0.023042    0.000019    5.396524 v output54/A (sky130_fd_sc_hd__buf_2)
     1    0.034108    0.062350    0.114579    5.511104 v output54/X (sky130_fd_sc_hd__buf_2)
                                                         outputs[29] (net)
                      0.062350    0.000189    5.511293 v outputs[29] (out)
                                              5.511293   data arrival time

                      0.000000    0.000000    0.000000   clock clk (rise edge)
                                  0.000000    0.000000   clock network delay (ideal)
                                  0.250000    0.250000   clock uncertainty
                                  0.000000    0.250000   clock reconvergence pessimism
                                 -5.000000   -4.750000   output external delay
                                             -4.750000   data required time
---------------------------------------------------------------------------------------------
                                             -4.750000   data required time
                                             -5.511293   data arrival time
---------------------------------------------------------------------------------------------
                                             10.261292   slack (MET)


Startpoint: inputs[31] (input port clocked by clk)
Endpoint: outputs[31] (output port clocked by clk)
Path Group: clk
Path Type: min

Fanout         Cap        Slew       Delay        Time   Description
---------------------------------------------------------------------------------------------
                      0.000000    0.000000    0.000000   clock clk (rise edge)
                                  0.000000    0.000000   clock network delay (ideal)
                                  5.000000    5.000000 ^ input external delay
     1    0.002983    0.014568    0.007701    5.007701 ^ inputs[31] (in)
                                                         inputs[31] (net)
                      0.014568    0.000000    5.007701 ^ input25/A (sky130_fd_sc_hd__clkbuf_1)
     1    0.005023    0.050571    0.061016    5.068717 ^ input25/X (sky130_fd_sc_hd__clkbuf_1)
                                                         net25 (net)
                      0.050571    0.000047    5.068764 ^ _092_/A (sky130_fd_sc_hd__xnor2_1)
     1    0.005469    0.033895    0.051294    5.120058 v _092_/Y (sky130_fd_sc_hd__xnor2_1)
                                                         _007_ (net)
                      0.033895    0.000064    5.120121 v _093_/B (sky130_fd_sc_hd__xnor2_1)
     1    0.005448    0.056331    0.114238    5.234359 ^ _093_/Y (sky130_fd_sc_hd__xnor2_1)
                                                         _008_ (net)
                      0.056331    0.000068    5.234427 ^ _094_/B (sky130_fd_sc_hd__xnor2_1)
     1    0.006056    0.035794    0.049570    5.283997 v _094_/Y (sky130_fd_sc_hd__xnor2_1)
                                                         _009_ (net)
                      0.035794    0.000098    5.284095 v _095_/B (sky130_fd_sc_hd__xnor2_1)
     1    0.005438    0.056306    0.114785    5.398879 ^ _095_/Y (sky130_fd_sc_hd__xnor2_1)
                                                         _010_ (net)
                      0.056306    0.000067    5.398946 ^ _096_/B (sky130_fd_sc_hd__xnor2_1)
     1    0.002213    0.021423    0.034911    5.433857 v _096_/Y (sky130_fd_sc_hd__xnor2_1)
                                                         net57 (net)
                      0.021423    0.000020    5.433878 v output57/A (sky130_fd_sc_hd__buf_2)
     1    0.033894    0.062016    0.113746    5.547624 v output57/X (sky130_fd_sc_hd__buf_2)
                                                         outputs[31] (net)
                      0.062016    0.000172    5.547796 v outputs[31] (out)
                                              5.547796   data arrival time

                      0.000000    0.000000    0.000000   clock clk (rise edge)
                                  0.000000    0.000000   clock network delay (ideal)
                                  0.250000    0.250000   clock uncertainty
                                  0.000000    0.250000   clock reconvergence pessimism
                                 -5.000000   -4.750000   output external delay
                                             -4.750000   data required time
---------------------------------------------------------------------------------------------
                                             -4.750000   data required time
                                             -5.547796   data arrival time
---------------------------------------------------------------------------------------------
                                             10.297796   slack (MET)



