
===========================================================================
report_checks -unconstrained
===========================================================================
======================= nom_ff_n40C_1v95 Corner ===================================

Startpoint: inputs[0] (input port clocked by clk)
Endpoint: outputs[31] (output port clocked by clk)
Path Group: clk
Path Type: max

Fanout         Cap        Slew       Delay        Time   Description
---------------------------------------------------------------------------------------------
                      0.000000    0.000000    0.000000   clock clk (rise edge)
                                  0.000000    0.000000   clock network delay (ideal)
                                  5.000000    5.000000 ^ input external delay
     6    0.047683    0.165355    0.112984    5.112984 ^ inputs[0] (in)
                                                         inputs[0] (net)
                      0.165355    0.000000    5.112984 ^ _049_/B (sky130_fd_sc_hd__xor2_2)
     5    0.070094    0.621204    0.470635    5.583619 ^ _049_/X (sky130_fd_sc_hd__xor2_2)
                                                         outputs[16] (net)
                      0.621204    0.000000    5.583619 ^ _055_/A (sky130_fd_sc_hd__xnor2_2)
     4    0.058546    0.240280    0.225058    5.808677 v _055_/Y (sky130_fd_sc_hd__xnor2_2)
                                                         outputs[20] (net)
                      0.240280    0.000000    5.808677 v _057_/A (sky130_fd_sc_hd__xnor2_2)
     3    0.051768    0.497898    0.463937    6.272614 ^ _057_/Y (sky130_fd_sc_hd__xnor2_2)
                                                         outputs[28] (net)
                      0.497898    0.000000    6.272614 ^ _068_/A (sky130_fd_sc_hd__xnor2_2)
     2    0.041713    0.181462    0.165966    6.438580 v _068_/Y (sky130_fd_sc_hd__xnor2_2)
                                                         outputs[30] (net)
                      0.181462    0.000000    6.438580 v _096_/A (sky130_fd_sc_hd__xnor2_2)
     1    0.033442    0.340917    0.333079    6.771659 ^ _096_/Y (sky130_fd_sc_hd__xnor2_2)
                                                         outputs[31] (net)
                      0.340917    0.000000    6.771659 ^ outputs[31] (out)
                                              6.771659   data arrival time

                      0.000000   25.000000   25.000000   clock clk (rise edge)
                                  0.000000   25.000000   clock network delay (ideal)
                                 -0.250000   24.750000   clock uncertainty
                                  0.000000   24.750000   clock reconvergence pessimism
                                 -5.000000   19.750000   output external delay
                                             19.750000   data required time
---------------------------------------------------------------------------------------------
                                             19.750000   data required time
                                             -6.771659   data arrival time
---------------------------------------------------------------------------------------------
                                             12.978340   slack (MET)




===========================================================================
report_checks --slack_max -0.01
============================================================================
======================= nom_ff_n40C_1v95 Corner ===================================

No paths found.


===========================================================================
 report_check_types -max_slew -max_cap -max_fanout -violators
============================================================================
======================= nom_ff_n40C_1v95 Corner ===================================



===========================================================================
report_parasitic_annotation -report_unannotated
============================================================================
Found 113 unannotated drivers.
 inputs[0]
 inputs[10]
 inputs[11]
 inputs[12]
 inputs[13]
 inputs[14]
 inputs[15]
 inputs[16]
 inputs[17]
 inputs[18]
 inputs[19]
 inputs[1]
 inputs[20]
 inputs[21]
 inputs[22]
 inputs[23]
 inputs[24]
 inputs[25]
 inputs[26]
 inputs[27]
 inputs[28]
 inputs[29]
 inputs[2]
 inputs[30]
 inputs[31]
 inputs[3]
 inputs[4]
 inputs[5]
 inputs[6]
 inputs[7]
 inputs[8]
 inputs[9]
 _049_/X
 _050_/X
 _051_/X
 _052_/X
 _053_/Y
 _054_/X
 _055_/Y
 _056_/Y
 _057_/Y
 _058_/Y
 _059_/Y
 _060_/X
 _061_/Y
 _062_/Y
 _063_/Y
 _064_/X
 _065_/X
 _066_/Y
 _067_/Y
 _068_/Y
 _069_/Y
 _070_/Y
 _071_/X
 _072_/Y
 _073_/Y
 _074_/Y
 _075_/X
 _076_/Y
 _077_/X
 _078_/X
 _079_/X
 _080_/X
 _081_/X
 _082_/X
 _083_/Y
 _084_/Y
 _085_/X
 _086_/Y
 _087_/Y
 _088_/Y
 _089_/Y
 _090_/Y
 _091_/X
 _092_/Y
 _093_/Y
 _094_/Y
 _095_/Y
 _096_/Y
 _097_/X
 _098_/Y
 _099_/X
 _100_/Y
 _101_/X
 _102_/Y
 _103_/Y
 _104_/Y
 _105_/Y
 _106_/X
 _107_/Y
 _108_/X
 _109_/X
 _110_/X
 _111_/Y
 _112_/X
 _113_/X
 _114_/Y
 _115_/Y
 _116_/Y
 _117_/Y
 _118_/Y
 _119_/Y
 _120_/X
 _121_/Y
 _122_/Y
 _123_/X
 _124_/Y
 _125_/Y
 _126_/Y
 _127_/Y
 _128_/X
 _129_/X
Found 0 partially unannotated drivers.

===========================================================================
max slew violation count 0
max fanout violation count 0
max cap violation count 0
============================================================================

===========================================================================
check_setup -verbose -unconstrained_endpoints -multiple_clock -no_clock -no_input_delay -loops -generated_clocks
===========================================================================
