
===========================================================================
report_checks -path_delay min (Hold)
============================================================================
======================= nom_ff_n40C_1v95 Corner ===================================

Startpoint: inputs[0] (input port clocked by clk)
Endpoint: outputs[0] (output port clocked by clk)
Path Group: clk
Path Type: min

Fanout         Cap        Slew       Delay        Time   Description
---------------------------------------------------------------------------------------------
                      0.000000    0.000000    0.000000   clock clk (rise edge)
                                  0.000000    0.000000   clock network delay (ideal)
                                  5.000000    5.000000 v input external delay
     6    0.043683    0.067522    0.047205    5.047205 v inputs[0] (in)
                                                         inputs[0] (net)
                      0.067522    0.000000    5.047205 v _129_/A (sky130_fd_sc_hd__buf_2)
     1    0.033442    0.061618    0.131775    5.178980 v _129_/X (sky130_fd_sc_hd__buf_2)
                                                         outputs[0] (net)
                      0.061618    0.000000    5.178980 v outputs[0] (out)
                                              5.178980   data arrival time

                      0.000000    0.000000    0.000000   clock clk (rise edge)
                                  0.000000    0.000000   clock network delay (ideal)
                                  0.250000    0.250000   clock uncertainty
                                  0.000000    0.250000   clock reconvergence pessimism
                                 -5.000000   -4.750000   output external delay
                                             -4.750000   data required time
---------------------------------------------------------------------------------------------
                                             -4.750000   data required time
                                             -5.178980   data arrival time
---------------------------------------------------------------------------------------------
                                              9.928981   slack (MET)


Startpoint: inputs[16] (input port clocked by clk)
Endpoint: outputs[16] (output port clocked by clk)
Path Group: clk
Path Type: min

Fanout         Cap        Slew       Delay        Time   Description
---------------------------------------------------------------------------------------------
                      0.000000    0.000000    0.000000   clock clk (rise edge)
                                  0.000000    0.000000   clock network delay (ideal)
                                  5.000000    5.000000 ^ input external delay
     1    0.009349    0.037246    0.023454    5.023454 ^ inputs[16] (in)
                                                         inputs[16] (net)
                      0.037246    0.000000    5.023454 ^ _049_/A (sky130_fd_sc_hd__xor2_2)
     5    0.067108    0.122588    0.157011    5.180465 v _049_/X (sky130_fd_sc_hd__xor2_2)
                                                         outputs[16] (net)
                      0.122588    0.000000    5.180465 v outputs[16] (out)
                                              5.180465   data arrival time

                      0.000000    0.000000    0.000000   clock clk (rise edge)
                                  0.000000    0.000000   clock network delay (ideal)
                                  0.250000    0.250000   clock uncertainty
                                  0.000000    0.250000   clock reconvergence pessimism
                                 -5.000000   -4.750000   output external delay
                                             -4.750000   data required time
---------------------------------------------------------------------------------------------
                                             -4.750000   data required time
                                             -5.180465   data arrival time
---------------------------------------------------------------------------------------------
                                              9.930466   slack (MET)


Startpoint: inputs[8] (input port clocked by clk)
Endpoint: outputs[8] (output port clocked by clk)
Path Group: clk
Path Type: min

Fanout         Cap        Slew       Delay        Time   Description
---------------------------------------------------------------------------------------------
                      0.000000    0.000000    0.000000   clock clk (rise edge)
                                  0.000000    0.000000   clock network delay (ideal)
                                  5.000000    5.000000 v input external delay
     2    0.015432    0.025221    0.015927    5.015927 v inputs[8] (in)
                                                         inputs[8] (net)
                      0.025221    0.000000    5.015927 v _052_/B (sky130_fd_sc_hd__xor2_2)
     4    0.058546    0.109631    0.167449    5.183376 v _052_/X (sky130_fd_sc_hd__xor2_2)
                                                         outputs[8] (net)
                      0.109631    0.000000    5.183376 v outputs[8] (out)
                                              5.183376   data arrival time

                      0.000000    0.000000    0.000000   clock clk (rise edge)
                                  0.000000    0.000000   clock network delay (ideal)
                                  0.250000    0.250000   clock uncertainty
                                  0.000000    0.250000   clock reconvergence pessimism
                                 -5.000000   -4.750000   output external delay
                                             -4.750000   data required time
---------------------------------------------------------------------------------------------
                                             -4.750000   data required time
                                             -5.183376   data arrival time
---------------------------------------------------------------------------------------------
                                              9.933375   slack (MET)


Startpoint: inputs[4] (input port clocked by clk)
Endpoint: outputs[4] (output port clocked by clk)
Path Group: clk
Path Type: min

Fanout         Cap        Slew       Delay        Time   Description
---------------------------------------------------------------------------------------------
                      0.000000    0.000000    0.000000   clock clk (rise edge)
                                  0.000000    0.000000   clock network delay (ideal)
                                  5.000000    5.000000 v input external delay
     3    0.023989    0.038034    0.025401    5.025401 v inputs[4] (in)
                                                         inputs[4] (net)
                      0.038034    0.000000    5.025401 v _060_/B (sky130_fd_sc_hd__xor2_2)
     3    0.050275    0.097215    0.160948    5.186349 v _060_/X (sky130_fd_sc_hd__xor2_2)
                                                         outputs[4] (net)
                      0.097215    0.000000    5.186349 v outputs[4] (out)
                                              5.186349   data arrival time

                      0.000000    0.000000    0.000000   clock clk (rise edge)
                                  0.000000    0.000000   clock network delay (ideal)
                                  0.250000    0.250000   clock uncertainty
                                  0.000000    0.250000   clock reconvergence pessimism
                                 -5.000000   -4.750000   output external delay
                                             -4.750000   data required time
---------------------------------------------------------------------------------------------
                                             -4.750000   data required time
                                             -5.186349   data arrival time
---------------------------------------------------------------------------------------------
                                              9.936349   slack (MET)


Startpoint: inputs[2] (input port clocked by clk)
Endpoint: outputs[2] (output port clocked by clk)
Path Group: clk
Path Type: min

Fanout         Cap        Slew       Delay        Time   Description
---------------------------------------------------------------------------------------------
                      0.000000    0.000000    0.000000   clock clk (rise edge)
                                  0.000000    0.000000   clock network delay (ideal)
                                  5.000000    5.000000 v input external delay
     4    0.032551    0.050854    0.034881    5.034881 v inputs[2] (in)
                                                         inputs[2] (net)
                      0.050854    0.000000    5.034881 v _080_/B (sky130_fd_sc_hd__xor2_2)
     2    0.041713    0.084363    0.154089    5.188970 v _080_/X (sky130_fd_sc_hd__xor2_2)
                                                         outputs[2] (net)
                      0.084363    0.000000    5.188970 v outputs[2] (out)
                                              5.188970   data arrival time

                      0.000000    0.000000    0.000000   clock clk (rise edge)
                                  0.000000    0.000000   clock network delay (ideal)
                                  0.250000    0.250000   clock uncertainty
                                  0.000000    0.250000   clock reconvergence pessimism
                                 -5.000000   -4.750000   output external delay
                                             -4.750000   data required time
---------------------------------------------------------------------------------------------
                                             -4.750000   data required time
                                             -5.188970   data arrival time
---------------------------------------------------------------------------------------------
                                              9.938969   slack (MET)


Startpoint: inputs[1] (input port clocked by clk)
Endpoint: outputs[1] (output port clocked by clk)
Path Group: clk
Path Type: min

Fanout         Cap        Slew       Delay        Time   Description
---------------------------------------------------------------------------------------------
                      0.000000    0.000000    0.000000   clock clk (rise edge)
                                  0.000000    0.000000   clock network delay (ideal)
                                  5.000000    5.000000 v input external delay
     5    0.040536    0.062810    0.043721    5.043721 v inputs[1] (in)
                                                         inputs[1] (net)
                      0.062810    0.000000    5.043721 v _128_/B (sky130_fd_sc_hd__xor2_2)
     1    0.033442    0.071947    0.147719    5.191440 v _128_/X (sky130_fd_sc_hd__xor2_2)
                                                         outputs[1] (net)
                      0.071947    0.000000    5.191440 v outputs[1] (out)
                                              5.191440   data arrival time

                      0.000000    0.000000    0.000000   clock clk (rise edge)
                                  0.000000    0.000000   clock network delay (ideal)
                                  0.250000    0.250000   clock uncertainty
                                  0.000000    0.250000   clock reconvergence pessimism
                                 -5.000000   -4.750000   output external delay
                                             -4.750000   data required time
---------------------------------------------------------------------------------------------
                                             -4.750000   data required time
                                             -5.191440   data arrival time
---------------------------------------------------------------------------------------------
                                              9.941440   slack (MET)


Startpoint: inputs[20] (input port clocked by clk)
Endpoint: outputs[20] (output port clocked by clk)
Path Group: clk
Path Type: min

Fanout         Cap        Slew       Delay        Time   Description
---------------------------------------------------------------------------------------------
                      0.000000    0.000000    0.000000   clock clk (rise edge)
                                  0.000000    0.000000   clock network delay (ideal)
                                  5.000000    5.000000 ^ input external delay
     1    0.008977    0.035982    0.022553    5.022553 ^ inputs[20] (in)
                                                         inputs[20] (net)
                      0.035982    0.000000    5.022553 ^ _053_/A (sky130_fd_sc_hd__xnor2_2)
     1    0.008395    0.044591    0.079685    5.102238 ^ _053_/Y (sky130_fd_sc_hd__xnor2_2)
                                                         _029_ (net)
                      0.044591    0.000000    5.102238 ^ _055_/B (sky130_fd_sc_hd__xnor2_2)
     4    0.058546    0.166595    0.143865    5.246103 v _055_/Y (sky130_fd_sc_hd__xnor2_2)
                                                         outputs[20] (net)
                      0.166595    0.000000    5.246103 v outputs[20] (out)
                                              5.246103   data arrival time

                      0.000000    0.000000    0.000000   clock clk (rise edge)
                                  0.000000    0.000000   clock network delay (ideal)
                                  0.250000    0.250000   clock uncertainty
                                  0.000000    0.250000   clock reconvergence pessimism
                                 -5.000000   -4.750000   output external delay
                                             -4.750000   data required time
---------------------------------------------------------------------------------------------
                                             -4.750000   data required time
                                             -5.246103   data arrival time
---------------------------------------------------------------------------------------------
                                              9.996104   slack (MET)


Startpoint: inputs[3] (input port clocked by clk)
Endpoint: outputs[3] (output port clocked by clk)
Path Group: clk
Path Type: min

Fanout         Cap        Slew       Delay        Time   Description
---------------------------------------------------------------------------------------------
                      0.000000    0.000000    0.000000   clock clk (rise edge)
                                  0.000000    0.000000   clock network delay (ideal)
                                  5.000000    5.000000 v input external delay
     4    0.033128    0.051718    0.035519    5.035519 v inputs[3] (in)
                                                         inputs[3] (net)
                      0.051718    0.000000    5.035519 v _126_/B (sky130_fd_sc_hd__xnor2_2)
     1    0.008395    0.045986    0.116703    5.152222 ^ _126_/Y (sky130_fd_sc_hd__xnor2_2)
                                                         _027_ (net)
                      0.045986    0.000000    5.152222 ^ _127_/B (sky130_fd_sc_hd__xnor2_2)
     1    0.033442    0.099967    0.094976    5.247199 v _127_/Y (sky130_fd_sc_hd__xnor2_2)
                                                         outputs[3] (net)
                      0.099967    0.000000    5.247199 v outputs[3] (out)
                                              5.247199   data arrival time

                      0.000000    0.000000    0.000000   clock clk (rise edge)
                                  0.000000    0.000000   clock network delay (ideal)
                                  0.250000    0.250000   clock uncertainty
                                  0.000000    0.250000   clock reconvergence pessimism
                                 -5.000000   -4.750000   output external delay
                                             -4.750000   data required time
---------------------------------------------------------------------------------------------
                                             -4.750000   data required time
                                             -5.247199   data arrival time
---------------------------------------------------------------------------------------------
                                              9.997198   slack (MET)


Startpoint: inputs[24] (input port clocked by clk)
Endpoint: outputs[24] (output port clocked by clk)
Path Group: clk
Path Type: min

Fanout         Cap        Slew       Delay        Time   Description
---------------------------------------------------------------------------------------------
                      0.000000    0.000000    0.000000   clock clk (rise edge)
                                  0.000000    0.000000   clock network delay (ideal)
                                  5.000000    5.000000 ^ input external delay
     1    0.009349    0.037246    0.023454    5.023454 ^ inputs[24] (in)
                                                         inputs[24] (net)
                      0.037246    0.000000    5.023454 ^ _050_/A (sky130_fd_sc_hd__xor2_2)
     2    0.015987    0.044623    0.061696    5.085150 v _050_/X (sky130_fd_sc_hd__xor2_2)
                                                         _028_ (net)
                      0.044623    0.000000    5.085150 v _051_/B (sky130_fd_sc_hd__xor2_2)
     3    0.050275    0.097434    0.163285    5.248435 v _051_/X (sky130_fd_sc_hd__xor2_2)
                                                         outputs[24] (net)
                      0.097434    0.000000    5.248435 v outputs[24] (out)
                                              5.248435   data arrival time

                      0.000000    0.000000    0.000000   clock clk (rise edge)
                                  0.000000    0.000000   clock network delay (ideal)
                                  0.250000    0.250000   clock uncertainty
                                  0.000000    0.250000   clock reconvergence pessimism
                                 -5.000000   -4.750000   output external delay
                                             -4.750000   data required time
---------------------------------------------------------------------------------------------
                                             -4.750000   data required time
                                             -5.248435   data arrival time
---------------------------------------------------------------------------------------------
                                              9.998434   slack (MET)


Startpoint: inputs[5] (input port clocked by clk)
Endpoint: outputs[5] (output port clocked by clk)
Path Group: clk
Path Type: min

Fanout         Cap        Slew       Delay        Time   Description
---------------------------------------------------------------------------------------------
                      0.000000    0.000000    0.000000   clock clk (rise edge)
                                  0.000000    0.000000   clock network delay (ideal)
                                  5.000000    5.000000 v input external delay
     3    0.024280    0.038469    0.025723    5.025723 v inputs[5] (in)
                                                         inputs[5] (net)
                      0.038469    0.000000    5.025723 v _121_/B (sky130_fd_sc_hd__xnor2_2)
     1    0.008395    0.045489    0.112371    5.138093 ^ _121_/Y (sky130_fd_sc_hd__xnor2_2)
                                                         _024_ (net)
                      0.045489    0.000000    5.138093 ^ _122_/B (sky130_fd_sc_hd__xnor2_2)
     2    0.041713    0.121918    0.111079    5.249172 v _122_/Y (sky130_fd_sc_hd__xnor2_2)
                                                         outputs[5] (net)
                      0.121918    0.000000    5.249172 v outputs[5] (out)
                                              5.249172   data arrival time

                      0.000000    0.000000    0.000000   clock clk (rise edge)
                                  0.000000    0.000000   clock network delay (ideal)
                                  0.250000    0.250000   clock uncertainty
                                  0.000000    0.250000   clock reconvergence pessimism
                                 -5.000000   -4.750000   output external delay
                                             -4.750000   data required time
---------------------------------------------------------------------------------------------
                                             -4.750000   data required time
                                             -5.249172   data arrival time
---------------------------------------------------------------------------------------------
                                              9.999172   slack (MET)


Startpoint: inputs[10] (input port clocked by clk)
Endpoint: outputs[10] (output port clocked by clk)
Path Group: clk
Path Type: min

Fanout         Cap        Slew       Delay        Time   Description
---------------------------------------------------------------------------------------------
                      0.000000    0.000000    0.000000   clock clk (rise edge)
                                  0.000000    0.000000   clock network delay (ideal)
                                  5.000000    5.000000 ^ input external delay
     2    0.016790    0.062396    0.041268    5.041268 ^ inputs[10] (in)
                                                         inputs[10] (net)
                      0.062396    0.000000    5.041268 ^ _073_/B (sky130_fd_sc_hd__xnor2_2)
     1    0.008395    0.044973    0.080565    5.121833 ^ _073_/Y (sky130_fd_sc_hd__xnor2_2)
                                                         _041_ (net)
                      0.044973    0.000000    5.121833 ^ _074_/B (sky130_fd_sc_hd__xnor2_2)
     3    0.050275    0.144642    0.127744    5.249577 v _074_/Y (sky130_fd_sc_hd__xnor2_2)
                                                         outputs[10] (net)
                      0.144642    0.000000    5.249577 v outputs[10] (out)
                                              5.249577   data arrival time

                      0.000000    0.000000    0.000000   clock clk (rise edge)
                                  0.000000    0.000000   clock network delay (ideal)
                                  0.250000    0.250000   clock uncertainty
                                  0.000000    0.250000   clock reconvergence pessimism
                                 -5.000000   -4.750000   output external delay
                                             -4.750000   data required time
---------------------------------------------------------------------------------------------
                                             -4.750000   data required time
                                             -5.249577   data arrival time
---------------------------------------------------------------------------------------------
                                              9.999577   slack (MET)


Startpoint: inputs[12] (input port clocked by clk)
Endpoint: outputs[12] (output port clocked by clk)
Path Group: clk
Path Type: min

Fanout         Cap        Slew       Delay        Time   Description
---------------------------------------------------------------------------------------------
                      0.000000    0.000000    0.000000   clock clk (rise edge)
                                  0.000000    0.000000   clock network delay (ideal)
                                  5.000000    5.000000 ^ input external delay
     2    0.016804    0.062443    0.041301    5.041301 ^ inputs[12] (in)
                                                         inputs[12] (net)
                      0.062443    0.000000    5.041301 ^ _058_/B (sky130_fd_sc_hd__xnor2_2)
     2    0.017372    0.077346    0.104027    5.145328 ^ _058_/Y (sky130_fd_sc_hd__xnor2_2)
                                                         _032_ (net)
                      0.077346    0.000000    5.145328 ^ _059_/B (sky130_fd_sc_hd__xnor2_2)
     2    0.041713    0.122974    0.117101    5.262428 v _059_/Y (sky130_fd_sc_hd__xnor2_2)
                                                         outputs[12] (net)
                      0.122974    0.000000    5.262428 v outputs[12] (out)
                                              5.262428   data arrival time

                      0.000000    0.000000    0.000000   clock clk (rise edge)
                                  0.000000    0.000000   clock network delay (ideal)
                                  0.250000    0.250000   clock uncertainty
                                  0.000000    0.250000   clock reconvergence pessimism
                                 -5.000000   -4.750000   output external delay
                                             -4.750000   data required time
---------------------------------------------------------------------------------------------
                                             -4.750000   data required time
                                             -5.262428   data arrival time
---------------------------------------------------------------------------------------------
                                             10.012428   slack (MET)


Startpoint: inputs[9] (input port clocked by clk)
Endpoint: outputs[9] (output port clocked by clk)
Path Group: clk
Path Type: min

Fanout         Cap        Slew       Delay        Time   Description
---------------------------------------------------------------------------------------------
                      0.000000    0.000000    0.000000   clock clk (rise edge)
                                  0.000000    0.000000   clock network delay (ideal)
                                  5.000000    5.000000 ^ input external delay
     2    0.016804    0.062443    0.041301    5.041301 ^ inputs[9] (in)
                                                         inputs[9] (net)
                      0.062443    0.000000    5.041301 ^ _109_/B (sky130_fd_sc_hd__xor2_2)
     3    0.024258    0.058102    0.078595    5.119896 v _109_/X (sky130_fd_sc_hd__xor2_2)
                                                         _016_ (net)
                      0.058102    0.000000    5.119896 v _120_/B (sky130_fd_sc_hd__xor2_2)
     1    0.033442    0.071947    0.145853    5.265749 v _120_/X (sky130_fd_sc_hd__xor2_2)
                                                         outputs[9] (net)
                      0.071947    0.000000    5.265749 v outputs[9] (out)
                                              5.265749   data arrival time

                      0.000000    0.000000    0.000000   clock clk (rise edge)
                                  0.000000    0.000000   clock network delay (ideal)
                                  0.250000    0.250000   clock uncertainty
                                  0.000000    0.250000   clock reconvergence pessimism
                                 -5.000000   -4.750000   output external delay
                                             -4.750000   data required time
---------------------------------------------------------------------------------------------
                                             -4.750000   data required time
                                             -5.265749   data arrival time
---------------------------------------------------------------------------------------------
                                             10.015749   slack (MET)


Startpoint: inputs[17] (input port clocked by clk)
Endpoint: outputs[17] (output port clocked by clk)
Path Group: clk
Path Type: min

Fanout         Cap        Slew       Delay        Time   Description
---------------------------------------------------------------------------------------------
                      0.000000    0.000000    0.000000   clock clk (rise edge)
                                  0.000000    0.000000   clock network delay (ideal)
                                  5.000000    5.000000 ^ input external delay
     1    0.009349    0.037246    0.023454    5.023454 ^ inputs[17] (in)
                                                         inputs[17] (net)
                      0.037246    0.000000    5.023454 ^ _081_/A (sky130_fd_sc_hd__xor2_2)
     4    0.032820    0.070911    0.093470    5.116924 v _081_/X (sky130_fd_sc_hd__xor2_2)
                                                         _045_ (net)
                      0.070911    0.000000    5.116924 v _108_/B (sky130_fd_sc_hd__xor2_2)
     1    0.033442    0.071949    0.150930    5.267854 v _108_/X (sky130_fd_sc_hd__xor2_2)
                                                         outputs[17] (net)
                      0.071949    0.000000    5.267854 v outputs[17] (out)
                                              5.267854   data arrival time

                      0.000000    0.000000    0.000000   clock clk (rise edge)
                                  0.000000    0.000000   clock network delay (ideal)
                                  0.250000    0.250000   clock uncertainty
                                  0.000000    0.250000   clock reconvergence pessimism
                                 -5.000000   -4.750000   output external delay
                                             -4.750000   data required time
---------------------------------------------------------------------------------------------
                                             -4.750000   data required time
                                             -5.267854   data arrival time
---------------------------------------------------------------------------------------------
                                             10.017854   slack (MET)


Startpoint: inputs[18] (input port clocked by clk)
Endpoint: outputs[18] (output port clocked by clk)
Path Group: clk
Path Type: min

Fanout         Cap        Slew       Delay        Time   Description
---------------------------------------------------------------------------------------------
                      0.000000    0.000000    0.000000   clock clk (rise edge)
                                  0.000000    0.000000   clock network delay (ideal)
                                  5.000000    5.000000 ^ input external delay
     1    0.008977    0.035982    0.022553    5.022553 ^ inputs[18] (in)
                                                         inputs[18] (net)
                      0.035982    0.000000    5.022553 ^ _061_/A (sky130_fd_sc_hd__xnor2_2)
     3    0.026349    0.109952    0.126090    5.148643 ^ _061_/Y (sky130_fd_sc_hd__xnor2_2)
                                                         _033_ (net)
                      0.109952    0.000000    5.148643 ^ _072_/B (sky130_fd_sc_hd__xnor2_2)
     2    0.041713    0.122998    0.123065    5.271708 v _072_/Y (sky130_fd_sc_hd__xnor2_2)
                                                         outputs[18] (net)
                      0.122998    0.000000    5.271708 v outputs[18] (out)
                                              5.271708   data arrival time

                      0.000000    0.000000    0.000000   clock clk (rise edge)
                                  0.000000    0.000000   clock network delay (ideal)
                                  0.250000    0.250000   clock uncertainty
                                  0.000000    0.250000   clock reconvergence pessimism
                                 -5.000000   -4.750000   output external delay
                                             -4.750000   data required time
---------------------------------------------------------------------------------------------
                                             -4.750000   data required time
                                             -5.271708   data arrival time
---------------------------------------------------------------------------------------------
                                             10.021708   slack (MET)


Startpoint: inputs[6] (input port clocked by clk)
Endpoint: outputs[6] (output port clocked by clk)
Path Group: clk
Path Type: min

Fanout         Cap        Slew       Delay        Time   Description
---------------------------------------------------------------------------------------------
                      0.000000    0.000000    0.000000   clock clk (rise edge)
                                  0.000000    0.000000   clock network delay (ideal)
                                  5.000000    5.000000 ^ input external delay
     3    0.026167    0.093640    0.063050    5.063050 ^ inputs[6] (in)
                                                         inputs[6] (net)
                      0.093640    0.000000    5.063050 ^ _078_/B (sky130_fd_sc_hd__xor2_2)
     2    0.015987    0.044664    0.069324    5.132374 v _078_/X (sky130_fd_sc_hd__xor2_2)
                                                         _044_ (net)
                      0.044664    0.000000    5.132374 v _079_/B (sky130_fd_sc_hd__xor2_2)
     1    0.033442    0.071947    0.140861    5.273234 v _079_/X (sky130_fd_sc_hd__xor2_2)
                                                         outputs[6] (net)
                      0.071947    0.000000    5.273234 v outputs[6] (out)
                                              5.273234   data arrival time

                      0.000000    0.000000    0.000000   clock clk (rise edge)
                                  0.000000    0.000000   clock network delay (ideal)
                                  0.250000    0.250000   clock uncertainty
                                  0.000000    0.250000   clock reconvergence pessimism
                                 -5.000000   -4.750000   output external delay
                                             -4.750000   data required time
---------------------------------------------------------------------------------------------
                                             -4.750000   data required time
                                             -5.273234   data arrival time
---------------------------------------------------------------------------------------------
                                             10.023234   slack (MET)


Startpoint: inputs[14] (input port clocked by clk)
Endpoint: outputs[14] (output port clocked by clk)
Path Group: clk
Path Type: min

Fanout         Cap        Slew       Delay        Time   Description
---------------------------------------------------------------------------------------------
                      0.000000    0.000000    0.000000   clock clk (rise edge)
                                  0.000000    0.000000   clock network delay (ideal)
                                  5.000000    5.000000 ^ input external delay
     2    0.016818    0.062489    0.041333    5.041333 ^ inputs[14] (in)
                                                         inputs[14] (net)
                      0.062489    0.000000    5.041333 ^ _075_/B (sky130_fd_sc_hd__xor2_2)
     1    0.008002    0.031423    0.046712    5.088046 v _075_/X (sky130_fd_sc_hd__xor2_2)
                                                         _042_ (net)
                      0.031423    0.000000    5.088046 v _076_/B (sky130_fd_sc_hd__xnor2_2)
     1    0.008409    0.045060    0.110154    5.198200 ^ _076_/Y (sky130_fd_sc_hd__xnor2_2)
                                                         _043_ (net)
                      0.045060    0.000000    5.198200 ^ _077_/B (sky130_fd_sc_hd__xor2_2)
     2    0.041713    0.084582    0.106518    5.304718 v _077_/X (sky130_fd_sc_hd__xor2_2)
                                                         outputs[14] (net)
                      0.084582    0.000000    5.304718 v outputs[14] (out)
                                              5.304718   data arrival time

                      0.000000    0.000000    0.000000   clock clk (rise edge)
                                  0.000000    0.000000   clock network delay (ideal)
                                  0.250000    0.250000   clock uncertainty
                                  0.000000    0.250000   clock reconvergence pessimism
                                 -5.000000   -4.750000   output external delay
                                             -4.750000   data required time
---------------------------------------------------------------------------------------------
                                             -4.750000   data required time
                                             -5.304718   data arrival time
---------------------------------------------------------------------------------------------
                                             10.054718   slack (MET)


Startpoint: inputs[28] (input port clocked by clk)
Endpoint: outputs[28] (output port clocked by clk)
Path Group: clk
Path Type: min

Fanout         Cap        Slew       Delay        Time   Description
---------------------------------------------------------------------------------------------
                      0.000000    0.000000    0.000000   clock clk (rise edge)
                                  0.000000    0.000000   clock network delay (ideal)
                                  5.000000    5.000000 ^ input external delay
     1    0.009349    0.037246    0.023454    5.023454 ^ inputs[28] (in)
                                                         inputs[28] (net)
                      0.037246    0.000000    5.023454 ^ _054_/A (sky130_fd_sc_hd__xor2_2)
     1    0.008002    0.031424    0.046157    5.069611 v _054_/X (sky130_fd_sc_hd__xor2_2)
                                                         _030_ (net)
                      0.031424    0.000000    5.069611 v _056_/B (sky130_fd_sc_hd__xnor2_2)
     1    0.008395    0.045558    0.110067    5.179677 ^ _056_/Y (sky130_fd_sc_hd__xnor2_2)
                                                         _031_ (net)
                      0.045558    0.000000    5.179677 ^ _057_/B (sky130_fd_sc_hd__xnor2_2)
     3    0.050275    0.144644    0.127867    5.307545 v _057_/Y (sky130_fd_sc_hd__xnor2_2)
                                                         outputs[28] (net)
                      0.144644    0.000000    5.307545 v outputs[28] (out)
                                              5.307545   data arrival time

                      0.000000    0.000000    0.000000   clock clk (rise edge)
                                  0.000000    0.000000   clock network delay (ideal)
                                  0.250000    0.250000   clock uncertainty
                                  0.000000    0.250000   clock reconvergence pessimism
                                 -5.000000   -4.750000   output external delay
                                             -4.750000   data required time
---------------------------------------------------------------------------------------------
                                             -4.750000   data required time
                                             -5.307545   data arrival time
---------------------------------------------------------------------------------------------
                                             10.057545   slack (MET)


Startpoint: inputs[11] (input port clocked by clk)
Endpoint: outputs[11] (output port clocked by clk)
Path Group: clk
Path Type: min

Fanout         Cap        Slew       Delay        Time   Description
---------------------------------------------------------------------------------------------
                      0.000000    0.000000    0.000000   clock clk (rise edge)
                                  0.000000    0.000000   clock network delay (ideal)
                                  5.000000    5.000000 ^ input external delay
     2    0.016804    0.062443    0.041301    5.041301 ^ inputs[11] (in)
                                                         inputs[11] (net)
                      0.062443    0.000000    5.041301 ^ _112_/B (sky130_fd_sc_hd__xor2_2)
     2    0.016273    0.045129    0.063110    5.104411 v _112_/X (sky130_fd_sc_hd__xor2_2)
                                                         _019_ (net)
                      0.045129    0.000000    5.104411 v _118_/B (sky130_fd_sc_hd__xnor2_2)
     1    0.008395    0.046383    0.114548    5.218959 ^ _118_/Y (sky130_fd_sc_hd__xnor2_2)
                                                         _023_ (net)
                      0.046383    0.000000    5.218959 ^ _119_/B (sky130_fd_sc_hd__xnor2_2)
     1    0.033442    0.099969    0.095058    5.314017 v _119_/Y (sky130_fd_sc_hd__xnor2_2)
                                                         outputs[11] (net)
                      0.099969    0.000000    5.314017 v outputs[11] (out)
                                              5.314017   data arrival time

                      0.000000    0.000000    0.000000   clock clk (rise edge)
                                  0.000000    0.000000   clock network delay (ideal)
                                  0.250000    0.250000   clock uncertainty
                                  0.000000    0.250000   clock reconvergence pessimism
                                 -5.000000   -4.750000   output external delay
                                             -4.750000   data required time
---------------------------------------------------------------------------------------------
                                             -4.750000   data required time
                                             -5.314017   data arrival time
---------------------------------------------------------------------------------------------
                                             10.064017   slack (MET)


Startpoint: inputs[7] (input port clocked by clk)
Endpoint: outputs[7] (output port clocked by clk)
Path Group: clk
Path Type: min

Fanout         Cap        Slew       Delay        Time   Description
---------------------------------------------------------------------------------------------
                      0.000000    0.000000    0.000000   clock clk (rise edge)
                                  0.000000    0.000000   clock network delay (ideal)
                                  5.000000    5.000000 v input external delay
     3    0.023994    0.038041    0.025406    5.025406 v inputs[7] (in)
                                                         inputs[7] (net)
                      0.038041    0.000000    5.025406 v _123_/B (sky130_fd_sc_hd__xor2_2)
     1    0.008395    0.097317    0.110151    5.135557 ^ _123_/X (sky130_fd_sc_hd__xor2_2)
                                                         _025_ (net)
                      0.097317    0.000000    5.135557 ^ _124_/B (sky130_fd_sc_hd__xnor2_2)
     1    0.008395    0.045551    0.084098    5.219655 ^ _124_/Y (sky130_fd_sc_hd__xnor2_2)
                                                         _026_ (net)
                      0.045551    0.000000    5.219655 ^ _125_/B (sky130_fd_sc_hd__xnor2_2)
     1    0.033442    0.099964    0.094887    5.314542 v _125_/Y (sky130_fd_sc_hd__xnor2_2)
                                                         outputs[7] (net)
                      0.099964    0.000000    5.314542 v outputs[7] (out)
                                              5.314542   data arrival time

                      0.000000    0.000000    0.000000   clock clk (rise edge)
                                  0.000000    0.000000   clock network delay (ideal)
                                  0.250000    0.250000   clock uncertainty
                                  0.000000    0.250000   clock reconvergence pessimism
                                 -5.000000   -4.750000   output external delay
                                             -4.750000   data required time
---------------------------------------------------------------------------------------------
                                             -4.750000   data required time
                                             -5.314542   data arrival time
---------------------------------------------------------------------------------------------
                                             10.064542   slack (MET)


Startpoint: inputs[26] (input port clocked by clk)
Endpoint: outputs[26] (output port clocked by clk)
Path Group: clk
Path Type: min

Fanout         Cap        Slew       Delay        Time   Description
---------------------------------------------------------------------------------------------
                      0.000000    0.000000    0.000000   clock clk (rise edge)
                                  0.000000    0.000000   clock network delay (ideal)
                                  5.000000    5.000000 ^ input external delay
     1    0.008977    0.035982    0.022553    5.022553 ^ inputs[26] (in)
                                                         inputs[26] (net)
                      0.035982    0.000000    5.022553 ^ _062_/A (sky130_fd_sc_hd__xnor2_2)
     1    0.008395    0.044591    0.079685    5.102238 ^ _062_/Y (sky130_fd_sc_hd__xnor2_2)
                                                         _034_ (net)
                      0.044591    0.000000    5.102238 ^ _063_/B (sky130_fd_sc_hd__xnor2_2)
     2    0.017372    0.077196    0.101097    5.203335 ^ _063_/Y (sky130_fd_sc_hd__xnor2_2)
                                                         _035_ (net)
                      0.077196    0.000000    5.203335 ^ _069_/B (sky130_fd_sc_hd__xnor2_2)
     2    0.041713    0.122951    0.117073    5.320408 v _069_/Y (sky130_fd_sc_hd__xnor2_2)
                                                         outputs[26] (net)
                      0.122951    0.000000    5.320408 v outputs[26] (out)
                                              5.320408   data arrival time

                      0.000000    0.000000    0.000000   clock clk (rise edge)
                                  0.000000    0.000000   clock network delay (ideal)
                                  0.250000    0.250000   clock uncertainty
                                  0.000000    0.250000   clock reconvergence pessimism
                                 -5.000000   -4.750000   output external delay
                                             -4.750000   data required time
---------------------------------------------------------------------------------------------
                                             -4.750000   data required time
                                             -5.320408   data arrival time
---------------------------------------------------------------------------------------------
                                             10.070409   slack (MET)


Startpoint: inputs[25] (input port clocked by clk)
Endpoint: outputs[25] (output port clocked by clk)
Path Group: clk
Path Type: min

Fanout         Cap        Slew       Delay        Time   Description
---------------------------------------------------------------------------------------------
                      0.000000    0.000000    0.000000   clock clk (rise edge)
                                  0.000000    0.000000   clock network delay (ideal)
                                  5.000000    5.000000 ^ input external delay
     1    0.008977    0.035982    0.022553    5.022553 ^ inputs[25] (in)
                                                         inputs[25] (net)
                      0.035982    0.000000    5.022553 ^ _084_/A (sky130_fd_sc_hd__xnor2_2)
     2    0.017372    0.077140    0.103026    5.125579 ^ _084_/Y (sky130_fd_sc_hd__xnor2_2)
                                                         _048_ (net)
                      0.077140    0.000000    5.125579 ^ _098_/B (sky130_fd_sc_hd__xnor2_2)
     2    0.016818    0.075541    0.104151    5.229731 ^ _098_/Y (sky130_fd_sc_hd__xnor2_2)
                                                         _011_ (net)
                      0.075541    0.000000    5.229731 ^ _101_/B (sky130_fd_sc_hd__xor2_2)
     1    0.033442    0.071947    0.099066    5.328796 v _101_/X (sky130_fd_sc_hd__xor2_2)
                                                         outputs[25] (net)
                      0.071947    0.000000    5.328796 v outputs[25] (out)
                                              5.328796   data arrival time

                      0.000000    0.000000    0.000000   clock clk (rise edge)
                                  0.000000    0.000000   clock network delay (ideal)
                                  0.250000    0.250000   clock uncertainty
                                  0.000000    0.250000   clock reconvergence pessimism
                                 -5.000000   -4.750000   output external delay
                                             -4.750000   data required time
---------------------------------------------------------------------------------------------
                                             -4.750000   data required time
                                             -5.328796   data arrival time
---------------------------------------------------------------------------------------------
                                             10.078796   slack (MET)


Startpoint: inputs[13] (input port clocked by clk)
Endpoint: outputs[13] (output port clocked by clk)
Path Group: clk
Path Type: min

Fanout         Cap        Slew       Delay        Time   Description
---------------------------------------------------------------------------------------------
                      0.000000    0.000000    0.000000   clock clk (rise edge)
                                  0.000000    0.000000   clock network delay (ideal)
                                  5.000000    5.000000 v input external delay
     2    0.015432    0.025221    0.015927    5.015927 v inputs[13] (in)
                                                         inputs[13] (net)
                      0.025221    0.000000    5.015927 v _110_/B (sky130_fd_sc_hd__xor2_2)
     1    0.008395    0.097405    0.105534    5.121461 ^ _110_/X (sky130_fd_sc_hd__xor2_2)
                                                         _017_ (net)
                      0.097405    0.000000    5.121461 ^ _111_/B (sky130_fd_sc_hd__xnor2_2)
     2    0.017372    0.077807    0.107758    5.229219 ^ _111_/Y (sky130_fd_sc_hd__xnor2_2)
                                                         _018_ (net)
                      0.077807    0.000000    5.229219 ^ _117_/B (sky130_fd_sc_hd__xnor2_2)
     1    0.033442    0.101412    0.100847    5.330066 v _117_/Y (sky130_fd_sc_hd__xnor2_2)
                                                         outputs[13] (net)
                      0.101412    0.000000    5.330066 v outputs[13] (out)
                                              5.330066   data arrival time

                      0.000000    0.000000    0.000000   clock clk (rise edge)
                                  0.000000    0.000000   clock network delay (ideal)
                                  0.250000    0.250000   clock uncertainty
                                  0.000000    0.250000   clock reconvergence pessimism
                                 -5.000000   -4.750000   output external delay
                                             -4.750000   data required time
---------------------------------------------------------------------------------------------
                                             -4.750000   data required time
                                             -5.330066   data arrival time
---------------------------------------------------------------------------------------------
                                             10.080067   slack (MET)


Startpoint: inputs[19] (input port clocked by clk)
Endpoint: outputs[19] (output port clocked by clk)
Path Group: clk
Path Type: min

Fanout         Cap        Slew       Delay        Time   Description
---------------------------------------------------------------------------------------------
                      0.000000    0.000000    0.000000   clock clk (rise edge)
                                  0.000000    0.000000   clock network delay (ideal)
                                  5.000000    5.000000 ^ input external delay
     1    0.008977    0.035982    0.022553    5.022553 ^ inputs[19] (in)
                                                         inputs[19] (net)
                      0.035982    0.000000    5.022553 ^ _088_/A (sky130_fd_sc_hd__xnor2_2)
     3    0.024258    0.077092    0.080477    5.103030 v _088_/Y (sky130_fd_sc_hd__xnor2_2)
                                                         _003_ (net)
                      0.077092    0.000000    5.103030 v _106_/B (sky130_fd_sc_hd__xor2_2)
     1    0.008395    0.097281    0.123933    5.226963 ^ _106_/X (sky130_fd_sc_hd__xor2_2)
                                                         _015_ (net)
                      0.097281    0.000000    5.226963 ^ _107_/B (sky130_fd_sc_hd__xnor2_2)
     1    0.033442    0.101412    0.104321    5.331284 v _107_/Y (sky130_fd_sc_hd__xnor2_2)
                                                         outputs[19] (net)
                      0.101412    0.000000    5.331284 v outputs[19] (out)
                                              5.331284   data arrival time

                      0.000000    0.000000    0.000000   clock clk (rise edge)
                                  0.000000    0.000000   clock network delay (ideal)
                                  0.250000    0.250000   clock uncertainty
                                  0.000000    0.250000   clock reconvergence pessimism
                                 -5.000000   -4.750000   output external delay
                                             -4.750000   data required time
---------------------------------------------------------------------------------------------
                                             -4.750000   data required time
                                             -5.331284   data arrival time
---------------------------------------------------------------------------------------------
                                             10.081284   slack (MET)


Startpoint: inputs[21] (input port clocked by clk)
Endpoint: outputs[21] (output port clocked by clk)
Path Group: clk
Path Type: min

Fanout         Cap        Slew       Delay        Time   Description
---------------------------------------------------------------------------------------------
                      0.000000    0.000000    0.000000   clock clk (rise edge)
                                  0.000000    0.000000   clock network delay (ideal)
                                  5.000000    5.000000 ^ input external delay
     1    0.009349    0.037246    0.023454    5.023454 ^ inputs[21] (in)
                                                         inputs[21] (net)
                      0.037246    0.000000    5.023454 ^ _082_/A (sky130_fd_sc_hd__xor2_2)
     1    0.008002    0.031424    0.046157    5.069611 v _082_/X (sky130_fd_sc_hd__xor2_2)
                                                         _046_ (net)
                      0.031424    0.000000    5.069611 v _083_/B (sky130_fd_sc_hd__xnor2_2)
     2    0.016273    0.057202    0.104841    5.174452 v _083_/Y (sky130_fd_sc_hd__xnor2_2)
                                                         _047_ (net)
                      0.057202    0.000000    5.174452 v _102_/B (sky130_fd_sc_hd__xnor2_2)
     2    0.041713    0.123103    0.165509    5.339962 v _102_/Y (sky130_fd_sc_hd__xnor2_2)
                                                         outputs[21] (net)
                      0.123103    0.000000    5.339962 v outputs[21] (out)
                                              5.339962   data arrival time

                      0.000000    0.000000    0.000000   clock clk (rise edge)
                                  0.000000    0.000000   clock network delay (ideal)
                                  0.250000    0.250000   clock uncertainty
                                  0.000000    0.250000   clock reconvergence pessimism
                                 -5.000000   -4.750000   output external delay
                                             -4.750000   data required time
---------------------------------------------------------------------------------------------
                                             -4.750000   data required time
                                             -5.339962   data arrival time
---------------------------------------------------------------------------------------------
                                             10.089961   slack (MET)


Startpoint: inputs[22] (input port clocked by clk)
Endpoint: outputs[22] (output port clocked by clk)
Path Group: clk
Path Type: min

Fanout         Cap        Slew       Delay        Time   Description
---------------------------------------------------------------------------------------------
                      0.000000    0.000000    0.000000   clock clk (rise edge)
                                  0.000000    0.000000   clock network delay (ideal)
                                  5.000000    5.000000 ^ input external delay
     1    0.009349    0.037246    0.023454    5.023454 ^ inputs[22] (in)
                                                         inputs[22] (net)
                      0.037246    0.000000    5.023454 ^ _064_/A (sky130_fd_sc_hd__xor2_2)
     2    0.016273    0.045084    0.062244    5.085699 v _064_/X (sky130_fd_sc_hd__xor2_2)
                                                         _036_ (net)
                      0.045084    0.000000    5.085699 v _070_/B (sky130_fd_sc_hd__xnor2_2)
     2    0.015987    0.056522    0.109750    5.195449 v _070_/Y (sky130_fd_sc_hd__xnor2_2)
                                                         _040_ (net)
                      0.056522    0.000000    5.195449 v _071_/B (sky130_fd_sc_hd__xor2_2)
     1    0.033442    0.072116    0.145227    5.340676 v _071_/X (sky130_fd_sc_hd__xor2_2)
                                                         outputs[22] (net)
                      0.072116    0.000000    5.340676 v outputs[22] (out)
                                              5.340676   data arrival time

                      0.000000    0.000000    0.000000   clock clk (rise edge)
                                  0.000000    0.000000   clock network delay (ideal)
                                  0.250000    0.250000   clock uncertainty
                                  0.000000    0.250000   clock reconvergence pessimism
                                 -5.000000   -4.750000   output external delay
                                             -4.750000   data required time
---------------------------------------------------------------------------------------------
                                             -4.750000   data required time
                                             -5.340676   data arrival time
---------------------------------------------------------------------------------------------
                                             10.090676   slack (MET)


Startpoint: inputs[30] (input port clocked by clk)
Endpoint: outputs[30] (output port clocked by clk)
Path Group: clk
Path Type: min

Fanout         Cap        Slew       Delay        Time   Description
---------------------------------------------------------------------------------------------
                      0.000000    0.000000    0.000000   clock clk (rise edge)
                                  0.000000    0.000000   clock network delay (ideal)
                                  5.000000    5.000000 ^ input external delay
     1    0.009349    0.037246    0.023454    5.023454 ^ inputs[30] (in)
                                                         inputs[30] (net)
                      0.037246    0.000000    5.023454 ^ _065_/A (sky130_fd_sc_hd__xor2_2)
     1    0.008002    0.031424    0.046157    5.069611 v _065_/X (sky130_fd_sc_hd__xor2_2)
                                                         _037_ (net)
                      0.031424    0.000000    5.069611 v _066_/B (sky130_fd_sc_hd__xnor2_2)
     1    0.008395    0.045558    0.110067    5.179677 ^ _066_/Y (sky130_fd_sc_hd__xnor2_2)
                                                         _038_ (net)
                      0.045558    0.000000    5.179677 ^ _067_/B (sky130_fd_sc_hd__xnor2_2)
     1    0.008395    0.044754    0.077975    5.257653 ^ _067_/Y (sky130_fd_sc_hd__xnor2_2)
                                                         _039_ (net)
                      0.044754    0.000000    5.257653 ^ _068_/B (sky130_fd_sc_hd__xnor2_2)
     2    0.041713    0.121914    0.110925    5.368578 v _068_/Y (sky130_fd_sc_hd__xnor2_2)
                                                         outputs[30] (net)
                      0.121914    0.000000    5.368578 v outputs[30] (out)
                                              5.368578   data arrival time

                      0.000000    0.000000    0.000000   clock clk (rise edge)
                                  0.000000    0.000000   clock network delay (ideal)
                                  0.250000    0.250000   clock uncertainty
                                  0.000000    0.250000   clock reconvergence pessimism
                                 -5.000000   -4.750000   output external delay
                                             -4.750000   data required time
---------------------------------------------------------------------------------------------
                                             -4.750000   data required time
                                             -5.368578   data arrival time
---------------------------------------------------------------------------------------------
                                             10.118578   slack (MET)


Startpoint: inputs[15] (input port clocked by clk)
Endpoint: outputs[15] (output port clocked by clk)
Path Group: clk
Path Type: min

Fanout         Cap        Slew       Delay        Time   Description
---------------------------------------------------------------------------------------------
                      0.000000    0.000000    0.000000   clock clk (rise edge)
                                  0.000000    0.000000   clock network delay (ideal)
                                  5.000000    5.000000 ^ input external delay
     2    0.016804    0.062443    0.041301    5.041301 ^ inputs[15] (in)
                                                         inputs[15] (net)
                      0.062443    0.000000    5.041301 ^ _113_/B (sky130_fd_sc_hd__xor2_2)
     1    0.008002    0.031423    0.046704    5.088005 v _113_/X (sky130_fd_sc_hd__xor2_2)
                                                         _020_ (net)
                      0.031423    0.000000    5.088005 v _114_/B (sky130_fd_sc_hd__xnor2_2)
     1    0.008395    0.045552    0.110066    5.198071 ^ _114_/Y (sky130_fd_sc_hd__xnor2_2)
                                                         _021_ (net)
                      0.045552    0.000000    5.198071 ^ _115_/B (sky130_fd_sc_hd__xnor2_2)
     1    0.008395    0.044754    0.077975    5.276046 ^ _115_/Y (sky130_fd_sc_hd__xnor2_2)
                                                         _022_ (net)
                      0.044754    0.000000    5.276046 ^ _116_/B (sky130_fd_sc_hd__xnor2_2)
     1    0.033442    0.099960    0.094723    5.370770 v _116_/Y (sky130_fd_sc_hd__xnor2_2)
                                                         outputs[15] (net)
                      0.099960    0.000000    5.370770 v outputs[15] (out)
                                              5.370770   data arrival time

                      0.000000    0.000000    0.000000   clock clk (rise edge)
                                  0.000000    0.000000   clock network delay (ideal)
                                  0.250000    0.250000   clock uncertainty
                                  0.000000    0.250000   clock reconvergence pessimism
                                 -5.000000   -4.750000   output external delay
                                             -4.750000   data required time
---------------------------------------------------------------------------------------------
                                             -4.750000   data required time
                                             -5.370770   data arrival time
---------------------------------------------------------------------------------------------
                                             10.120770   slack (MET)


Startpoint: inputs[23] (input port clocked by clk)
Endpoint: outputs[23] (output port clocked by clk)
Path Group: clk
Path Type: min

Fanout         Cap        Slew       Delay        Time   Description
---------------------------------------------------------------------------------------------
                      0.000000    0.000000    0.000000   clock clk (rise edge)
                                  0.000000    0.000000   clock network delay (ideal)
                                  5.000000    5.000000 ^ input external delay
     1    0.009349    0.037246    0.023454    5.023454 ^ inputs[23] (in)
                                                         inputs[23] (net)
                      0.037246    0.000000    5.023454 ^ _091_/A (sky130_fd_sc_hd__xor2_2)
     2    0.016273    0.045084    0.062244    5.085699 v _091_/X (sky130_fd_sc_hd__xor2_2)
                                                         _006_ (net)
                      0.045084    0.000000    5.085699 v _103_/B (sky130_fd_sc_hd__xnor2_2)
     1    0.008395    0.045552    0.114534    5.200233 ^ _103_/Y (sky130_fd_sc_hd__xnor2_2)
                                                         _013_ (net)
                      0.045552    0.000000    5.200233 ^ _104_/B (sky130_fd_sc_hd__xnor2_2)
     1    0.008395    0.044754    0.077975    5.278207 ^ _104_/Y (sky130_fd_sc_hd__xnor2_2)
                                                         _014_ (net)
                      0.044754    0.000000    5.278207 ^ _105_/B (sky130_fd_sc_hd__xnor2_2)
     1    0.033442    0.099960    0.094723    5.372930 v _105_/Y (sky130_fd_sc_hd__xnor2_2)
                                                         outputs[23] (net)
                      0.099960    0.000000    5.372930 v outputs[23] (out)
                                              5.372930   data arrival time

                      0.000000    0.000000    0.000000   clock clk (rise edge)
                                  0.000000    0.000000   clock network delay (ideal)
                                  0.250000    0.250000   clock uncertainty
                                  0.000000    0.250000   clock reconvergence pessimism
                                 -5.000000   -4.750000   output external delay
                                             -4.750000   data required time
---------------------------------------------------------------------------------------------
                                             -4.750000   data required time
                                             -5.372930   data arrival time
---------------------------------------------------------------------------------------------
                                             10.122931   slack (MET)


Startpoint: inputs[29] (input port clocked by clk)
Endpoint: outputs[29] (output port clocked by clk)
Path Group: clk
Path Type: min

Fanout         Cap        Slew       Delay        Time   Description
---------------------------------------------------------------------------------------------
                      0.000000    0.000000    0.000000   clock clk (rise edge)
                                  0.000000    0.000000   clock network delay (ideal)
                                  5.000000    5.000000 ^ input external delay
     1    0.009349    0.037246    0.023454    5.023454 ^ inputs[29] (in)
                                                         inputs[29] (net)
                      0.037246    0.000000    5.023454 ^ _085_/A (sky130_fd_sc_hd__xor2_2)
     1    0.008002    0.031424    0.046157    5.069611 v _085_/X (sky130_fd_sc_hd__xor2_2)
                                                         _000_ (net)
                      0.031424    0.000000    5.069611 v _086_/B (sky130_fd_sc_hd__xnor2_2)
     1    0.008395    0.045008    0.110067    5.179677 ^ _086_/Y (sky130_fd_sc_hd__xnor2_2)
                                                         _001_ (net)
                      0.045008    0.000000    5.179677 ^ _087_/B (sky130_fd_sc_hd__xnor2_2)
     2    0.017386    0.077248    0.101227    5.280905 ^ _087_/Y (sky130_fd_sc_hd__xnor2_2)
                                                         _002_ (net)
                      0.077248    0.000000    5.280905 ^ _097_/B (sky130_fd_sc_hd__xor2_2)
     1    0.033442    0.072108    0.099512    5.380418 v _097_/X (sky130_fd_sc_hd__xor2_2)
                                                         outputs[29] (net)
                      0.072108    0.000000    5.380418 v outputs[29] (out)
                                              5.380418   data arrival time

                      0.000000    0.000000    0.000000   clock clk (rise edge)
                                  0.000000    0.000000   clock network delay (ideal)
                                  0.250000    0.250000   clock uncertainty
                                  0.000000    0.250000   clock reconvergence pessimism
                                 -5.000000   -4.750000   output external delay
                                             -4.750000   data required time
---------------------------------------------------------------------------------------------
                                             -4.750000   data required time
                                             -5.380418   data arrival time
---------------------------------------------------------------------------------------------
                                             10.130418   slack (MET)


Startpoint: inputs[27] (input port clocked by clk)
Endpoint: outputs[27] (output port clocked by clk)
Path Group: clk
Path Type: min

Fanout         Cap        Slew       Delay        Time   Description
---------------------------------------------------------------------------------------------
                      0.000000    0.000000    0.000000   clock clk (rise edge)
                                  0.000000    0.000000   clock network delay (ideal)
                                  5.000000    5.000000 ^ input external delay
     1    0.008977    0.035982    0.022553    5.022553 ^ inputs[27] (in)
                                                         inputs[27] (net)
                      0.035982    0.000000    5.022553 ^ _089_/A (sky130_fd_sc_hd__xnor2_2)
     1    0.008395    0.044591    0.079685    5.102238 ^ _089_/Y (sky130_fd_sc_hd__xnor2_2)
                                                         _004_ (net)
                      0.044591    0.000000    5.102238 ^ _090_/B (sky130_fd_sc_hd__xnor2_2)
     2    0.018326    0.080653    0.103562    5.205800 ^ _090_/Y (sky130_fd_sc_hd__xnor2_2)
                                                         _005_ (net)
                      0.080653    0.000000    5.205800 ^ _099_/A (sky130_fd_sc_hd__xor2_2)
     1    0.008002    0.031410    0.054380    5.260180 v _099_/X (sky130_fd_sc_hd__xor2_2)
                                                         _012_ (net)
                      0.031410    0.000000    5.260180 v _100_/B (sky130_fd_sc_hd__xnor2_2)
     1    0.033442    0.101411    0.138936    5.399115 v _100_/Y (sky130_fd_sc_hd__xnor2_2)
                                                         outputs[27] (net)
                      0.101411    0.000000    5.399115 v outputs[27] (out)
                                              5.399115   data arrival time

                      0.000000    0.000000    0.000000   clock clk (rise edge)
                                  0.000000    0.000000   clock network delay (ideal)
                                  0.250000    0.250000   clock uncertainty
                                  0.000000    0.250000   clock reconvergence pessimism
                                 -5.000000   -4.750000   output external delay
                                             -4.750000   data required time
---------------------------------------------------------------------------------------------
                                             -4.750000   data required time
                                             -5.399115   data arrival time
---------------------------------------------------------------------------------------------
                                             10.149116   slack (MET)


Startpoint: inputs[31] (input port clocked by clk)
Endpoint: outputs[31] (output port clocked by clk)
Path Group: clk
Path Type: min

Fanout         Cap        Slew       Delay        Time   Description
---------------------------------------------------------------------------------------------
                      0.000000    0.000000    0.000000   clock clk (rise edge)
                                  0.000000    0.000000   clock network delay (ideal)
                                  5.000000    5.000000 ^ input external delay
     1    0.008977    0.035982    0.022553    5.022553 ^ inputs[31] (in)
                                                         inputs[31] (net)
                      0.035982    0.000000    5.022553 ^ _092_/A (sky130_fd_sc_hd__xnor2_2)
     1    0.008395    0.044591    0.079685    5.102238 ^ _092_/Y (sky130_fd_sc_hd__xnor2_2)
                                                         _007_ (net)
                      0.044591    0.000000    5.102238 ^ _093_/B (sky130_fd_sc_hd__xnor2_2)
     1    0.008002    0.033096    0.043424    5.145663 v _093_/Y (sky130_fd_sc_hd__xnor2_2)
                                                         _008_ (net)
                      0.033096    0.000000    5.145663 v _094_/B (sky130_fd_sc_hd__xnor2_2)
     1    0.008395    0.044747    0.110613    5.256276 ^ _094_/Y (sky130_fd_sc_hd__xnor2_2)
                                                         _009_ (net)
                      0.044747    0.000000    5.256276 ^ _095_/B (sky130_fd_sc_hd__xnor2_2)
     1    0.008395    0.044747    0.077799    5.334074 ^ _095_/Y (sky130_fd_sc_hd__xnor2_2)
                                                         _010_ (net)
                      0.044747    0.000000    5.334074 ^ _096_/B (sky130_fd_sc_hd__xnor2_2)
     1    0.033442    0.099960    0.094722    5.428797 v _096_/Y (sky130_fd_sc_hd__xnor2_2)
                                                         outputs[31] (net)
                      0.099960    0.000000    5.428797 v outputs[31] (out)
                                              5.428797   data arrival time

                      0.000000    0.000000    0.000000   clock clk (rise edge)
                                  0.000000    0.000000   clock network delay (ideal)
                                  0.250000    0.250000   clock uncertainty
                                  0.000000    0.250000   clock reconvergence pessimism
                                 -5.000000   -4.750000   output external delay
                                             -4.750000   data required time
---------------------------------------------------------------------------------------------
                                             -4.750000   data required time
                                             -5.428797   data arrival time
---------------------------------------------------------------------------------------------
                                             10.178797   slack (MET)



