Reading OpenROAD database at '/home/fjjf/circuits/expmob1_n5/runs/RUN_2025-03-15_01-42-01/41-openroad-repairantennas/1-diodeinsertion/expmob1.odb'…
Reading library file at '/home/fjjf/.volare/volare/sky130/versions/0fe599b2afb6708d281543108caf8310912f54af/sky130A/libs.ref/sky130_fd_sc_hd/lib/sky130_fd_sc_hd__tt_025C_1v80.lib'…
Reading design constraints file at '/nix/store/ss2cw3sxbrwwx9jl0rrppbw4kgcmgi2n-python3-3.11.9-env/lib/python3.11/site-packages/openlane/scripts/base.sdc'…
[WARNING STA-0366] port 'clk' not found.
[INFO] Using clock clk…
[INFO] Setting output delay to: 5
[INFO] Setting input delay to: 5
[WARNING STA-0366] port 'clk' not found.
[INFO] Setting load to: 0.033442
[INFO] Setting clock uncertainty to: 0.25
[INFO] Setting clock transition to: 0.1499999999999999944488848768742172978818416595458984375
[WARNING STA-0419] transition time can not be specified for virtual clocks.
[INFO] Setting timing derate to: 5%
[WARNING STA-0450] virtual clock clk can not be propagated.
[INFO ORD-0030] Using 20 thread(s).
[INFO DRT-0149] Reading tech and libs.
[WARNING DRT-0349] LEF58_ENCLOSURE with no CUTCLASS is not supported. Skipping for layer mcon
[WARNING DRT-0349] LEF58_ENCLOSURE with no CUTCLASS is not supported. Skipping for layer mcon
[WARNING DRT-0349] LEF58_ENCLOSURE with no CUTCLASS is not supported. Skipping for layer via
[WARNING DRT-0349] LEF58_ENCLOSURE with no CUTCLASS is not supported. Skipping for layer via
[WARNING DRT-0349] LEF58_ENCLOSURE with no CUTCLASS is not supported. Skipping for layer via2
[WARNING DRT-0349] LEF58_ENCLOSURE with no CUTCLASS is not supported. Skipping for layer via2
[WARNING DRT-0349] LEF58_ENCLOSURE with no CUTCLASS is not supported. Skipping for layer via3
[WARNING DRT-0349] LEF58_ENCLOSURE with no CUTCLASS is not supported. Skipping for layer via3
[WARNING DRT-0349] LEF58_ENCLOSURE with no CUTCLASS is not supported. Skipping for layer via4
[WARNING DRT-0349] LEF58_ENCLOSURE with no CUTCLASS is not supported. Skipping for layer via4

Units:                1000
Number of layers:     13
Number of macros:     441
Number of vias:       28
Number of viarulegen: 25

[INFO DRT-0150] Reading design.

Design:                   expmob1
Die area:                 ( 0 0 ) ( 62150 72870 )
Number of track patterns: 12
Number of DEF vias:       0
Number of components:     211
Number of terminals:      66
Number of snets:          2
Number of nets:           177

[INFO DRT-0167] List of default vias:
  Layer via
    default via: M1M2_PR
  Layer via2
    default via: M2M3_PR
  Layer via3
    default via: M3M4_PR
  Layer via4
    default via: M4M5_PR
[INFO DRT-0162] Library cell analysis.
[INFO DRT-0163] Instance analysis.
[INFO DRT-0164] Number of unique instances = 41.
[INFO DRT-0168] Init region query.
[INFO DRT-0024]   Complete FR_MASTERSLICE.
[INFO DRT-0024]   Complete licon.
[INFO DRT-0024]   Complete li1.
[INFO DRT-0024]   Complete mcon.
[INFO DRT-0024]   Complete met1.
[INFO DRT-0024]   Complete via.
[INFO DRT-0024]   Complete met2.
[INFO DRT-0024]   Complete via2.
[INFO DRT-0024]   Complete met3.
[INFO DRT-0024]   Complete via3.
[INFO DRT-0024]   Complete met4.
[INFO DRT-0024]   Complete via4.
[INFO DRT-0024]   Complete met5.
[INFO DRT-0033] FR_MASTERSLICE shape region query size = 0.
[INFO DRT-0033] licon shape region query size = 0.
[INFO DRT-0033] li1 shape region query size = 4063.
[INFO DRT-0033] mcon shape region query size = 0.
[INFO DRT-0033] met1 shape region query size = 548.
[INFO DRT-0033] via shape region query size = 95.
[INFO DRT-0033] met2 shape region query size = 84.
[INFO DRT-0033] via2 shape region query size = 76.
[INFO DRT-0033] met3 shape region query size = 94.
[INFO DRT-0033] via3 shape region query size = 76.
[INFO DRT-0033] met4 shape region query size = 23.
[INFO DRT-0033] via4 shape region query size = 0.
[INFO DRT-0033] met5 shape region query size = 0.
[INFO DRT-0165] Start pin access.
[INFO DRT-0078]   Complete 86 pins.
[INFO DRT-0081]   Complete 35 unique inst patterns.
[INFO DRT-0084]   Complete 91 groups.
#scanned instances     = 211
#unique  instances     = 41
#stdCellGenAp          = 681
#stdCellValidPlanarAp  = 18
#stdCellValidViaAp     = 441
#stdCellPinNoAp        = 0
#stdCellPinCnt         = 370
#instTermValidViaApCnt = 0
#macroGenAp            = 0
#macroValidPlanarAp    = 0
#macroValidViaAp       = 0
#macroNoAp             = 0
[INFO DRT-0166] Complete pin access.
[INFO DRT-0267] cpu time = 00:00:01, elapsed time = 00:00:00, memory = 139.02 (MB), peak = 139.02 (MB)

[INFO DRT-0157] Number of guides:     896

[INFO DRT-0169] Post process guides.
[INFO DRT-0176] GCELLGRID X 0 DO 9 STEP 6900 ;
[INFO DRT-0177] GCELLGRID Y 0 DO 10 STEP 6900 ;
[INFO DRT-0028]   Complete FR_MASTERSLICE.
[INFO DRT-0028]   Complete licon.
[INFO DRT-0028]   Complete li1.
[INFO DRT-0028]   Complete mcon.
[INFO DRT-0028]   Complete met1.
[INFO DRT-0028]   Complete via.
[INFO DRT-0028]   Complete met2.
[INFO DRT-0028]   Complete via2.
[INFO DRT-0028]   Complete met3.
[INFO DRT-0028]   Complete via3.
[INFO DRT-0028]   Complete met4.
[INFO DRT-0028]   Complete via4.
[INFO DRT-0028]   Complete met5.
[INFO DRT-0178] Init guide query.
[INFO DRT-0035]   Complete FR_MASTERSLICE (guide).
[INFO DRT-0035]   Complete licon (guide).
[INFO DRT-0035]   Complete li1 (guide).
[INFO DRT-0035]   Complete mcon (guide).
[INFO DRT-0035]   Complete met1 (guide).
[INFO DRT-0035]   Complete via (guide).
[INFO DRT-0035]   Complete met2 (guide).
[INFO DRT-0035]   Complete via2 (guide).
[INFO DRT-0035]   Complete met3 (guide).
[INFO DRT-0035]   Complete via3 (guide).
[INFO DRT-0035]   Complete met4 (guide).
[INFO DRT-0035]   Complete via4 (guide).
[INFO DRT-0035]   Complete met5 (guide).
[INFO DRT-0036] FR_MASTERSLICE guide region query size = 0.
[INFO DRT-0036] licon guide region query size = 0.
[INFO DRT-0036] li1 guide region query size = 312.
[INFO DRT-0036] mcon guide region query size = 0.
[INFO DRT-0036] met1 guide region query size = 254.
[INFO DRT-0036] via guide region query size = 0.
[INFO DRT-0036] met2 guide region query size = 154.
[INFO DRT-0036] via2 guide region query size = 0.
[INFO DRT-0036] met3 guide region query size = 37.
[INFO DRT-0036] via3 guide region query size = 0.
[INFO DRT-0036] met4 guide region query size = 0.
[INFO DRT-0036] via4 guide region query size = 0.
[INFO DRT-0036] met5 guide region query size = 0.
[INFO DRT-0179] Init gr pin query.
[INFO DRT-0245] skipped writing guide updates to database.
[INFO DRT-0185] Post process initialize RPin region query.
[INFO DRT-0181] Start track assignment.
[INFO DRT-0184] Done with 466 vertical wires in 1 frboxes and 291 horizontal wires in 1 frboxes.
[INFO DRT-0186] Done with 41 vertical wires in 1 frboxes and 47 horizontal wires in 1 frboxes.
[INFO DRT-0182] Complete track assignment.
[INFO DRT-0267] cpu time = 00:00:00, elapsed time = 00:00:00, memory = 140.79 (MB), peak = 140.79 (MB)
[INFO DRT-0187] Start routing data preparation.
[INFO DRT-0267] cpu time = 00:00:00, elapsed time = 00:00:00, memory = 140.79 (MB), peak = 140.79 (MB)
[INFO DRT-0194] Start detail routing.
[INFO DRT-0195] Start 0th optimization iteration.
    Completing 10% with 0 violations.
    elapsed time = 00:00:00, memory = 146.58 (MB).
    Completing 20% with 4 violations.
    elapsed time = 00:00:00, memory = 149.55 (MB).
    Completing 30% with 13 violations.
    elapsed time = 00:00:00, memory = 149.55 (MB).
    Completing 40% with 15 violations.
    elapsed time = 00:00:00, memory = 149.55 (MB).
[INFO DRT-0199]   Number of violations = 18.
Viol/Layer         li1   met1   met2   met3
Metal Spacing        1      0      2      7
Recheck              0      1      0      0
Short                0      6      1      0
[INFO DRT-0267] cpu time = 00:00:00, elapsed time = 00:00:00, memory = 504.12 (MB), peak = 504.12 (MB)
Total wire length = 2369 um.
Total wire length on LAYER li1 = 0 um.
Total wire length on LAYER met1 = 968 um.
Total wire length on LAYER met2 = 1226 um.
Total wire length on LAYER met3 = 174 um.
Total wire length on LAYER met4 = 0 um.
Total wire length on LAYER met5 = 0 um.
Total number of vias = 750.
Up-via summary (total 750):

----------------------
 FR_MASTERSLICE      0
            li1    363
           met1    350
           met2     37
           met3      0
           met4      0
----------------------
                   750


[INFO DRT-0195] Start 1st optimization iteration.
    Completing 10% with 18 violations.
    elapsed time = 00:00:00, memory = 504.12 (MB).
    Completing 20% with 17 violations.
    elapsed time = 00:00:00, memory = 504.12 (MB).
    Completing 30% with 7 violations.
    elapsed time = 00:00:00, memory = 504.12 (MB).
    Completing 40% with 5 violations.
    elapsed time = 00:00:00, memory = 504.12 (MB).
[INFO DRT-0199]   Number of violations = 0.
[INFO DRT-0267] cpu time = 00:00:00, elapsed time = 00:00:00, memory = 504.27 (MB), peak = 504.27 (MB)
Total wire length = 2343 um.
Total wire length on LAYER li1 = 0 um.
Total wire length on LAYER met1 = 926 um.
Total wire length on LAYER met2 = 1235 um.
Total wire length on LAYER met3 = 181 um.
Total wire length on LAYER met4 = 0 um.
Total wire length on LAYER met5 = 0 um.
Total number of vias = 755.
Up-via summary (total 755):

----------------------
 FR_MASTERSLICE      0
            li1    362
           met1    356
           met2     37
           met3      0
           met4      0
----------------------
                   755


[INFO DRT-0198] Complete detail routing.
Total wire length = 2343 um.
Total wire length on LAYER li1 = 0 um.
Total wire length on LAYER met1 = 926 um.
Total wire length on LAYER met2 = 1235 um.
Total wire length on LAYER met3 = 181 um.
Total wire length on LAYER met4 = 0 um.
Total wire length on LAYER met5 = 0 um.
Total number of vias = 755.
Up-via summary (total 755):

----------------------
 FR_MASTERSLICE      0
            li1    362
           met1    356
           met2     37
           met3      0
           met4      0
----------------------
                   755


[INFO DRT-0267] cpu time = 00:00:00, elapsed time = 00:00:00, memory = 504.27 (MB), peak = 504.27 (MB)

[INFO DRT-0180] Post processing.
Setting global connections for newly added cells…
[INFO] Setting global connections...
Updating metrics…
Cell type report:                       Count       Area
  Fill cell                                36     135.13
  Tap cell                                 30      37.54
  Buffer                                    1       3.75
  Timing Repair Buffer                     64     315.30
  Multi-Input combinational cell           80     865.83
  Total                                   211    1357.55
Writing OpenROAD database to '/home/fjjf/circuits/expmob1_n5/runs/RUN_2025-03-15_01-42-01/43-openroad-detailedrouting/expmob1.odb'…
Writing netlist to '/home/fjjf/circuits/expmob1_n5/runs/RUN_2025-03-15_01-42-01/43-openroad-detailedrouting/expmob1.nl.v'…
Writing powered netlist to '/home/fjjf/circuits/expmob1_n5/runs/RUN_2025-03-15_01-42-01/43-openroad-detailedrouting/expmob1.pnl.v'…
Writing layout to '/home/fjjf/circuits/expmob1_n5/runs/RUN_2025-03-15_01-42-01/43-openroad-detailedrouting/expmob1.def'…
Writing timing constraints to '/home/fjjf/circuits/expmob1_n5/runs/RUN_2025-03-15_01-42-01/43-openroad-detailedrouting/expmob1.sdc'…
