Reading OpenROAD database at '/home/fjjf/circuits/expmob1_n5/runs/RUN_2025-03-15_01-42-01/23-openroad-globalplacementskipio/expmob1.odb'…
Reading library file at '/home/fjjf/.volare/volare/sky130/versions/0fe599b2afb6708d281543108caf8310912f54af/sky130A/libs.ref/sky130_fd_sc_hd/lib/sky130_fd_sc_hd__tt_025C_1v80.lib'…
Reading design constraints file at '/nix/store/ss2cw3sxbrwwx9jl0rrppbw4kgcmgi2n-python3-3.11.9-env/lib/python3.11/site-packages/openlane/scripts/base.sdc'…
[WARNING STA-0366] port 'clk' not found.
[INFO] Using clock clk…
[INFO] Setting output delay to: 5
[INFO] Setting input delay to: 5
[WARNING STA-0366] port 'clk' not found.
[INFO] Setting load to: 0.033442
[INFO] Setting clock uncertainty to: 0.25
[INFO] Setting clock transition to: 0.1499999999999999944488848768742172978818416595458984375
[WARNING STA-0419] transition time can not be specified for virtual clocks.
[INFO] Setting timing derate to: 5%
[WARNING STA-0450] virtual clock clk can not be propagated.
[INFO] place_pins args: -min_distance 3
Found 0 macro blocks.
[INFO PPL-0010] Tentative 0 to set up sections.
[INFO PPL-0001] Number of slots           84
[INFO PPL-0002] Number of I/O             64
[INFO PPL-0003] Number of I/O w/sink      64
[INFO PPL-0004] Number of I/O w/o sink    0
[INFO PPL-0005] Slots per section         200
[INFO PPL-0006] Slots increase factor     0.01
[INFO PPL-0008] Successfully assigned pins to sections.
[INFO PPL-0012] I/O nets HPWL: 1929.82 um.
Setting global connections for newly added cells…
[INFO] Setting global connections...
Updating metrics…
Cell type report:                       Count       Area
  Fill cell                                36     135.13
  Tap cell                                 30      37.54
  Buffer                                    1       5.00
  Multi-Input combinational cell           80    1301.25
  Total                                   147    1478.92
Writing OpenROAD database to '/home/fjjf/circuits/expmob1_n5/runs/RUN_2025-03-15_01-42-01/24-openroad-ioplacement/expmob1.odb'…
Writing netlist to '/home/fjjf/circuits/expmob1_n5/runs/RUN_2025-03-15_01-42-01/24-openroad-ioplacement/expmob1.nl.v'…
Writing powered netlist to '/home/fjjf/circuits/expmob1_n5/runs/RUN_2025-03-15_01-42-01/24-openroad-ioplacement/expmob1.pnl.v'…
Writing layout to '/home/fjjf/circuits/expmob1_n5/runs/RUN_2025-03-15_01-42-01/24-openroad-ioplacement/expmob1.def'…
Writing timing constraints to '/home/fjjf/circuits/expmob1_n5/runs/RUN_2025-03-15_01-42-01/24-openroad-ioplacement/expmob1.sdc'…
