
===========================================================================
report_checks -unconstrained
===========================================================================
======================= max_ff_n40C_1v95 Corner ===================================

Startpoint: inputs[0] (input port clocked by clk)
Endpoint: outputs[31] (output port clocked by clk)
Path Group: clk
Path Type: max

Fanout         Cap        Slew       Delay        Time   Description
---------------------------------------------------------------------------------------------
                      0.000000    0.000000    0.000000   clock clk (rise edge)
                                  0.000000    0.000000   clock network delay (ideal)
                                  5.000000    5.000000 ^ input external delay
     1    0.005194    0.022319    0.013542    5.013542 ^ inputs[0] (in)
                                                         inputs[0] (net)
                      0.022323    0.000000    5.013542 ^ input1/A (sky130_fd_sc_hd__buf_4)
     6    0.062518    0.132884    0.140338    5.153880 ^ input1/X (sky130_fd_sc_hd__buf_4)
                                                         net1 (net)
                      0.133242    0.005628    5.159508 ^ _049_/B (sky130_fd_sc_hd__xor2_4)
     5    0.043125    0.251686    0.221890    5.381398 ^ _049_/X (sky130_fd_sc_hd__xor2_4)
                                                         net40 (net)
                      0.251757    0.003358    5.384757 ^ _055_/A (sky130_fd_sc_hd__xnor2_4)
     4    0.020708    0.078381    0.077733    5.462490 v _055_/Y (sky130_fd_sc_hd__xnor2_4)
                                                         net45 (net)
                      0.078470    0.001250    5.463739 v _057_/A (sky130_fd_sc_hd__xnor2_2)
     3    0.011719    0.062605    0.122561    5.586300 v _057_/Y (sky130_fd_sc_hd__xnor2_2)
                                                         net53 (net)
                      0.062613    0.000554    5.586854 v _068_/A (sky130_fd_sc_hd__xnor2_1)
     2    0.007626    0.148434    0.159829    5.746683 ^ _068_/Y (sky130_fd_sc_hd__xnor2_1)
                                                         net56 (net)
                      0.148437    0.000520    5.747202 ^ _096_/A (sky130_fd_sc_hd__xnor2_1)
     1    0.002465    0.077954    0.077114    5.824317 ^ _096_/Y (sky130_fd_sc_hd__xnor2_1)
                                                         net57 (net)
                      0.077954    0.000165    5.824481 ^ output57/A (sky130_fd_sc_hd__buf_2)
     1    0.033945    0.126735    0.148237    5.972718 ^ output57/X (sky130_fd_sc_hd__buf_2)
                                                         outputs[31] (net)
                      0.126764    0.001600    5.974317 ^ outputs[31] (out)
                                              5.974317   data arrival time

                      0.000000   25.000000   25.000000   clock clk (rise edge)
                                  0.000000   25.000000   clock network delay (ideal)
                                 -0.250000   24.750000   clock uncertainty
                                  0.000000   24.750000   clock reconvergence pessimism
                                 -5.000000   19.750000   output external delay
                                             19.750000   data required time
---------------------------------------------------------------------------------------------
                                             19.750000   data required time
                                             -5.974317   data arrival time
---------------------------------------------------------------------------------------------
                                             13.775682   slack (MET)




===========================================================================
report_checks --slack_max -0.01
============================================================================
======================= max_ff_n40C_1v95 Corner ===================================

No paths found.


===========================================================================
 report_check_types -max_slew -max_cap -max_fanout -violators
============================================================================
======================= max_ff_n40C_1v95 Corner ===================================



===========================================================================
report_parasitic_annotation -report_unannotated
============================================================================
Found 0 unannotated drivers.
Found 0 partially unannotated drivers.

===========================================================================
max slew violation count 0
max fanout violation count 0
max cap violation count 0
============================================================================

===========================================================================
check_setup -verbose -unconstrained_endpoints -multiple_clock -no_clock -no_input_delay -loops -generated_clocks
===========================================================================
