
===========================================================================
report_checks -path_delay max (Setup)
============================================================================
======================= max_ff_n40C_1v95 Corner ===================================

Startpoint: inputs[0] (input port clocked by clk)
Endpoint: outputs[31] (output port clocked by clk)
Path Group: clk
Path Type: max

Fanout         Cap        Slew       Delay        Time   Description
---------------------------------------------------------------------------------------------
                      0.000000    0.000000    0.000000   clock clk (rise edge)
                                  0.000000    0.000000   clock network delay (ideal)
                                  5.000000    5.000000 ^ input external delay
     1    0.005194    0.022319    0.013542    5.013542 ^ inputs[0] (in)
                                                         inputs[0] (net)
                      0.022323    0.000000    5.013542 ^ input1/A (sky130_fd_sc_hd__buf_4)
     6    0.062518    0.132884    0.140338    5.153880 ^ input1/X (sky130_fd_sc_hd__buf_4)
                                                         net1 (net)
                      0.133242    0.005628    5.159508 ^ _049_/B (sky130_fd_sc_hd__xor2_4)
     5    0.043125    0.251686    0.221890    5.381398 ^ _049_/X (sky130_fd_sc_hd__xor2_4)
                                                         net40 (net)
                      0.251757    0.003358    5.384757 ^ _055_/A (sky130_fd_sc_hd__xnor2_4)
     4    0.020708    0.078381    0.077733    5.462490 v _055_/Y (sky130_fd_sc_hd__xnor2_4)
                                                         net45 (net)
                      0.078470    0.001250    5.463739 v _057_/A (sky130_fd_sc_hd__xnor2_2)
     3    0.011719    0.062605    0.122561    5.586300 v _057_/Y (sky130_fd_sc_hd__xnor2_2)
                                                         net53 (net)
                      0.062613    0.000554    5.586854 v _068_/A (sky130_fd_sc_hd__xnor2_1)
     2    0.007626    0.148434    0.159829    5.746683 ^ _068_/Y (sky130_fd_sc_hd__xnor2_1)
                                                         net56 (net)
                      0.148437    0.000520    5.747202 ^ _096_/A (sky130_fd_sc_hd__xnor2_1)
     1    0.002465    0.077954    0.077114    5.824317 ^ _096_/Y (sky130_fd_sc_hd__xnor2_1)
                                                         net57 (net)
                      0.077954    0.000165    5.824481 ^ output57/A (sky130_fd_sc_hd__buf_2)
     1    0.033945    0.126735    0.148237    5.972718 ^ output57/X (sky130_fd_sc_hd__buf_2)
                                                         outputs[31] (net)
                      0.126764    0.001600    5.974317 ^ outputs[31] (out)
                                              5.974317   data arrival time

                      0.000000   25.000000   25.000000   clock clk (rise edge)
                                  0.000000   25.000000   clock network delay (ideal)
                                 -0.250000   24.750000   clock uncertainty
                                  0.000000   24.750000   clock reconvergence pessimism
                                 -5.000000   19.750000   output external delay
                                             19.750000   data required time
---------------------------------------------------------------------------------------------
                                             19.750000   data required time
                                             -5.974317   data arrival time
---------------------------------------------------------------------------------------------
                                             13.775682   slack (MET)


Startpoint: inputs[0] (input port clocked by clk)
Endpoint: outputs[30] (output port clocked by clk)
Path Group: clk
Path Type: max

Fanout         Cap        Slew       Delay        Time   Description
---------------------------------------------------------------------------------------------
                      0.000000    0.000000    0.000000   clock clk (rise edge)
                                  0.000000    0.000000   clock network delay (ideal)
                                  5.000000    5.000000 ^ input external delay
     1    0.005194    0.022319    0.013542    5.013542 ^ inputs[0] (in)
                                                         inputs[0] (net)
                      0.022323    0.000000    5.013542 ^ input1/A (sky130_fd_sc_hd__buf_4)
     6    0.062518    0.132884    0.140338    5.153880 ^ input1/X (sky130_fd_sc_hd__buf_4)
                                                         net1 (net)
                      0.133242    0.005628    5.159508 ^ _049_/B (sky130_fd_sc_hd__xor2_4)
     5    0.043125    0.251686    0.221890    5.381398 ^ _049_/X (sky130_fd_sc_hd__xor2_4)
                                                         net40 (net)
                      0.251757    0.003358    5.384757 ^ _055_/A (sky130_fd_sc_hd__xnor2_4)
     4    0.020708    0.078381    0.077733    5.462490 v _055_/Y (sky130_fd_sc_hd__xnor2_4)
                                                         net45 (net)
                      0.078470    0.001250    5.463739 v _057_/A (sky130_fd_sc_hd__xnor2_2)
     3    0.011719    0.062605    0.122561    5.586300 v _057_/Y (sky130_fd_sc_hd__xnor2_2)
                                                         net53 (net)
                      0.062613    0.000554    5.586854 v _068_/A (sky130_fd_sc_hd__xnor2_1)
     2    0.007626    0.148434    0.159829    5.746683 ^ _068_/Y (sky130_fd_sc_hd__xnor2_1)
                                                         net56 (net)
                      0.148437    0.000540    5.747222 ^ output56/A (sky130_fd_sc_hd__buf_2)
     1    0.034090    0.127327    0.161466    5.908689 ^ output56/X (sky130_fd_sc_hd__buf_2)
                                                         outputs[30] (net)
                      0.127399    0.001640    5.910329 ^ outputs[30] (out)
                                              5.910329   data arrival time

                      0.000000   25.000000   25.000000   clock clk (rise edge)
                                  0.000000   25.000000   clock network delay (ideal)
                                 -0.250000   24.750000   clock uncertainty
                                  0.000000   24.750000   clock reconvergence pessimism
                                 -5.000000   19.750000   output external delay
                                             19.750000   data required time
---------------------------------------------------------------------------------------------
                                             19.750000   data required time
                                             -5.910329   data arrival time
---------------------------------------------------------------------------------------------
                                             13.839671   slack (MET)


Startpoint: inputs[0] (input port clocked by clk)
Endpoint: outputs[27] (output port clocked by clk)
Path Group: clk
Path Type: max

Fanout         Cap        Slew       Delay        Time   Description
---------------------------------------------------------------------------------------------
                      0.000000    0.000000    0.000000   clock clk (rise edge)
                                  0.000000    0.000000   clock network delay (ideal)
                                  5.000000    5.000000 ^ input external delay
     1    0.005194    0.022319    0.013542    5.013542 ^ inputs[0] (in)
                                                         inputs[0] (net)
                      0.022323    0.000000    5.013542 ^ input1/A (sky130_fd_sc_hd__buf_4)
     6    0.062518    0.132884    0.140338    5.153880 ^ input1/X (sky130_fd_sc_hd__buf_4)
                                                         net1 (net)
                      0.133242    0.005628    5.159508 ^ _049_/B (sky130_fd_sc_hd__xor2_4)
     5    0.043125    0.251686    0.221890    5.381398 ^ _049_/X (sky130_fd_sc_hd__xor2_4)
                                                         net40 (net)
                      0.251705    0.001744    5.383142 ^ _051_/A (sky130_fd_sc_hd__xor2_2)
     3    0.017265    0.182119    0.162444    5.545587 ^ _051_/X (sky130_fd_sc_hd__xor2_2)
                                                         net49 (net)
                      0.182133    0.001277    5.546863 ^ _069_/A (sky130_fd_sc_hd__xnor2_1)
     2    0.008106    0.155132    0.110283    5.657146 ^ _069_/Y (sky130_fd_sc_hd__xnor2_1)
                                                         net51 (net)
                      0.155135    0.000551    5.657697 ^ _100_/A (sky130_fd_sc_hd__xnor2_1)
     1    0.002767    0.082131    0.079062    5.736759 ^ _100_/Y (sky130_fd_sc_hd__xnor2_1)
                                                         net52 (net)
                      0.082131    0.000189    5.736948 ^ output52/A (sky130_fd_sc_hd__buf_2)
     1    0.034004    0.126940    0.149331    5.886279 ^ output52/X (sky130_fd_sc_hd__buf_2)
                                                         outputs[27] (net)
                      0.126969    0.001612    5.887891 ^ outputs[27] (out)
                                              5.887891   data arrival time

                      0.000000   25.000000   25.000000   clock clk (rise edge)
                                  0.000000   25.000000   clock network delay (ideal)
                                 -0.250000   24.750000   clock uncertainty
                                  0.000000   24.750000   clock reconvergence pessimism
                                 -5.000000   19.750000   output external delay
                                             19.750000   data required time
---------------------------------------------------------------------------------------------
                                             19.750000   data required time
                                             -5.887891   data arrival time
---------------------------------------------------------------------------------------------
                                             13.862108   slack (MET)


Startpoint: inputs[0] (input port clocked by clk)
Endpoint: outputs[23] (output port clocked by clk)
Path Group: clk
Path Type: max

Fanout         Cap        Slew       Delay        Time   Description
---------------------------------------------------------------------------------------------
                      0.000000    0.000000    0.000000   clock clk (rise edge)
                                  0.000000    0.000000   clock network delay (ideal)
                                  5.000000    5.000000 ^ input external delay
     1    0.005194    0.022319    0.013542    5.013542 ^ inputs[0] (in)
                                                         inputs[0] (net)
                      0.022323    0.000000    5.013542 ^ input1/A (sky130_fd_sc_hd__buf_4)
     6    0.062518    0.132884    0.140338    5.153880 ^ input1/X (sky130_fd_sc_hd__buf_4)
                                                         net1 (net)
                      0.133242    0.005628    5.159508 ^ _049_/B (sky130_fd_sc_hd__xor2_4)
     5    0.043125    0.251686    0.221890    5.381398 ^ _049_/X (sky130_fd_sc_hd__xor2_4)
                                                         net40 (net)
                      0.251757    0.003358    5.384757 ^ _055_/A (sky130_fd_sc_hd__xnor2_4)
     4    0.020708    0.078381    0.077733    5.462490 v _055_/Y (sky130_fd_sc_hd__xnor2_4)
                                                         net45 (net)
                      0.078457    0.000973    5.463463 v _102_/A (sky130_fd_sc_hd__xnor2_1)
     2    0.008782    0.164624    0.177814    5.641276 ^ _102_/Y (sky130_fd_sc_hd__xnor2_1)
                                                         net46 (net)
                      0.164628    0.000588    5.641864 ^ _105_/A (sky130_fd_sc_hd__xnor2_1)
     1    0.002853    0.083235    0.079706    5.721570 ^ _105_/Y (sky130_fd_sc_hd__xnor2_1)
                                                         net48 (net)
                      0.083235    0.000186    5.721756 ^ output48/A (sky130_fd_sc_hd__buf_2)
     1    0.034315    0.128032    0.150263    5.872019 ^ output48/X (sky130_fd_sc_hd__buf_2)
                                                         outputs[23] (net)
                      0.128066    0.001743    5.873762 ^ outputs[23] (out)
                                              5.873762   data arrival time

                      0.000000   25.000000   25.000000   clock clk (rise edge)
                                  0.000000   25.000000   clock network delay (ideal)
                                 -0.250000   24.750000   clock uncertainty
                                  0.000000   24.750000   clock reconvergence pessimism
                                 -5.000000   19.750000   output external delay
                                             19.750000   data required time
---------------------------------------------------------------------------------------------
                                             19.750000   data required time
                                             -5.873762   data arrival time
---------------------------------------------------------------------------------------------
                                             13.876238   slack (MET)


Startpoint: inputs[0] (input port clocked by clk)
Endpoint: outputs[29] (output port clocked by clk)
Path Group: clk
Path Type: max

Fanout         Cap        Slew       Delay        Time   Description
---------------------------------------------------------------------------------------------
                      0.000000    0.000000    0.000000   clock clk (rise edge)
                                  0.000000    0.000000   clock network delay (ideal)
                                  5.000000    5.000000 ^ input external delay
     1    0.005194    0.022319    0.013542    5.013542 ^ inputs[0] (in)
                                                         inputs[0] (net)
                      0.022323    0.000000    5.013542 ^ input1/A (sky130_fd_sc_hd__buf_4)
     6    0.062518    0.132884    0.140338    5.153880 ^ input1/X (sky130_fd_sc_hd__buf_4)
                                                         net1 (net)
                      0.133242    0.005628    5.159508 ^ _049_/B (sky130_fd_sc_hd__xor2_4)
     5    0.043125    0.251686    0.221890    5.381398 ^ _049_/X (sky130_fd_sc_hd__xor2_4)
                                                         net40 (net)
                      0.251757    0.003358    5.384757 ^ _055_/A (sky130_fd_sc_hd__xnor2_4)
     4    0.020708    0.078381    0.077733    5.462490 v _055_/Y (sky130_fd_sc_hd__xnor2_4)
                                                         net45 (net)
                      0.078470    0.001250    5.463739 v _057_/A (sky130_fd_sc_hd__xnor2_2)
     3    0.012535    0.154277    0.170048    5.633787 ^ _057_/Y (sky130_fd_sc_hd__xnor2_2)
                                                         net53 (net)
                      0.154277    0.000453    5.634240 ^ _097_/A (sky130_fd_sc_hd__xor2_1)
     1    0.002368    0.074984    0.088559    5.722798 ^ _097_/X (sky130_fd_sc_hd__xor2_1)
                                                         net54 (net)
                      0.074984    0.000161    5.722960 ^ output54/A (sky130_fd_sc_hd__buf_2)
     1    0.034208    0.127662    0.148184    5.871144 ^ output54/X (sky130_fd_sc_hd__buf_2)
                                                         outputs[29] (net)
                      0.127692    0.001630    5.872774 ^ outputs[29] (out)
                                              5.872774   data arrival time

                      0.000000   25.000000   25.000000   clock clk (rise edge)
                                  0.000000   25.000000   clock network delay (ideal)
                                 -0.250000   24.750000   clock uncertainty
                                  0.000000   24.750000   clock reconvergence pessimism
                                 -5.000000   19.750000   output external delay
                                             19.750000   data required time
---------------------------------------------------------------------------------------------
                                             19.750000   data required time
                                             -5.872774   data arrival time
---------------------------------------------------------------------------------------------
                                             13.877226   slack (MET)


Startpoint: inputs[0] (input port clocked by clk)
Endpoint: outputs[15] (output port clocked by clk)
Path Group: clk
Path Type: max

Fanout         Cap        Slew       Delay        Time   Description
---------------------------------------------------------------------------------------------
                      0.000000    0.000000    0.000000   clock clk (rise edge)
                                  0.000000    0.000000   clock network delay (ideal)
                                  5.000000    5.000000 v input external delay
     1    0.004933    0.008079    0.004259    5.004260 v inputs[0] (in)
                                                         inputs[0] (net)
                      0.008088    0.000000    5.004260 v input1/A (sky130_fd_sc_hd__buf_4)
     6    0.057992    0.063312    0.117377    5.121636 v input1/X (sky130_fd_sc_hd__buf_4)
                                                         net1 (net)
                      0.063695    0.003910    5.125546 v _052_/A (sky130_fd_sc_hd__xor2_4)
     4    0.024459    0.066111    0.143530    5.269076 v _052_/X (sky130_fd_sc_hd__xor2_4)
                                                         net63 (net)
                      0.066130    0.000855    5.269931 v _074_/A (sky130_fd_sc_hd__xnor2_2)
     3    0.017112    0.192493    0.193373    5.463305 ^ _074_/Y (sky130_fd_sc_hd__xnor2_2)
                                                         net34 (net)
                      0.192500    0.000912    5.464216 ^ _077_/A (sky130_fd_sc_hd__xor2_1)
     2    0.010881    0.184412    0.171910    5.636127 ^ _077_/X (sky130_fd_sc_hd__xor2_1)
                                                         net38 (net)
                      0.184419    0.000916    5.637042 ^ _116_/A (sky130_fd_sc_hd__xnor2_1)
     1    0.002513    0.078947    0.077780    5.714822 ^ _116_/Y (sky130_fd_sc_hd__xnor2_1)
                                                         net39 (net)
                      0.078947    0.000182    5.715004 ^ output39/A (sky130_fd_sc_hd__buf_2)
     1    0.034639    0.129182    0.150121    5.865125 ^ output39/X (sky130_fd_sc_hd__buf_2)
                                                         outputs[15] (net)
                      0.129214    0.001691    5.866816 ^ outputs[15] (out)
                                              5.866816   data arrival time

                      0.000000   25.000000   25.000000   clock clk (rise edge)
                                  0.000000   25.000000   clock network delay (ideal)
                                 -0.250000   24.750000   clock uncertainty
                                  0.000000   24.750000   clock reconvergence pessimism
                                 -5.000000   19.750000   output external delay
                                             19.750000   data required time
---------------------------------------------------------------------------------------------
                                             19.750000   data required time
                                             -5.866816   data arrival time
---------------------------------------------------------------------------------------------
                                             13.883183   slack (MET)


Startpoint: inputs[0] (input port clocked by clk)
Endpoint: outputs[26] (output port clocked by clk)
Path Group: clk
Path Type: max

Fanout         Cap        Slew       Delay        Time   Description
---------------------------------------------------------------------------------------------
                      0.000000    0.000000    0.000000   clock clk (rise edge)
                                  0.000000    0.000000   clock network delay (ideal)
                                  5.000000    5.000000 ^ input external delay
     1    0.005194    0.022319    0.013542    5.013542 ^ inputs[0] (in)
                                                         inputs[0] (net)
                      0.022323    0.000000    5.013542 ^ input1/A (sky130_fd_sc_hd__buf_4)
     6    0.062518    0.132884    0.140338    5.153880 ^ input1/X (sky130_fd_sc_hd__buf_4)
                                                         net1 (net)
                      0.133242    0.005628    5.159508 ^ _049_/B (sky130_fd_sc_hd__xor2_4)
     5    0.043125    0.251686    0.221890    5.381398 ^ _049_/X (sky130_fd_sc_hd__xor2_4)
                                                         net40 (net)
                      0.251705    0.001744    5.383142 ^ _051_/A (sky130_fd_sc_hd__xor2_2)
     3    0.017265    0.182119    0.162444    5.545587 ^ _051_/X (sky130_fd_sc_hd__xor2_2)
                                                         net49 (net)
                      0.182133    0.001277    5.546863 ^ _069_/A (sky130_fd_sc_hd__xnor2_1)
     2    0.008106    0.155132    0.110283    5.657146 ^ _069_/Y (sky130_fd_sc_hd__xnor2_1)
                                                         net51 (net)
                      0.155135    0.000572    5.657719 ^ output51/A (sky130_fd_sc_hd__buf_2)
     1    0.034152    0.127579    0.162293    5.820012 ^ output51/X (sky130_fd_sc_hd__buf_2)
                                                         outputs[26] (net)
                      0.127652    0.001671    5.821682 ^ outputs[26] (out)
                                              5.821682   data arrival time

                      0.000000   25.000000   25.000000   clock clk (rise edge)
                                  0.000000   25.000000   clock network delay (ideal)
                                 -0.250000   24.750000   clock uncertainty
                                  0.000000   24.750000   clock reconvergence pessimism
                                 -5.000000   19.750000   output external delay
                                             19.750000   data required time
---------------------------------------------------------------------------------------------
                                             19.750000   data required time
                                             -5.821682   data arrival time
---------------------------------------------------------------------------------------------
                                             13.928317   slack (MET)


Startpoint: inputs[0] (input port clocked by clk)
Endpoint: outputs[21] (output port clocked by clk)
Path Group: clk
Path Type: max

Fanout         Cap        Slew       Delay        Time   Description
---------------------------------------------------------------------------------------------
                      0.000000    0.000000    0.000000   clock clk (rise edge)
                                  0.000000    0.000000   clock network delay (ideal)
                                  5.000000    5.000000 ^ input external delay
     1    0.005194    0.022319    0.013542    5.013542 ^ inputs[0] (in)
                                                         inputs[0] (net)
                      0.022323    0.000000    5.013542 ^ input1/A (sky130_fd_sc_hd__buf_4)
     6    0.062518    0.132884    0.140338    5.153880 ^ input1/X (sky130_fd_sc_hd__buf_4)
                                                         net1 (net)
                      0.133242    0.005628    5.159508 ^ _049_/B (sky130_fd_sc_hd__xor2_4)
     5    0.043125    0.251686    0.221890    5.381398 ^ _049_/X (sky130_fd_sc_hd__xor2_4)
                                                         net40 (net)
                      0.251757    0.003358    5.384757 ^ _055_/A (sky130_fd_sc_hd__xnor2_4)
     4    0.020708    0.078381    0.077733    5.462490 v _055_/Y (sky130_fd_sc_hd__xnor2_4)
                                                         net45 (net)
                      0.078457    0.000973    5.463463 v _102_/A (sky130_fd_sc_hd__xnor2_1)
     2    0.008782    0.164624    0.177814    5.641276 ^ _102_/Y (sky130_fd_sc_hd__xnor2_1)
                                                         net46 (net)
                      0.164627    0.000500    5.641777 ^ output46/A (sky130_fd_sc_hd__buf_2)
     1    0.034377    0.128846    0.163829    5.805606 ^ output46/X (sky130_fd_sc_hd__buf_2)
                                                         outputs[21] (net)
                      0.128916    0.001595    5.807201 ^ outputs[21] (out)
                                              5.807201   data arrival time

                      0.000000   25.000000   25.000000   clock clk (rise edge)
                                  0.000000   25.000000   clock network delay (ideal)
                                 -0.250000   24.750000   clock uncertainty
                                  0.000000   24.750000   clock reconvergence pessimism
                                 -5.000000   19.750000   output external delay
                                             19.750000   data required time
---------------------------------------------------------------------------------------------
                                             19.750000   data required time
                                             -5.807201   data arrival time
---------------------------------------------------------------------------------------------
                                             13.942799   slack (MET)


Startpoint: inputs[0] (input port clocked by clk)
Endpoint: outputs[14] (output port clocked by clk)
Path Group: clk
Path Type: max

Fanout         Cap        Slew       Delay        Time   Description
---------------------------------------------------------------------------------------------
                      0.000000    0.000000    0.000000   clock clk (rise edge)
                                  0.000000    0.000000   clock network delay (ideal)
                                  5.000000    5.000000 v input external delay
     1    0.004933    0.008079    0.004259    5.004260 v inputs[0] (in)
                                                         inputs[0] (net)
                      0.008088    0.000000    5.004260 v input1/A (sky130_fd_sc_hd__buf_4)
     6    0.057992    0.063312    0.117377    5.121636 v input1/X (sky130_fd_sc_hd__buf_4)
                                                         net1 (net)
                      0.063695    0.003910    5.125546 v _052_/A (sky130_fd_sc_hd__xor2_4)
     4    0.024459    0.066111    0.143530    5.269076 v _052_/X (sky130_fd_sc_hd__xor2_4)
                                                         net63 (net)
                      0.066130    0.000855    5.269931 v _074_/A (sky130_fd_sc_hd__xnor2_2)
     3    0.017112    0.192493    0.193373    5.463305 ^ _074_/Y (sky130_fd_sc_hd__xnor2_2)
                                                         net34 (net)
                      0.192500    0.000912    5.464216 ^ _077_/A (sky130_fd_sc_hd__xor2_1)
     2    0.010881    0.184412    0.171910    5.636127 ^ _077_/X (sky130_fd_sc_hd__xor2_1)
                                                         net38 (net)
                      0.184419    0.000959    5.637085 ^ output38/A (sky130_fd_sc_hd__buf_2)
     1    0.034639    0.129428    0.166512    5.803597 ^ output38/X (sky130_fd_sc_hd__buf_2)
                                                         outputs[14] (net)
                      0.129502    0.001689    5.805286 ^ outputs[14] (out)
                                              5.805286   data arrival time

                      0.000000   25.000000   25.000000   clock clk (rise edge)
                                  0.000000   25.000000   clock network delay (ideal)
                                 -0.250000   24.750000   clock uncertainty
                                  0.000000   24.750000   clock reconvergence pessimism
                                 -5.000000   19.750000   output external delay
                                             19.750000   data required time
---------------------------------------------------------------------------------------------
                                             19.750000   data required time
                                             -5.805286   data arrival time
---------------------------------------------------------------------------------------------
                                             13.944715   slack (MET)


Startpoint: inputs[0] (input port clocked by clk)
Endpoint: outputs[28] (output port clocked by clk)
Path Group: clk
Path Type: max

Fanout         Cap        Slew       Delay        Time   Description
---------------------------------------------------------------------------------------------
                      0.000000    0.000000    0.000000   clock clk (rise edge)
                                  0.000000    0.000000   clock network delay (ideal)
                                  5.000000    5.000000 ^ input external delay
     1    0.005194    0.022319    0.013542    5.013542 ^ inputs[0] (in)
                                                         inputs[0] (net)
                      0.022323    0.000000    5.013542 ^ input1/A (sky130_fd_sc_hd__buf_4)
     6    0.062518    0.132884    0.140338    5.153880 ^ input1/X (sky130_fd_sc_hd__buf_4)
                                                         net1 (net)
                      0.133242    0.005628    5.159508 ^ _049_/B (sky130_fd_sc_hd__xor2_4)
     5    0.043125    0.251686    0.221890    5.381398 ^ _049_/X (sky130_fd_sc_hd__xor2_4)
                                                         net40 (net)
                      0.251757    0.003358    5.384757 ^ _055_/A (sky130_fd_sc_hd__xnor2_4)
     4    0.020708    0.078381    0.077733    5.462490 v _055_/Y (sky130_fd_sc_hd__xnor2_4)
                                                         net45 (net)
                      0.078470    0.001250    5.463739 v _057_/A (sky130_fd_sc_hd__xnor2_2)
     3    0.012535    0.154277    0.170048    5.633787 ^ _057_/Y (sky130_fd_sc_hd__xnor2_2)
                                                         net53 (net)
                      0.154277    0.000405    5.634192 ^ output53/A (sky130_fd_sc_hd__buf_2)
     1    0.033921    0.126770    0.161690    5.795882 ^ output53/X (sky130_fd_sc_hd__buf_2)
                                                         outputs[28] (net)
                      0.126839    0.001588    5.797469 ^ outputs[28] (out)
                                              5.797469   data arrival time

                      0.000000   25.000000   25.000000   clock clk (rise edge)
                                  0.000000   25.000000   clock network delay (ideal)
                                 -0.250000   24.750000   clock uncertainty
                                  0.000000   24.750000   clock reconvergence pessimism
                                 -5.000000   19.750000   output external delay
                                             19.750000   data required time
---------------------------------------------------------------------------------------------
                                             19.750000   data required time
                                             -5.797469   data arrival time
---------------------------------------------------------------------------------------------
                                             13.952530   slack (MET)


Startpoint: inputs[0] (input port clocked by clk)
Endpoint: outputs[25] (output port clocked by clk)
Path Group: clk
Path Type: max

Fanout         Cap        Slew       Delay        Time   Description
---------------------------------------------------------------------------------------------
                      0.000000    0.000000    0.000000   clock clk (rise edge)
                                  0.000000    0.000000   clock network delay (ideal)
                                  5.000000    5.000000 ^ input external delay
     1    0.005194    0.022319    0.013542    5.013542 ^ inputs[0] (in)
                                                         inputs[0] (net)
                      0.022323    0.000000    5.013542 ^ input1/A (sky130_fd_sc_hd__buf_4)
     6    0.062518    0.132884    0.140338    5.153880 ^ input1/X (sky130_fd_sc_hd__buf_4)
                                                         net1 (net)
                      0.133242    0.005628    5.159508 ^ _049_/B (sky130_fd_sc_hd__xor2_4)
     5    0.043125    0.251686    0.221890    5.381398 ^ _049_/X (sky130_fd_sc_hd__xor2_4)
                                                         net40 (net)
                      0.251705    0.001744    5.383142 ^ _051_/A (sky130_fd_sc_hd__xor2_2)
     3    0.017265    0.182119    0.162444    5.545587 ^ _051_/X (sky130_fd_sc_hd__xor2_2)
                                                         net49 (net)
                      0.182139    0.001502    5.547088 ^ _101_/A (sky130_fd_sc_hd__xor2_1)
     1    0.002901    0.082326    0.093593    5.640681 ^ _101_/X (sky130_fd_sc_hd__xor2_1)
                                                         net50 (net)
                      0.082326    0.000191    5.640873 ^ output50/A (sky130_fd_sc_hd__buf_2)
     1    0.033987    0.126878    0.149321    5.790194 ^ output50/X (sky130_fd_sc_hd__buf_2)
                                                         outputs[25] (net)
                      0.126908    0.001631    5.791824 ^ outputs[25] (out)
                                              5.791824   data arrival time

                      0.000000   25.000000   25.000000   clock clk (rise edge)
                                  0.000000   25.000000   clock network delay (ideal)
                                 -0.250000   24.750000   clock uncertainty
                                  0.000000   24.750000   clock reconvergence pessimism
                                 -5.000000   19.750000   output external delay
                                             19.750000   data required time
---------------------------------------------------------------------------------------------
                                             19.750000   data required time
                                             -5.791824   data arrival time
---------------------------------------------------------------------------------------------
                                             13.958176   slack (MET)


Startpoint: inputs[0] (input port clocked by clk)
Endpoint: outputs[19] (output port clocked by clk)
Path Group: clk
Path Type: max

Fanout         Cap        Slew       Delay        Time   Description
---------------------------------------------------------------------------------------------
                      0.000000    0.000000    0.000000   clock clk (rise edge)
                                  0.000000    0.000000   clock network delay (ideal)
                                  5.000000    5.000000 ^ input external delay
     1    0.005194    0.022319    0.013542    5.013542 ^ inputs[0] (in)
                                                         inputs[0] (net)
                      0.022323    0.000000    5.013542 ^ input1/A (sky130_fd_sc_hd__buf_4)
     6    0.062518    0.132884    0.140338    5.153880 ^ input1/X (sky130_fd_sc_hd__buf_4)
                                                         net1 (net)
                      0.133242    0.005628    5.159508 ^ _049_/B (sky130_fd_sc_hd__xor2_4)
     5    0.043125    0.251686    0.221890    5.381398 ^ _049_/X (sky130_fd_sc_hd__xor2_4)
                                                         net40 (net)
                      0.251739    0.002910    5.384308 ^ _072_/A (sky130_fd_sc_hd__xnor2_1)
     2    0.010332    0.086590    0.094795    5.479103 v _072_/Y (sky130_fd_sc_hd__xnor2_1)
                                                         net42 (net)
                      0.086600    0.000722    5.479825 v _107_/A (sky130_fd_sc_hd__xnor2_1)
     1    0.003203    0.088358    0.122417    5.602241 ^ _107_/Y (sky130_fd_sc_hd__xnor2_1)
                                                         net43 (net)
                      0.088358    0.000131    5.602372 ^ output43/A (sky130_fd_sc_hd__buf_2)
     1    0.034005    0.126942    0.150763    5.753134 ^ output43/X (sky130_fd_sc_hd__buf_2)
                                                         outputs[19] (net)
                      0.126972    0.001612    5.754746 ^ outputs[19] (out)
                                              5.754746   data arrival time

                      0.000000   25.000000   25.000000   clock clk (rise edge)
                                  0.000000   25.000000   clock network delay (ideal)
                                 -0.250000   24.750000   clock uncertainty
                                  0.000000   24.750000   clock reconvergence pessimism
                                 -5.000000   19.750000   output external delay
                                             19.750000   data required time
---------------------------------------------------------------------------------------------
                                             19.750000   data required time
                                             -5.754746   data arrival time
---------------------------------------------------------------------------------------------
                                             13.995254   slack (MET)


Startpoint: inputs[0] (input port clocked by clk)
Endpoint: outputs[22] (output port clocked by clk)
Path Group: clk
Path Type: max

Fanout         Cap        Slew       Delay        Time   Description
---------------------------------------------------------------------------------------------
                      0.000000    0.000000    0.000000   clock clk (rise edge)
                                  0.000000    0.000000   clock network delay (ideal)
                                  5.000000    5.000000 ^ input external delay
     1    0.005194    0.022319    0.013542    5.013542 ^ inputs[0] (in)
                                                         inputs[0] (net)
                      0.022323    0.000000    5.013542 ^ input1/A (sky130_fd_sc_hd__buf_4)
     6    0.062518    0.132884    0.140338    5.153880 ^ input1/X (sky130_fd_sc_hd__buf_4)
                                                         net1 (net)
                      0.133242    0.005628    5.159508 ^ _049_/B (sky130_fd_sc_hd__xor2_4)
     5    0.043125    0.251686    0.221890    5.381398 ^ _049_/X (sky130_fd_sc_hd__xor2_4)
                                                         net40 (net)
                      0.251757    0.003358    5.384757 ^ _055_/A (sky130_fd_sc_hd__xnor2_4)
     4    0.022230    0.165193    0.109337    5.494094 ^ _055_/Y (sky130_fd_sc_hd__xnor2_4)
                                                         net45 (net)
                      0.165202    0.001235    5.495329 ^ _071_/A (sky130_fd_sc_hd__xor2_1)
     1    0.002836    0.081312    0.093134    5.588463 ^ _071_/X (sky130_fd_sc_hd__xor2_1)
                                                         net47 (net)
                      0.081312    0.000188    5.588651 ^ output47/A (sky130_fd_sc_hd__buf_2)
     1    0.034460    0.128926    0.150213    5.738864 ^ output47/X (sky130_fd_sc_hd__buf_2)
                                                         outputs[22] (net)
                      0.128955    0.001614    5.740478 ^ outputs[22] (out)
                                              5.740478   data arrival time

                      0.000000   25.000000   25.000000   clock clk (rise edge)
                                  0.000000   25.000000   clock network delay (ideal)
                                 -0.250000   24.750000   clock uncertainty
                                  0.000000   24.750000   clock reconvergence pessimism
                                 -5.000000   19.750000   output external delay
                                             19.750000   data required time
---------------------------------------------------------------------------------------------
                                             19.750000   data required time
                                             -5.740478   data arrival time
---------------------------------------------------------------------------------------------
                                             14.009521   slack (MET)


Startpoint: inputs[0] (input port clocked by clk)
Endpoint: outputs[24] (output port clocked by clk)
Path Group: clk
Path Type: max

Fanout         Cap        Slew       Delay        Time   Description
---------------------------------------------------------------------------------------------
                      0.000000    0.000000    0.000000   clock clk (rise edge)
                                  0.000000    0.000000   clock network delay (ideal)
                                  5.000000    5.000000 ^ input external delay
     1    0.005194    0.022319    0.013542    5.013542 ^ inputs[0] (in)
                                                         inputs[0] (net)
                      0.022323    0.000000    5.013542 ^ input1/A (sky130_fd_sc_hd__buf_4)
     6    0.062518    0.132884    0.140338    5.153880 ^ input1/X (sky130_fd_sc_hd__buf_4)
                                                         net1 (net)
                      0.133242    0.005628    5.159508 ^ _049_/B (sky130_fd_sc_hd__xor2_4)
     5    0.043125    0.251686    0.221890    5.381398 ^ _049_/X (sky130_fd_sc_hd__xor2_4)
                                                         net40 (net)
                      0.251705    0.001744    5.383142 ^ _051_/A (sky130_fd_sc_hd__xor2_2)
     3    0.017265    0.182119    0.162444    5.545587 ^ _051_/X (sky130_fd_sc_hd__xor2_2)
                                                         net49 (net)
                      0.182133    0.001263    5.546849 ^ output49/A (sky130_fd_sc_hd__buf_2)
     1    0.033921    0.126917    0.164572    5.711421 ^ output49/X (sky130_fd_sc_hd__buf_2)
                                                         outputs[24] (net)
                      0.126987    0.001586    5.713008 ^ outputs[24] (out)
                                              5.713008   data arrival time

                      0.000000   25.000000   25.000000   clock clk (rise edge)
                                  0.000000   25.000000   clock network delay (ideal)
                                 -0.250000   24.750000   clock uncertainty
                                  0.000000   24.750000   clock reconvergence pessimism
                                 -5.000000   19.750000   output external delay
                                             19.750000   data required time
---------------------------------------------------------------------------------------------
                                             19.750000   data required time
                                             -5.713008   data arrival time
---------------------------------------------------------------------------------------------
                                             14.036991   slack (MET)


Startpoint: inputs[0] (input port clocked by clk)
Endpoint: outputs[13] (output port clocked by clk)
Path Group: clk
Path Type: max

Fanout         Cap        Slew       Delay        Time   Description
---------------------------------------------------------------------------------------------
                      0.000000    0.000000    0.000000   clock clk (rise edge)
                                  0.000000    0.000000   clock network delay (ideal)
                                  5.000000    5.000000 v input external delay
     1    0.004933    0.008079    0.004259    5.004260 v inputs[0] (in)
                                                         inputs[0] (net)
                      0.008088    0.000000    5.004260 v input1/A (sky130_fd_sc_hd__buf_4)
     6    0.057992    0.063312    0.117377    5.121636 v input1/X (sky130_fd_sc_hd__buf_4)
                                                         net1 (net)
                      0.063695    0.003910    5.125546 v _052_/A (sky130_fd_sc_hd__xor2_4)
     4    0.024459    0.066111    0.143530    5.269076 v _052_/X (sky130_fd_sc_hd__xor2_4)
                                                         net63 (net)
                      0.066134    0.000938    5.270014 v _059_/A (sky130_fd_sc_hd__xnor2_1)
     2    0.010838    0.193753    0.194590    5.464604 ^ _059_/Y (sky130_fd_sc_hd__xnor2_1)
                                                         net36 (net)
                      0.193758    0.000793    5.465397 ^ _117_/A (sky130_fd_sc_hd__xnor2_1)
     1    0.003339    0.090619    0.082899    5.548296 ^ _117_/Y (sky130_fd_sc_hd__xnor2_1)
                                                         net37 (net)
                      0.090619    0.000202    5.548497 ^ output37/A (sky130_fd_sc_hd__buf_2)
     1    0.034645    0.129199    0.152815    5.701313 ^ output37/X (sky130_fd_sc_hd__buf_2)
                                                         outputs[13] (net)
                      0.129232    0.001691    5.703003 ^ outputs[13] (out)
                                              5.703003   data arrival time

                      0.000000   25.000000   25.000000   clock clk (rise edge)
                                  0.000000   25.000000   clock network delay (ideal)
                                 -0.250000   24.750000   clock uncertainty
                                  0.000000   24.750000   clock reconvergence pessimism
                                 -5.000000   19.750000   output external delay
                                             19.750000   data required time
---------------------------------------------------------------------------------------------
                                             19.750000   data required time
                                             -5.703003   data arrival time
---------------------------------------------------------------------------------------------
                                             14.046997   slack (MET)


Startpoint: inputs[0] (input port clocked by clk)
Endpoint: outputs[11] (output port clocked by clk)
Path Group: clk
Path Type: max

Fanout         Cap        Slew       Delay        Time   Description
---------------------------------------------------------------------------------------------
                      0.000000    0.000000    0.000000   clock clk (rise edge)
                                  0.000000    0.000000   clock network delay (ideal)
                                  5.000000    5.000000 v input external delay
     1    0.004933    0.008079    0.004259    5.004260 v inputs[0] (in)
                                                         inputs[0] (net)
                      0.008088    0.000000    5.004260 v input1/A (sky130_fd_sc_hd__buf_4)
     6    0.057992    0.063312    0.117377    5.121636 v input1/X (sky130_fd_sc_hd__buf_4)
                                                         net1 (net)
                      0.063695    0.003910    5.125546 v _052_/A (sky130_fd_sc_hd__xor2_4)
     4    0.024459    0.066111    0.143530    5.269076 v _052_/X (sky130_fd_sc_hd__xor2_4)
                                                         net63 (net)
                      0.066130    0.000855    5.269931 v _074_/A (sky130_fd_sc_hd__xnor2_2)
     3    0.017112    0.192493    0.193373    5.463305 ^ _074_/Y (sky130_fd_sc_hd__xnor2_2)
                                                         net34 (net)
                      0.192508    0.001358    5.464662 ^ _119_/A (sky130_fd_sc_hd__xnor2_1)
     1    0.003216    0.088261    0.082168    5.546830 ^ _119_/Y (sky130_fd_sc_hd__xnor2_1)
                                                         net35 (net)
                      0.088261    0.000195    5.547025 ^ output35/A (sky130_fd_sc_hd__buf_2)
     1    0.034657    0.129241    0.152302    5.699327 ^ output35/X (sky130_fd_sc_hd__buf_2)
                                                         outputs[11] (net)
                      0.129273    0.001691    5.701017 ^ outputs[11] (out)
                                              5.701017   data arrival time

                      0.000000   25.000000   25.000000   clock clk (rise edge)
                                  0.000000   25.000000   clock network delay (ideal)
                                 -0.250000   24.750000   clock uncertainty
                                  0.000000   24.750000   clock reconvergence pessimism
                                 -5.000000   19.750000   output external delay
                                             19.750000   data required time
---------------------------------------------------------------------------------------------
                                             19.750000   data required time
                                             -5.701017   data arrival time
---------------------------------------------------------------------------------------------
                                             14.048982   slack (MET)


Startpoint: inputs[0] (input port clocked by clk)
Endpoint: outputs[18] (output port clocked by clk)
Path Group: clk
Path Type: max

Fanout         Cap        Slew       Delay        Time   Description
---------------------------------------------------------------------------------------------
                      0.000000    0.000000    0.000000   clock clk (rise edge)
                                  0.000000    0.000000   clock network delay (ideal)
                                  5.000000    5.000000 ^ input external delay
     1    0.005194    0.022319    0.013542    5.013542 ^ inputs[0] (in)
                                                         inputs[0] (net)
                      0.022323    0.000000    5.013542 ^ input1/A (sky130_fd_sc_hd__buf_4)
     6    0.062518    0.132884    0.140338    5.153880 ^ input1/X (sky130_fd_sc_hd__buf_4)
                                                         net1 (net)
                      0.133242    0.005628    5.159508 ^ _049_/B (sky130_fd_sc_hd__xor2_4)
     5    0.043125    0.251686    0.221890    5.381398 ^ _049_/X (sky130_fd_sc_hd__xor2_4)
                                                         net40 (net)
                      0.251739    0.002910    5.384308 ^ _072_/A (sky130_fd_sc_hd__xnor2_1)
     2    0.010817    0.193453    0.126516    5.510824 ^ _072_/Y (sky130_fd_sc_hd__xnor2_1)
                                                         net42 (net)
                      0.193456    0.000603    5.511426 ^ output42/A (sky130_fd_sc_hd__buf_2)
     1    0.034377    0.128988    0.166809    5.678236 ^ output42/X (sky130_fd_sc_hd__buf_2)
                                                         outputs[18] (net)
                      0.129059    0.001595    5.679831 ^ outputs[18] (out)
                                              5.679831   data arrival time

                      0.000000   25.000000   25.000000   clock clk (rise edge)
                                  0.000000   25.000000   clock network delay (ideal)
                                 -0.250000   24.750000   clock uncertainty
                                  0.000000   24.750000   clock reconvergence pessimism
                                 -5.000000   19.750000   output external delay
                                             19.750000   data required time
---------------------------------------------------------------------------------------------
                                             19.750000   data required time
                                             -5.679831   data arrival time
---------------------------------------------------------------------------------------------
                                             14.070169   slack (MET)


Startpoint: inputs[0] (input port clocked by clk)
Endpoint: outputs[7] (output port clocked by clk)
Path Group: clk
Path Type: max

Fanout         Cap        Slew       Delay        Time   Description
---------------------------------------------------------------------------------------------
                      0.000000    0.000000    0.000000   clock clk (rise edge)
                                  0.000000    0.000000   clock network delay (ideal)
                                  5.000000    5.000000 v input external delay
     1    0.004933    0.008079    0.004259    5.004260 v inputs[0] (in)
                                                         inputs[0] (net)
                      0.008088    0.000000    5.004260 v input1/A (sky130_fd_sc_hd__buf_4)
     6    0.057992    0.063312    0.117377    5.121636 v input1/X (sky130_fd_sc_hd__buf_4)
                                                         net1 (net)
                      0.063879    0.004768    5.126404 v _060_/A (sky130_fd_sc_hd__xor2_2)
     3    0.016519    0.066879    0.141418    5.267822 v _060_/X (sky130_fd_sc_hd__xor2_2)
                                                         net59 (net)
                      0.066907    0.001067    5.268888 v _122_/A (sky130_fd_sc_hd__xnor2_1)
     2    0.008463    0.160163    0.170218    5.439106 ^ _122_/Y (sky130_fd_sc_hd__xnor2_1)
                                                         net60 (net)
                      0.160166    0.000530    5.439636 ^ _125_/A (sky130_fd_sc_hd__xnor2_1)
     1    0.003061    0.085954    0.080902    5.520538 ^ _125_/Y (sky130_fd_sc_hd__xnor2_1)
                                                         net62 (net)
                      0.085954    0.000193    5.520731 ^ output62/A (sky130_fd_sc_hd__buf_2)
     1    0.034619    0.129110    0.151692    5.672423 ^ output62/X (sky130_fd_sc_hd__buf_2)
                                                         outputs[7] (net)
                      0.129141    0.001673    5.674096 ^ outputs[7] (out)
                                              5.674096   data arrival time

                      0.000000   25.000000   25.000000   clock clk (rise edge)
                                  0.000000   25.000000   clock network delay (ideal)
                                 -0.250000   24.750000   clock uncertainty
                                  0.000000   24.750000   clock reconvergence pessimism
                                 -5.000000   19.750000   output external delay
                                             19.750000   data required time
---------------------------------------------------------------------------------------------
                                             19.750000   data required time
                                             -5.674096   data arrival time
---------------------------------------------------------------------------------------------
                                             14.075904   slack (MET)


Startpoint: inputs[0] (input port clocked by clk)
Endpoint: outputs[20] (output port clocked by clk)
Path Group: clk
Path Type: max

Fanout         Cap        Slew       Delay        Time   Description
---------------------------------------------------------------------------------------------
                      0.000000    0.000000    0.000000   clock clk (rise edge)
                                  0.000000    0.000000   clock network delay (ideal)
                                  5.000000    5.000000 ^ input external delay
     1    0.005194    0.022319    0.013542    5.013542 ^ inputs[0] (in)
                                                         inputs[0] (net)
                      0.022323    0.000000    5.013542 ^ input1/A (sky130_fd_sc_hd__buf_4)
     6    0.062518    0.132884    0.140338    5.153880 ^ input1/X (sky130_fd_sc_hd__buf_4)
                                                         net1 (net)
                      0.133242    0.005628    5.159508 ^ _049_/B (sky130_fd_sc_hd__xor2_4)
     5    0.043125    0.251686    0.221890    5.381398 ^ _049_/X (sky130_fd_sc_hd__xor2_4)
                                                         net40 (net)
                      0.251757    0.003358    5.384757 ^ _055_/A (sky130_fd_sc_hd__xnor2_4)
     4    0.022230    0.165193    0.109337    5.494094 ^ _055_/Y (sky130_fd_sc_hd__xnor2_4)
                                                         net45 (net)
                      0.165196    0.001001    5.495094 ^ output45/A (sky130_fd_sc_hd__buf_2)
     1    0.034394    0.128906    0.163927    5.659021 ^ output45/X (sky130_fd_sc_hd__buf_2)
                                                         outputs[20] (net)
                      0.128977    0.001597    5.660618 ^ outputs[20] (out)
                                              5.660618   data arrival time

                      0.000000   25.000000   25.000000   clock clk (rise edge)
                                  0.000000   25.000000   clock network delay (ideal)
                                 -0.250000   24.750000   clock uncertainty
                                  0.000000   24.750000   clock reconvergence pessimism
                                 -5.000000   19.750000   output external delay
                                             19.750000   data required time
---------------------------------------------------------------------------------------------
                                             19.750000   data required time
                                             -5.660618   data arrival time
---------------------------------------------------------------------------------------------
                                             14.089381   slack (MET)


Startpoint: inputs[0] (input port clocked by clk)
Endpoint: outputs[17] (output port clocked by clk)
Path Group: clk
Path Type: max

Fanout         Cap        Slew       Delay        Time   Description
---------------------------------------------------------------------------------------------
                      0.000000    0.000000    0.000000   clock clk (rise edge)
                                  0.000000    0.000000   clock network delay (ideal)
                                  5.000000    5.000000 ^ input external delay
     1    0.005194    0.022319    0.013542    5.013542 ^ inputs[0] (in)
                                                         inputs[0] (net)
                      0.022323    0.000000    5.013542 ^ input1/A (sky130_fd_sc_hd__buf_4)
     6    0.062518    0.132884    0.140338    5.153880 ^ input1/X (sky130_fd_sc_hd__buf_4)
                                                         net1 (net)
                      0.133242    0.005628    5.159508 ^ _049_/B (sky130_fd_sc_hd__xor2_4)
     5    0.043125    0.251686    0.221890    5.381398 ^ _049_/X (sky130_fd_sc_hd__xor2_4)
                                                         net40 (net)
                      0.251714    0.002142    5.383541 ^ _108_/A (sky130_fd_sc_hd__xor2_1)
     1    0.004963    0.108120    0.113189    5.496729 ^ _108_/X (sky130_fd_sc_hd__xor2_1)
                                                         net41 (net)
                      0.108120    0.000221    5.496950 ^ output41/A (sky130_fd_sc_hd__buf_2)
     1    0.033990    0.126847    0.155258    5.652208 ^ output41/X (sky130_fd_sc_hd__buf_2)
                                                         outputs[17] (net)
                      0.126918    0.001619    5.653827 ^ outputs[17] (out)
                                              5.653827   data arrival time

                      0.000000   25.000000   25.000000   clock clk (rise edge)
                                  0.000000   25.000000   clock network delay (ideal)
                                 -0.250000   24.750000   clock uncertainty
                                  0.000000   24.750000   clock reconvergence pessimism
                                 -5.000000   19.750000   output external delay
                                             19.750000   data required time
---------------------------------------------------------------------------------------------
                                             19.750000   data required time
                                             -5.653827   data arrival time
---------------------------------------------------------------------------------------------
                                             14.096171   slack (MET)


Startpoint: inputs[0] (input port clocked by clk)
Endpoint: outputs[10] (output port clocked by clk)
Path Group: clk
Path Type: max

Fanout         Cap        Slew       Delay        Time   Description
---------------------------------------------------------------------------------------------
                      0.000000    0.000000    0.000000   clock clk (rise edge)
                                  0.000000    0.000000   clock network delay (ideal)
                                  5.000000    5.000000 v input external delay
     1    0.004933    0.008079    0.004259    5.004260 v inputs[0] (in)
                                                         inputs[0] (net)
                      0.008088    0.000000    5.004260 v input1/A (sky130_fd_sc_hd__buf_4)
     6    0.057992    0.063312    0.117377    5.121636 v input1/X (sky130_fd_sc_hd__buf_4)
                                                         net1 (net)
                      0.063695    0.003910    5.125546 v _052_/A (sky130_fd_sc_hd__xor2_4)
     4    0.024459    0.066111    0.143530    5.269076 v _052_/X (sky130_fd_sc_hd__xor2_4)
                                                         net63 (net)
                      0.066130    0.000855    5.269931 v _074_/A (sky130_fd_sc_hd__xnor2_2)
     3    0.017112    0.192493    0.193373    5.463305 ^ _074_/Y (sky130_fd_sc_hd__xnor2_2)
                                                         net34 (net)
                      0.192503    0.001105    5.464410 ^ output34/A (sky130_fd_sc_hd__buf_2)
     1    0.036486    0.135880    0.171498    5.635908 ^ output34/X (sky130_fd_sc_hd__buf_2)
                                                         outputs[10] (net)
                      0.135979    0.002226    5.638134 ^ outputs[10] (out)
                                              5.638134   data arrival time

                      0.000000   25.000000   25.000000   clock clk (rise edge)
                                  0.000000   25.000000   clock network delay (ideal)
                                 -0.250000   24.750000   clock uncertainty
                                  0.000000   24.750000   clock reconvergence pessimism
                                 -5.000000   19.750000   output external delay
                                             19.750000   data required time
---------------------------------------------------------------------------------------------
                                             19.750000   data required time
                                             -5.638134   data arrival time
---------------------------------------------------------------------------------------------
                                             14.111866   slack (MET)


Startpoint: inputs[0] (input port clocked by clk)
Endpoint: outputs[12] (output port clocked by clk)
Path Group: clk
Path Type: max

Fanout         Cap        Slew       Delay        Time   Description
---------------------------------------------------------------------------------------------
                      0.000000    0.000000    0.000000   clock clk (rise edge)
                                  0.000000    0.000000   clock network delay (ideal)
                                  5.000000    5.000000 v input external delay
     1    0.004933    0.008079    0.004259    5.004260 v inputs[0] (in)
                                                         inputs[0] (net)
                      0.008088    0.000000    5.004260 v input1/A (sky130_fd_sc_hd__buf_4)
     6    0.057992    0.063312    0.117377    5.121636 v input1/X (sky130_fd_sc_hd__buf_4)
                                                         net1 (net)
                      0.063695    0.003910    5.125546 v _052_/A (sky130_fd_sc_hd__xor2_4)
     4    0.024459    0.066111    0.143530    5.269076 v _052_/X (sky130_fd_sc_hd__xor2_4)
                                                         net63 (net)
                      0.066134    0.000938    5.270014 v _059_/A (sky130_fd_sc_hd__xnor2_1)
     2    0.010838    0.193753    0.194590    5.464604 ^ _059_/Y (sky130_fd_sc_hd__xnor2_1)
                                                         net36 (net)
                      0.193757    0.000650    5.465254 ^ output36/A (sky130_fd_sc_hd__buf_2)
     1    0.035183    0.131367    0.168739    5.633994 ^ output36/X (sky130_fd_sc_hd__buf_2)
                                                         outputs[12] (net)
                      0.131445    0.001785    5.635779 ^ outputs[12] (out)
                                              5.635779   data arrival time

                      0.000000   25.000000   25.000000   clock clk (rise edge)
                                  0.000000   25.000000   clock network delay (ideal)
                                 -0.250000   24.750000   clock uncertainty
                                  0.000000   24.750000   clock reconvergence pessimism
                                 -5.000000   19.750000   output external delay
                                             19.750000   data required time
---------------------------------------------------------------------------------------------
                                             19.750000   data required time
                                             -5.635779   data arrival time
---------------------------------------------------------------------------------------------
                                             14.114222   slack (MET)


Startpoint: inputs[0] (input port clocked by clk)
Endpoint: outputs[5] (output port clocked by clk)
Path Group: clk
Path Type: max

Fanout         Cap        Slew       Delay        Time   Description
---------------------------------------------------------------------------------------------
                      0.000000    0.000000    0.000000   clock clk (rise edge)
                                  0.000000    0.000000   clock network delay (ideal)
                                  5.000000    5.000000 v input external delay
     1    0.004933    0.008079    0.004259    5.004260 v inputs[0] (in)
                                                         inputs[0] (net)
                      0.008088    0.000000    5.004260 v input1/A (sky130_fd_sc_hd__buf_4)
     6    0.057992    0.063312    0.117377    5.121636 v input1/X (sky130_fd_sc_hd__buf_4)
                                                         net1 (net)
                      0.063879    0.004768    5.126404 v _060_/A (sky130_fd_sc_hd__xor2_2)
     3    0.016519    0.066879    0.141418    5.267822 v _060_/X (sky130_fd_sc_hd__xor2_2)
                                                         net59 (net)
                      0.066907    0.001067    5.268888 v _122_/A (sky130_fd_sc_hd__xnor2_1)
     2    0.008463    0.160163    0.170218    5.439106 ^ _122_/Y (sky130_fd_sc_hd__xnor2_1)
                                                         net60 (net)
                      0.160163    0.000246    5.439352 ^ output60/A (sky130_fd_sc_hd__buf_2)
     1    0.034092    0.127396    0.162694    5.602046 ^ output60/X (sky130_fd_sc_hd__buf_2)
                                                         outputs[5] (net)
                      0.127467    0.001626    5.603672 ^ outputs[5] (out)
                                              5.603672   data arrival time

                      0.000000   25.000000   25.000000   clock clk (rise edge)
                                  0.000000   25.000000   clock network delay (ideal)
                                 -0.250000   24.750000   clock uncertainty
                                  0.000000   24.750000   clock reconvergence pessimism
                                 -5.000000   19.750000   output external delay
                                             19.750000   data required time
---------------------------------------------------------------------------------------------
                                             19.750000   data required time
                                             -5.603672   data arrival time
---------------------------------------------------------------------------------------------
                                             14.146328   slack (MET)


Startpoint: inputs[0] (input port clocked by clk)
Endpoint: outputs[9] (output port clocked by clk)
Path Group: clk
Path Type: max

Fanout         Cap        Slew       Delay        Time   Description
---------------------------------------------------------------------------------------------
                      0.000000    0.000000    0.000000   clock clk (rise edge)
                                  0.000000    0.000000   clock network delay (ideal)
                                  5.000000    5.000000 ^ input external delay
     1    0.005194    0.022319    0.013542    5.013542 ^ inputs[0] (in)
                                                         inputs[0] (net)
                      0.022323    0.000000    5.013542 ^ input1/A (sky130_fd_sc_hd__buf_4)
     6    0.062518    0.132884    0.140338    5.153880 ^ input1/X (sky130_fd_sc_hd__buf_4)
                                                         net1 (net)
                      0.133085    0.004254    5.158134 ^ _052_/A (sky130_fd_sc_hd__xor2_4)
     4    0.025981    0.172850    0.165443    5.323577 ^ _052_/X (sky130_fd_sc_hd__xor2_4)
                                                         net63 (net)
                      0.172929    0.001502    5.325079 ^ _120_/A (sky130_fd_sc_hd__xor2_1)
     1    0.002883    0.081543    0.093514    5.418592 ^ _120_/X (sky130_fd_sc_hd__xor2_1)
                                                         net64 (net)
                      0.081543    0.000201    5.418794 ^ output64/A (sky130_fd_sc_hd__buf_2)
     1    0.034543    0.128844    0.150504    5.569297 ^ output64/X (sky130_fd_sc_hd__buf_2)
                                                         outputs[9] (net)
                      0.128875    0.001656    5.570953 ^ outputs[9] (out)
                                              5.570953   data arrival time

                      0.000000   25.000000   25.000000   clock clk (rise edge)
                                  0.000000   25.000000   clock network delay (ideal)
                                 -0.250000   24.750000   clock uncertainty
                                  0.000000   24.750000   clock reconvergence pessimism
                                 -5.000000   19.750000   output external delay
                                             19.750000   data required time
---------------------------------------------------------------------------------------------
                                             19.750000   data required time
                                             -5.570953   data arrival time
---------------------------------------------------------------------------------------------
                                             14.179047   slack (MET)


Startpoint: inputs[0] (input port clocked by clk)
Endpoint: outputs[6] (output port clocked by clk)
Path Group: clk
Path Type: max

Fanout         Cap        Slew       Delay        Time   Description
---------------------------------------------------------------------------------------------
                      0.000000    0.000000    0.000000   clock clk (rise edge)
                                  0.000000    0.000000   clock network delay (ideal)
                                  5.000000    5.000000 ^ input external delay
     1    0.005194    0.022319    0.013542    5.013542 ^ inputs[0] (in)
                                                         inputs[0] (net)
                      0.022323    0.000000    5.013542 ^ input1/A (sky130_fd_sc_hd__buf_4)
     6    0.062518    0.132884    0.140338    5.153880 ^ input1/X (sky130_fd_sc_hd__buf_4)
                                                         net1 (net)
                      0.133187    0.005191    5.159071 ^ _060_/A (sky130_fd_sc_hd__xor2_2)
     3    0.017335    0.182654    0.163882    5.322953 ^ _060_/X (sky130_fd_sc_hd__xor2_2)
                                                         net59 (net)
                      0.182666    0.001212    5.324166 ^ _079_/A (sky130_fd_sc_hd__xor2_1)
     1    0.002649    0.078638    0.091065    5.415231 ^ _079_/X (sky130_fd_sc_hd__xor2_1)
                                                         net61 (net)
                      0.078638    0.000174    5.415404 ^ output61/A (sky130_fd_sc_hd__buf_2)
     1    0.034686    0.129350    0.150167    5.565572 ^ output61/X (sky130_fd_sc_hd__buf_2)
                                                         outputs[6] (net)
                      0.129382    0.001692    5.567263 ^ outputs[6] (out)
                                              5.567263   data arrival time

                      0.000000   25.000000   25.000000   clock clk (rise edge)
                                  0.000000   25.000000   clock network delay (ideal)
                                 -0.250000   24.750000   clock uncertainty
                                  0.000000   24.750000   clock reconvergence pessimism
                                 -5.000000   19.750000   output external delay
                                             19.750000   data required time
---------------------------------------------------------------------------------------------
                                             19.750000   data required time
                                             -5.567263   data arrival time
---------------------------------------------------------------------------------------------
                                             14.182736   slack (MET)


Startpoint: inputs[0] (input port clocked by clk)
Endpoint: outputs[16] (output port clocked by clk)
Path Group: clk
Path Type: max

Fanout         Cap        Slew       Delay        Time   Description
---------------------------------------------------------------------------------------------
                      0.000000    0.000000    0.000000   clock clk (rise edge)
                                  0.000000    0.000000   clock network delay (ideal)
                                  5.000000    5.000000 ^ input external delay
     1    0.005194    0.022319    0.013542    5.013542 ^ inputs[0] (in)
                                                         inputs[0] (net)
                      0.022323    0.000000    5.013542 ^ input1/A (sky130_fd_sc_hd__buf_4)
     6    0.062518    0.132884    0.140338    5.153880 ^ input1/X (sky130_fd_sc_hd__buf_4)
                                                         net1 (net)
                      0.133242    0.005628    5.159508 ^ _049_/B (sky130_fd_sc_hd__xor2_4)
     5    0.043125    0.251686    0.221890    5.381398 ^ _049_/X (sky130_fd_sc_hd__xor2_4)
                                                         net40 (net)
                      0.251735    0.002807    5.384205 ^ output40/A (sky130_fd_sc_hd__buf_2)
     1    0.034370    0.129252    0.172815    5.557020 ^ output40/X (sky130_fd_sc_hd__buf_2)
                                                         outputs[16] (net)
                      0.129324    0.001595    5.558615 ^ outputs[16] (out)
                                              5.558615   data arrival time

                      0.000000   25.000000   25.000000   clock clk (rise edge)
                                  0.000000   25.000000   clock network delay (ideal)
                                 -0.250000   24.750000   clock uncertainty
                                  0.000000   24.750000   clock reconvergence pessimism
                                 -5.000000   19.750000   output external delay
                                             19.750000   data required time
---------------------------------------------------------------------------------------------
                                             19.750000   data required time
                                             -5.558615   data arrival time
---------------------------------------------------------------------------------------------
                                             14.191384   slack (MET)


Startpoint: inputs[0] (input port clocked by clk)
Endpoint: outputs[3] (output port clocked by clk)
Path Group: clk
Path Type: max

Fanout         Cap        Slew       Delay        Time   Description
---------------------------------------------------------------------------------------------
                      0.000000    0.000000    0.000000   clock clk (rise edge)
                                  0.000000    0.000000   clock network delay (ideal)
                                  5.000000    5.000000 ^ input external delay
     1    0.005194    0.022319    0.013542    5.013542 ^ inputs[0] (in)
                                                         inputs[0] (net)
                      0.022323    0.000000    5.013542 ^ input1/A (sky130_fd_sc_hd__buf_4)
     6    0.062518    0.132884    0.140338    5.153880 ^ input1/X (sky130_fd_sc_hd__buf_4)
                                                         net1 (net)
                      0.133203    0.005324    5.159204 ^ _080_/A (sky130_fd_sc_hd__xor2_1)
     2    0.007857    0.144672    0.143205    5.302409 ^ _080_/X (sky130_fd_sc_hd__xor2_1)
                                                         net55 (net)
                      0.144672    0.000501    5.302910 ^ _127_/A (sky130_fd_sc_hd__xnor2_1)
     1    0.002069    0.072385    0.074625    5.377535 ^ _127_/Y (sky130_fd_sc_hd__xnor2_1)
                                                         net58 (net)
                      0.072385    0.000095    5.377630 ^ output58/A (sky130_fd_sc_hd__buf_2)
     1    0.035392    0.132271    0.150171    5.527801 ^ output58/X (sky130_fd_sc_hd__buf_2)
                                                         outputs[3] (net)
                      0.132316    0.002032    5.529833 ^ outputs[3] (out)
                                              5.529833   data arrival time

                      0.000000   25.000000   25.000000   clock clk (rise edge)
                                  0.000000   25.000000   clock network delay (ideal)
                                 -0.250000   24.750000   clock uncertainty
                                  0.000000   24.750000   clock reconvergence pessimism
                                 -5.000000   19.750000   output external delay
                                             19.750000   data required time
---------------------------------------------------------------------------------------------
                                             19.750000   data required time
                                             -5.529833   data arrival time
---------------------------------------------------------------------------------------------
                                             14.220167   slack (MET)


Startpoint: inputs[0] (input port clocked by clk)
Endpoint: outputs[4] (output port clocked by clk)
Path Group: clk
Path Type: max

Fanout         Cap        Slew       Delay        Time   Description
---------------------------------------------------------------------------------------------
                      0.000000    0.000000    0.000000   clock clk (rise edge)
                                  0.000000    0.000000   clock network delay (ideal)
                                  5.000000    5.000000 ^ input external delay
     1    0.005194    0.022319    0.013542    5.013542 ^ inputs[0] (in)
                                                         inputs[0] (net)
                      0.022323    0.000000    5.013542 ^ input1/A (sky130_fd_sc_hd__buf_4)
     6    0.062518    0.132884    0.140338    5.153880 ^ input1/X (sky130_fd_sc_hd__buf_4)
                                                         net1 (net)
                      0.133187    0.005191    5.159071 ^ _060_/A (sky130_fd_sc_hd__xor2_2)
     3    0.017335    0.182654    0.163882    5.322953 ^ _060_/X (sky130_fd_sc_hd__xor2_2)
                                                         net59 (net)
                      0.182664    0.001105    5.324058 ^ output59/A (sky130_fd_sc_hd__buf_2)
     1    0.039093    0.145532    0.176545    5.500603 ^ output59/X (sky130_fd_sc_hd__buf_2)
                                                         outputs[4] (net)
                      0.145603    0.002657    5.503259 ^ outputs[4] (out)
                                              5.503259   data arrival time

                      0.000000   25.000000   25.000000   clock clk (rise edge)
                                  0.000000   25.000000   clock network delay (ideal)
                                 -0.250000   24.750000   clock uncertainty
                                  0.000000   24.750000   clock reconvergence pessimism
                                 -5.000000   19.750000   output external delay
                                             19.750000   data required time
---------------------------------------------------------------------------------------------
                                             19.750000   data required time
                                             -5.503259   data arrival time
---------------------------------------------------------------------------------------------
                                             14.246740   slack (MET)


Startpoint: inputs[0] (input port clocked by clk)
Endpoint: outputs[8] (output port clocked by clk)
Path Group: clk
Path Type: max

Fanout         Cap        Slew       Delay        Time   Description
---------------------------------------------------------------------------------------------
                      0.000000    0.000000    0.000000   clock clk (rise edge)
                                  0.000000    0.000000   clock network delay (ideal)
                                  5.000000    5.000000 ^ input external delay
     1    0.005194    0.022319    0.013542    5.013542 ^ inputs[0] (in)
                                                         inputs[0] (net)
                      0.022323    0.000000    5.013542 ^ input1/A (sky130_fd_sc_hd__buf_4)
     6    0.062518    0.132884    0.140338    5.153880 ^ input1/X (sky130_fd_sc_hd__buf_4)
                                                         net1 (net)
                      0.133085    0.004254    5.158134 ^ _052_/A (sky130_fd_sc_hd__xor2_4)
     4    0.025981    0.172850    0.165443    5.323577 ^ _052_/X (sky130_fd_sc_hd__xor2_4)
                                                         net63 (net)
                      0.172931    0.001549    5.325125 ^ output63/A (sky130_fd_sc_hd__buf_2)
     1    0.034879    0.130209    0.165874    5.490999 ^ output63/X (sky130_fd_sc_hd__buf_2)
                                                         outputs[8] (net)
                      0.130284    0.001732    5.492732 ^ outputs[8] (out)
                                              5.492732   data arrival time

                      0.000000   25.000000   25.000000   clock clk (rise edge)
                                  0.000000   25.000000   clock network delay (ideal)
                                 -0.250000   24.750000   clock uncertainty
                                  0.000000   24.750000   clock reconvergence pessimism
                                 -5.000000   19.750000   output external delay
                                             19.750000   data required time
---------------------------------------------------------------------------------------------
                                             19.750000   data required time
                                             -5.492732   data arrival time
---------------------------------------------------------------------------------------------
                                             14.257268   slack (MET)


Startpoint: inputs[0] (input port clocked by clk)
Endpoint: outputs[2] (output port clocked by clk)
Path Group: clk
Path Type: max

Fanout         Cap        Slew       Delay        Time   Description
---------------------------------------------------------------------------------------------
                      0.000000    0.000000    0.000000   clock clk (rise edge)
                                  0.000000    0.000000   clock network delay (ideal)
                                  5.000000    5.000000 ^ input external delay
     1    0.005194    0.022319    0.013542    5.013542 ^ inputs[0] (in)
                                                         inputs[0] (net)
                      0.022323    0.000000    5.013542 ^ input1/A (sky130_fd_sc_hd__buf_4)
     6    0.062518    0.132884    0.140338    5.153880 ^ input1/X (sky130_fd_sc_hd__buf_4)
                                                         net1 (net)
                      0.133203    0.005324    5.159204 ^ _080_/A (sky130_fd_sc_hd__xor2_1)
     2    0.007857    0.144672    0.143205    5.302409 ^ _080_/X (sky130_fd_sc_hd__xor2_1)
                                                         net55 (net)
                      0.144672    0.000422    5.302831 ^ output55/A (sky130_fd_sc_hd__buf_2)
     1    0.034256    0.127890    0.161478    5.464309 ^ output55/X (sky130_fd_sc_hd__buf_2)
                                                         outputs[2] (net)
                      0.127963    0.001655    5.465964 ^ outputs[2] (out)
                                              5.465964   data arrival time

                      0.000000   25.000000   25.000000   clock clk (rise edge)
                                  0.000000   25.000000   clock network delay (ideal)
                                 -0.250000   24.750000   clock uncertainty
                                  0.000000   24.750000   clock reconvergence pessimism
                                 -5.000000   19.750000   output external delay
                                             19.750000   data required time
---------------------------------------------------------------------------------------------
                                             19.750000   data required time
                                             -5.465964   data arrival time
---------------------------------------------------------------------------------------------
                                             14.284036   slack (MET)


Startpoint: inputs[0] (input port clocked by clk)
Endpoint: outputs[1] (output port clocked by clk)
Path Group: clk
Path Type: max

Fanout         Cap        Slew       Delay        Time   Description
---------------------------------------------------------------------------------------------
                      0.000000    0.000000    0.000000   clock clk (rise edge)
                                  0.000000    0.000000   clock network delay (ideal)
                                  5.000000    5.000000 ^ input external delay
     1    0.005194    0.022319    0.013542    5.013542 ^ inputs[0] (in)
                                                         inputs[0] (net)
                      0.022323    0.000000    5.013542 ^ input1/A (sky130_fd_sc_hd__buf_4)
     6    0.062518    0.132884    0.140338    5.153880 ^ input1/X (sky130_fd_sc_hd__buf_4)
                                                         net1 (net)
                      0.132919    0.001799    5.155679 ^ _128_/A (sky130_fd_sc_hd__xor2_1)
     1    0.003108    0.084286    0.096232    5.251912 ^ _128_/X (sky130_fd_sc_hd__xor2_1)
                                                         net44 (net)
                      0.084286    0.000196    5.252107 ^ output44/A (sky130_fd_sc_hd__buf_2)
     1    0.036789    0.137227    0.156260    5.408367 ^ output44/X (sky130_fd_sc_hd__buf_2)
                                                         outputs[1] (net)
                      0.137276    0.002147    5.410514 ^ outputs[1] (out)
                                              5.410514   data arrival time

                      0.000000   25.000000   25.000000   clock clk (rise edge)
                                  0.000000   25.000000   clock network delay (ideal)
                                 -0.250000   24.750000   clock uncertainty
                                  0.000000   24.750000   clock reconvergence pessimism
                                 -5.000000   19.750000   output external delay
                                             19.750000   data required time
---------------------------------------------------------------------------------------------
                                             19.750000   data required time
                                             -5.410514   data arrival time
---------------------------------------------------------------------------------------------
                                             14.339485   slack (MET)


Startpoint: inputs[0] (input port clocked by clk)
Endpoint: outputs[0] (output port clocked by clk)
Path Group: clk
Path Type: max

Fanout         Cap        Slew       Delay        Time   Description
---------------------------------------------------------------------------------------------
                      0.000000    0.000000    0.000000   clock clk (rise edge)
                                  0.000000    0.000000   clock network delay (ideal)
                                  5.000000    5.000000 ^ input external delay
     1    0.005194    0.022319    0.013542    5.013542 ^ inputs[0] (in)
                                                         inputs[0] (net)
                      0.022323    0.000000    5.013542 ^ input1/A (sky130_fd_sc_hd__buf_4)
     6    0.062518    0.132884    0.140338    5.153880 ^ input1/X (sky130_fd_sc_hd__buf_4)
                                                         net1 (net)
                      0.133195    0.005260    5.159140 ^ _129_/A (sky130_fd_sc_hd__clkbuf_1)
     1    0.002739    0.032877    0.060269    5.219409 ^ _129_/X (sky130_fd_sc_hd__clkbuf_1)
                                                         net33 (net)
                      0.032878    0.000177    5.219586 ^ output33/A (sky130_fd_sc_hd__buf_2)
     1    0.034927    0.130254    0.138637    5.358223 ^ output33/X (sky130_fd_sc_hd__buf_2)
                                                         outputs[0] (net)
                      0.130293    0.001882    5.360106 ^ outputs[0] (out)
                                              5.360106   data arrival time

                      0.000000   25.000000   25.000000   clock clk (rise edge)
                                  0.000000   25.000000   clock network delay (ideal)
                                 -0.250000   24.750000   clock uncertainty
                                  0.000000   24.750000   clock reconvergence pessimism
                                 -5.000000   19.750000   output external delay
                                             19.750000   data required time
---------------------------------------------------------------------------------------------
                                             19.750000   data required time
                                             -5.360106   data arrival time
---------------------------------------------------------------------------------------------
                                             14.389894   slack (MET)



