
===========================================================================
report_checks -path_delay min (Hold)
============================================================================
======================= max_ff_n40C_1v95 Corner ===================================

Startpoint: inputs[1] (input port clocked by clk)
Endpoint: outputs[1] (output port clocked by clk)
Path Group: clk
Path Type: min

Fanout         Cap        Slew       Delay        Time   Description
---------------------------------------------------------------------------------------------
                      0.000000    0.000000    0.000000   clock clk (rise edge)
                                  0.000000    0.000000   clock network delay (ideal)
                                  5.000000    5.000000 ^ input external delay
     1    0.003272    0.015608    0.008523    5.008523 ^ inputs[1] (in)
                                                         inputs[1] (net)
                      0.015610    0.000000    5.008523 ^ input12/A (sky130_fd_sc_hd__clkbuf_4)
     5    0.043893    0.104660    0.135021    5.143545 ^ input12/X (sky130_fd_sc_hd__clkbuf_4)
                                                         net12 (net)
                      0.104728    0.002188    5.145733 ^ _128_/B (sky130_fd_sc_hd__xor2_1)
     1    0.002949    0.025670    0.043223    5.188956 v _128_/X (sky130_fd_sc_hd__xor2_1)
                                                         net44 (net)
                      0.025670    0.000182    5.189138 v output44/A (sky130_fd_sc_hd__buf_2)
     1    0.036789    0.067015    0.117542    5.306680 v output44/X (sky130_fd_sc_hd__buf_2)
                                                         outputs[1] (net)
                      0.067102    0.002141    5.308822 v outputs[1] (out)
                                              5.308822   data arrival time

                      0.000000    0.000000    0.000000   clock clk (rise edge)
                                  0.000000    0.000000   clock network delay (ideal)
                                  0.250000    0.250000   clock uncertainty
                                  0.000000    0.250000   clock reconvergence pessimism
                                 -5.000000   -4.750000   output external delay
                                             -4.750000   data required time
---------------------------------------------------------------------------------------------
                                             -4.750000   data required time
                                             -5.308822   data arrival time
---------------------------------------------------------------------------------------------
                                             10.058822   slack (MET)


Startpoint: inputs[0] (input port clocked by clk)
Endpoint: outputs[0] (output port clocked by clk)
Path Group: clk
Path Type: min

Fanout         Cap        Slew       Delay        Time   Description
---------------------------------------------------------------------------------------------
                      0.000000    0.000000    0.000000   clock clk (rise edge)
                                  0.000000    0.000000   clock network delay (ideal)
                                  5.000000    5.000000 v input external delay
     1    0.004933    0.008079    0.004259    5.004260 v inputs[0] (in)
                                                         inputs[0] (net)
                      0.008088    0.000000    5.004260 v input1/A (sky130_fd_sc_hd__buf_4)
     6    0.057992    0.063312    0.117377    5.121636 v input1/X (sky130_fd_sc_hd__buf_4)
                                                         net1 (net)
                      0.063895    0.004834    5.126470 v _129_/A (sky130_fd_sc_hd__clkbuf_1)
     1    0.002580    0.018227    0.068310    5.194780 v _129_/X (sky130_fd_sc_hd__clkbuf_1)
                                                         net33 (net)
                      0.018228    0.000164    5.194944 v output33/A (sky130_fd_sc_hd__buf_2)
     1    0.034927    0.064130    0.112646    5.307590 v output33/X (sky130_fd_sc_hd__buf_2)
                                                         outputs[0] (net)
                      0.064199    0.001878    5.309468 v outputs[0] (out)
                                              5.309468   data arrival time

                      0.000000    0.000000    0.000000   clock clk (rise edge)
                                  0.000000    0.000000   clock network delay (ideal)
                                  0.250000    0.250000   clock uncertainty
                                  0.000000    0.250000   clock reconvergence pessimism
                                 -5.000000   -4.750000   output external delay
                                             -4.750000   data required time
---------------------------------------------------------------------------------------------
                                             -4.750000   data required time
                                             -5.309468   data arrival time
---------------------------------------------------------------------------------------------
                                             10.059468   slack (MET)


Startpoint: inputs[2] (input port clocked by clk)
Endpoint: outputs[2] (output port clocked by clk)
Path Group: clk
Path Type: min

Fanout         Cap        Slew       Delay        Time   Description
---------------------------------------------------------------------------------------------
                      0.000000    0.000000    0.000000   clock clk (rise edge)
                                  0.000000    0.000000   clock network delay (ideal)
                                  5.000000    5.000000 ^ input external delay
     1    0.003198    0.015344    0.008333    5.008333 ^ inputs[2] (in)
                                                         inputs[2] (net)
                      0.015346    0.000000    5.008333 ^ input23/A (sky130_fd_sc_hd__buf_2)
     4    0.030464    0.114830    0.122172    5.130505 ^ input23/X (sky130_fd_sc_hd__buf_2)
                                                         net23 (net)
                      0.114876    0.001890    5.132395 ^ _080_/B (sky130_fd_sc_hd__xor2_1)
     2    0.007372    0.037726    0.063596    5.195991 v _080_/X (sky130_fd_sc_hd__xor2_1)
                                                         net55 (net)
                      0.037730    0.000395    5.196386 v output55/A (sky130_fd_sc_hd__buf_2)
     1    0.034256    0.062775    0.119583    5.315969 v output55/X (sky130_fd_sc_hd__buf_2)
                                                         outputs[2] (net)
                      0.062828    0.001652    5.317621 v outputs[2] (out)
                                              5.317621   data arrival time

                      0.000000    0.000000    0.000000   clock clk (rise edge)
                                  0.000000    0.000000   clock network delay (ideal)
                                  0.250000    0.250000   clock uncertainty
                                  0.000000    0.250000   clock reconvergence pessimism
                                 -5.000000   -4.750000   output external delay
                                             -4.750000   data required time
---------------------------------------------------------------------------------------------
                                             -4.750000   data required time
                                             -5.317621   data arrival time
---------------------------------------------------------------------------------------------
                                             10.067621   slack (MET)


Startpoint: inputs[8] (input port clocked by clk)
Endpoint: outputs[8] (output port clocked by clk)
Path Group: clk
Path Type: min

Fanout         Cap        Slew       Delay        Time   Description
---------------------------------------------------------------------------------------------
                      0.000000    0.000000    0.000000   clock clk (rise edge)
                                  0.000000    0.000000   clock network delay (ideal)
                                  5.000000    5.000000 ^ input external delay
     1    0.003858    0.017718    0.010065    5.010065 ^ inputs[8] (in)
                                                         inputs[8] (net)
                      0.017720    0.000000    5.010065 ^ input31/A (sky130_fd_sc_hd__clkbuf_2)
     2    0.025183    0.108505    0.116779    5.126844 ^ input31/X (sky130_fd_sc_hd__clkbuf_2)
                                                         net31 (net)
                      0.108535    0.001485    5.128330 ^ _052_/B (sky130_fd_sc_hd__xor2_4)
     4    0.024459    0.041327    0.072372    5.200702 v _052_/X (sky130_fd_sc_hd__xor2_4)
                                                         net63 (net)
                      0.041396    0.001460    5.202162 v output63/A (sky130_fd_sc_hd__buf_2)
     1    0.034879    0.063715    0.121781    5.323944 v output63/X (sky130_fd_sc_hd__buf_2)
                                                         outputs[8] (net)
                      0.063774    0.001729    5.325673 v outputs[8] (out)
                                              5.325673   data arrival time

                      0.000000    0.000000    0.000000   clock clk (rise edge)
                                  0.000000    0.000000   clock network delay (ideal)
                                  0.250000    0.250000   clock uncertainty
                                  0.000000    0.250000   clock reconvergence pessimism
                                 -5.000000   -4.750000   output external delay
                                             -4.750000   data required time
---------------------------------------------------------------------------------------------
                                             -4.750000   data required time
                                             -5.325673   data arrival time
---------------------------------------------------------------------------------------------
                                             10.075672   slack (MET)


Startpoint: inputs[16] (input port clocked by clk)
Endpoint: outputs[16] (output port clocked by clk)
Path Group: clk
Path Type: min

Fanout         Cap        Slew       Delay        Time   Description
---------------------------------------------------------------------------------------------
                      0.000000    0.000000    0.000000   clock clk (rise edge)
                                  0.000000    0.000000   clock network delay (ideal)
                                  5.000000    5.000000 ^ input external delay
     1    0.003570    0.016684    0.009308    5.009308 ^ inputs[16] (in)
                                                         inputs[16] (net)
                      0.016686    0.000000    5.009308 ^ input8/A (sky130_fd_sc_hd__clkbuf_2)
     1    0.018460    0.081332    0.098073    5.107380 ^ input8/X (sky130_fd_sc_hd__clkbuf_2)
                                                         net8 (net)
                      0.081371    0.001438    5.108819 ^ _049_/A (sky130_fd_sc_hd__xor2_4)
     5    0.040179    0.054736    0.088969    5.197788 v _049_/X (sky130_fd_sc_hd__xor2_4)
                                                         net40 (net)
                      0.054988    0.002602    5.200390 v output40/A (sky130_fd_sc_hd__buf_2)
     1    0.034370    0.062936    0.126708    5.327098 v output40/X (sky130_fd_sc_hd__buf_2)
                                                         outputs[16] (net)
                      0.062986    0.001592    5.328690 v outputs[16] (out)
                                              5.328690   data arrival time

                      0.000000    0.000000    0.000000   clock clk (rise edge)
                                  0.000000    0.000000   clock network delay (ideal)
                                  0.250000    0.250000   clock uncertainty
                                  0.000000    0.250000   clock reconvergence pessimism
                                 -5.000000   -4.750000   output external delay
                                             -4.750000   data required time
---------------------------------------------------------------------------------------------
                                             -4.750000   data required time
                                             -5.328690   data arrival time
---------------------------------------------------------------------------------------------
                                             10.078691   slack (MET)


Startpoint: inputs[4] (input port clocked by clk)
Endpoint: outputs[4] (output port clocked by clk)
Path Group: clk
Path Type: min

Fanout         Cap        Slew       Delay        Time   Description
---------------------------------------------------------------------------------------------
                      0.000000    0.000000    0.000000   clock clk (rise edge)
                                  0.000000    0.000000   clock network delay (ideal)
                                  5.000000    5.000000 ^ input external delay
     1    0.003873    0.017769    0.010110    5.010110 ^ inputs[4] (in)
                                                         inputs[4] (net)
                      0.017771    0.000000    5.010110 ^ input27/A (sky130_fd_sc_hd__clkbuf_2)
     3    0.024215    0.104592    0.114165    5.124275 ^ input27/X (sky130_fd_sc_hd__clkbuf_2)
                                                         net27 (net)
                      0.104614    0.001234    5.125509 ^ _060_/B (sky130_fd_sc_hd__xor2_2)
     3    0.016519    0.044526    0.072332    5.197841 v _060_/X (sky130_fd_sc_hd__xor2_2)
                                                         net59 (net)
                      0.044555    0.001048    5.198889 v output59/A (sky130_fd_sc_hd__buf_2)
     1    0.039093    0.070639    0.127647    5.326535 v output59/X (sky130_fd_sc_hd__buf_2)
                                                         outputs[4] (net)
                      0.070768    0.002648    5.329184 v outputs[4] (out)
                                              5.329184   data arrival time

                      0.000000    0.000000    0.000000   clock clk (rise edge)
                                  0.000000    0.000000   clock network delay (ideal)
                                  0.250000    0.250000   clock uncertainty
                                  0.000000    0.250000   clock reconvergence pessimism
                                 -5.000000   -4.750000   output external delay
                                             -4.750000   data required time
---------------------------------------------------------------------------------------------
                                             -4.750000   data required time
                                             -5.329184   data arrival time
---------------------------------------------------------------------------------------------
                                             10.079184   slack (MET)


Startpoint: inputs[6] (input port clocked by clk)
Endpoint: outputs[6] (output port clocked by clk)
Path Group: clk
Path Type: min

Fanout         Cap        Slew       Delay        Time   Description
---------------------------------------------------------------------------------------------
                      0.000000    0.000000    0.000000   clock clk (rise edge)
                                  0.000000    0.000000   clock network delay (ideal)
                                  5.000000    5.000000 ^ input external delay
     1    0.003388    0.016026    0.008824    5.008824 ^ inputs[6] (in)
                                                         inputs[6] (net)
                      0.016028    0.000000    5.008824 ^ input29/A (sky130_fd_sc_hd__clkbuf_2)
     3    0.019818    0.086806    0.101716    5.110540 ^ input29/X (sky130_fd_sc_hd__clkbuf_2)
                                                         net29 (net)
                      0.086828    0.001123    5.111663 ^ _078_/B (sky130_fd_sc_hd__xor2_2)
     2    0.014406    0.040931    0.064074    5.175737 v _078_/X (sky130_fd_sc_hd__xor2_2)
                                                         _044_ (net)
                      0.040979    0.001233    5.176970 v _079_/B (sky130_fd_sc_hd__xor2_1)
     1    0.002490    0.024155    0.086605    5.263575 v _079_/X (sky130_fd_sc_hd__xor2_1)
                                                         net61 (net)
                      0.024155    0.000161    5.263736 v output61/A (sky130_fd_sc_hd__buf_2)
     1    0.034686    0.063413    0.114674    5.378410 v output61/X (sky130_fd_sc_hd__buf_2)
                                                         outputs[6] (net)
                      0.063469    0.001688    5.380098 v outputs[6] (out)
                                              5.380098   data arrival time

                      0.000000    0.000000    0.000000   clock clk (rise edge)
                                  0.000000    0.000000   clock network delay (ideal)
                                  0.250000    0.250000   clock uncertainty
                                  0.000000    0.250000   clock reconvergence pessimism
                                 -5.000000   -4.750000   output external delay
                                             -4.750000   data required time
---------------------------------------------------------------------------------------------
                                             -4.750000   data required time
                                             -5.380098   data arrival time
---------------------------------------------------------------------------------------------
                                             10.130098   slack (MET)


Startpoint: inputs[2] (input port clocked by clk)
Endpoint: outputs[3] (output port clocked by clk)
Path Group: clk
Path Type: min

Fanout         Cap        Slew       Delay        Time   Description
---------------------------------------------------------------------------------------------
                      0.000000    0.000000    0.000000   clock clk (rise edge)
                                  0.000000    0.000000   clock network delay (ideal)
                                  5.000000    5.000000 ^ input external delay
     1    0.003198    0.015344    0.008333    5.008333 ^ inputs[2] (in)
                                                         inputs[2] (net)
                      0.015346    0.000000    5.008333 ^ input23/A (sky130_fd_sc_hd__buf_2)
     4    0.030464    0.114830    0.122172    5.130505 ^ input23/X (sky130_fd_sc_hd__buf_2)
                                                         net23 (net)
                      0.114876    0.001890    5.132395 ^ _080_/B (sky130_fd_sc_hd__xor2_1)
     2    0.007372    0.037726    0.063596    5.195991 v _080_/X (sky130_fd_sc_hd__xor2_1)
                                                         net55 (net)
                      0.037732    0.000468    5.196459 v _127_/A (sky130_fd_sc_hd__xnor2_1)
     1    0.001910    0.020286    0.075591    5.272049 v _127_/Y (sky130_fd_sc_hd__xnor2_1)
                                                         net58 (net)
                      0.020286    0.000087    5.272137 v output58/A (sky130_fd_sc_hd__buf_2)
     1    0.035392    0.064878    0.113827    5.385964 v output58/X (sky130_fd_sc_hd__buf_2)
                                                         outputs[3] (net)
                      0.064958    0.002027    5.387991 v outputs[3] (out)
                                              5.387991   data arrival time

                      0.000000    0.000000    0.000000   clock clk (rise edge)
                                  0.000000    0.000000   clock network delay (ideal)
                                  0.250000    0.250000   clock uncertainty
                                  0.000000    0.250000   clock reconvergence pessimism
                                 -5.000000   -4.750000   output external delay
                                             -4.750000   data required time
---------------------------------------------------------------------------------------------
                                             -4.750000   data required time
                                             -5.387991   data arrival time
---------------------------------------------------------------------------------------------
                                             10.137991   slack (MET)


Startpoint: inputs[9] (input port clocked by clk)
Endpoint: outputs[9] (output port clocked by clk)
Path Group: clk
Path Type: min

Fanout         Cap        Slew       Delay        Time   Description
---------------------------------------------------------------------------------------------
                      0.000000    0.000000    0.000000   clock clk (rise edge)
                                  0.000000    0.000000   clock network delay (ideal)
                                  5.000000    5.000000 ^ input external delay
     1    0.004745    0.020845    0.012419    5.012419 ^ inputs[9] (in)
                                                         inputs[9] (net)
                      0.020849    0.000000    5.012419 ^ input32/A (sky130_fd_sc_hd__clkbuf_2)
     2    0.018648    0.082127    0.099997    5.112416 ^ input32/X (sky130_fd_sc_hd__clkbuf_2)
                                                         net32 (net)
                      0.082142    0.000903    5.113320 ^ _109_/B (sky130_fd_sc_hd__xor2_2)
     3    0.017858    0.046885    0.069977    5.183297 v _109_/X (sky130_fd_sc_hd__xor2_2)
                                                         _016_ (net)
                      0.046918    0.001154    5.184451 v _120_/B (sky130_fd_sc_hd__xor2_1)
     1    0.002724    0.024880    0.089682    5.274132 v _120_/X (sky130_fd_sc_hd__xor2_1)
                                                         net64 (net)
                      0.024880    0.000188    5.274321 v output64/A (sky130_fd_sc_hd__buf_2)
     1    0.034543    0.063194    0.114809    5.389129 v output64/X (sky130_fd_sc_hd__buf_2)
                                                         outputs[9] (net)
                      0.063248    0.001652    5.390782 v outputs[9] (out)
                                              5.390782   data arrival time

                      0.000000    0.000000    0.000000   clock clk (rise edge)
                                  0.000000    0.000000   clock network delay (ideal)
                                  0.250000    0.250000   clock uncertainty
                                  0.000000    0.250000   clock reconvergence pessimism
                                 -5.000000   -4.750000   output external delay
                                             -4.750000   data required time
---------------------------------------------------------------------------------------------
                                             -4.750000   data required time
                                             -5.390782   data arrival time
---------------------------------------------------------------------------------------------
                                             10.140781   slack (MET)


Startpoint: inputs[17] (input port clocked by clk)
Endpoint: outputs[17] (output port clocked by clk)
Path Group: clk
Path Type: min

Fanout         Cap        Slew       Delay        Time   Description
---------------------------------------------------------------------------------------------
                      0.000000    0.000000    0.000000   clock clk (rise edge)
                                  0.000000    0.000000   clock network delay (ideal)
                                  5.000000    5.000000 ^ input external delay
     1    0.004490    0.019923    0.011736    5.011736 ^ inputs[17] (in)
                                                         inputs[17] (net)
                      0.019925    0.000000    5.011736 ^ input9/A (sky130_fd_sc_hd__clkbuf_2)
     1    0.019135    0.084087    0.100769    5.112505 ^ input9/X (sky130_fd_sc_hd__clkbuf_2)
                                                         net9 (net)
                      0.084128    0.001514    5.114019 ^ _081_/A (sky130_fd_sc_hd__xor2_4)
     4    0.024108    0.040947    0.071481    5.185501 v _081_/X (sky130_fd_sc_hd__xor2_4)
                                                         _045_ (net)
                      0.040982    0.001088    5.186588 v _108_/B (sky130_fd_sc_hd__xor2_1)
     1    0.004804    0.030487    0.094442    5.281031 v _108_/X (sky130_fd_sc_hd__xor2_1)
                                                         net41 (net)
                      0.030488    0.000210    5.281240 v output41/A (sky130_fd_sc_hd__buf_2)
     1    0.033990    0.062374    0.116370    5.397610 v output41/X (sky130_fd_sc_hd__buf_2)
                                                         outputs[17] (net)
                      0.062425    0.001616    5.399226 v outputs[17] (out)
                                              5.399226   data arrival time

                      0.000000    0.000000    0.000000   clock clk (rise edge)
                                  0.000000    0.000000   clock network delay (ideal)
                                  0.250000    0.250000   clock uncertainty
                                  0.000000    0.250000   clock reconvergence pessimism
                                 -5.000000   -4.750000   output external delay
                                             -4.750000   data required time
---------------------------------------------------------------------------------------------
                                             -4.750000   data required time
                                             -5.399226   data arrival time
---------------------------------------------------------------------------------------------
                                             10.149226   slack (MET)


Startpoint: inputs[20] (input port clocked by clk)
Endpoint: outputs[20] (output port clocked by clk)
Path Group: clk
Path Type: min

Fanout         Cap        Slew       Delay        Time   Description
---------------------------------------------------------------------------------------------
                      0.000000    0.000000    0.000000   clock clk (rise edge)
                                  0.000000    0.000000   clock network delay (ideal)
                                  5.000000    5.000000 ^ input external delay
     1    0.003616    0.016849    0.009430    5.009430 ^ inputs[20] (in)
                                                         inputs[20] (net)
                      0.016851    0.000000    5.009430 ^ input13/A (sky130_fd_sc_hd__buf_1)
     1    0.009375    0.087263    0.086785    5.096215 ^ input13/X (sky130_fd_sc_hd__buf_1)
                                                         net13 (net)
                      0.087272    0.000716    5.096931 ^ _053_/A (sky130_fd_sc_hd__xnor2_2)
     1    0.019523    0.082849    0.115283    5.212214 ^ _053_/Y (sky130_fd_sc_hd__xnor2_2)
                                                         _029_ (net)
                      0.082910    0.001814    5.214028 ^ _055_/B (sky130_fd_sc_hd__xnor2_4)
     4    0.020708    0.047582    0.059893    5.273921 v _055_/Y (sky130_fd_sc_hd__xnor2_4)
                                                         net45 (net)
                      0.047603    0.000930    5.274852 v output45/A (sky130_fd_sc_hd__buf_2)
     1    0.034394    0.062966    0.123767    5.398619 v output45/X (sky130_fd_sc_hd__buf_2)
                                                         outputs[20] (net)
                      0.063015    0.001593    5.400212 v outputs[20] (out)
                                              5.400212   data arrival time

                      0.000000    0.000000    0.000000   clock clk (rise edge)
                                  0.000000    0.000000   clock network delay (ideal)
                                  0.250000    0.250000   clock uncertainty
                                  0.000000    0.250000   clock reconvergence pessimism
                                 -5.000000   -4.750000   output external delay
                                             -4.750000   data required time
---------------------------------------------------------------------------------------------
                                             -4.750000   data required time
                                             -5.400212   data arrival time
---------------------------------------------------------------------------------------------
                                             10.150212   slack (MET)


Startpoint: inputs[24] (input port clocked by clk)
Endpoint: outputs[24] (output port clocked by clk)
Path Group: clk
Path Type: min

Fanout         Cap        Slew       Delay        Time   Description
---------------------------------------------------------------------------------------------
                      0.000000    0.000000    0.000000   clock clk (rise edge)
                                  0.000000    0.000000   clock network delay (ideal)
                                  5.000000    5.000000 ^ input external delay
     1    0.003357    0.015915    0.008750    5.008750 ^ inputs[24] (in)
                                                         inputs[24] (net)
                      0.015917    0.000000    5.008750 ^ input17/A (sky130_fd_sc_hd__buf_1)
     1    0.009556    0.088806    0.087559    5.096309 ^ input17/X (sky130_fd_sc_hd__buf_1)
                                                         net17 (net)
                      0.088815    0.000732    5.097041 ^ _050_/A (sky130_fd_sc_hd__xor2_2)
     2    0.013951    0.040126    0.068112    5.165153 v _050_/X (sky130_fd_sc_hd__xor2_2)
                                                         _028_ (net)
                      0.040143    0.000772    5.165925 v _051_/B (sky130_fd_sc_hd__xor2_2)
     3    0.016449    0.044392    0.113197    5.279122 v _051_/X (sky130_fd_sc_hd__xor2_2)
                                                         net49 (net)
                      0.044430    0.001189    5.280312 v output49/A (sky130_fd_sc_hd__buf_2)
     1    0.033921    0.062267    0.121892    5.402203 v output49/X (sky130_fd_sc_hd__buf_2)
                                                         outputs[24] (net)
                      0.062317    0.001584    5.403787 v outputs[24] (out)
                                              5.403787   data arrival time

                      0.000000    0.000000    0.000000   clock clk (rise edge)
                                  0.000000    0.000000   clock network delay (ideal)
                                  0.250000    0.250000   clock uncertainty
                                  0.000000    0.250000   clock reconvergence pessimism
                                 -5.000000   -4.750000   output external delay
                                             -4.750000   data required time
---------------------------------------------------------------------------------------------
                                             -4.750000   data required time
                                             -5.403787   data arrival time
---------------------------------------------------------------------------------------------
                                             10.153788   slack (MET)


Startpoint: inputs[18] (input port clocked by clk)
Endpoint: outputs[18] (output port clocked by clk)
Path Group: clk
Path Type: min

Fanout         Cap        Slew       Delay        Time   Description
---------------------------------------------------------------------------------------------
                      0.000000    0.000000    0.000000   clock clk (rise edge)
                                  0.000000    0.000000   clock network delay (ideal)
                                  5.000000    5.000000 ^ input external delay
     1    0.003163    0.015217    0.008232    5.008232 ^ inputs[18] (in)
                                                         inputs[18] (net)
                      0.015219    0.000000    5.008232 ^ input10/A (sky130_fd_sc_hd__buf_1)
     1    0.009248    0.086200    0.085576    5.093807 ^ input10/X (sky130_fd_sc_hd__buf_1)
                                                         net10 (net)
                      0.086209    0.000708    5.094515 ^ _061_/A (sky130_fd_sc_hd__xnor2_2)
     3    0.021234    0.088989    0.120081    5.214596 ^ _061_/Y (sky130_fd_sc_hd__xnor2_2)
                                                         _033_ (net)
                      0.089034    0.000801    5.215397 ^ _072_/B (sky130_fd_sc_hd__xnor2_1)
     2    0.010332    0.053577    0.070376    5.285773 v _072_/Y (sky130_fd_sc_hd__xnor2_1)
                                                         net42 (net)
                      0.053582    0.000572    5.286345 v output42/A (sky130_fd_sc_hd__buf_2)
     1    0.034377    0.062943    0.126146    5.412491 v output42/X (sky130_fd_sc_hd__buf_2)
                                                         outputs[18] (net)
                      0.062992    0.001592    5.414083 v outputs[18] (out)
                                              5.414083   data arrival time

                      0.000000    0.000000    0.000000   clock clk (rise edge)
                                  0.000000    0.000000   clock network delay (ideal)
                                  0.250000    0.250000   clock uncertainty
                                  0.000000    0.250000   clock reconvergence pessimism
                                 -5.000000   -4.750000   output external delay
                                             -4.750000   data required time
---------------------------------------------------------------------------------------------
                                             -4.750000   data required time
                                             -5.414083   data arrival time
---------------------------------------------------------------------------------------------
                                             10.164083   slack (MET)


Startpoint: inputs[1] (input port clocked by clk)
Endpoint: outputs[5] (output port clocked by clk)
Path Group: clk
Path Type: min

Fanout         Cap        Slew       Delay        Time   Description
---------------------------------------------------------------------------------------------
                      0.000000    0.000000    0.000000   clock clk (rise edge)
                                  0.000000    0.000000   clock network delay (ideal)
                                  5.000000    5.000000 ^ input external delay
     1    0.003272    0.015608    0.008523    5.008523 ^ inputs[1] (in)
                                                         inputs[1] (net)
                      0.015610    0.000000    5.008523 ^ input12/A (sky130_fd_sc_hd__clkbuf_4)
     5    0.043893    0.104660    0.135021    5.143545 ^ input12/X (sky130_fd_sc_hd__clkbuf_4)
                                                         net12 (net)
                      0.104699    0.001652    5.145196 ^ _121_/A (sky130_fd_sc_hd__xnor2_1)
     1    0.005246    0.055008    0.091183    5.236380 ^ _121_/Y (sky130_fd_sc_hd__xnor2_1)
                                                         _024_ (net)
                      0.055009    0.000386    5.236766 ^ _122_/B (sky130_fd_sc_hd__xnor2_1)
     2    0.007978    0.043046    0.055842    5.292607 v _122_/Y (sky130_fd_sc_hd__xnor2_1)
                                                         net60 (net)
                      0.043047    0.000230    5.292838 v output60/A (sky130_fd_sc_hd__buf_2)
     1    0.034092    0.062527    0.121525    5.414363 v output60/X (sky130_fd_sc_hd__buf_2)
                                                         outputs[5] (net)
                      0.062579    0.001623    5.415986 v outputs[5] (out)
                                              5.415986   data arrival time

                      0.000000    0.000000    0.000000   clock clk (rise edge)
                                  0.000000    0.000000   clock network delay (ideal)
                                  0.250000    0.250000   clock uncertainty
                                  0.000000    0.250000   clock reconvergence pessimism
                                 -5.000000   -4.750000   output external delay
                                             -4.750000   data required time
---------------------------------------------------------------------------------------------
                                             -4.750000   data required time
                                             -5.415986   data arrival time
---------------------------------------------------------------------------------------------
                                             10.165986   slack (MET)


Startpoint: inputs[8] (input port clocked by clk)
Endpoint: outputs[12] (output port clocked by clk)
Path Group: clk
Path Type: min

Fanout         Cap        Slew       Delay        Time   Description
---------------------------------------------------------------------------------------------
                      0.000000    0.000000    0.000000   clock clk (rise edge)
                                  0.000000    0.000000   clock network delay (ideal)
                                  5.000000    5.000000 ^ input external delay
     1    0.003858    0.017718    0.010065    5.010065 ^ inputs[8] (in)
                                                         inputs[8] (net)
                      0.017720    0.000000    5.010065 ^ input31/A (sky130_fd_sc_hd__clkbuf_2)
     2    0.025183    0.108505    0.116779    5.126844 ^ input31/X (sky130_fd_sc_hd__clkbuf_2)
                                                         net31 (net)
                      0.108535    0.001485    5.128330 ^ _052_/B (sky130_fd_sc_hd__xor2_4)
     4    0.024459    0.041327    0.072372    5.200702 v _052_/X (sky130_fd_sc_hd__xor2_4)
                                                         net63 (net)
                      0.041352    0.000937    5.201640 v _059_/A (sky130_fd_sc_hd__xnor2_1)
     2    0.010353    0.053650    0.107004    5.308643 v _059_/Y (sky130_fd_sc_hd__xnor2_1)
                                                         net36 (net)
                      0.053657    0.000617    5.309261 v output36/A (sky130_fd_sc_hd__buf_2)
     1    0.035183    0.064180    0.127044    5.436305 v output36/X (sky130_fd_sc_hd__buf_2)
                                                         outputs[12] (net)
                      0.064242    0.001782    5.438087 v outputs[12] (out)
                                              5.438087   data arrival time

                      0.000000    0.000000    0.000000   clock clk (rise edge)
                                  0.000000    0.000000   clock network delay (ideal)
                                  0.250000    0.250000   clock uncertainty
                                  0.000000    0.250000   clock reconvergence pessimism
                                 -5.000000   -4.750000   output external delay
                                             -4.750000   data required time
---------------------------------------------------------------------------------------------
                                             -4.750000   data required time
                                             -5.438087   data arrival time
---------------------------------------------------------------------------------------------
                                             10.188087   slack (MET)


Startpoint: inputs[19] (input port clocked by clk)
Endpoint: outputs[19] (output port clocked by clk)
Path Group: clk
Path Type: min

Fanout         Cap        Slew       Delay        Time   Description
---------------------------------------------------------------------------------------------
                      0.000000    0.000000    0.000000   clock clk (rise edge)
                                  0.000000    0.000000   clock network delay (ideal)
                                  5.000000    5.000000 ^ input external delay
     1    0.002681    0.013488    0.006963    5.006963 ^ inputs[19] (in)
                                                         inputs[19] (net)
                      0.013494    0.000000    5.006963 ^ input11/A (sky130_fd_sc_hd__buf_1)
     1    0.009665    0.089719    0.087668    5.094631 ^ input11/X (sky130_fd_sc_hd__buf_1)
                                                         net11 (net)
                      0.089723    0.000479    5.095110 ^ _088_/A (sky130_fd_sc_hd__xnor2_2)
     3    0.014918    0.052072    0.069637    5.164747 v _088_/Y (sky130_fd_sc_hd__xnor2_2)
                                                         _003_ (net)
                      0.052087    0.000850    5.165596 v _106_/B (sky130_fd_sc_hd__xor2_1)
     1    0.005266    0.100975    0.115978    5.281574 ^ _106_/X (sky130_fd_sc_hd__xor2_1)
                                                         _015_ (net)
                      0.100975    0.000393    5.281968 ^ _107_/B (sky130_fd_sc_hd__xnor2_1)
     1    0.003044    0.024617    0.042806    5.324774 v _107_/Y (sky130_fd_sc_hd__xnor2_1)
                                                         net43 (net)
                      0.024617    0.000122    5.324895 v output43/A (sky130_fd_sc_hd__buf_2)
     1    0.034005    0.062393    0.114041    5.438937 v output43/X (sky130_fd_sc_hd__buf_2)
                                                         outputs[19] (net)
                      0.062444    0.001610    5.440547 v outputs[19] (out)
                                              5.440547   data arrival time

                      0.000000    0.000000    0.000000   clock clk (rise edge)
                                  0.000000    0.000000   clock network delay (ideal)
                                  0.250000    0.250000   clock uncertainty
                                  0.000000    0.250000   clock reconvergence pessimism
                                 -5.000000   -4.750000   output external delay
                                             -4.750000   data required time
---------------------------------------------------------------------------------------------
                                             -4.750000   data required time
                                             -5.440547   data arrival time
---------------------------------------------------------------------------------------------
                                             10.190546   slack (MET)


Startpoint: inputs[10] (input port clocked by clk)
Endpoint: outputs[10] (output port clocked by clk)
Path Group: clk
Path Type: min

Fanout         Cap        Slew       Delay        Time   Description
---------------------------------------------------------------------------------------------
                      0.000000    0.000000    0.000000   clock clk (rise edge)
                                  0.000000    0.000000   clock network delay (ideal)
                                  5.000000    5.000000 v input external delay
     1    0.003985    0.006480    0.003375    5.003375 v inputs[10] (in)
                                                         inputs[10] (net)
                      0.006486    0.000000    5.003375 v input2/A (sky130_fd_sc_hd__buf_1)
     2    0.011033    0.047692    0.072610    5.075985 v input2/X (sky130_fd_sc_hd__buf_1)
                                                         net2 (net)
                      0.047698    0.000557    5.076542 v _073_/B (sky130_fd_sc_hd__xnor2_1)
     1    0.012565    0.062732    0.115519    5.192061 v _073_/Y (sky130_fd_sc_hd__xnor2_1)
                                                         _041_ (net)
                      0.062755    0.001126    5.193187 v _074_/B (sky130_fd_sc_hd__xnor2_2)
     3    0.016296    0.055588    0.116942    5.310129 v _074_/Y (sky130_fd_sc_hd__xnor2_2)
                                                         net34 (net)
                      0.055610    0.001052    5.311180 v output34/A (sky130_fd_sc_hd__buf_2)
     1    0.036486    0.066616    0.129092    5.440272 v output34/X (sky130_fd_sc_hd__buf_2)
                                                         outputs[10] (net)
                      0.066711    0.002220    5.442492 v outputs[10] (out)
                                              5.442492   data arrival time

                      0.000000    0.000000    0.000000   clock clk (rise edge)
                                  0.000000    0.000000   clock network delay (ideal)
                                  0.250000    0.250000   clock uncertainty
                                  0.000000    0.250000   clock reconvergence pessimism
                                 -5.000000   -4.750000   output external delay
                                             -4.750000   data required time
---------------------------------------------------------------------------------------------
                                             -4.750000   data required time
                                             -5.442492   data arrival time
---------------------------------------------------------------------------------------------
                                             10.192492   slack (MET)


Startpoint: inputs[6] (input port clocked by clk)
Endpoint: outputs[7] (output port clocked by clk)
Path Group: clk
Path Type: min

Fanout         Cap        Slew       Delay        Time   Description
---------------------------------------------------------------------------------------------
                      0.000000    0.000000    0.000000   clock clk (rise edge)
                                  0.000000    0.000000   clock network delay (ideal)
                                  5.000000    5.000000 ^ input external delay
     1    0.003388    0.016026    0.008824    5.008824 ^ inputs[6] (in)
                                                         inputs[6] (net)
                      0.016028    0.000000    5.008824 ^ input29/A (sky130_fd_sc_hd__clkbuf_2)
     3    0.019818    0.086806    0.101716    5.110540 ^ input29/X (sky130_fd_sc_hd__clkbuf_2)
                                                         net29 (net)
                      0.086828    0.001123    5.111663 ^ _078_/B (sky130_fd_sc_hd__xor2_2)
     2    0.014406    0.040931    0.064074    5.175737 v _078_/X (sky130_fd_sc_hd__xor2_2)
                                                         _044_ (net)
                      0.040975    0.001193    5.176929 v _124_/A (sky130_fd_sc_hd__xnor2_1)
     1    0.005047    0.053720    0.124671    5.301600 ^ _124_/Y (sky130_fd_sc_hd__xnor2_1)
                                                         _026_ (net)
                      0.053721    0.000242    5.301842 ^ _125_/B (sky130_fd_sc_hd__xnor2_1)
     1    0.002902    0.023517    0.037767    5.339609 v _125_/Y (sky130_fd_sc_hd__xnor2_1)
                                                         net62 (net)
                      0.023518    0.000180    5.339789 v output62/A (sky130_fd_sc_hd__buf_2)
     1    0.034619    0.063310    0.114348    5.454136 v output62/X (sky130_fd_sc_hd__buf_2)
                                                         outputs[7] (net)
                      0.063364    0.001670    5.455806 v outputs[7] (out)
                                              5.455806   data arrival time

                      0.000000    0.000000    0.000000   clock clk (rise edge)
                                  0.000000    0.000000   clock network delay (ideal)
                                  0.250000    0.250000   clock uncertainty
                                  0.000000    0.250000   clock reconvergence pessimism
                                 -5.000000   -4.750000   output external delay
                                             -4.750000   data required time
---------------------------------------------------------------------------------------------
                                             -4.750000   data required time
                                             -5.455806   data arrival time
---------------------------------------------------------------------------------------------
                                             10.205807   slack (MET)


Startpoint: inputs[26] (input port clocked by clk)
Endpoint: outputs[26] (output port clocked by clk)
Path Group: clk
Path Type: min

Fanout         Cap        Slew       Delay        Time   Description
---------------------------------------------------------------------------------------------
                      0.000000    0.000000    0.000000   clock clk (rise edge)
                                  0.000000    0.000000   clock network delay (ideal)
                                  5.000000    5.000000 ^ input external delay
     1    0.003393    0.016046    0.008841    5.008842 ^ inputs[26] (in)
                                                         inputs[26] (net)
                      0.016048    0.000000    5.008842 ^ input19/A (sky130_fd_sc_hd__clkbuf_1)
     1    0.005021    0.050569    0.061303    5.070145 ^ input19/X (sky130_fd_sc_hd__clkbuf_1)
                                                         net19 (net)
                      0.050589    0.000238    5.070383 ^ _062_/A (sky130_fd_sc_hd__xnor2_1)
     1    0.009443    0.088249    0.108959    5.179341 ^ _062_/Y (sky130_fd_sc_hd__xnor2_1)
                                                         _034_ (net)
                      0.088259    0.000731    5.180072 ^ _063_/B (sky130_fd_sc_hd__xnor2_2)
     2    0.013432    0.061138    0.096137    5.276209 ^ _063_/Y (sky130_fd_sc_hd__xnor2_2)
                                                         _035_ (net)
                      0.061151    0.000866    5.277075 ^ _069_/B (sky130_fd_sc_hd__xnor2_1)
     2    0.007621    0.042267    0.055760    5.332836 v _069_/Y (sky130_fd_sc_hd__xnor2_1)
                                                         net51 (net)
                      0.042273    0.000535    5.333370 v output51/A (sky130_fd_sc_hd__buf_2)
     1    0.034152    0.062625    0.121258    5.454628 v output51/X (sky130_fd_sc_hd__buf_2)
                                                         outputs[26] (net)
                      0.062680    0.001668    5.456295 v outputs[26] (out)
                                              5.456295   data arrival time

                      0.000000    0.000000    0.000000   clock clk (rise edge)
                                  0.000000    0.000000   clock network delay (ideal)
                                  0.250000    0.250000   clock uncertainty
                                  0.000000    0.250000   clock reconvergence pessimism
                                 -5.000000   -4.750000   output external delay
                                             -4.750000   data required time
---------------------------------------------------------------------------------------------
                                             -4.750000   data required time
                                             -5.456295   data arrival time
---------------------------------------------------------------------------------------------
                                             10.206296   slack (MET)


Startpoint: inputs[22] (input port clocked by clk)
Endpoint: outputs[22] (output port clocked by clk)
Path Group: clk
Path Type: min

Fanout         Cap        Slew       Delay        Time   Description
---------------------------------------------------------------------------------------------
                      0.000000    0.000000    0.000000   clock clk (rise edge)
                                  0.000000    0.000000   clock network delay (ideal)
                                  5.000000    5.000000 ^ input external delay
     1    0.003283    0.015650    0.008550    5.008550 ^ inputs[22] (in)
                                                         inputs[22] (net)
                      0.015652    0.000000    5.008550 ^ input15/A (sky130_fd_sc_hd__clkbuf_1)
     1    0.004922    0.049754    0.060546    5.069096 ^ input15/X (sky130_fd_sc_hd__clkbuf_1)
                                                         net15 (net)
                      0.049758    0.000368    5.069464 ^ _064_/A (sky130_fd_sc_hd__xor2_1)
     2    0.011212    0.048145    0.065931    5.135396 v _064_/X (sky130_fd_sc_hd__xor2_1)
                                                         _036_ (net)
                      0.048148    0.000409    5.135804 v _070_/B (sky130_fd_sc_hd__xnor2_1)
     2    0.011411    0.058086    0.112038    5.247842 v _070_/Y (sky130_fd_sc_hd__xnor2_1)
                                                         _040_ (net)
                      0.058088    0.000437    5.248280 v _071_/B (sky130_fd_sc_hd__xor2_1)
     1    0.002677    0.024733    0.093657    5.341937 v _071_/X (sky130_fd_sc_hd__xor2_1)
                                                         net47 (net)
                      0.024733    0.000175    5.342111 v output47/A (sky130_fd_sc_hd__buf_2)
     1    0.034460    0.063063    0.114677    5.456788 v output47/X (sky130_fd_sc_hd__buf_2)
                                                         outputs[22] (net)
                      0.063113    0.001611    5.458399 v outputs[22] (out)
                                              5.458399   data arrival time

                      0.000000    0.000000    0.000000   clock clk (rise edge)
                                  0.000000    0.000000   clock network delay (ideal)
                                  0.250000    0.250000   clock uncertainty
                                  0.000000    0.250000   clock reconvergence pessimism
                                 -5.000000   -4.750000   output external delay
                                             -4.750000   data required time
---------------------------------------------------------------------------------------------
                                             -4.750000   data required time
                                             -5.458399   data arrival time
---------------------------------------------------------------------------------------------
                                             10.208399   slack (MET)


Startpoint: inputs[11] (input port clocked by clk)
Endpoint: outputs[11] (output port clocked by clk)
Path Group: clk
Path Type: min

Fanout         Cap        Slew       Delay        Time   Description
---------------------------------------------------------------------------------------------
                      0.000000    0.000000    0.000000   clock clk (rise edge)
                                  0.000000    0.000000   clock network delay (ideal)
                                  5.000000    5.000000 ^ input external delay
     1    0.003462    0.016294    0.009022    5.009022 ^ inputs[11] (in)
                                                         inputs[11] (net)
                      0.016296    0.000000    5.009022 ^ input3/A (sky130_fd_sc_hd__buf_1)
     2    0.011911    0.108858    0.101259    5.110281 ^ input3/X (sky130_fd_sc_hd__buf_1)
                                                         net3 (net)
                      0.108866    0.000799    5.111081 ^ _112_/B (sky130_fd_sc_hd__xor2_1)
     2    0.012028    0.050464    0.077948    5.189028 v _112_/X (sky130_fd_sc_hd__xor2_1)
                                                         _019_ (net)
                      0.050477    0.000786    5.189815 v _118_/B (sky130_fd_sc_hd__xnor2_1)
     1    0.005185    0.055149    0.116989    5.306803 ^ _118_/Y (sky130_fd_sc_hd__xnor2_1)
                                                         _023_ (net)
                      0.055150    0.000398    5.307201 ^ _119_/B (sky130_fd_sc_hd__xnor2_1)
     1    0.003057    0.024293    0.038486    5.345687 v _119_/Y (sky130_fd_sc_hd__xnor2_1)
                                                         net35 (net)
                      0.024293    0.000182    5.345869 v output35/A (sky130_fd_sc_hd__buf_2)
     1    0.034657    0.063369    0.114692    5.460561 v output35/X (sky130_fd_sc_hd__buf_2)
                                                         outputs[11] (net)
                      0.063425    0.001688    5.462249 v outputs[11] (out)
                                              5.462249   data arrival time

                      0.000000    0.000000    0.000000   clock clk (rise edge)
                                  0.000000    0.000000   clock network delay (ideal)
                                  0.250000    0.250000   clock uncertainty
                                  0.000000    0.250000   clock reconvergence pessimism
                                 -5.000000   -4.750000   output external delay
                                             -4.750000   data required time
---------------------------------------------------------------------------------------------
                                             -4.750000   data required time
                                             -5.462249   data arrival time
---------------------------------------------------------------------------------------------
                                             10.212249   slack (MET)


Startpoint: inputs[25] (input port clocked by clk)
Endpoint: outputs[25] (output port clocked by clk)
Path Group: clk
Path Type: min

Fanout         Cap        Slew       Delay        Time   Description
---------------------------------------------------------------------------------------------
                      0.000000    0.000000    0.000000   clock clk (rise edge)
                                  0.000000    0.000000   clock network delay (ideal)
                                  5.000000    5.000000 ^ input external delay
     1    0.002992    0.014604    0.007785    5.007785 ^ inputs[25] (in)
                                                         inputs[25] (net)
                      0.014606    0.000000    5.007785 ^ input18/A (sky130_fd_sc_hd__buf_1)
     1    0.009393    0.087423    0.086247    5.094033 ^ input18/X (sky130_fd_sc_hd__buf_1)
                                                         net18 (net)
                      0.087432    0.000720    5.094753 ^ _084_/A (sky130_fd_sc_hd__xnor2_2)
     2    0.013532    0.061449    0.100262    5.195015 ^ _084_/Y (sky130_fd_sc_hd__xnor2_2)
                                                         _048_ (net)
                      0.061506    0.001034    5.196050 ^ _098_/B (sky130_fd_sc_hd__xnor2_1)
     2    0.009926    0.051832    0.063535    5.259584 v _098_/Y (sky130_fd_sc_hd__xnor2_1)
                                                         _011_ (net)
                      0.051837    0.000547    5.260131 v _101_/B (sky130_fd_sc_hd__xor2_1)
     1    0.002742    0.024935    0.091540    5.351671 v _101_/X (sky130_fd_sc_hd__xor2_1)
                                                         net50 (net)
                      0.024935    0.000178    5.351849 v output50/A (sky130_fd_sc_hd__buf_2)
     1    0.033987    0.062370    0.114130    5.465980 v output50/X (sky130_fd_sc_hd__buf_2)
                                                         outputs[25] (net)
                      0.062423    0.001628    5.467607 v outputs[25] (out)
                                              5.467607   data arrival time

                      0.000000    0.000000    0.000000   clock clk (rise edge)
                                  0.000000    0.000000   clock network delay (ideal)
                                  0.250000    0.250000   clock uncertainty
                                  0.000000    0.250000   clock reconvergence pessimism
                                 -5.000000   -4.750000   output external delay
                                             -4.750000   data required time
---------------------------------------------------------------------------------------------
                                             -4.750000   data required time
                                             -5.467607   data arrival time
---------------------------------------------------------------------------------------------
                                             10.217607   slack (MET)


Startpoint: inputs[13] (input port clocked by clk)
Endpoint: outputs[13] (output port clocked by clk)
Path Group: clk
Path Type: min

Fanout         Cap        Slew       Delay        Time   Description
---------------------------------------------------------------------------------------------
                      0.000000    0.000000    0.000000   clock clk (rise edge)
                                  0.000000    0.000000   clock network delay (ideal)
                                  5.000000    5.000000 v input external delay
     1    0.003334    0.005500    0.002792    5.002792 v inputs[13] (in)
                                                         inputs[13] (net)
                      0.005508    0.000000    5.002792 v input5/A (sky130_fd_sc_hd__buf_1)
     2    0.011130    0.047904    0.072406    5.075199 v input5/X (sky130_fd_sc_hd__buf_1)
                                                         net5 (net)
                      0.047919    0.000809    5.076007 v _110_/B (sky130_fd_sc_hd__xor2_1)
     1    0.005220    0.100362    0.114048    5.190056 ^ _110_/X (sky130_fd_sc_hd__xor2_1)
                                                         _017_ (net)
                      0.100362    0.000389    5.190444 ^ _111_/B (sky130_fd_sc_hd__xnor2_1)
     2    0.010632    0.054812    0.073742    5.264187 v _111_/Y (sky130_fd_sc_hd__xnor2_1)
                                                         _018_ (net)
                      0.054818    0.000604    5.264791 v _117_/B (sky130_fd_sc_hd__xnor2_1)
     1    0.003180    0.025108    0.086026    5.350817 v _117_/Y (sky130_fd_sc_hd__xnor2_1)
                                                         net37 (net)
                      0.025108    0.000188    5.351005 v output37/A (sky130_fd_sc_hd__buf_2)
     1    0.034645    0.063352    0.115004    5.466009 v output37/X (sky130_fd_sc_hd__buf_2)
                                                         outputs[13] (net)
                      0.063408    0.001687    5.467696 v outputs[13] (out)
                                              5.467696   data arrival time

                      0.000000    0.000000    0.000000   clock clk (rise edge)
                                  0.000000    0.000000   clock network delay (ideal)
                                  0.250000    0.250000   clock uncertainty
                                  0.000000    0.250000   clock reconvergence pessimism
                                 -5.000000   -4.750000   output external delay
                                             -4.750000   data required time
---------------------------------------------------------------------------------------------
                                             -4.750000   data required time
                                             -5.467696   data arrival time
---------------------------------------------------------------------------------------------
                                             10.217696   slack (MET)


Startpoint: inputs[14] (input port clocked by clk)
Endpoint: outputs[14] (output port clocked by clk)
Path Group: clk
Path Type: min

Fanout         Cap        Slew       Delay        Time   Description
---------------------------------------------------------------------------------------------
                      0.000000    0.000000    0.000000   clock clk (rise edge)
                                  0.000000    0.000000   clock network delay (ideal)
                                  5.000000    5.000000 ^ input external delay
     1    0.003267    0.015591    0.008507    5.008507 ^ inputs[14] (in)
                                                         inputs[14] (net)
                      0.015593    0.000000    5.008507 ^ input6/A (sky130_fd_sc_hd__buf_1)
     2    0.011438    0.104835    0.098348    5.106855 ^ input6/X (sky130_fd_sc_hd__buf_1)
                                                         net6 (net)
                      0.104849    0.000976    5.107831 ^ _075_/B (sky130_fd_sc_hd__xor2_1)
     1    0.008308    0.040135    0.064671    5.172503 v _075_/X (sky130_fd_sc_hd__xor2_1)
                                                         _042_ (net)
                      0.040149    0.000704    5.173207 v _076_/B (sky130_fd_sc_hd__xnor2_1)
     1    0.004748    0.051316    0.108819    5.282026 ^ _076_/Y (sky130_fd_sc_hd__xnor2_1)
                                                         _043_ (net)
                      0.051318    0.000356    5.282382 ^ _077_/B (sky130_fd_sc_hd__xor2_1)
     2    0.010396    0.045822    0.060004    5.342385 v _077_/X (sky130_fd_sc_hd__xor2_1)
                                                         net38 (net)
                      0.045843    0.000909    5.343295 v output38/A (sky130_fd_sc_hd__buf_2)
     1    0.034639    0.063346    0.123305    5.466599 v output38/X (sky130_fd_sc_hd__buf_2)
                                                         outputs[14] (net)
                      0.063402    0.001686    5.468285 v outputs[14] (out)
                                              5.468285   data arrival time

                      0.000000    0.000000    0.000000   clock clk (rise edge)
                                  0.000000    0.000000   clock network delay (ideal)
                                  0.250000    0.250000   clock uncertainty
                                  0.000000    0.250000   clock reconvergence pessimism
                                 -5.000000   -4.750000   output external delay
                                             -4.750000   data required time
---------------------------------------------------------------------------------------------
                                             -4.750000   data required time
                                             -5.468285   data arrival time
---------------------------------------------------------------------------------------------
                                             10.218286   slack (MET)


Startpoint: inputs[28] (input port clocked by clk)
Endpoint: outputs[28] (output port clocked by clk)
Path Group: clk
Path Type: min

Fanout         Cap        Slew       Delay        Time   Description
---------------------------------------------------------------------------------------------
                      0.000000    0.000000    0.000000   clock clk (rise edge)
                                  0.000000    0.000000   clock network delay (ideal)
                                  5.000000    5.000000 ^ input external delay
     1    0.005196    0.022329    0.013537    5.013537 ^ inputs[28] (in)
                                                         inputs[28] (net)
                      0.022333    0.000000    5.013537 ^ input21/A (sky130_fd_sc_hd__clkbuf_1)
     1    0.006287    0.061272    0.070372    5.083909 ^ input21/X (sky130_fd_sc_hd__clkbuf_1)
                                                         net21 (net)
                      0.061277    0.000455    5.084364 ^ _054_/A (sky130_fd_sc_hd__xor2_1)
     1    0.006038    0.034122    0.052135    5.136498 v _054_/X (sky130_fd_sc_hd__xor2_1)
                                                         _030_ (net)
                      0.034127    0.000425    5.136924 v _056_/B (sky130_fd_sc_hd__xnor2_1)
     1    0.012029    0.060658    0.108333    5.245257 v _056_/Y (sky130_fd_sc_hd__xnor2_1)
                                                         _031_ (net)
                      0.060677    0.001024    5.246281 v _057_/B (sky130_fd_sc_hd__xnor2_2)
     3    0.011719    0.044047    0.107139    5.353420 v _057_/Y (sky130_fd_sc_hd__xnor2_2)
                                                         net53 (net)
                      0.044050    0.000377    5.353796 v output53/A (sky130_fd_sc_hd__buf_2)
     1    0.033921    0.062267    0.121737    5.475534 v output53/X (sky130_fd_sc_hd__buf_2)
                                                         outputs[28] (net)
                      0.062316    0.001585    5.477118 v outputs[28] (out)
                                              5.477118   data arrival time

                      0.000000    0.000000    0.000000   clock clk (rise edge)
                                  0.000000    0.000000   clock network delay (ideal)
                                  0.250000    0.250000   clock uncertainty
                                  0.000000    0.250000   clock reconvergence pessimism
                                 -5.000000   -4.750000   output external delay
                                             -4.750000   data required time
---------------------------------------------------------------------------------------------
                                             -4.750000   data required time
                                             -5.477118   data arrival time
---------------------------------------------------------------------------------------------
                                             10.227119   slack (MET)


Startpoint: inputs[21] (input port clocked by clk)
Endpoint: outputs[21] (output port clocked by clk)
Path Group: clk
Path Type: min

Fanout         Cap        Slew       Delay        Time   Description
---------------------------------------------------------------------------------------------
                      0.000000    0.000000    0.000000   clock clk (rise edge)
                                  0.000000    0.000000   clock network delay (ideal)
                                  5.000000    5.000000 ^ input external delay
     1    0.003451    0.016253    0.008995    5.008995 ^ inputs[21] (in)
                                                         inputs[21] (net)
                      0.016255    0.000000    5.008995 ^ input14/A (sky130_fd_sc_hd__clkbuf_1)
     1    0.008940    0.083645    0.084198    5.093193 ^ input14/X (sky130_fd_sc_hd__clkbuf_1)
                                                         net14 (net)
                      0.083652    0.000614    5.093807 ^ _082_/A (sky130_fd_sc_hd__xor2_1)
     1    0.006676    0.035842    0.058259    5.152066 v _082_/X (sky130_fd_sc_hd__xor2_1)
                                                         _046_ (net)
                      0.035850    0.000520    5.152586 v _083_/B (sky130_fd_sc_hd__xnor2_1)
     2    0.011629    0.058809    0.107643    5.260229 v _083_/Y (sky130_fd_sc_hd__xnor2_1)
                                                         _047_ (net)
                      0.058829    0.001032    5.261261 v _102_/B (sky130_fd_sc_hd__xnor2_1)
     2    0.008297    0.045036    0.105706    5.366967 v _102_/Y (sky130_fd_sc_hd__xnor2_1)
                                                         net46 (net)
                      0.045040    0.000469    5.367435 v output46/A (sky130_fd_sc_hd__buf_2)
     1    0.034377    0.062940    0.122721    5.490157 v output46/X (sky130_fd_sc_hd__buf_2)
                                                         outputs[21] (net)
                      0.062990    0.001592    5.491748 v outputs[21] (out)
                                              5.491748   data arrival time

                      0.000000    0.000000    0.000000   clock clk (rise edge)
                                  0.000000    0.000000   clock network delay (ideal)
                                  0.250000    0.250000   clock uncertainty
                                  0.000000    0.250000   clock reconvergence pessimism
                                 -5.000000   -4.750000   output external delay
                                             -4.750000   data required time
---------------------------------------------------------------------------------------------
                                             -4.750000   data required time
                                             -5.491748   data arrival time
---------------------------------------------------------------------------------------------
                                             10.241749   slack (MET)


Startpoint: inputs[30] (input port clocked by clk)
Endpoint: outputs[30] (output port clocked by clk)
Path Group: clk
Path Type: min

Fanout         Cap        Slew       Delay        Time   Description
---------------------------------------------------------------------------------------------
                      0.000000    0.000000    0.000000   clock clk (rise edge)
                                  0.000000    0.000000   clock network delay (ideal)
                                  5.000000    5.000000 ^ input external delay
     1    0.003263    0.015578    0.008498    5.008498 ^ inputs[30] (in)
                                                         inputs[30] (net)
                      0.015580    0.000000    5.008498 ^ input24/A (sky130_fd_sc_hd__clkbuf_1)
     1    0.004916    0.049706    0.060496    5.068994 ^ input24/X (sky130_fd_sc_hd__clkbuf_1)
                                                         net24 (net)
                      0.049710    0.000365    5.069359 ^ _065_/A (sky130_fd_sc_hd__xor2_1)
     1    0.006023    0.034100    0.049840    5.119199 v _065_/X (sky130_fd_sc_hd__xor2_1)
                                                         _037_ (net)
                      0.034106    0.000466    5.119665 v _066_/B (sky130_fd_sc_hd__xnor2_1)
     1    0.006591    0.038279    0.089972    5.209636 v _066_/Y (sky130_fd_sc_hd__xnor2_1)
                                                         _038_ (net)
                      0.038286    0.000497    5.210134 v _067_/B (sky130_fd_sc_hd__xnor2_1)
     1    0.004838    0.051514    0.109191    5.319324 ^ _067_/Y (sky130_fd_sc_hd__xnor2_1)
                                                         _039_ (net)
                      0.051514    0.000226    5.319550 ^ _068_/B (sky130_fd_sc_hd__xnor2_1)
     2    0.007141    0.039111    0.052303    5.371852 v _068_/Y (sky130_fd_sc_hd__xnor2_1)
                                                         net56 (net)
                      0.039136    0.000503    5.372355 v output56/A (sky130_fd_sc_hd__buf_2)
     1    0.034090    0.062527    0.119943    5.492298 v output56/X (sky130_fd_sc_hd__buf_2)
                                                         outputs[30] (net)
                      0.062580    0.001637    5.493936 v outputs[30] (out)
                                              5.493936   data arrival time

                      0.000000    0.000000    0.000000   clock clk (rise edge)
                                  0.000000    0.000000   clock network delay (ideal)
                                  0.250000    0.250000   clock uncertainty
                                  0.000000    0.250000   clock reconvergence pessimism
                                 -5.000000   -4.750000   output external delay
                                             -4.750000   data required time
---------------------------------------------------------------------------------------------
                                             -4.750000   data required time
                                             -5.493936   data arrival time
---------------------------------------------------------------------------------------------
                                             10.243936   slack (MET)


Startpoint: inputs[15] (input port clocked by clk)
Endpoint: outputs[15] (output port clocked by clk)
Path Group: clk
Path Type: min

Fanout         Cap        Slew       Delay        Time   Description
---------------------------------------------------------------------------------------------
                      0.000000    0.000000    0.000000   clock clk (rise edge)
                                  0.000000    0.000000   clock network delay (ideal)
                                  5.000000    5.000000 ^ input external delay
     1    0.003338    0.015849    0.008697    5.008698 ^ inputs[15] (in)
                                                         inputs[15] (net)
                      0.015851    0.000000    5.008698 ^ input7/A (sky130_fd_sc_hd__buf_1)
     2    0.009854    0.091328    0.089325    5.098022 ^ input7/X (sky130_fd_sc_hd__buf_1)
                                                         net7 (net)
                      0.091335    0.000638    5.098660 ^ _113_/B (sky130_fd_sc_hd__xor2_1)
     1    0.005278    0.032013    0.050804    5.149464 v _113_/X (sky130_fd_sc_hd__xor2_1)
                                                         _020_ (net)
                      0.032018    0.000404    5.149868 v _114_/B (sky130_fd_sc_hd__xnor2_1)
     1    0.005990    0.036069    0.086955    5.236823 v _114_/Y (sky130_fd_sc_hd__xnor2_1)
                                                         _021_ (net)
                      0.036076    0.000480    5.237303 v _115_/B (sky130_fd_sc_hd__xnor2_1)
     1    0.004880    0.051899    0.108875    5.346179 ^ _115_/Y (sky130_fd_sc_hd__xnor2_1)
                                                         _022_ (net)
                      0.051899    0.000230    5.346409 ^ _116_/B (sky130_fd_sc_hd__xnor2_1)
     1    0.002354    0.021355    0.035012    5.381421 v _116_/Y (sky130_fd_sc_hd__xnor2_1)
                                                         net39 (net)
                      0.021355    0.000169    5.381590 v output39/A (sky130_fd_sc_hd__buf_2)
     1    0.034639    0.063331    0.113570    5.495161 v output39/X (sky130_fd_sc_hd__buf_2)
                                                         outputs[15] (net)
                      0.063387    0.001688    5.496848 v outputs[15] (out)
                                              5.496848   data arrival time

                      0.000000    0.000000    0.000000   clock clk (rise edge)
                                  0.000000    0.000000   clock network delay (ideal)
                                  0.250000    0.250000   clock uncertainty
                                  0.000000    0.250000   clock reconvergence pessimism
                                 -5.000000   -4.750000   output external delay
                                             -4.750000   data required time
---------------------------------------------------------------------------------------------
                                             -4.750000   data required time
                                             -5.496848   data arrival time
---------------------------------------------------------------------------------------------
                                             10.246848   slack (MET)


Startpoint: inputs[27] (input port clocked by clk)
Endpoint: outputs[27] (output port clocked by clk)
Path Group: clk
Path Type: min

Fanout         Cap        Slew       Delay        Time   Description
---------------------------------------------------------------------------------------------
                      0.000000    0.000000    0.000000   clock clk (rise edge)
                                  0.000000    0.000000   clock network delay (ideal)
                                  5.000000    5.000000 ^ input external delay
     1    0.002942    0.014426    0.007654    5.007655 ^ inputs[27] (in)
                                                         inputs[27] (net)
                      0.014428    0.000000    5.007655 ^ input20/A (sky130_fd_sc_hd__clkbuf_1)
     1    0.005446    0.054149    0.063251    5.070905 ^ input20/X (sky130_fd_sc_hd__clkbuf_1)
                                                         net20 (net)
                      0.054154    0.000425    5.071330 ^ _089_/A (sky130_fd_sc_hd__xnor2_1)
     1    0.005389    0.055735    0.086515    5.157845 ^ _089_/Y (sky130_fd_sc_hd__xnor2_1)
                                                         _004_ (net)
                      0.055737    0.000400    5.158245 ^ _090_/B (sky130_fd_sc_hd__xnor2_1)
     2    0.009558    0.049750    0.061189    5.219433 v _090_/Y (sky130_fd_sc_hd__xnor2_1)
                                                         _005_ (net)
                      0.049774    0.000473    5.219906 v _099_/A (sky130_fd_sc_hd__xor2_1)
     1    0.005615    0.105581    0.131128    5.351035 ^ _099_/X (sky130_fd_sc_hd__xor2_1)
                                                         _012_ (net)
                      0.105581    0.000415    5.351449 ^ _100_/B (sky130_fd_sc_hd__xnor2_1)
     1    0.002608    0.022931    0.040730    5.392180 v _100_/Y (sky130_fd_sc_hd__xnor2_1)
                                                         net52 (net)
                      0.022937    0.000176    5.392355 v output52/A (sky130_fd_sc_hd__buf_2)
     1    0.034004    0.062390    0.113373    5.505729 v output52/X (sky130_fd_sc_hd__buf_2)
                                                         outputs[27] (net)
                      0.062441    0.001609    5.507339 v outputs[27] (out)
                                              5.507339   data arrival time

                      0.000000    0.000000    0.000000   clock clk (rise edge)
                                  0.000000    0.000000   clock network delay (ideal)
                                  0.250000    0.250000   clock uncertainty
                                  0.000000    0.250000   clock reconvergence pessimism
                                 -5.000000   -4.750000   output external delay
                                             -4.750000   data required time
---------------------------------------------------------------------------------------------
                                             -4.750000   data required time
                                             -5.507339   data arrival time
---------------------------------------------------------------------------------------------
                                             10.257339   slack (MET)


Startpoint: inputs[23] (input port clocked by clk)
Endpoint: outputs[23] (output port clocked by clk)
Path Group: clk
Path Type: min

Fanout         Cap        Slew       Delay        Time   Description
---------------------------------------------------------------------------------------------
                      0.000000    0.000000    0.000000   clock clk (rise edge)
                                  0.000000    0.000000   clock network delay (ideal)
                                  5.000000    5.000000 ^ input external delay
     1    0.002871    0.014172    0.007466    5.007467 ^ inputs[23] (in)
                                                         inputs[23] (net)
                      0.014174    0.000000    5.007467 ^ input16/A (sky130_fd_sc_hd__clkbuf_1)
     1    0.006100    0.059657    0.067040    5.074507 ^ input16/X (sky130_fd_sc_hd__clkbuf_1)
                                                         net16 (net)
                      0.059662    0.000429    5.074935 ^ _091_/A (sky130_fd_sc_hd__xor2_1)
     2    0.010671    0.046582    0.066401    5.141336 v _091_/X (sky130_fd_sc_hd__xor2_1)
                                                         _006_ (net)
                      0.046591    0.000645    5.141981 v _103_/B (sky130_fd_sc_hd__xnor2_1)
     1    0.007347    0.041167    0.097600    5.239582 v _103_/Y (sky130_fd_sc_hd__xnor2_1)
                                                         _013_ (net)
                      0.041176    0.000618    5.240199 v _104_/B (sky130_fd_sc_hd__xnor2_1)
     1    0.005907    0.060046    0.121478    5.361677 ^ _104_/Y (sky130_fd_sc_hd__xnor2_1)
                                                         _014_ (net)
                      0.060048    0.000429    5.362105 ^ _105_/B (sky130_fd_sc_hd__xnor2_1)
     1    0.002694    0.023266    0.037374    5.399480 v _105_/Y (sky130_fd_sc_hd__xnor2_1)
                                                         net48 (net)
                      0.023273    0.000173    5.399652 v output48/A (sky130_fd_sc_hd__buf_2)
     1    0.034315    0.062879    0.113796    5.513448 v output48/X (sky130_fd_sc_hd__buf_2)
                                                         outputs[23] (net)
                      0.062939    0.001739    5.515187 v outputs[23] (out)
                                              5.515187   data arrival time

                      0.000000    0.000000    0.000000   clock clk (rise edge)
                                  0.000000    0.000000   clock network delay (ideal)
                                  0.250000    0.250000   clock uncertainty
                                  0.000000    0.250000   clock reconvergence pessimism
                                 -5.000000   -4.750000   output external delay
                                             -4.750000   data required time
---------------------------------------------------------------------------------------------
                                             -4.750000   data required time
                                             -5.515187   data arrival time
---------------------------------------------------------------------------------------------
                                             10.265187   slack (MET)


Startpoint: inputs[29] (input port clocked by clk)
Endpoint: outputs[29] (output port clocked by clk)
Path Group: clk
Path Type: min

Fanout         Cap        Slew       Delay        Time   Description
---------------------------------------------------------------------------------------------
                      0.000000    0.000000    0.000000   clock clk (rise edge)
                                  0.000000    0.000000   clock network delay (ideal)
                                  5.000000    5.000000 ^ input external delay
     1    0.003515    0.016484    0.009160    5.009161 ^ inputs[29] (in)
                                                         inputs[29] (net)
                      0.016486    0.000000    5.009161 ^ input22/A (sky130_fd_sc_hd__clkbuf_1)
     1    0.004900    0.049556    0.060647    5.069808 ^ input22/X (sky130_fd_sc_hd__clkbuf_1)
                                                         net22 (net)
                      0.049578    0.000364    5.070171 ^ _085_/A (sky130_fd_sc_hd__xor2_1)
     1    0.006475    0.035376    0.051242    5.121413 v _085_/X (sky130_fd_sc_hd__xor2_1)
                                                         _000_ (net)
                      0.035385    0.000528    5.121941 v _086_/B (sky130_fd_sc_hd__xnor2_1)
     1    0.005915    0.060018    0.119583    5.241523 ^ _086_/Y (sky130_fd_sc_hd__xnor2_1)
                                                         _001_ (net)
                      0.060020    0.000434    5.241957 ^ _087_/B (sky130_fd_sc_hd__xnor2_1)
     2    0.012156    0.061203    0.070462    5.312419 v _087_/Y (sky130_fd_sc_hd__xnor2_1)
                                                         _002_ (net)
                      0.061214    0.000826    5.313245 v _097_/B (sky130_fd_sc_hd__xor2_1)
     1    0.002209    0.023302    0.092993    5.406238 v _097_/X (sky130_fd_sc_hd__xor2_1)
                                                         net54 (net)
                      0.023302    0.000148    5.406386 v output54/A (sky130_fd_sc_hd__buf_2)
     1    0.034208    0.062695    0.113763    5.520149 v output54/X (sky130_fd_sc_hd__buf_2)
                                                         outputs[29] (net)
                      0.062748    0.001627    5.521776 v outputs[29] (out)
                                              5.521776   data arrival time

                      0.000000    0.000000    0.000000   clock clk (rise edge)
                                  0.000000    0.000000   clock network delay (ideal)
                                  0.250000    0.250000   clock uncertainty
                                  0.000000    0.250000   clock reconvergence pessimism
                                 -5.000000   -4.750000   output external delay
                                             -4.750000   data required time
---------------------------------------------------------------------------------------------
                                             -4.750000   data required time
                                             -5.521776   data arrival time
---------------------------------------------------------------------------------------------
                                             10.271776   slack (MET)


Startpoint: inputs[31] (input port clocked by clk)
Endpoint: outputs[31] (output port clocked by clk)
Path Group: clk
Path Type: min

Fanout         Cap        Slew       Delay        Time   Description
---------------------------------------------------------------------------------------------
                      0.000000    0.000000    0.000000   clock clk (rise edge)
                                  0.000000    0.000000   clock network delay (ideal)
                                  5.000000    5.000000 ^ input external delay
     1    0.003105    0.015012    0.008085    5.008085 ^ inputs[31] (in)
                                                         inputs[31] (net)
                      0.015014    0.000000    5.008085 ^ input25/A (sky130_fd_sc_hd__clkbuf_1)
     1    0.005107    0.051314    0.061456    5.069541 ^ input25/X (sky130_fd_sc_hd__clkbuf_1)
                                                         net25 (net)
                      0.051318    0.000379    5.069921 ^ _092_/A (sky130_fd_sc_hd__xnor2_1)
     1    0.005720    0.034982    0.052234    5.122154 v _092_/Y (sky130_fd_sc_hd__xnor2_1)
                                                         _007_ (net)
                      0.034986    0.000413    5.122567 v _093_/B (sky130_fd_sc_hd__xnor2_1)
     1    0.005620    0.057648    0.116308    5.238875 ^ _093_/Y (sky130_fd_sc_hd__xnor2_1)
                                                         _008_ (net)
                      0.057650    0.000417    5.239292 ^ _094_/B (sky130_fd_sc_hd__xnor2_1)
     1    0.006441    0.037401    0.050976    5.290267 v _094_/Y (sky130_fd_sc_hd__xnor2_1)
                                                         _009_ (net)
                      0.037427    0.000514    5.290782 v _095_/B (sky130_fd_sc_hd__xnor2_1)
     1    0.005605    0.057590    0.116980    5.407762 ^ _095_/Y (sky130_fd_sc_hd__xnor2_1)
                                                         _010_ (net)
                      0.057592    0.000419    5.408180 ^ _096_/B (sky130_fd_sc_hd__xnor2_1)
     1    0.002306    0.021775    0.035383    5.443563 v _096_/Y (sky130_fd_sc_hd__xnor2_1)
                                                         net57 (net)
                      0.021781    0.000152    5.443716 v output57/A (sky130_fd_sc_hd__buf_2)
     1    0.033945    0.062294    0.112898    5.556613 v output57/X (sky130_fd_sc_hd__buf_2)
                                                         outputs[31] (net)
                      0.062344    0.001597    5.558210 v outputs[31] (out)
                                              5.558210   data arrival time

                      0.000000    0.000000    0.000000   clock clk (rise edge)
                                  0.000000    0.000000   clock network delay (ideal)
                                  0.250000    0.250000   clock uncertainty
                                  0.000000    0.250000   clock reconvergence pessimism
                                 -5.000000   -4.750000   output external delay
                                             -4.750000   data required time
---------------------------------------------------------------------------------------------
                                             -4.750000   data required time
                                             -5.558210   data arrival time
---------------------------------------------------------------------------------------------
                                             10.308209   slack (MET)



