[WARNING ORD-0039] .openroad ignored with -python
                                Cells by Master                                 
┏━━━━━━━━━━━━━━━━━━━━━━━━━━━━━━━━━━━━━━━━━━━━━━━━━━━━━━━━━━━━━━━━┳━━━━━━━━━━━━━┓
┃ Cell                                                           ┃ Count       ┃
┡━━━━━━━━━━━━━━━━━━━━━━━━━━━━━━━━━━━━━━━━━━━━━━━━━━━━━━━━━━━━━━━━╇━━━━━━━━━━━━━┩
│ sky130_ef_sc_hd__decap_12                                      │ 41          │
│ sky130_fd_sc_hd__buf_1                                         │ 11          │
│ sky130_fd_sc_hd__buf_2                                         │ 34          │
│ sky130_fd_sc_hd__buf_4                                         │ 1           │
│ sky130_fd_sc_hd__clkbuf_1                                      │ 10          │
│ sky130_fd_sc_hd__clkbuf_2                                      │ 6           │
│ sky130_fd_sc_hd__clkbuf_4                                      │ 1           │
│ sky130_fd_sc_hd__decap_3                                       │ 51          │
│ sky130_fd_sc_hd__decap_4                                       │ 14          │
│ sky130_fd_sc_hd__decap_6                                       │ 22          │
│ sky130_fd_sc_hd__decap_8                                       │ 14          │
│ sky130_fd_sc_hd__dlymetal6s2s_1                                │ 2           │
│ sky130_fd_sc_hd__fill_1                                        │ 40          │
│ sky130_fd_sc_hd__fill_2                                        │ 18          │
│ sky130_fd_sc_hd__tapvpwrvgnd_1                                 │ 30          │
│ sky130_fd_sc_hd__xnor2_1                                       │ 42          │
│ sky130_fd_sc_hd__xnor2_2                                       │ 7           │
│ sky130_fd_sc_hd__xnor2_4                                       │ 1           │
│ sky130_fd_sc_hd__xor2_1                                        │ 22          │
│ sky130_fd_sc_hd__xor2_2                                        │ 5           │
│ sky130_fd_sc_hd__xor2_4                                        │ 3           │
└────────────────────────────────────────────────────────────────┴─────────────┘
                               Cells by Function                                
┏━━━━━━━━━━━━━━━━━━━━━━━━━━━━━━━━━━━━━━━━━━━━━━━━━━━━━━━━━━━━━━━┳━━━━━━━━━━━━━━┓
┃ Cell Function                                                 ┃ Count        ┃
┡━━━━━━━━━━━━━━━━━━━━━━━━━━━━━━━━━━━━━━━━━━━━━━━━━━━━━━━━━━━━━━━╇━━━━━━━━━━━━━━┩
│ sky130_ef_sc_hd__decap                                        │ 41           │
│ sky130_fd_sc_hd__buf                                          │ 46           │
│ sky130_fd_sc_hd__clkbuf                                       │ 17           │
│ sky130_fd_sc_hd__decap                                        │ 101          │
│ sky130_fd_sc_hd__dlymetal6s2s                                 │ 2            │
│ sky130_fd_sc_hd__fill                                         │ 58           │
│ sky130_fd_sc_hd__tapvpwrvgnd                                  │ 30           │
│ sky130_fd_sc_hd__xnor2                                        │ 50           │
│ sky130_fd_sc_hd__xor2                                         │ 30           │
└───────────────────────────────────────────────────────────────┴──────────────┘
                                  Cells by SCL                                  
┏━━━━━━━━━━━━━━━━━━━━━━━━━━━━━━━━━━━━━━━━━━━━━━━━━━━━━━━┳━━━━━━━━━━━━━━━━━━━━━━┓
┃ SCL                                                   ┃ Count                ┃
┡━━━━━━━━━━━━━━━━━━━━━━━━━━━━━━━━━━━━━━━━━━━━━━━━━━━━━━━╇━━━━━━━━━━━━━━━━━━━━━━┩
│ sky130_ef_sc_hd                                       │ 41                   │
│ sky130_fd_sc_hd                                       │ 334                  │
└───────────────────────────────────────────────────────┴──────────────────────┘
                             Buffers by Cell Master                             
┏━━━━━━━━━━━━━━━━━━━━━━━━━━━━━━━━━━━━━━━━━━━━━━━━━━━━━━━━━━━━━━━━┳━━━━━━━━━━━━━┓
┃ Buffer                                                         ┃ Count       ┃
┡━━━━━━━━━━━━━━━━━━━━━━━━━━━━━━━━━━━━━━━━━━━━━━━━━━━━━━━━━━━━━━━━╇━━━━━━━━━━━━━┩
│ sky130_fd_sc_hd__buf_1                                         │ 11          │
│ sky130_fd_sc_hd__buf_2                                         │ 34          │
│ sky130_fd_sc_hd__buf_4                                         │ 1           │
│ sky130_fd_sc_hd__clkbuf_1                                      │ 10          │
│ sky130_fd_sc_hd__clkbuf_2                                      │ 6           │
│ sky130_fd_sc_hd__clkbuf_4                                      │ 1           │
│ sky130_fd_sc_hd__dlymetal6s2s_1                                │ 2           │
└────────────────────────────────────────────────────────────────┴─────────────┘
