
===========================================================================
report_checks -unconstrained
===========================================================================
======================= min_ss_100C_1v60 Corner ===================================

Startpoint: inputs[0] (input port clocked by clk)
Endpoint: outputs[31] (output port clocked by clk)
Path Group: clk
Path Type: max

Fanout         Cap        Slew       Delay        Time   Description
---------------------------------------------------------------------------------------------
                      0.000000    0.000000    0.000000   clock clk (rise edge)
                                  0.000000    0.000000   clock network delay (ideal)
                                  5.000000    5.000000 ^ input external delay
     1    0.004813    0.045912    0.026410    5.026411 ^ inputs[0] (in)
                                                         inputs[0] (net)
                      0.045913    0.000000    5.026411 ^ input1/A (sky130_fd_sc_hd__buf_4)
     6    0.061372    0.277279    0.350495    5.376905 ^ input1/X (sky130_fd_sc_hd__buf_4)
                                                         net1 (net)
                      0.277284    0.001647    5.378552 ^ _049_/B (sky130_fd_sc_hd__xor2_4)
     5    0.042388    0.510075    0.569466    5.948018 ^ _049_/X (sky130_fd_sc_hd__xor2_4)
                                                         net40 (net)
                      0.510078    0.001023    5.949041 ^ _055_/A (sky130_fd_sc_hd__xnor2_4)
     4    0.021757    0.327290    0.395189    6.344230 ^ _055_/Y (sky130_fd_sc_hd__xnor2_4)
                                                         net45 (net)
                      0.327290    0.000176    6.344406 ^ _057_/A (sky130_fd_sc_hd__xnor2_2)
     3    0.012153    0.325029    0.337796    6.682202 ^ _057_/Y (sky130_fd_sc_hd__xnor2_2)
                                                         net53 (net)
                      0.325029    0.000087    6.682290 ^ _068_/A (sky130_fd_sc_hd__xnor2_1)
     2    0.007228    0.340103    0.336054    7.018343 ^ _068_/Y (sky130_fd_sc_hd__xnor2_1)
                                                         net56 (net)
                      0.340103    0.000059    7.018403 ^ _096_/A (sky130_fd_sc_hd__xnor2_1)
     1    0.002247    0.174414    0.283368    7.301770 ^ _096_/Y (sky130_fd_sc_hd__xnor2_1)
                                                         net57 (net)
                      0.174414    0.000021    7.301791 ^ output57/A (sky130_fd_sc_hd__buf_2)
     1    0.033894    0.269453    0.390741    7.692532 ^ output57/X (sky130_fd_sc_hd__buf_2)
                                                         outputs[31] (net)
                      0.269453    0.000172    7.692705 ^ outputs[31] (out)
                                              7.692705   data arrival time

                      0.000000   25.000000   25.000000   clock clk (rise edge)
                                  0.000000   25.000000   clock network delay (ideal)
                                 -0.250000   24.750000   clock uncertainty
                                  0.000000   24.750000   clock reconvergence pessimism
                                 -5.000000   19.750000   output external delay
                                             19.750000   data required time
---------------------------------------------------------------------------------------------
                                             19.750000   data required time
                                             -7.692705   data arrival time
---------------------------------------------------------------------------------------------
                                             12.057295   slack (MET)




===========================================================================
report_checks --slack_max -0.01
============================================================================
======================= min_ss_100C_1v60 Corner ===================================

No paths found.


===========================================================================
 report_check_types -max_slew -max_cap -max_fanout -violators
============================================================================
======================= min_ss_100C_1v60 Corner ===================================



===========================================================================
report_parasitic_annotation -report_unannotated
============================================================================
Found 0 unannotated drivers.
Found 0 partially unannotated drivers.

===========================================================================
max slew violation count 0
max fanout violation count 0
max cap violation count 0
============================================================================

===========================================================================
check_setup -verbose -unconstrained_endpoints -multiple_clock -no_clock -no_input_delay -loops -generated_clocks
===========================================================================
