
===========================================================================
report_checks -path_delay max (Setup)
============================================================================
======================= min_ss_100C_1v60 Corner ===================================

Startpoint: inputs[0] (input port clocked by clk)
Endpoint: outputs[31] (output port clocked by clk)
Path Group: clk
Path Type: max

Fanout         Cap        Slew       Delay        Time   Description
---------------------------------------------------------------------------------------------
                      0.000000    0.000000    0.000000   clock clk (rise edge)
                                  0.000000    0.000000   clock network delay (ideal)
                                  5.000000    5.000000 ^ input external delay
     1    0.004813    0.045912    0.026410    5.026411 ^ inputs[0] (in)
                                                         inputs[0] (net)
                      0.045913    0.000000    5.026411 ^ input1/A (sky130_fd_sc_hd__buf_4)
     6    0.061372    0.277279    0.350495    5.376905 ^ input1/X (sky130_fd_sc_hd__buf_4)
                                                         net1 (net)
                      0.277284    0.001647    5.378552 ^ _049_/B (sky130_fd_sc_hd__xor2_4)
     5    0.042388    0.510075    0.569466    5.948018 ^ _049_/X (sky130_fd_sc_hd__xor2_4)
                                                         net40 (net)
                      0.510078    0.001023    5.949041 ^ _055_/A (sky130_fd_sc_hd__xnor2_4)
     4    0.021757    0.327290    0.395189    6.344230 ^ _055_/Y (sky130_fd_sc_hd__xnor2_4)
                                                         net45 (net)
                      0.327290    0.000176    6.344406 ^ _057_/A (sky130_fd_sc_hd__xnor2_2)
     3    0.012153    0.325029    0.337796    6.682202 ^ _057_/Y (sky130_fd_sc_hd__xnor2_2)
                                                         net53 (net)
                      0.325029    0.000087    6.682290 ^ _068_/A (sky130_fd_sc_hd__xnor2_1)
     2    0.007228    0.340103    0.336054    7.018343 ^ _068_/Y (sky130_fd_sc_hd__xnor2_1)
                                                         net56 (net)
                      0.340103    0.000059    7.018403 ^ _096_/A (sky130_fd_sc_hd__xnor2_1)
     1    0.002247    0.174414    0.283368    7.301770 ^ _096_/Y (sky130_fd_sc_hd__xnor2_1)
                                                         net57 (net)
                      0.174414    0.000021    7.301791 ^ output57/A (sky130_fd_sc_hd__buf_2)
     1    0.033894    0.269453    0.390741    7.692532 ^ output57/X (sky130_fd_sc_hd__buf_2)
                                                         outputs[31] (net)
                      0.269453    0.000172    7.692705 ^ outputs[31] (out)
                                              7.692705   data arrival time

                      0.000000   25.000000   25.000000   clock clk (rise edge)
                                  0.000000   25.000000   clock network delay (ideal)
                                 -0.250000   24.750000   clock uncertainty
                                  0.000000   24.750000   clock reconvergence pessimism
                                 -5.000000   19.750000   output external delay
                                             19.750000   data required time
---------------------------------------------------------------------------------------------
                                             19.750000   data required time
                                             -7.692705   data arrival time
---------------------------------------------------------------------------------------------
                                             12.057295   slack (MET)


Startpoint: inputs[0] (input port clocked by clk)
Endpoint: outputs[27] (output port clocked by clk)
Path Group: clk
Path Type: max

Fanout         Cap        Slew       Delay        Time   Description
---------------------------------------------------------------------------------------------
                      0.000000    0.000000    0.000000   clock clk (rise edge)
                                  0.000000    0.000000   clock network delay (ideal)
                                  5.000000    5.000000 ^ input external delay
     1    0.004813    0.045912    0.026410    5.026411 ^ inputs[0] (in)
                                                         inputs[0] (net)
                      0.045913    0.000000    5.026411 ^ input1/A (sky130_fd_sc_hd__buf_4)
     6    0.061372    0.277279    0.350495    5.376905 ^ input1/X (sky130_fd_sc_hd__buf_4)
                                                         net1 (net)
                      0.277284    0.001647    5.378552 ^ _049_/B (sky130_fd_sc_hd__xor2_4)
     5    0.042388    0.510075    0.569466    5.948018 ^ _049_/X (sky130_fd_sc_hd__xor2_4)
                                                         net40 (net)
                      0.510075    0.000359    5.948377 ^ _051_/A (sky130_fd_sc_hd__xor2_2)
     3    0.016197    0.360097    0.509345    6.457723 ^ _051_/X (sky130_fd_sc_hd__xor2_2)
                                                         net49 (net)
                      0.360097    0.000373    6.458096 ^ _069_/A (sky130_fd_sc_hd__xnor2_1)
     2    0.007637    0.353719    0.351172    6.809268 ^ _069_/Y (sky130_fd_sc_hd__xnor2_1)
                                                         net51 (net)
                      0.353719    0.000073    6.809341 ^ _100_/A (sky130_fd_sc_hd__xnor2_1)
     1    0.002477    0.182004    0.290324    7.099665 ^ _100_/Y (sky130_fd_sc_hd__xnor2_1)
                                                         net52 (net)
                      0.182004    0.000027    7.099692 ^ output52/A (sky130_fd_sc_hd__buf_2)
     1    0.033928    0.269725    0.394479    7.494171 ^ output52/X (sky130_fd_sc_hd__buf_2)
                                                         outputs[27] (net)
                      0.269725    0.000181    7.494352 ^ outputs[27] (out)
                                              7.494352   data arrival time

                      0.000000   25.000000   25.000000   clock clk (rise edge)
                                  0.000000   25.000000   clock network delay (ideal)
                                 -0.250000   24.750000   clock uncertainty
                                  0.000000   24.750000   clock reconvergence pessimism
                                 -5.000000   19.750000   output external delay
                                             19.750000   data required time
---------------------------------------------------------------------------------------------
                                             19.750000   data required time
                                             -7.494352   data arrival time
---------------------------------------------------------------------------------------------
                                             12.255648   slack (MET)


Startpoint: inputs[0] (input port clocked by clk)
Endpoint: outputs[30] (output port clocked by clk)
Path Group: clk
Path Type: max

Fanout         Cap        Slew       Delay        Time   Description
---------------------------------------------------------------------------------------------
                      0.000000    0.000000    0.000000   clock clk (rise edge)
                                  0.000000    0.000000   clock network delay (ideal)
                                  5.000000    5.000000 ^ input external delay
     1    0.004813    0.045912    0.026410    5.026411 ^ inputs[0] (in)
                                                         inputs[0] (net)
                      0.045913    0.000000    5.026411 ^ input1/A (sky130_fd_sc_hd__buf_4)
     6    0.061372    0.277279    0.350495    5.376905 ^ input1/X (sky130_fd_sc_hd__buf_4)
                                                         net1 (net)
                      0.277284    0.001647    5.378552 ^ _049_/B (sky130_fd_sc_hd__xor2_4)
     5    0.042388    0.510075    0.569466    5.948018 ^ _049_/X (sky130_fd_sc_hd__xor2_4)
                                                         net40 (net)
                      0.510078    0.001023    5.949041 ^ _055_/A (sky130_fd_sc_hd__xnor2_4)
     4    0.021757    0.327290    0.395189    6.344230 ^ _055_/Y (sky130_fd_sc_hd__xnor2_4)
                                                         net45 (net)
                      0.327290    0.000176    6.344406 ^ _057_/A (sky130_fd_sc_hd__xnor2_2)
     3    0.012153    0.325029    0.337796    6.682202 ^ _057_/Y (sky130_fd_sc_hd__xnor2_2)
                                                         net53 (net)
                      0.325029    0.000087    6.682290 ^ _068_/A (sky130_fd_sc_hd__xnor2_1)
     2    0.007228    0.340103    0.336054    7.018343 ^ _068_/Y (sky130_fd_sc_hd__xnor2_1)
                                                         net56 (net)
                      0.340103    0.000073    7.018417 ^ output56/A (sky130_fd_sc_hd__buf_2)
     1    0.034005    0.270929    0.459609    7.478025 ^ output56/X (sky130_fd_sc_hd__buf_2)
                                                         outputs[30] (net)
                      0.270929    0.000199    7.478224 ^ outputs[30] (out)
                                              7.478224   data arrival time

                      0.000000   25.000000   25.000000   clock clk (rise edge)
                                  0.000000   25.000000   clock network delay (ideal)
                                 -0.250000   24.750000   clock uncertainty
                                  0.000000   24.750000   clock reconvergence pessimism
                                 -5.000000   19.750000   output external delay
                                             19.750000   data required time
---------------------------------------------------------------------------------------------
                                             19.750000   data required time
                                             -7.478224   data arrival time
---------------------------------------------------------------------------------------------
                                             12.271775   slack (MET)


Startpoint: inputs[2] (input port clocked by clk)
Endpoint: outputs[15] (output port clocked by clk)
Path Group: clk
Path Type: max

Fanout         Cap        Slew       Delay        Time   Description
---------------------------------------------------------------------------------------------
                      0.000000    0.000000    0.000000   clock clk (rise edge)
                                  0.000000    0.000000   clock network delay (ideal)
                                  5.000000    5.000000 v input external delay
     1    0.002775    0.018365    0.009142    5.009142 v inputs[2] (in)
                                                         inputs[2] (net)
                      0.018365    0.000000    5.009142 v input23/A (sky130_fd_sc_hd__buf_2)
     4    0.028429    0.142916    0.302729    5.311872 v input23/X (sky130_fd_sc_hd__buf_2)
                                                         net23 (net)
                      0.142916    0.000443    5.312315 v _073_/A (sky130_fd_sc_hd__xnor2_1)
     1    0.012213    0.491972    0.507270    5.819584 ^ _073_/Y (sky130_fd_sc_hd__xnor2_1)
                                                         _041_ (net)
                      0.491972    0.000315    5.819900 ^ _074_/B (sky130_fd_sc_hd__xnor2_2)
     3    0.015868    0.378613    0.399495    6.219395 ^ _074_/Y (sky130_fd_sc_hd__xnor2_2)
                                                         net34 (net)
                      0.378613    0.000132    6.219527 ^ _077_/A (sky130_fd_sc_hd__xor2_1)
     2    0.010024    0.390319    0.495693    6.715220 ^ _077_/X (sky130_fd_sc_hd__xor2_1)
                                                         net38 (net)
                      0.390319    0.000227    6.715447 ^ _116_/A (sky130_fd_sc_hd__xnor2_1)
     1    0.002273    0.175269    0.298580    7.014028 ^ _116_/Y (sky130_fd_sc_hd__xnor2_1)
                                                         net39 (net)
                      0.175269    0.000022    7.014050 ^ output39/A (sky130_fd_sc_hd__buf_2)
     1    0.034499    0.274002    0.394191    7.408240 ^ output39/X (sky130_fd_sc_hd__buf_2)
                                                         outputs[15] (net)
                      0.274002    0.000410    7.408650 ^ outputs[15] (out)
                                              7.408650   data arrival time

                      0.000000   25.000000   25.000000   clock clk (rise edge)
                                  0.000000   25.000000   clock network delay (ideal)
                                 -0.250000   24.750000   clock uncertainty
                                  0.000000   24.750000   clock reconvergence pessimism
                                 -5.000000   19.750000   output external delay
                                             19.750000   data required time
---------------------------------------------------------------------------------------------
                                             19.750000   data required time
                                             -7.408650   data arrival time
---------------------------------------------------------------------------------------------
                                             12.341350   slack (MET)


Startpoint: inputs[1] (input port clocked by clk)
Endpoint: outputs[29] (output port clocked by clk)
Path Group: clk
Path Type: max

Fanout         Cap        Slew       Delay        Time   Description
---------------------------------------------------------------------------------------------
                      0.000000    0.000000    0.000000   clock clk (rise edge)
                                  0.000000    0.000000   clock network delay (ideal)
                                  5.000000    5.000000 ^ input external delay
     1    0.003105    0.034272    0.017379    5.017380 ^ inputs[1] (in)
                                                         inputs[1] (net)
                      0.034272    0.000000    5.017380 ^ input12/A (sky130_fd_sc_hd__clkbuf_4)
     5    0.043197    0.218142    0.341305    5.358685 ^ input12/X (sky130_fd_sc_hd__clkbuf_4)
                                                         net12 (net)
                      0.218142    0.000253    5.358938 ^ _081_/B (sky130_fd_sc_hd__xor2_4)
     4    0.024238    0.335368    0.423298    5.782236 ^ _081_/X (sky130_fd_sc_hd__xor2_4)
                                                         _045_ (net)
                      0.335368    0.000405    5.782641 ^ _083_/A (sky130_fd_sc_hd__xnor2_1)
     2    0.011053    0.221184    0.333341    6.115983 v _083_/Y (sky130_fd_sc_hd__xnor2_1)
                                                         _047_ (net)
                      0.221184    0.000147    6.116129 v _087_/A (sky130_fd_sc_hd__xnor2_1)
     2    0.012166    0.503961    0.540605    6.656734 ^ _087_/Y (sky130_fd_sc_hd__xnor2_1)
                                                         _002_ (net)
                      0.503961    0.000218    6.656952 ^ _097_/B (sky130_fd_sc_hd__xor2_1)
     1    0.002159    0.167301    0.359143    7.016096 ^ _097_/X (sky130_fd_sc_hd__xor2_1)
                                                         net54 (net)
                      0.167301    0.000019    7.016115 ^ output54/A (sky130_fd_sc_hd__buf_2)
     1    0.034108    0.271031    0.388529    7.404644 ^ output54/X (sky130_fd_sc_hd__buf_2)
                                                         outputs[29] (net)
                      0.271031    0.000189    7.404833 ^ outputs[29] (out)
                                              7.404833   data arrival time

                      0.000000   25.000000   25.000000   clock clk (rise edge)
                                  0.000000   25.000000   clock network delay (ideal)
                                 -0.250000   24.750000   clock uncertainty
                                  0.000000   24.750000   clock reconvergence pessimism
                                 -5.000000   19.750000   output external delay
                                             19.750000   data required time
---------------------------------------------------------------------------------------------
                                             19.750000   data required time
                                             -7.404833   data arrival time
---------------------------------------------------------------------------------------------
                                             12.345167   slack (MET)


Startpoint: inputs[0] (input port clocked by clk)
Endpoint: outputs[23] (output port clocked by clk)
Path Group: clk
Path Type: max

Fanout         Cap        Slew       Delay        Time   Description
---------------------------------------------------------------------------------------------
                      0.000000    0.000000    0.000000   clock clk (rise edge)
                                  0.000000    0.000000   clock network delay (ideal)
                                  5.000000    5.000000 ^ input external delay
     1    0.004813    0.045912    0.026410    5.026411 ^ inputs[0] (in)
                                                         inputs[0] (net)
                      0.045913    0.000000    5.026411 ^ input1/A (sky130_fd_sc_hd__buf_4)
     6    0.061372    0.277279    0.350495    5.376905 ^ input1/X (sky130_fd_sc_hd__buf_4)
                                                         net1 (net)
                      0.277284    0.001647    5.378552 ^ _049_/B (sky130_fd_sc_hd__xor2_4)
     5    0.042388    0.510075    0.569466    5.948018 ^ _049_/X (sky130_fd_sc_hd__xor2_4)
                                                         net40 (net)
                      0.510078    0.001023    5.949041 ^ _055_/A (sky130_fd_sc_hd__xnor2_4)
     4    0.020432    0.172088    0.327651    6.276692 v _055_/Y (sky130_fd_sc_hd__xnor2_4)
                                                         net45 (net)
                      0.172088    0.000099    6.276791 v _102_/A (sky130_fd_sc_hd__xnor2_1)
     2    0.008194    0.372222    0.420366    6.697156 ^ _102_/Y (sky130_fd_sc_hd__xnor2_1)
                                                         net46 (net)
                      0.372222    0.000111    6.697268 ^ _105_/A (sky130_fd_sc_hd__xnor2_1)
     1    0.002587    0.185645    0.297214    6.994482 ^ _105_/Y (sky130_fd_sc_hd__xnor2_1)
                                                         net48 (net)
                      0.185645    0.000029    6.994511 ^ output48/A (sky130_fd_sc_hd__buf_2)
     1    0.034208    0.271825    0.397608    7.392119 ^ output48/X (sky130_fd_sc_hd__buf_2)
                                                         outputs[23] (net)
                      0.271825    0.000268    7.392387 ^ outputs[23] (out)
                                              7.392387   data arrival time

                      0.000000   25.000000   25.000000   clock clk (rise edge)
                                  0.000000   25.000000   clock network delay (ideal)
                                 -0.250000   24.750000   clock uncertainty
                                  0.000000   24.750000   clock reconvergence pessimism
                                 -5.000000   19.750000   output external delay
                                             19.750000   data required time
---------------------------------------------------------------------------------------------
                                             19.750000   data required time
                                             -7.392387   data arrival time
---------------------------------------------------------------------------------------------
                                             12.357613   slack (MET)


Startpoint: inputs[0] (input port clocked by clk)
Endpoint: outputs[26] (output port clocked by clk)
Path Group: clk
Path Type: max

Fanout         Cap        Slew       Delay        Time   Description
---------------------------------------------------------------------------------------------
                      0.000000    0.000000    0.000000   clock clk (rise edge)
                                  0.000000    0.000000   clock network delay (ideal)
                                  5.000000    5.000000 ^ input external delay
     1    0.004813    0.045912    0.026410    5.026411 ^ inputs[0] (in)
                                                         inputs[0] (net)
                      0.045913    0.000000    5.026411 ^ input1/A (sky130_fd_sc_hd__buf_4)
     6    0.061372    0.277279    0.350495    5.376905 ^ input1/X (sky130_fd_sc_hd__buf_4)
                                                         net1 (net)
                      0.277284    0.001647    5.378552 ^ _049_/B (sky130_fd_sc_hd__xor2_4)
     5    0.042388    0.510075    0.569466    5.948018 ^ _049_/X (sky130_fd_sc_hd__xor2_4)
                                                         net40 (net)
                      0.510075    0.000359    5.948377 ^ _051_/A (sky130_fd_sc_hd__xor2_2)
     3    0.016197    0.360097    0.509345    6.457723 ^ _051_/X (sky130_fd_sc_hd__xor2_2)
                                                         net49 (net)
                      0.360097    0.000373    6.458096 ^ _069_/A (sky130_fd_sc_hd__xnor2_1)
     2    0.007637    0.353719    0.351172    6.809268 ^ _069_/Y (sky130_fd_sc_hd__xnor2_1)
                                                         net51 (net)
                      0.353719    0.000088    6.809355 ^ output51/A (sky130_fd_sc_hd__buf_2)
     1    0.034051    0.271336    0.465121    7.274477 ^ output51/X (sky130_fd_sc_hd__buf_2)
                                                         outputs[26] (net)
                      0.271336    0.000221    7.274697 ^ outputs[26] (out)
                                              7.274697   data arrival time

                      0.000000   25.000000   25.000000   clock clk (rise edge)
                                  0.000000   25.000000   clock network delay (ideal)
                                 -0.250000   24.750000   clock uncertainty
                                  0.000000   24.750000   clock reconvergence pessimism
                                 -5.000000   19.750000   output external delay
                                             19.750000   data required time
---------------------------------------------------------------------------------------------
                                             19.750000   data required time
                                             -7.274697   data arrival time
---------------------------------------------------------------------------------------------
                                             12.475302   slack (MET)


Startpoint: inputs[2] (input port clocked by clk)
Endpoint: outputs[14] (output port clocked by clk)
Path Group: clk
Path Type: max

Fanout         Cap        Slew       Delay        Time   Description
---------------------------------------------------------------------------------------------
                      0.000000    0.000000    0.000000   clock clk (rise edge)
                                  0.000000    0.000000   clock network delay (ideal)
                                  5.000000    5.000000 v input external delay
     1    0.002775    0.018365    0.009142    5.009142 v inputs[2] (in)
                                                         inputs[2] (net)
                      0.018365    0.000000    5.009142 v input23/A (sky130_fd_sc_hd__buf_2)
     4    0.028429    0.142916    0.302729    5.311872 v input23/X (sky130_fd_sc_hd__buf_2)
                                                         net23 (net)
                      0.142916    0.000443    5.312315 v _073_/A (sky130_fd_sc_hd__xnor2_1)
     1    0.012213    0.491972    0.507270    5.819584 ^ _073_/Y (sky130_fd_sc_hd__xnor2_1)
                                                         _041_ (net)
                      0.491972    0.000315    5.819900 ^ _074_/B (sky130_fd_sc_hd__xnor2_2)
     3    0.015868    0.378613    0.399495    6.219395 ^ _074_/Y (sky130_fd_sc_hd__xnor2_2)
                                                         net34 (net)
                      0.378613    0.000132    6.219527 ^ _077_/A (sky130_fd_sc_hd__xor2_1)
     2    0.010024    0.390319    0.495693    6.715220 ^ _077_/X (sky130_fd_sc_hd__xor2_1)
                                                         net38 (net)
                      0.390319    0.000251    6.715471 ^ output38/A (sky130_fd_sc_hd__buf_2)
     1    0.034490    0.274791    0.481527    7.196999 ^ output38/X (sky130_fd_sc_hd__buf_2)
                                                         outputs[14] (net)
                      0.274791    0.000409    7.197408 ^ outputs[14] (out)
                                              7.197408   data arrival time

                      0.000000   25.000000   25.000000   clock clk (rise edge)
                                  0.000000   25.000000   clock network delay (ideal)
                                 -0.250000   24.750000   clock uncertainty
                                  0.000000   24.750000   clock reconvergence pessimism
                                 -5.000000   19.750000   output external delay
                                             19.750000   data required time
---------------------------------------------------------------------------------------------
                                             19.750000   data required time
                                             -7.197408   data arrival time
---------------------------------------------------------------------------------------------
                                             12.552591   slack (MET)


Startpoint: inputs[0] (input port clocked by clk)
Endpoint: outputs[25] (output port clocked by clk)
Path Group: clk
Path Type: max

Fanout         Cap        Slew       Delay        Time   Description
---------------------------------------------------------------------------------------------
                      0.000000    0.000000    0.000000   clock clk (rise edge)
                                  0.000000    0.000000   clock network delay (ideal)
                                  5.000000    5.000000 ^ input external delay
     1    0.004813    0.045912    0.026410    5.026411 ^ inputs[0] (in)
                                                         inputs[0] (net)
                      0.045913    0.000000    5.026411 ^ input1/A (sky130_fd_sc_hd__buf_4)
     6    0.061372    0.277279    0.350495    5.376905 ^ input1/X (sky130_fd_sc_hd__buf_4)
                                                         net1 (net)
                      0.277284    0.001647    5.378552 ^ _049_/B (sky130_fd_sc_hd__xor2_4)
     5    0.042388    0.510075    0.569466    5.948018 ^ _049_/X (sky130_fd_sc_hd__xor2_4)
                                                         net40 (net)
                      0.510075    0.000359    5.948377 ^ _051_/A (sky130_fd_sc_hd__xor2_2)
     3    0.016197    0.360097    0.509345    6.457723 ^ _051_/X (sky130_fd_sc_hd__xor2_2)
                                                         net49 (net)
                      0.360097    0.000446    6.458169 ^ _101_/A (sky130_fd_sc_hd__xor2_1)
     1    0.002585    0.180272    0.324286    6.782455 ^ _101_/X (sky130_fd_sc_hd__xor2_1)
                                                         net50 (net)
                      0.180272    0.000029    6.782484 ^ output50/A (sky130_fd_sc_hd__buf_2)
     1    0.033925    0.269695    0.393635    7.176119 ^ output50/X (sky130_fd_sc_hd__buf_2)
                                                         outputs[25] (net)
                      0.269695    0.000195    7.176314 ^ outputs[25] (out)
                                              7.176314   data arrival time

                      0.000000   25.000000   25.000000   clock clk (rise edge)
                                  0.000000   25.000000   clock network delay (ideal)
                                 -0.250000   24.750000   clock uncertainty
                                  0.000000   24.750000   clock reconvergence pessimism
                                 -5.000000   19.750000   output external delay
                                             19.750000   data required time
---------------------------------------------------------------------------------------------
                                             19.750000   data required time
                                             -7.176314   data arrival time
---------------------------------------------------------------------------------------------
                                             12.573685   slack (MET)


Startpoint: inputs[0] (input port clocked by clk)
Endpoint: outputs[21] (output port clocked by clk)
Path Group: clk
Path Type: max

Fanout         Cap        Slew       Delay        Time   Description
---------------------------------------------------------------------------------------------
                      0.000000    0.000000    0.000000   clock clk (rise edge)
                                  0.000000    0.000000   clock network delay (ideal)
                                  5.000000    5.000000 ^ input external delay
     1    0.004813    0.045912    0.026410    5.026411 ^ inputs[0] (in)
                                                         inputs[0] (net)
                      0.045913    0.000000    5.026411 ^ input1/A (sky130_fd_sc_hd__buf_4)
     6    0.061372    0.277279    0.350495    5.376905 ^ input1/X (sky130_fd_sc_hd__buf_4)
                                                         net1 (net)
                      0.277284    0.001647    5.378552 ^ _049_/B (sky130_fd_sc_hd__xor2_4)
     5    0.042388    0.510075    0.569466    5.948018 ^ _049_/X (sky130_fd_sc_hd__xor2_4)
                                                         net40 (net)
                      0.510078    0.001023    5.949041 ^ _055_/A (sky130_fd_sc_hd__xnor2_4)
     4    0.020432    0.172088    0.327651    6.276692 v _055_/Y (sky130_fd_sc_hd__xnor2_4)
                                                         net45 (net)
                      0.172088    0.000099    6.276791 v _102_/A (sky130_fd_sc_hd__xnor2_1)
     2    0.008194    0.372222    0.420366    6.697156 ^ _102_/Y (sky130_fd_sc_hd__xnor2_1)
                                                         net46 (net)
                      0.372222    0.000107    6.697264 ^ output46/A (sky130_fd_sc_hd__buf_2)
     1    0.034256    0.272965    0.473306    7.170570 ^ output46/X (sky130_fd_sc_hd__buf_2)
                                                         outputs[21] (net)
                      0.272965    0.000345    7.170914 ^ outputs[21] (out)
                                              7.170914   data arrival time

                      0.000000   25.000000   25.000000   clock clk (rise edge)
                                  0.000000   25.000000   clock network delay (ideal)
                                 -0.250000   24.750000   clock uncertainty
                                  0.000000   24.750000   clock reconvergence pessimism
                                 -5.000000   19.750000   output external delay
                                             19.750000   data required time
---------------------------------------------------------------------------------------------
                                             19.750000   data required time
                                             -7.170914   data arrival time
---------------------------------------------------------------------------------------------
                                             12.579084   slack (MET)


Startpoint: inputs[0] (input port clocked by clk)
Endpoint: outputs[28] (output port clocked by clk)
Path Group: clk
Path Type: max

Fanout         Cap        Slew       Delay        Time   Description
---------------------------------------------------------------------------------------------
                      0.000000    0.000000    0.000000   clock clk (rise edge)
                                  0.000000    0.000000   clock network delay (ideal)
                                  5.000000    5.000000 ^ input external delay
     1    0.004813    0.045912    0.026410    5.026411 ^ inputs[0] (in)
                                                         inputs[0] (net)
                      0.045913    0.000000    5.026411 ^ input1/A (sky130_fd_sc_hd__buf_4)
     6    0.061372    0.277279    0.350495    5.376905 ^ input1/X (sky130_fd_sc_hd__buf_4)
                                                         net1 (net)
                      0.277284    0.001647    5.378552 ^ _049_/B (sky130_fd_sc_hd__xor2_4)
     5    0.042388    0.510075    0.569466    5.948018 ^ _049_/X (sky130_fd_sc_hd__xor2_4)
                                                         net40 (net)
                      0.510078    0.001023    5.949041 ^ _055_/A (sky130_fd_sc_hd__xnor2_4)
     4    0.021757    0.327290    0.395189    6.344230 ^ _055_/Y (sky130_fd_sc_hd__xnor2_4)
                                                         net45 (net)
                      0.327290    0.000176    6.344406 ^ _057_/A (sky130_fd_sc_hd__xnor2_2)
     3    0.012153    0.325029    0.337796    6.682202 ^ _057_/Y (sky130_fd_sc_hd__xnor2_2)
                                                         net53 (net)
                      0.325029    0.000073    6.682275 ^ output53/A (sky130_fd_sc_hd__buf_2)
     1    0.033870    0.269848    0.453063    7.135338 ^ output53/X (sky130_fd_sc_hd__buf_2)
                                                         outputs[28] (net)
                      0.269848    0.000163    7.135502 ^ outputs[28] (out)
                                              7.135502   data arrival time

                      0.000000   25.000000   25.000000   clock clk (rise edge)
                                  0.000000   25.000000   clock network delay (ideal)
                                 -0.250000   24.750000   clock uncertainty
                                  0.000000   24.750000   clock reconvergence pessimism
                                 -5.000000   19.750000   output external delay
                                             19.750000   data required time
---------------------------------------------------------------------------------------------
                                             19.750000   data required time
                                             -7.135502   data arrival time
---------------------------------------------------------------------------------------------
                                             12.614498   slack (MET)


Startpoint: inputs[0] (input port clocked by clk)
Endpoint: outputs[19] (output port clocked by clk)
Path Group: clk
Path Type: max

Fanout         Cap        Slew       Delay        Time   Description
---------------------------------------------------------------------------------------------
                      0.000000    0.000000    0.000000   clock clk (rise edge)
                                  0.000000    0.000000   clock network delay (ideal)
                                  5.000000    5.000000 ^ input external delay
     1    0.004813    0.045912    0.026410    5.026411 ^ inputs[0] (in)
                                                         inputs[0] (net)
                      0.045913    0.000000    5.026411 ^ input1/A (sky130_fd_sc_hd__buf_4)
     6    0.061372    0.277279    0.350495    5.376905 ^ input1/X (sky130_fd_sc_hd__buf_4)
                                                         net1 (net)
                      0.277284    0.001647    5.378552 ^ _049_/B (sky130_fd_sc_hd__xor2_4)
     5    0.042388    0.510075    0.569466    5.948018 ^ _049_/X (sky130_fd_sc_hd__xor2_4)
                                                         net40 (net)
                      0.510078    0.000996    5.949014 ^ _072_/A (sky130_fd_sc_hd__xnor2_1)
     2    0.009897    0.428935    0.420986    6.370000 ^ _072_/Y (sky130_fd_sc_hd__xnor2_1)
                                                         net42 (net)
                      0.428935    0.000157    6.370157 ^ _107_/A (sky130_fd_sc_hd__xnor2_1)
     1    0.002889    0.195601    0.317939    6.688096 ^ _107_/Y (sky130_fd_sc_hd__xnor2_1)
                                                         net43 (net)
                      0.195601    0.000027    6.688122 ^ output43/A (sky130_fd_sc_hd__buf_2)
     1    0.033930    0.269761    0.400864    7.088986 ^ output43/X (sky130_fd_sc_hd__buf_2)
                                                         outputs[19] (net)
                      0.269761    0.000181    7.089167 ^ outputs[19] (out)
                                              7.089167   data arrival time

                      0.000000   25.000000   25.000000   clock clk (rise edge)
                                  0.000000   25.000000   clock network delay (ideal)
                                 -0.250000   24.750000   clock uncertainty
                                  0.000000   24.750000   clock reconvergence pessimism
                                 -5.000000   19.750000   output external delay
                                             19.750000   data required time
---------------------------------------------------------------------------------------------
                                             19.750000   data required time
                                             -7.089167   data arrival time
---------------------------------------------------------------------------------------------
                                             12.660832   slack (MET)


Startpoint: inputs[0] (input port clocked by clk)
Endpoint: outputs[22] (output port clocked by clk)
Path Group: clk
Path Type: max

Fanout         Cap        Slew       Delay        Time   Description
---------------------------------------------------------------------------------------------
                      0.000000    0.000000    0.000000   clock clk (rise edge)
                                  0.000000    0.000000   clock network delay (ideal)
                                  5.000000    5.000000 ^ input external delay
     1    0.004813    0.045912    0.026410    5.026411 ^ inputs[0] (in)
                                                         inputs[0] (net)
                      0.045913    0.000000    5.026411 ^ input1/A (sky130_fd_sc_hd__buf_4)
     6    0.061372    0.277279    0.350495    5.376905 ^ input1/X (sky130_fd_sc_hd__buf_4)
                                                         net1 (net)
                      0.277284    0.001647    5.378552 ^ _049_/B (sky130_fd_sc_hd__xor2_4)
     5    0.042388    0.510075    0.569466    5.948018 ^ _049_/X (sky130_fd_sc_hd__xor2_4)
                                                         net40 (net)
                      0.510078    0.001023    5.949041 ^ _055_/A (sky130_fd_sc_hd__xnor2_4)
     4    0.021757    0.327290    0.395189    6.344230 ^ _055_/Y (sky130_fd_sc_hd__xnor2_4)
                                                         net45 (net)
                      0.327290    0.000162    6.344392 ^ _071_/A (sky130_fd_sc_hd__xor2_1)
     1    0.002543    0.178963    0.313953    6.658345 ^ _071_/X (sky130_fd_sc_hd__xor2_1)
                                                         net47 (net)
                      0.178963    0.000026    6.658371 ^ output47/A (sky130_fd_sc_hd__buf_2)
     1    0.034329    0.272735    0.395058    7.053429 ^ output47/X (sky130_fd_sc_hd__buf_2)
                                                         outputs[22] (net)
                      0.272735    0.000357    7.053786 ^ outputs[22] (out)
                                              7.053786   data arrival time

                      0.000000   25.000000   25.000000   clock clk (rise edge)
                                  0.000000   25.000000   clock network delay (ideal)
                                 -0.250000   24.750000   clock uncertainty
                                  0.000000   24.750000   clock reconvergence pessimism
                                 -5.000000   19.750000   output external delay
                                             19.750000   data required time
---------------------------------------------------------------------------------------------
                                             19.750000   data required time
                                             -7.053786   data arrival time
---------------------------------------------------------------------------------------------
                                             12.696214   slack (MET)


Startpoint: inputs[4] (input port clocked by clk)
Endpoint: outputs[13] (output port clocked by clk)
Path Group: clk
Path Type: max

Fanout         Cap        Slew       Delay        Time   Description
---------------------------------------------------------------------------------------------
                      0.000000    0.000000    0.000000   clock clk (rise edge)
                                  0.000000    0.000000   clock network delay (ideal)
                                  5.000000    5.000000 v input external delay
     1    0.003382    0.020705    0.011049    5.011049 v inputs[4] (in)
                                                         inputs[4] (net)
                      0.020705    0.000000    5.011049 v input27/A (sky130_fd_sc_hd__clkbuf_2)
     3    0.022814    0.165938    0.258704    5.269753 v input27/X (sky130_fd_sc_hd__clkbuf_2)
                                                         net27 (net)
                      0.165938    0.000190    5.269942 v _058_/A (sky130_fd_sc_hd__xnor2_1)
     2    0.012876    0.513926    0.533849    5.803792 ^ _058_/Y (sky130_fd_sc_hd__xnor2_1)
                                                         _032_ (net)
                      0.513926    0.000286    5.804077 ^ _059_/B (sky130_fd_sc_hd__xnor2_1)
     2    0.009795    0.425693    0.425592    6.229670 ^ _059_/Y (sky130_fd_sc_hd__xnor2_1)
                                                         net36 (net)
                      0.425693    0.000175    6.229844 ^ _117_/A (sky130_fd_sc_hd__xnor2_1)
     1    0.002971    0.198313    0.318032    6.547876 ^ _117_/Y (sky130_fd_sc_hd__xnor2_1)
                                                         net37 (net)
                      0.198313    0.000033    6.547909 ^ output37/A (sky130_fd_sc_hd__buf_2)
     1    0.034498    0.274035    0.404993    6.952902 ^ output37/X (sky130_fd_sc_hd__buf_2)
                                                         outputs[13] (net)
                      0.274035    0.000410    6.953312 ^ outputs[13] (out)
                                              6.953312   data arrival time

                      0.000000   25.000000   25.000000   clock clk (rise edge)
                                  0.000000   25.000000   clock network delay (ideal)
                                 -0.250000   24.750000   clock uncertainty
                                  0.000000   24.750000   clock reconvergence pessimism
                                 -5.000000   19.750000   output external delay
                                             19.750000   data required time
---------------------------------------------------------------------------------------------
                                             19.750000   data required time
                                             -6.953312   data arrival time
---------------------------------------------------------------------------------------------
                                             12.796688   slack (MET)


Startpoint: inputs[2] (input port clocked by clk)
Endpoint: outputs[11] (output port clocked by clk)
Path Group: clk
Path Type: max

Fanout         Cap        Slew       Delay        Time   Description
---------------------------------------------------------------------------------------------
                      0.000000    0.000000    0.000000   clock clk (rise edge)
                                  0.000000    0.000000   clock network delay (ideal)
                                  5.000000    5.000000 v input external delay
     1    0.002775    0.018365    0.009142    5.009142 v inputs[2] (in)
                                                         inputs[2] (net)
                      0.018365    0.000000    5.009142 v input23/A (sky130_fd_sc_hd__buf_2)
     4    0.028429    0.142916    0.302729    5.311872 v input23/X (sky130_fd_sc_hd__buf_2)
                                                         net23 (net)
                      0.142916    0.000443    5.312315 v _073_/A (sky130_fd_sc_hd__xnor2_1)
     1    0.012213    0.491972    0.507270    5.819584 ^ _073_/Y (sky130_fd_sc_hd__xnor2_1)
                                                         _041_ (net)
                      0.491972    0.000315    5.819900 ^ _074_/B (sky130_fd_sc_hd__xnor2_2)
     3    0.015868    0.378613    0.399495    6.219395 ^ _074_/Y (sky130_fd_sc_hd__xnor2_2)
                                                         net34 (net)
                      0.378613    0.000289    6.219684 ^ _119_/A (sky130_fd_sc_hd__xnor2_1)
     1    0.002869    0.195002    0.302703    6.522387 ^ _119_/Y (sky130_fd_sc_hd__xnor2_1)
                                                         net35 (net)
                      0.195002    0.000032    6.522418 ^ output35/A (sky130_fd_sc_hd__buf_2)
     1    0.034504    0.274077    0.403474    6.925892 ^ output35/X (sky130_fd_sc_hd__buf_2)
                                                         outputs[11] (net)
                      0.274077    0.000410    6.926302 ^ outputs[11] (out)
                                              6.926302   data arrival time

                      0.000000   25.000000   25.000000   clock clk (rise edge)
                                  0.000000   25.000000   clock network delay (ideal)
                                 -0.250000   24.750000   clock uncertainty
                                  0.000000   24.750000   clock reconvergence pessimism
                                 -5.000000   19.750000   output external delay
                                             19.750000   data required time
---------------------------------------------------------------------------------------------
                                             19.750000   data required time
                                             -6.926302   data arrival time
---------------------------------------------------------------------------------------------
                                             12.823697   slack (MET)


Startpoint: inputs[0] (input port clocked by clk)
Endpoint: outputs[24] (output port clocked by clk)
Path Group: clk
Path Type: max

Fanout         Cap        Slew       Delay        Time   Description
---------------------------------------------------------------------------------------------
                      0.000000    0.000000    0.000000   clock clk (rise edge)
                                  0.000000    0.000000   clock network delay (ideal)
                                  5.000000    5.000000 ^ input external delay
     1    0.004813    0.045912    0.026410    5.026411 ^ inputs[0] (in)
                                                         inputs[0] (net)
                      0.045913    0.000000    5.026411 ^ input1/A (sky130_fd_sc_hd__buf_4)
     6    0.061372    0.277279    0.350495    5.376905 ^ input1/X (sky130_fd_sc_hd__buf_4)
                                                         net1 (net)
                      0.277284    0.001647    5.378552 ^ _049_/B (sky130_fd_sc_hd__xor2_4)
     5    0.042388    0.510075    0.569466    5.948018 ^ _049_/X (sky130_fd_sc_hd__xor2_4)
                                                         net40 (net)
                      0.510075    0.000359    5.948377 ^ _051_/A (sky130_fd_sc_hd__xor2_2)
     3    0.016197    0.360097    0.509345    6.457723 ^ _051_/X (sky130_fd_sc_hd__xor2_2)
                                                         net49 (net)
                      0.360097    0.000401    6.458123 ^ output49/A (sky130_fd_sc_hd__buf_2)
     1    0.033867    0.269991    0.466658    6.924781 ^ output49/X (sky130_fd_sc_hd__buf_2)
                                                         outputs[24] (net)
                      0.269991    0.000163    6.924945 ^ outputs[24] (out)
                                              6.924945   data arrival time

                      0.000000   25.000000   25.000000   clock clk (rise edge)
                                  0.000000   25.000000   clock network delay (ideal)
                                 -0.250000   24.750000   clock uncertainty
                                  0.000000   24.750000   clock reconvergence pessimism
                                 -5.000000   19.750000   output external delay
                                             19.750000   data required time
---------------------------------------------------------------------------------------------
                                             19.750000   data required time
                                             -6.924945   data arrival time
---------------------------------------------------------------------------------------------
                                             12.825055   slack (MET)


Startpoint: inputs[0] (input port clocked by clk)
Endpoint: outputs[7] (output port clocked by clk)
Path Group: clk
Path Type: max

Fanout         Cap        Slew       Delay        Time   Description
---------------------------------------------------------------------------------------------
                      0.000000    0.000000    0.000000   clock clk (rise edge)
                                  0.000000    0.000000   clock network delay (ideal)
                                  5.000000    5.000000 ^ input external delay
     1    0.004813    0.045912    0.026410    5.026411 ^ inputs[0] (in)
                                                         inputs[0] (net)
                      0.045913    0.000000    5.026411 ^ input1/A (sky130_fd_sc_hd__buf_4)
     6    0.061372    0.277279    0.350495    5.376905 ^ input1/X (sky130_fd_sc_hd__buf_4)
                                                         net1 (net)
                      0.277282    0.001474    5.378379 ^ _060_/A (sky130_fd_sc_hd__xor2_2)
     3    0.015968    0.356011    0.437889    5.816268 ^ _060_/X (sky130_fd_sc_hd__xor2_2)
                                                         net59 (net)
                      0.356011    0.000279    5.816547 ^ _122_/A (sky130_fd_sc_hd__xnor2_1)
     2    0.007875    0.361667    0.352614    6.169161 ^ _122_/Y (sky130_fd_sc_hd__xnor2_1)
                                                         net60 (net)
                      0.361667    0.000081    6.169242 ^ _125_/A (sky130_fd_sc_hd__xnor2_1)
     1    0.002714    0.189871    0.295687    6.464929 ^ _125_/Y (sky130_fd_sc_hd__xnor2_1)
                                                         net62 (net)
                      0.189871    0.000030    6.464960 ^ output62/A (sky130_fd_sc_hd__buf_2)
     1    0.034457    0.273716    0.400826    6.865786 ^ output62/X (sky130_fd_sc_hd__buf_2)
                                                         outputs[7] (net)
                      0.273716    0.000398    6.866183 ^ outputs[7] (out)
                                              6.866183   data arrival time

                      0.000000   25.000000   25.000000   clock clk (rise edge)
                                  0.000000   25.000000   clock network delay (ideal)
                                 -0.250000   24.750000   clock uncertainty
                                  0.000000   24.750000   clock reconvergence pessimism
                                 -5.000000   19.750000   output external delay
                                             19.750000   data required time
---------------------------------------------------------------------------------------------
                                             19.750000   data required time
                                             -6.866183   data arrival time
---------------------------------------------------------------------------------------------
                                             12.883816   slack (MET)


Startpoint: inputs[0] (input port clocked by clk)
Endpoint: outputs[18] (output port clocked by clk)
Path Group: clk
Path Type: max

Fanout         Cap        Slew       Delay        Time   Description
---------------------------------------------------------------------------------------------
                      0.000000    0.000000    0.000000   clock clk (rise edge)
                                  0.000000    0.000000   clock network delay (ideal)
                                  5.000000    5.000000 ^ input external delay
     1    0.004813    0.045912    0.026410    5.026411 ^ inputs[0] (in)
                                                         inputs[0] (net)
                      0.045913    0.000000    5.026411 ^ input1/A (sky130_fd_sc_hd__buf_4)
     6    0.061372    0.277279    0.350495    5.376905 ^ input1/X (sky130_fd_sc_hd__buf_4)
                                                         net1 (net)
                      0.277284    0.001647    5.378552 ^ _049_/B (sky130_fd_sc_hd__xor2_4)
     5    0.042388    0.510075    0.569466    5.948018 ^ _049_/X (sky130_fd_sc_hd__xor2_4)
                                                         net40 (net)
                      0.510078    0.000996    5.949014 ^ _072_/A (sky130_fd_sc_hd__xnor2_1)
     2    0.009897    0.428935    0.420986    6.370000 ^ _072_/Y (sky130_fd_sc_hd__xnor2_1)
                                                         net42 (net)
                      0.428935    0.000116    6.370116 ^ output42/A (sky130_fd_sc_hd__buf_2)
     1    0.034256    0.273231    0.495320    6.865437 ^ output42/X (sky130_fd_sc_hd__buf_2)
                                                         outputs[18] (net)
                      0.273231    0.000345    6.865781 ^ outputs[18] (out)
                                              6.865781   data arrival time

                      0.000000   25.000000   25.000000   clock clk (rise edge)
                                  0.000000   25.000000   clock network delay (ideal)
                                 -0.250000   24.750000   clock uncertainty
                                  0.000000   24.750000   clock reconvergence pessimism
                                 -5.000000   19.750000   output external delay
                                             19.750000   data required time
---------------------------------------------------------------------------------------------
                                             19.750000   data required time
                                             -6.865781   data arrival time
---------------------------------------------------------------------------------------------
                                             12.884218   slack (MET)


Startpoint: inputs[0] (input port clocked by clk)
Endpoint: outputs[20] (output port clocked by clk)
Path Group: clk
Path Type: max

Fanout         Cap        Slew       Delay        Time   Description
---------------------------------------------------------------------------------------------
                      0.000000    0.000000    0.000000   clock clk (rise edge)
                                  0.000000    0.000000   clock network delay (ideal)
                                  5.000000    5.000000 ^ input external delay
     1    0.004813    0.045912    0.026410    5.026411 ^ inputs[0] (in)
                                                         inputs[0] (net)
                      0.045913    0.000000    5.026411 ^ input1/A (sky130_fd_sc_hd__buf_4)
     6    0.061372    0.277279    0.350495    5.376905 ^ input1/X (sky130_fd_sc_hd__buf_4)
                                                         net1 (net)
                      0.277284    0.001647    5.378552 ^ _049_/B (sky130_fd_sc_hd__xor2_4)
     5    0.042388    0.510075    0.569466    5.948018 ^ _049_/X (sky130_fd_sc_hd__xor2_4)
                                                         net40 (net)
                      0.510078    0.001023    5.949041 ^ _055_/A (sky130_fd_sc_hd__xnor2_4)
     4    0.021757    0.327290    0.395189    6.344230 ^ _055_/Y (sky130_fd_sc_hd__xnor2_4)
                                                         net45 (net)
                      0.327290    0.000134    6.344364 ^ output45/A (sky130_fd_sc_hd__buf_2)
     1    0.034271    0.272868    0.455945    6.800309 ^ output45/X (sky130_fd_sc_hd__buf_2)
                                                         outputs[20] (net)
                      0.272868    0.000345    6.800654 ^ outputs[20] (out)
                                              6.800654   data arrival time

                      0.000000   25.000000   25.000000   clock clk (rise edge)
                                  0.000000   25.000000   clock network delay (ideal)
                                 -0.250000   24.750000   clock uncertainty
                                  0.000000   24.750000   clock reconvergence pessimism
                                 -5.000000   19.750000   output external delay
                                             19.750000   data required time
---------------------------------------------------------------------------------------------
                                             19.750000   data required time
                                             -6.800654   data arrival time
---------------------------------------------------------------------------------------------
                                             12.949345   slack (MET)


Startpoint: inputs[0] (input port clocked by clk)
Endpoint: outputs[17] (output port clocked by clk)
Path Group: clk
Path Type: max

Fanout         Cap        Slew       Delay        Time   Description
---------------------------------------------------------------------------------------------
                      0.000000    0.000000    0.000000   clock clk (rise edge)
                                  0.000000    0.000000   clock network delay (ideal)
                                  5.000000    5.000000 ^ input external delay
     1    0.004813    0.045912    0.026410    5.026411 ^ inputs[0] (in)
                                                         inputs[0] (net)
                      0.045913    0.000000    5.026411 ^ input1/A (sky130_fd_sc_hd__buf_4)
     6    0.061372    0.277279    0.350495    5.376905 ^ input1/X (sky130_fd_sc_hd__buf_4)
                                                         net1 (net)
                      0.277284    0.001647    5.378552 ^ _049_/B (sky130_fd_sc_hd__xor2_4)
     5    0.042388    0.510075    0.569466    5.948018 ^ _049_/X (sky130_fd_sc_hd__xor2_4)
                                                         net40 (net)
                      0.510077    0.000713    5.948731 ^ _108_/A (sky130_fd_sc_hd__xor2_1)
     1    0.004407    0.228663    0.408147    6.356878 ^ _108_/X (sky130_fd_sc_hd__xor2_1)
                                                         net41 (net)
                      0.228663    0.000065    6.356943 ^ output41/A (sky130_fd_sc_hd__buf_2)
     1    0.033926    0.269805    0.415935    6.772878 ^ output41/X (sky130_fd_sc_hd__buf_2)
                                                         outputs[17] (net)
                      0.269805    0.000187    6.773065 ^ outputs[17] (out)
                                              6.773065   data arrival time

                      0.000000   25.000000   25.000000   clock clk (rise edge)
                                  0.000000   25.000000   clock network delay (ideal)
                                 -0.250000   24.750000   clock uncertainty
                                  0.000000   24.750000   clock reconvergence pessimism
                                 -5.000000   19.750000   output external delay
                                             19.750000   data required time
---------------------------------------------------------------------------------------------
                                             19.750000   data required time
                                             -6.773065   data arrival time
---------------------------------------------------------------------------------------------
                                             12.976935   slack (MET)


Startpoint: inputs[4] (input port clocked by clk)
Endpoint: outputs[12] (output port clocked by clk)
Path Group: clk
Path Type: max

Fanout         Cap        Slew       Delay        Time   Description
---------------------------------------------------------------------------------------------
                      0.000000    0.000000    0.000000   clock clk (rise edge)
                                  0.000000    0.000000   clock network delay (ideal)
                                  5.000000    5.000000 v input external delay
     1    0.003382    0.020705    0.011049    5.011049 v inputs[4] (in)
                                                         inputs[4] (net)
                      0.020705    0.000000    5.011049 v input27/A (sky130_fd_sc_hd__clkbuf_2)
     3    0.022814    0.165938    0.258704    5.269753 v input27/X (sky130_fd_sc_hd__clkbuf_2)
                                                         net27 (net)
                      0.165938    0.000190    5.269942 v _058_/A (sky130_fd_sc_hd__xnor2_1)
     2    0.012876    0.513926    0.533849    5.803792 ^ _058_/Y (sky130_fd_sc_hd__xnor2_1)
                                                         _032_ (net)
                      0.513926    0.000286    5.804077 ^ _059_/B (sky130_fd_sc_hd__xnor2_1)
     2    0.009795    0.425693    0.425592    6.229670 ^ _059_/Y (sky130_fd_sc_hd__xnor2_1)
                                                         net36 (net)
                      0.425693    0.000144    6.229813 ^ output36/A (sky130_fd_sc_hd__buf_2)
     1    0.034942    0.278301    0.497625    6.727438 ^ output36/X (sky130_fd_sc_hd__buf_2)
                                                         outputs[12] (net)
                      0.278301    0.000459    6.727897 ^ outputs[12] (out)
                                              6.727897   data arrival time

                      0.000000   25.000000   25.000000   clock clk (rise edge)
                                  0.000000   25.000000   clock network delay (ideal)
                                 -0.250000   24.750000   clock uncertainty
                                  0.000000   24.750000   clock reconvergence pessimism
                                 -5.000000   19.750000   output external delay
                                             19.750000   data required time
---------------------------------------------------------------------------------------------
                                             19.750000   data required time
                                             -6.727897   data arrival time
---------------------------------------------------------------------------------------------
                                             13.022103   slack (MET)


Startpoint: inputs[2] (input port clocked by clk)
Endpoint: outputs[10] (output port clocked by clk)
Path Group: clk
Path Type: max

Fanout         Cap        Slew       Delay        Time   Description
---------------------------------------------------------------------------------------------
                      0.000000    0.000000    0.000000   clock clk (rise edge)
                                  0.000000    0.000000   clock network delay (ideal)
                                  5.000000    5.000000 v input external delay
     1    0.002775    0.018365    0.009142    5.009142 v inputs[2] (in)
                                                         inputs[2] (net)
                      0.018365    0.000000    5.009142 v input23/A (sky130_fd_sc_hd__buf_2)
     4    0.028429    0.142916    0.302729    5.311872 v input23/X (sky130_fd_sc_hd__buf_2)
                                                         net23 (net)
                      0.142916    0.000443    5.312315 v _073_/A (sky130_fd_sc_hd__xnor2_1)
     1    0.012213    0.491972    0.507270    5.819584 ^ _073_/Y (sky130_fd_sc_hd__xnor2_1)
                                                         _041_ (net)
                      0.491972    0.000315    5.819900 ^ _074_/B (sky130_fd_sc_hd__xnor2_2)
     3    0.015868    0.378613    0.399495    6.219395 ^ _074_/Y (sky130_fd_sc_hd__xnor2_2)
                                                         net34 (net)
                      0.378613    0.000232    6.219627 ^ output34/A (sky130_fd_sc_hd__buf_2)
     1    0.035961    0.285680    0.484575    6.704201 ^ output34/X (sky130_fd_sc_hd__buf_2)
                                                         outputs[10] (net)
                      0.285680    0.000735    6.704936 ^ outputs[10] (out)
                                              6.704936   data arrival time

                      0.000000   25.000000   25.000000   clock clk (rise edge)
                                  0.000000   25.000000   clock network delay (ideal)
                                 -0.250000   24.750000   clock uncertainty
                                  0.000000   24.750000   clock reconvergence pessimism
                                 -5.000000   19.750000   output external delay
                                             19.750000   data required time
---------------------------------------------------------------------------------------------
                                             19.750000   data required time
                                             -6.704936   data arrival time
---------------------------------------------------------------------------------------------
                                             13.045064   slack (MET)


Startpoint: inputs[0] (input port clocked by clk)
Endpoint: outputs[5] (output port clocked by clk)
Path Group: clk
Path Type: max

Fanout         Cap        Slew       Delay        Time   Description
---------------------------------------------------------------------------------------------
                      0.000000    0.000000    0.000000   clock clk (rise edge)
                                  0.000000    0.000000   clock network delay (ideal)
                                  5.000000    5.000000 ^ input external delay
     1    0.004813    0.045912    0.026410    5.026411 ^ inputs[0] (in)
                                                         inputs[0] (net)
                      0.045913    0.000000    5.026411 ^ input1/A (sky130_fd_sc_hd__buf_4)
     6    0.061372    0.277279    0.350495    5.376905 ^ input1/X (sky130_fd_sc_hd__buf_4)
                                                         net1 (net)
                      0.277282    0.001474    5.378379 ^ _060_/A (sky130_fd_sc_hd__xor2_2)
     3    0.015968    0.356011    0.437889    5.816268 ^ _060_/X (sky130_fd_sc_hd__xor2_2)
                                                         net59 (net)
                      0.356011    0.000279    5.816547 ^ _122_/A (sky130_fd_sc_hd__xnor2_1)
     2    0.007875    0.361667    0.352614    6.169161 ^ _122_/Y (sky130_fd_sc_hd__xnor2_1)
                                                         net60 (net)
                      0.361667    0.000019    6.169179 ^ output60/A (sky130_fd_sc_hd__buf_2)
     1    0.033997    0.270967    0.467943    6.637122 ^ output60/X (sky130_fd_sc_hd__buf_2)
                                                         outputs[5] (net)
                      0.270967    0.000189    6.637311 ^ outputs[5] (out)
                                              6.637311   data arrival time

                      0.000000   25.000000   25.000000   clock clk (rise edge)
                                  0.000000   25.000000   clock network delay (ideal)
                                 -0.250000   24.750000   clock uncertainty
                                  0.000000   24.750000   clock reconvergence pessimism
                                 -5.000000   19.750000   output external delay
                                             19.750000   data required time
---------------------------------------------------------------------------------------------
                                             19.750000   data required time
                                             -6.637311   data arrival time
---------------------------------------------------------------------------------------------
                                             13.112688   slack (MET)


Startpoint: inputs[1] (input port clocked by clk)
Endpoint: outputs[9] (output port clocked by clk)
Path Group: clk
Path Type: max

Fanout         Cap        Slew       Delay        Time   Description
---------------------------------------------------------------------------------------------
                      0.000000    0.000000    0.000000   clock clk (rise edge)
                                  0.000000    0.000000   clock network delay (ideal)
                                  5.000000    5.000000 ^ input external delay
     1    0.003105    0.034272    0.017379    5.017380 ^ inputs[1] (in)
                                                         inputs[1] (net)
                      0.034272    0.000000    5.017380 ^ input12/A (sky130_fd_sc_hd__clkbuf_4)
     5    0.043197    0.218142    0.341305    5.358685 ^ input12/X (sky130_fd_sc_hd__clkbuf_4)
                                                         net12 (net)
                      0.218142    0.000346    5.359030 ^ _109_/A (sky130_fd_sc_hd__xor2_2)
     3    0.017823    0.387450    0.443364    5.802394 ^ _109_/X (sky130_fd_sc_hd__xor2_2)
                                                         _016_ (net)
                      0.387450    0.000206    5.802599 ^ _120_/B (sky130_fd_sc_hd__xor2_1)
     1    0.002573    0.179824    0.338585    6.141185 ^ _120_/X (sky130_fd_sc_hd__xor2_1)
                                                         net64 (net)
                      0.179824    0.000027    6.141212 ^ output64/A (sky130_fd_sc_hd__buf_2)
     1    0.034402    0.273281    0.395826    6.537037 ^ output64/X (sky130_fd_sc_hd__buf_2)
                                                         outputs[9] (net)
                      0.273281    0.000386    6.537423 ^ outputs[9] (out)
                                              6.537423   data arrival time

                      0.000000   25.000000   25.000000   clock clk (rise edge)
                                  0.000000   25.000000   clock network delay (ideal)
                                 -0.250000   24.750000   clock uncertainty
                                  0.000000   24.750000   clock reconvergence pessimism
                                 -5.000000   19.750000   output external delay
                                             19.750000   data required time
---------------------------------------------------------------------------------------------
                                             19.750000   data required time
                                             -6.537423   data arrival time
---------------------------------------------------------------------------------------------
                                             13.212576   slack (MET)


Startpoint: inputs[0] (input port clocked by clk)
Endpoint: outputs[6] (output port clocked by clk)
Path Group: clk
Path Type: max

Fanout         Cap        Slew       Delay        Time   Description
---------------------------------------------------------------------------------------------
                      0.000000    0.000000    0.000000   clock clk (rise edge)
                                  0.000000    0.000000   clock network delay (ideal)
                                  5.000000    5.000000 ^ input external delay
     1    0.004813    0.045912    0.026410    5.026411 ^ inputs[0] (in)
                                                         inputs[0] (net)
                      0.045913    0.000000    5.026411 ^ input1/A (sky130_fd_sc_hd__buf_4)
     6    0.061372    0.277279    0.350495    5.376905 ^ input1/X (sky130_fd_sc_hd__buf_4)
                                                         net1 (net)
                      0.277282    0.001474    5.378379 ^ _060_/A (sky130_fd_sc_hd__xor2_2)
     3    0.015968    0.356011    0.437889    5.816268 ^ _060_/X (sky130_fd_sc_hd__xor2_2)
                                                         net59 (net)
                      0.356011    0.000321    5.816589 ^ _079_/A (sky130_fd_sc_hd__xor2_1)
     1    0.002391    0.174362    0.318681    6.135269 ^ _079_/X (sky130_fd_sc_hd__xor2_1)
                                                         net61 (net)
                      0.174362    0.000023    6.135292 ^ output61/A (sky130_fd_sc_hd__buf_2)
     1    0.034520    0.274158    0.393878    6.529170 ^ output61/X (sky130_fd_sc_hd__buf_2)
                                                         outputs[6] (net)
                      0.274158    0.000410    6.529580 ^ outputs[6] (out)
                                              6.529580   data arrival time

                      0.000000   25.000000   25.000000   clock clk (rise edge)
                                  0.000000   25.000000   clock network delay (ideal)
                                 -0.250000   24.750000   clock uncertainty
                                  0.000000   24.750000   clock reconvergence pessimism
                                 -5.000000   19.750000   output external delay
                                             19.750000   data required time
---------------------------------------------------------------------------------------------
                                             19.750000   data required time
                                             -6.529580   data arrival time
---------------------------------------------------------------------------------------------
                                             13.220420   slack (MET)


Startpoint: inputs[0] (input port clocked by clk)
Endpoint: outputs[16] (output port clocked by clk)
Path Group: clk
Path Type: max

Fanout         Cap        Slew       Delay        Time   Description
---------------------------------------------------------------------------------------------
                      0.000000    0.000000    0.000000   clock clk (rise edge)
                                  0.000000    0.000000   clock network delay (ideal)
                                  5.000000    5.000000 ^ input external delay
     1    0.004813    0.045912    0.026410    5.026411 ^ inputs[0] (in)
                                                         inputs[0] (net)
                      0.045913    0.000000    5.026411 ^ input1/A (sky130_fd_sc_hd__buf_4)
     6    0.061372    0.277279    0.350495    5.376905 ^ input1/X (sky130_fd_sc_hd__buf_4)
                                                         net1 (net)
                      0.277284    0.001647    5.378552 ^ _049_/B (sky130_fd_sc_hd__xor2_4)
     5    0.042388    0.510075    0.569466    5.948018 ^ _049_/X (sky130_fd_sc_hd__xor2_4)
                                                         net40 (net)
                      0.510078    0.000985    5.949003 ^ output40/A (sky130_fd_sc_hd__buf_2)
     1    0.034253    0.273587    0.526800    6.475803 ^ output40/X (sky130_fd_sc_hd__buf_2)
                                                         outputs[16] (net)
                      0.273587    0.000345    6.476148 ^ outputs[16] (out)
                                              6.476148   data arrival time

                      0.000000   25.000000   25.000000   clock clk (rise edge)
                                  0.000000   25.000000   clock network delay (ideal)
                                 -0.250000   24.750000   clock uncertainty
                                  0.000000   24.750000   clock reconvergence pessimism
                                 -5.000000   19.750000   output external delay
                                             19.750000   data required time
---------------------------------------------------------------------------------------------
                                             19.750000   data required time
                                             -6.476148   data arrival time
---------------------------------------------------------------------------------------------
                                             13.273851   slack (MET)


Startpoint: inputs[0] (input port clocked by clk)
Endpoint: outputs[3] (output port clocked by clk)
Path Group: clk
Path Type: max

Fanout         Cap        Slew       Delay        Time   Description
---------------------------------------------------------------------------------------------
                      0.000000    0.000000    0.000000   clock clk (rise edge)
                                  0.000000    0.000000   clock network delay (ideal)
                                  5.000000    5.000000 ^ input external delay
     1    0.004813    0.045912    0.026410    5.026411 ^ inputs[0] (in)
                                                         inputs[0] (net)
                      0.045913    0.000000    5.026411 ^ input1/A (sky130_fd_sc_hd__buf_4)
     6    0.061372    0.277279    0.350495    5.376905 ^ input1/X (sky130_fd_sc_hd__buf_4)
                                                         net1 (net)
                      0.277284    0.001656    5.378562 ^ _080_/A (sky130_fd_sc_hd__xor2_1)
     2    0.007391    0.324835    0.408687    5.787249 ^ _080_/X (sky130_fd_sc_hd__xor2_1)
                                                         net55 (net)
                      0.324835    0.000064    5.787313 ^ _127_/A (sky130_fd_sc_hd__xnor2_1)
     1    0.001915    0.163459    0.274648    6.061961 ^ _127_/Y (sky130_fd_sc_hd__xnor2_1)
                                                         net58 (net)
                      0.163459    0.000008    6.061969 ^ output58/A (sky130_fd_sc_hd__buf_2)
     1    0.035171    0.278980    0.392192    6.454161 ^ output58/X (sky130_fd_sc_hd__buf_2)
                                                         outputs[3] (net)
                      0.278980    0.000450    6.454611 ^ outputs[3] (out)
                                              6.454611   data arrival time

                      0.000000   25.000000   25.000000   clock clk (rise edge)
                                  0.000000   25.000000   clock network delay (ideal)
                                 -0.250000   24.750000   clock uncertainty
                                  0.000000   24.750000   clock reconvergence pessimism
                                 -5.000000   19.750000   output external delay
                                             19.750000   data required time
---------------------------------------------------------------------------------------------
                                             19.750000   data required time
                                             -6.454611   data arrival time
---------------------------------------------------------------------------------------------
                                             13.295388   slack (MET)


Startpoint: inputs[0] (input port clocked by clk)
Endpoint: outputs[4] (output port clocked by clk)
Path Group: clk
Path Type: max

Fanout         Cap        Slew       Delay        Time   Description
---------------------------------------------------------------------------------------------
                      0.000000    0.000000    0.000000   clock clk (rise edge)
                                  0.000000    0.000000   clock network delay (ideal)
                                  5.000000    5.000000 ^ input external delay
     1    0.004813    0.045912    0.026410    5.026411 ^ inputs[0] (in)
                                                         inputs[0] (net)
                      0.045913    0.000000    5.026411 ^ input1/A (sky130_fd_sc_hd__buf_4)
     6    0.061372    0.277279    0.350495    5.376905 ^ input1/X (sky130_fd_sc_hd__buf_4)
                                                         net1 (net)
                      0.277282    0.001474    5.378379 ^ _060_/A (sky130_fd_sc_hd__xor2_2)
     3    0.015968    0.356011    0.437889    5.816268 ^ _060_/X (sky130_fd_sc_hd__xor2_2)
                                                         net59 (net)
                      0.356011    0.000314    5.816582 ^ output59/A (sky130_fd_sc_hd__buf_2)
     1    0.038201    0.302168    0.487683    6.304265 ^ output59/X (sky130_fd_sc_hd__buf_2)
                                                         outputs[4] (net)
                      0.302168    0.000787    6.305052 ^ outputs[4] (out)
                                              6.305052   data arrival time

                      0.000000   25.000000   25.000000   clock clk (rise edge)
                                  0.000000   25.000000   clock network delay (ideal)
                                 -0.250000   24.750000   clock uncertainty
                                  0.000000   24.750000   clock reconvergence pessimism
                                 -5.000000   19.750000   output external delay
                                             19.750000   data required time
---------------------------------------------------------------------------------------------
                                             19.750000   data required time
                                             -6.305052   data arrival time
---------------------------------------------------------------------------------------------
                                             13.444948   slack (MET)


Startpoint: inputs[0] (input port clocked by clk)
Endpoint: outputs[8] (output port clocked by clk)
Path Group: clk
Path Type: max

Fanout         Cap        Slew       Delay        Time   Description
---------------------------------------------------------------------------------------------
                      0.000000    0.000000    0.000000   clock clk (rise edge)
                                  0.000000    0.000000   clock network delay (ideal)
                                  5.000000    5.000000 ^ input external delay
     1    0.004813    0.045912    0.026410    5.026411 ^ inputs[0] (in)
                                                         inputs[0] (net)
                      0.045913    0.000000    5.026411 ^ input1/A (sky130_fd_sc_hd__buf_4)
     6    0.061372    0.277279    0.350495    5.376905 ^ input1/X (sky130_fd_sc_hd__buf_4)
                                                         net1 (net)
                      0.277280    0.001209    5.378114 ^ _052_/A (sky130_fd_sc_hd__xor2_4)
     4    0.024826    0.340952    0.439560    5.817674 ^ _052_/X (sky130_fd_sc_hd__xor2_4)
                                                         net63 (net)
                      0.340952    0.000468    5.818141 ^ output63/A (sky130_fd_sc_hd__buf_2)
     1    0.034670    0.275899    0.463311    6.281453 ^ output63/X (sky130_fd_sc_hd__buf_2)
                                                         outputs[8] (net)
                      0.275899    0.000424    6.281877 ^ outputs[8] (out)
                                              6.281877   data arrival time

                      0.000000   25.000000   25.000000   clock clk (rise edge)
                                  0.000000   25.000000   clock network delay (ideal)
                                 -0.250000   24.750000   clock uncertainty
                                  0.000000   24.750000   clock reconvergence pessimism
                                 -5.000000   19.750000   output external delay
                                             19.750000   data required time
---------------------------------------------------------------------------------------------
                                             19.750000   data required time
                                             -6.281877   data arrival time
---------------------------------------------------------------------------------------------
                                             13.468123   slack (MET)


Startpoint: inputs[0] (input port clocked by clk)
Endpoint: outputs[2] (output port clocked by clk)
Path Group: clk
Path Type: max

Fanout         Cap        Slew       Delay        Time   Description
---------------------------------------------------------------------------------------------
                      0.000000    0.000000    0.000000   clock clk (rise edge)
                                  0.000000    0.000000   clock network delay (ideal)
                                  5.000000    5.000000 ^ input external delay
     1    0.004813    0.045912    0.026410    5.026411 ^ inputs[0] (in)
                                                         inputs[0] (net)
                      0.045913    0.000000    5.026411 ^ input1/A (sky130_fd_sc_hd__buf_4)
     6    0.061372    0.277279    0.350495    5.376905 ^ input1/X (sky130_fd_sc_hd__buf_4)
                                                         net1 (net)
                      0.277284    0.001656    5.378562 ^ _080_/A (sky130_fd_sc_hd__xor2_1)
     2    0.007391    0.324835    0.408687    5.787249 ^ _080_/X (sky130_fd_sc_hd__xor2_1)
                                                         net55 (net)
                      0.324835    0.000061    5.787310 ^ output55/A (sky130_fd_sc_hd__buf_2)
     1    0.034130    0.271778    0.454337    6.241647 ^ output55/X (sky130_fd_sc_hd__buf_2)
                                                         outputs[2] (net)
                      0.271778    0.000207    6.241853 ^ outputs[2] (out)
                                              6.241853   data arrival time

                      0.000000   25.000000   25.000000   clock clk (rise edge)
                                  0.000000   25.000000   clock network delay (ideal)
                                 -0.250000   24.750000   clock uncertainty
                                  0.000000   24.750000   clock reconvergence pessimism
                                 -5.000000   19.750000   output external delay
                                             19.750000   data required time
---------------------------------------------------------------------------------------------
                                             19.750000   data required time
                                             -6.241853   data arrival time
---------------------------------------------------------------------------------------------
                                             13.508146   slack (MET)


Startpoint: inputs[0] (input port clocked by clk)
Endpoint: outputs[1] (output port clocked by clk)
Path Group: clk
Path Type: max

Fanout         Cap        Slew       Delay        Time   Description
---------------------------------------------------------------------------------------------
                      0.000000    0.000000    0.000000   clock clk (rise edge)
                                  0.000000    0.000000   clock network delay (ideal)
                                  5.000000    5.000000 ^ input external delay
     1    0.004813    0.045912    0.026410    5.026411 ^ inputs[0] (in)
                                                         inputs[0] (net)
                      0.045913    0.000000    5.026411 ^ input1/A (sky130_fd_sc_hd__buf_4)
     6    0.061372    0.277279    0.350495    5.376905 ^ input1/X (sky130_fd_sc_hd__buf_4)
                                                         net1 (net)
                      0.277279    0.000201    5.377107 ^ _128_/A (sky130_fd_sc_hd__xor2_1)
     1    0.002724    0.184402    0.303809    5.680915 ^ _128_/X (sky130_fd_sc_hd__xor2_1)
                                                         net44 (net)
                      0.184402    0.000032    5.680948 ^ output44/A (sky130_fd_sc_hd__buf_2)
     1    0.036213    0.286764    0.407522    6.088470 ^ output44/X (sky130_fd_sc_hd__buf_2)
                                                         outputs[1] (net)
                      0.286764    0.000492    6.088962 ^ outputs[1] (out)
                                              6.088962   data arrival time

                      0.000000   25.000000   25.000000   clock clk (rise edge)
                                  0.000000   25.000000   clock network delay (ideal)
                                 -0.250000   24.750000   clock uncertainty
                                  0.000000   24.750000   clock reconvergence pessimism
                                 -5.000000   19.750000   output external delay
                                             19.750000   data required time
---------------------------------------------------------------------------------------------
                                             19.750000   data required time
                                             -6.088962   data arrival time
---------------------------------------------------------------------------------------------
                                             13.661037   slack (MET)


Startpoint: inputs[0] (input port clocked by clk)
Endpoint: outputs[0] (output port clocked by clk)
Path Group: clk
Path Type: max

Fanout         Cap        Slew       Delay        Time   Description
---------------------------------------------------------------------------------------------
                      0.000000    0.000000    0.000000   clock clk (rise edge)
                                  0.000000    0.000000   clock network delay (ideal)
                                  5.000000    5.000000 ^ input external delay
     1    0.004813    0.045912    0.026410    5.026411 ^ inputs[0] (in)
                                                         inputs[0] (net)
                      0.045913    0.000000    5.026411 ^ input1/A (sky130_fd_sc_hd__buf_4)
     6    0.061372    0.277279    0.350495    5.376905 ^ input1/X (sky130_fd_sc_hd__buf_4)
                                                         net1 (net)
                      0.277284    0.001647    5.378552 ^ _129_/A (sky130_fd_sc_hd__clkbuf_1)
     1    0.002436    0.068359    0.223863    5.602415 ^ _129_/X (sky130_fd_sc_hd__clkbuf_1)
                                                         net33 (net)
                      0.068359    0.000025    5.602440 ^ output33/A (sky130_fd_sc_hd__buf_2)
     1    0.034701    0.275291    0.345266    5.947706 ^ output33/X (sky130_fd_sc_hd__buf_2)
                                                         outputs[0] (net)
                      0.275291    0.000358    5.948064 ^ outputs[0] (out)
                                              5.948064   data arrival time

                      0.000000   25.000000   25.000000   clock clk (rise edge)
                                  0.000000   25.000000   clock network delay (ideal)
                                 -0.250000   24.750000   clock uncertainty
                                  0.000000   24.750000   clock reconvergence pessimism
                                 -5.000000   19.750000   output external delay
                                             19.750000   data required time
---------------------------------------------------------------------------------------------
                                             19.750000   data required time
                                             -5.948064   data arrival time
---------------------------------------------------------------------------------------------
                                             13.801936   slack (MET)



