
===========================================================================
report_checks -path_delay min (Hold)
============================================================================
======================= min_ss_100C_1v60 Corner ===================================

Startpoint: inputs[0] (input port clocked by clk)
Endpoint: outputs[0] (output port clocked by clk)
Path Group: clk
Path Type: min

Fanout         Cap        Slew       Delay        Time   Description
---------------------------------------------------------------------------------------------
                      0.000000    0.000000    0.000000   clock clk (rise edge)
                                  0.000000    0.000000   clock network delay (ideal)
                                  5.000000    5.000000 v input external delay
     1    0.004620    0.025607    0.014961    5.014961 v inputs[0] (in)
                                                         inputs[0] (net)
                      0.025616    0.000000    5.014961 v input1/A (sky130_fd_sc_hd__buf_4)
     6    0.057585    0.148908    0.323995    5.338956 v input1/X (sky130_fd_sc_hd__buf_4)
                                                         net1 (net)
                      0.148923    0.001542    5.340498 v _129_/A (sky130_fd_sc_hd__clkbuf_1)
     1    0.002308    0.045860    0.192573    5.533071 v _129_/X (sky130_fd_sc_hd__clkbuf_1)
                                                         net33 (net)
                      0.045860    0.000024    5.533095 v output33/A (sky130_fd_sc_hd__buf_2)
     1    0.034701    0.167650    0.335104    5.868198 v output33/X (sky130_fd_sc_hd__buf_2)
                                                         outputs[0] (net)
                      0.167650    0.000358    5.868557 v outputs[0] (out)
                                              5.868557   data arrival time

                      0.000000    0.000000    0.000000   clock clk (rise edge)
                                  0.000000    0.000000   clock network delay (ideal)
                                  0.250000    0.250000   clock uncertainty
                                  0.000000    0.250000   clock reconvergence pessimism
                                 -5.000000   -4.750000   output external delay
                                             -4.750000   data required time
---------------------------------------------------------------------------------------------
                                             -4.750000   data required time
                                             -5.868557   data arrival time
---------------------------------------------------------------------------------------------
                                             10.618557   slack (MET)


Startpoint: inputs[1] (input port clocked by clk)
Endpoint: outputs[1] (output port clocked by clk)
Path Group: clk
Path Type: min

Fanout         Cap        Slew       Delay        Time   Description
---------------------------------------------------------------------------------------------
                      0.000000    0.000000    0.000000   clock clk (rise edge)
                                  0.000000    0.000000   clock network delay (ideal)
                                  5.000000    5.000000 ^ input external delay
     1    0.003105    0.034272    0.017379    5.017380 ^ inputs[1] (in)
                                                         inputs[1] (net)
                      0.034272    0.000000    5.017380 ^ input12/A (sky130_fd_sc_hd__clkbuf_4)
     5    0.043197    0.218142    0.341305    5.358685 ^ input12/X (sky130_fd_sc_hd__clkbuf_4)
                                                         net12 (net)
                      0.218142    0.000408    5.359092 ^ _128_/B (sky130_fd_sc_hd__xor2_1)
     1    0.002596    0.066147    0.177532    5.536624 v _128_/X (sky130_fd_sc_hd__xor2_1)
                                                         net44 (net)
                      0.066147    0.000031    5.536655 v output44/A (sky130_fd_sc_hd__buf_2)
     1    0.036213    0.173577    0.349145    5.885800 v output44/X (sky130_fd_sc_hd__buf_2)
                                                         outputs[1] (net)
                      0.173577    0.000492    5.886292 v outputs[1] (out)
                                              5.886292   data arrival time

                      0.000000    0.000000    0.000000   clock clk (rise edge)
                                  0.000000    0.000000   clock network delay (ideal)
                                  0.250000    0.250000   clock uncertainty
                                  0.000000    0.250000   clock reconvergence pessimism
                                 -5.000000   -4.750000   output external delay
                                             -4.750000   data required time
---------------------------------------------------------------------------------------------
                                             -4.750000   data required time
                                             -5.886292   data arrival time
---------------------------------------------------------------------------------------------
                                             10.636292   slack (MET)


Startpoint: inputs[8] (input port clocked by clk)
Endpoint: outputs[8] (output port clocked by clk)
Path Group: clk
Path Type: min

Fanout         Cap        Slew       Delay        Time   Description
---------------------------------------------------------------------------------------------
                      0.000000    0.000000    0.000000   clock clk (rise edge)
                                  0.000000    0.000000   clock network delay (ideal)
                                  5.000000    5.000000 ^ input external delay
     1    0.003643    0.037890    0.020210    5.020210 ^ inputs[8] (in)
                                                         inputs[8] (net)
                      0.037890    0.000000    5.020210 ^ input31/A (sky130_fd_sc_hd__clkbuf_2)
     2    0.025438    0.223151    0.288707    5.308918 ^ input31/X (sky130_fd_sc_hd__clkbuf_2)
                                                         net31 (net)
                      0.223151    0.000186    5.309103 ^ _052_/B (sky130_fd_sc_hd__xor2_4)
     4    0.023501    0.097579    0.232336    5.541440 v _052_/X (sky130_fd_sc_hd__xor2_4)
                                                         net63 (net)
                      0.097580    0.000445    5.541884 v output63/A (sky130_fd_sc_hd__buf_2)
     1    0.034670    0.167408    0.359099    5.900983 v output63/X (sky130_fd_sc_hd__buf_2)
                                                         outputs[8] (net)
                      0.167408    0.000424    5.901408 v outputs[8] (out)
                                              5.901408   data arrival time

                      0.000000    0.000000    0.000000   clock clk (rise edge)
                                  0.000000    0.000000   clock network delay (ideal)
                                  0.250000    0.250000   clock uncertainty
                                  0.000000    0.250000   clock reconvergence pessimism
                                 -5.000000   -4.750000   output external delay
                                             -4.750000   data required time
---------------------------------------------------------------------------------------------
                                             -4.750000   data required time
                                             -5.901408   data arrival time
---------------------------------------------------------------------------------------------
                                             10.651407   slack (MET)


Startpoint: inputs[2] (input port clocked by clk)
Endpoint: outputs[2] (output port clocked by clk)
Path Group: clk
Path Type: min

Fanout         Cap        Slew       Delay        Time   Description
---------------------------------------------------------------------------------------------
                      0.000000    0.000000    0.000000   clock clk (rise edge)
                                  0.000000    0.000000   clock network delay (ideal)
                                  5.000000    5.000000 ^ input external delay
     1    0.002903    0.032937    0.016321    5.016321 ^ inputs[2] (in)
                                                         inputs[2] (net)
                      0.032937    0.000000    5.016321 ^ input23/A (sky130_fd_sc_hd__buf_2)
     4    0.029923    0.239810    0.303618    5.319940 ^ input23/X (sky130_fd_sc_hd__buf_2)
                                                         net23 (net)
                      0.239810    0.000317    5.320257 ^ _080_/B (sky130_fd_sc_hd__xor2_1)
     2    0.006993    0.098204    0.234269    5.554525 v _080_/X (sky130_fd_sc_hd__xor2_1)
                                                         net55 (net)
                      0.098204    0.000058    5.554584 v output55/A (sky130_fd_sc_hd__buf_2)
     1    0.034130    0.165205    0.357822    5.912405 v output55/X (sky130_fd_sc_hd__buf_2)
                                                         outputs[2] (net)
                      0.165205    0.000207    5.912612 v outputs[2] (out)
                                              5.912612   data arrival time

                      0.000000    0.000000    0.000000   clock clk (rise edge)
                                  0.000000    0.000000   clock network delay (ideal)
                                  0.250000    0.250000   clock uncertainty
                                  0.000000    0.250000   clock reconvergence pessimism
                                 -5.000000   -4.750000   output external delay
                                             -4.750000   data required time
---------------------------------------------------------------------------------------------
                                             -4.750000   data required time
                                             -5.912612   data arrival time
---------------------------------------------------------------------------------------------
                                             10.662612   slack (MET)


Startpoint: inputs[4] (input port clocked by clk)
Endpoint: outputs[4] (output port clocked by clk)
Path Group: clk
Path Type: min

Fanout         Cap        Slew       Delay        Time   Description
---------------------------------------------------------------------------------------------
                      0.000000    0.000000    0.000000   clock clk (rise edge)
                                  0.000000    0.000000   clock network delay (ideal)
                                  5.000000    5.000000 ^ input external delay
     1    0.003567    0.037375    0.019818    5.019818 ^ inputs[4] (in)
                                                         inputs[4] (net)
                      0.037375    0.000000    5.019818 ^ input27/A (sky130_fd_sc_hd__clkbuf_2)
     3    0.023877    0.210527    0.279552    5.299370 ^ input27/X (sky130_fd_sc_hd__clkbuf_2)
                                                         net27 (net)
                      0.210527    0.000233    5.299603 ^ _060_/B (sky130_fd_sc_hd__xor2_2)
     3    0.015273    0.106995    0.241832    5.541435 v _060_/X (sky130_fd_sc_hd__xor2_2)
                                                         net59 (net)
                      0.106995    0.000300    5.541735 v output59/A (sky130_fd_sc_hd__buf_2)
     1    0.038201    0.181528    0.374695    5.916430 v output59/X (sky130_fd_sc_hd__buf_2)
                                                         outputs[4] (net)
                      0.181529    0.000787    5.917218 v outputs[4] (out)
                                              5.917218   data arrival time

                      0.000000    0.000000    0.000000   clock clk (rise edge)
                                  0.000000    0.000000   clock network delay (ideal)
                                  0.250000    0.250000   clock uncertainty
                                  0.000000    0.250000   clock reconvergence pessimism
                                 -5.000000   -4.750000   output external delay
                                             -4.750000   data required time
---------------------------------------------------------------------------------------------
                                             -4.750000   data required time
                                             -5.917218   data arrival time
---------------------------------------------------------------------------------------------
                                             10.667217   slack (MET)


Startpoint: inputs[16] (input port clocked by clk)
Endpoint: outputs[16] (output port clocked by clk)
Path Group: clk
Path Type: min

Fanout         Cap        Slew       Delay        Time   Description
---------------------------------------------------------------------------------------------
                      0.000000    0.000000    0.000000   clock clk (rise edge)
                                  0.000000    0.000000   clock network delay (ideal)
                                  5.000000    5.000000 ^ input external delay
     1    0.003321    0.035717    0.018516    5.018517 ^ inputs[16] (in)
                                                         inputs[16] (net)
                      0.035717    0.000000    5.018517 ^ input8/A (sky130_fd_sc_hd__clkbuf_2)
     1    0.018499    0.167061    0.248158    5.266675 ^ input8/X (sky130_fd_sc_hd__clkbuf_2)
                                                         net8 (net)
                      0.167061    0.000171    5.266845 ^ _049_/A (sky130_fd_sc_hd__xor2_4)
     5    0.039770    0.133482    0.275893    5.542738 v _049_/X (sky130_fd_sc_hd__xor2_4)
                                                         net40 (net)
                      0.133486    0.000922    5.543660 v output40/A (sky130_fd_sc_hd__buf_2)
     1    0.034253    0.165782    0.375134    5.918795 v output40/X (sky130_fd_sc_hd__buf_2)
                                                         outputs[16] (net)
                      0.165782    0.000345    5.919139 v outputs[16] (out)
                                              5.919139   data arrival time

                      0.000000    0.000000    0.000000   clock clk (rise edge)
                                  0.000000    0.000000   clock network delay (ideal)
                                  0.250000    0.250000   clock uncertainty
                                  0.000000    0.250000   clock reconvergence pessimism
                                 -5.000000   -4.750000   output external delay
                                             -4.750000   data required time
---------------------------------------------------------------------------------------------
                                             -4.750000   data required time
                                             -5.919139   data arrival time
---------------------------------------------------------------------------------------------
                                             10.669139   slack (MET)


Startpoint: inputs[6] (input port clocked by clk)
Endpoint: outputs[6] (output port clocked by clk)
Path Group: clk
Path Type: min

Fanout         Cap        Slew       Delay        Time   Description
---------------------------------------------------------------------------------------------
                      0.000000    0.000000    0.000000   clock clk (rise edge)
                                  0.000000    0.000000   clock network delay (ideal)
                                  5.000000    5.000000 ^ input external delay
     1    0.003184    0.034800    0.017800    5.017800 ^ inputs[6] (in)
                                                         inputs[6] (net)
                      0.034800    0.000000    5.017800 ^ input29/A (sky130_fd_sc_hd__clkbuf_2)
     3    0.019592    0.175903    0.253956    5.271756 ^ input29/X (sky130_fd_sc_hd__clkbuf_2)
                                                         net29 (net)
                      0.175903    0.000175    5.271932 ^ _078_/B (sky130_fd_sc_hd__xor2_2)
     2    0.013372    0.099365    0.215756    5.487688 v _078_/X (sky130_fd_sc_hd__xor2_2)
                                                         _044_ (net)
                      0.099365    0.000402    5.488090 v _079_/B (sky130_fd_sc_hd__xor2_1)
     1    0.002391    0.151385    0.210814    5.698904 ^ _079_/X (sky130_fd_sc_hd__xor2_1)
                                                         net61 (net)
                      0.151385    0.000023    5.698927 ^ output61/A (sky130_fd_sc_hd__buf_2)
     1    0.034520    0.274115    0.383100    6.082026 ^ output61/X (sky130_fd_sc_hd__buf_2)
                                                         outputs[6] (net)
                      0.274115    0.000410    6.082437 ^ outputs[6] (out)
                                              6.082437   data arrival time

                      0.000000    0.000000    0.000000   clock clk (rise edge)
                                  0.000000    0.000000   clock network delay (ideal)
                                  0.250000    0.250000   clock uncertainty
                                  0.000000    0.250000   clock reconvergence pessimism
                                 -5.000000   -4.750000   output external delay
                                             -4.750000   data required time
---------------------------------------------------------------------------------------------
                                             -4.750000   data required time
                                             -6.082437   data arrival time
---------------------------------------------------------------------------------------------
                                             10.832437   slack (MET)


Startpoint: inputs[2] (input port clocked by clk)
Endpoint: outputs[3] (output port clocked by clk)
Path Group: clk
Path Type: min

Fanout         Cap        Slew       Delay        Time   Description
---------------------------------------------------------------------------------------------
                      0.000000    0.000000    0.000000   clock clk (rise edge)
                                  0.000000    0.000000   clock network delay (ideal)
                                  5.000000    5.000000 ^ input external delay
     1    0.002903    0.032937    0.016321    5.016321 ^ inputs[2] (in)
                                                         inputs[2] (net)
                      0.032937    0.000000    5.016321 ^ input23/A (sky130_fd_sc_hd__buf_2)
     4    0.029923    0.239810    0.303618    5.319940 ^ input23/X (sky130_fd_sc_hd__buf_2)
                                                         net23 (net)
                      0.239810    0.000317    5.320257 ^ _080_/B (sky130_fd_sc_hd__xor2_1)
     2    0.006993    0.098204    0.234269    5.554525 v _080_/X (sky130_fd_sc_hd__xor2_1)
                                                         net55 (net)
                      0.098204    0.000060    5.554586 v _127_/A (sky130_fd_sc_hd__xnor2_1)
     1    0.001787    0.061961    0.212161    5.766747 v _127_/Y (sky130_fd_sc_hd__xnor2_1)
                                                         net58 (net)
                      0.061961    0.000008    5.766754 v output58/A (sky130_fd_sc_hd__buf_2)
     1    0.035171    0.169460    0.343924    6.110679 v output58/X (sky130_fd_sc_hd__buf_2)
                                                         outputs[3] (net)
                      0.169460    0.000450    6.111129 v outputs[3] (out)
                                              6.111129   data arrival time

                      0.000000    0.000000    0.000000   clock clk (rise edge)
                                  0.000000    0.000000   clock network delay (ideal)
                                  0.250000    0.250000   clock uncertainty
                                  0.000000    0.250000   clock reconvergence pessimism
                                 -5.000000   -4.750000   output external delay
                                             -4.750000   data required time
---------------------------------------------------------------------------------------------
                                             -4.750000   data required time
                                             -6.111129   data arrival time
---------------------------------------------------------------------------------------------
                                             10.861129   slack (MET)


Startpoint: inputs[9] (input port clocked by clk)
Endpoint: outputs[9] (output port clocked by clk)
Path Group: clk
Path Type: min

Fanout         Cap        Slew       Delay        Time   Description
---------------------------------------------------------------------------------------------
                      0.000000    0.000000    0.000000   clock clk (rise edge)
                                  0.000000    0.000000   clock network delay (ideal)
                                  5.000000    5.000000 ^ input external delay
     1    0.004289    0.042301    0.023636    5.023636 ^ inputs[9] (in)
                                                         inputs[9] (net)
                      0.042301    0.000000    5.023636 ^ input32/A (sky130_fd_sc_hd__clkbuf_2)
     2    0.018513    0.167132    0.251198    5.274834 ^ input32/X (sky130_fd_sc_hd__clkbuf_2)
                                                         net32 (net)
                      0.167132    0.000128    5.274962 ^ _109_/B (sky130_fd_sc_hd__xor2_2)
     3    0.017005    0.114056    0.234491    5.509453 v _109_/X (sky130_fd_sc_hd__xor2_2)
                                                         _016_ (net)
                      0.114056    0.000196    5.509649 v _120_/B (sky130_fd_sc_hd__xor2_1)
     1    0.002573    0.156839    0.220948    5.730597 ^ _120_/X (sky130_fd_sc_hd__xor2_1)
                                                         net64 (net)
                      0.156839    0.000027    5.730624 ^ output64/A (sky130_fd_sc_hd__buf_2)
     1    0.034402    0.273238    0.385044    6.115668 ^ output64/X (sky130_fd_sc_hd__buf_2)
                                                         outputs[9] (net)
                      0.273238    0.000386    6.116054 ^ outputs[9] (out)
                                              6.116054   data arrival time

                      0.000000    0.000000    0.000000   clock clk (rise edge)
                                  0.000000    0.000000   clock network delay (ideal)
                                  0.250000    0.250000   clock uncertainty
                                  0.000000    0.250000   clock reconvergence pessimism
                                 -5.000000   -4.750000   output external delay
                                             -4.750000   data required time
---------------------------------------------------------------------------------------------
                                             -4.750000   data required time
                                             -6.116054   data arrival time
---------------------------------------------------------------------------------------------
                                             10.866055   slack (MET)


Startpoint: inputs[17] (input port clocked by clk)
Endpoint: outputs[17] (output port clocked by clk)
Path Group: clk
Path Type: min

Fanout         Cap        Slew       Delay        Time   Description
---------------------------------------------------------------------------------------------
                      0.000000    0.000000    0.000000   clock clk (rise edge)
                                  0.000000    0.000000   clock network delay (ideal)
                                  5.000000    5.000000 ^ input external delay
     1    0.004133    0.041233    0.022806    5.022806 ^ inputs[17] (in)
                                                         inputs[17] (net)
                      0.041233    0.000000    5.022806 ^ input9/A (sky130_fd_sc_hd__clkbuf_2)
     1    0.019027    0.171302    0.253602    5.276407 ^ input9/X (sky130_fd_sc_hd__clkbuf_2)
                                                         net9 (net)
                      0.171302    0.000214    5.276621 ^ _081_/A (sky130_fd_sc_hd__xor2_4)
     4    0.023123    0.096751    0.222610    5.499231 v _081_/X (sky130_fd_sc_hd__xor2_4)
                                                         _045_ (net)
                      0.096752    0.000468    5.499699 v _108_/B (sky130_fd_sc_hd__xor2_1)
     1    0.004279    0.078750    0.285537    5.785236 v _108_/X (sky130_fd_sc_hd__xor2_1)
                                                         net41 (net)
                      0.078750    0.000063    5.785299 v output41/A (sky130_fd_sc_hd__buf_2)
     1    0.033926    0.164369    0.347817    6.133115 v output41/X (sky130_fd_sc_hd__buf_2)
                                                         outputs[17] (net)
                      0.164369    0.000187    6.133302 v outputs[17] (out)
                                              6.133302   data arrival time

                      0.000000    0.000000    0.000000   clock clk (rise edge)
                                  0.000000    0.000000   clock network delay (ideal)
                                  0.250000    0.250000   clock uncertainty
                                  0.000000    0.250000   clock reconvergence pessimism
                                 -5.000000   -4.750000   output external delay
                                             -4.750000   data required time
---------------------------------------------------------------------------------------------
                                             -4.750000   data required time
                                             -6.133302   data arrival time
---------------------------------------------------------------------------------------------
                                             10.883302   slack (MET)


Startpoint: inputs[20] (input port clocked by clk)
Endpoint: outputs[20] (output port clocked by clk)
Path Group: clk
Path Type: min

Fanout         Cap        Slew       Delay        Time   Description
---------------------------------------------------------------------------------------------
                      0.000000    0.000000    0.000000   clock clk (rise edge)
                                  0.000000    0.000000   clock network delay (ideal)
                                  5.000000    5.000000 ^ input external delay
     1    0.003261    0.035320    0.018206    5.018207 ^ inputs[20] (in)
                                                         inputs[20] (net)
                      0.035320    0.000000    5.018207 ^ input13/A (sky130_fd_sc_hd__buf_1)
     1    0.009388    0.189928    0.220818    5.239024 ^ input13/X (sky130_fd_sc_hd__buf_1)
                                                         net13 (net)
                      0.189928    0.000084    5.239108 ^ _053_/A (sky130_fd_sc_hd__xnor2_2)
     1    0.019354    0.172581    0.332422    5.571529 ^ _053_/Y (sky130_fd_sc_hd__xnor2_2)
                                                         _029_ (net)
                      0.172581    0.000449    5.571978 ^ _055_/B (sky130_fd_sc_hd__xnor2_4)
     4    0.020432    0.125936    0.199669    5.771647 v _055_/Y (sky130_fd_sc_hd__xnor2_4)
                                                         net45 (net)
                      0.125936    0.000126    5.771773 v output45/A (sky130_fd_sc_hd__buf_2)
     1    0.034271    0.165845    0.371552    6.143325 v output45/X (sky130_fd_sc_hd__buf_2)
                                                         outputs[20] (net)
                      0.165845    0.000345    6.143670 v outputs[20] (out)
                                              6.143670   data arrival time

                      0.000000    0.000000    0.000000   clock clk (rise edge)
                                  0.000000    0.000000   clock network delay (ideal)
                                  0.250000    0.250000   clock uncertainty
                                  0.000000    0.250000   clock reconvergence pessimism
                                 -5.000000   -4.750000   output external delay
                                             -4.750000   data required time
---------------------------------------------------------------------------------------------
                                             -4.750000   data required time
                                             -6.143670   data arrival time
---------------------------------------------------------------------------------------------
                                             10.893670   slack (MET)


Startpoint: inputs[24] (input port clocked by clk)
Endpoint: outputs[24] (output port clocked by clk)
Path Group: clk
Path Type: min

Fanout         Cap        Slew       Delay        Time   Description
---------------------------------------------------------------------------------------------
                      0.000000    0.000000    0.000000   clock clk (rise edge)
                                  0.000000    0.000000   clock network delay (ideal)
                                  5.000000    5.000000 ^ input external delay
     1    0.003070    0.034042    0.017200    5.017200 ^ inputs[24] (in)
                                                         inputs[24] (net)
                      0.034042    0.000000    5.017200 ^ input17/A (sky130_fd_sc_hd__buf_1)
     1    0.009562    0.197419    0.222549    5.239749 ^ input17/X (sky130_fd_sc_hd__buf_1)
                                                         net17 (net)
                      0.197419    0.000081    5.239830 ^ _050_/A (sky130_fd_sc_hd__xor2_2)
     2    0.013931    0.101600    0.239435    5.479265 v _050_/X (sky130_fd_sc_hd__xor2_2)
                                                         _028_ (net)
                      0.101600    0.000172    5.479437 v _051_/B (sky130_fd_sc_hd__xor2_2)
     3    0.015502    0.107936    0.325675    5.805112 v _051_/X (sky130_fd_sc_hd__xor2_2)
                                                         net49 (net)
                      0.107936    0.000382    5.805493 v output49/A (sky130_fd_sc_hd__buf_2)
     1    0.033867    0.164166    0.361704    6.167197 v output49/X (sky130_fd_sc_hd__buf_2)
                                                         outputs[24] (net)
                      0.164166    0.000163    6.167361 v outputs[24] (out)
                                              6.167361   data arrival time

                      0.000000    0.000000    0.000000   clock clk (rise edge)
                                  0.000000    0.000000   clock network delay (ideal)
                                  0.250000    0.250000   clock uncertainty
                                  0.000000    0.250000   clock reconvergence pessimism
                                 -5.000000   -4.750000   output external delay
                                             -4.750000   data required time
---------------------------------------------------------------------------------------------
                                             -4.750000   data required time
                                             -6.167361   data arrival time
---------------------------------------------------------------------------------------------
                                             10.917360   slack (MET)


Startpoint: inputs[5] (input port clocked by clk)
Endpoint: outputs[5] (output port clocked by clk)
Path Group: clk
Path Type: min

Fanout         Cap        Slew       Delay        Time   Description
---------------------------------------------------------------------------------------------
                      0.000000    0.000000    0.000000   clock clk (rise edge)
                                  0.000000    0.000000   clock network delay (ideal)
                                  5.000000    5.000000 ^ input external delay
     1    0.002637    0.031181    0.014917    5.014917 ^ inputs[5] (in)
                                                         inputs[5] (net)
                      0.031181    0.000000    5.014917 ^ input28/A (sky130_fd_sc_hd__dlymetal6s2s_1)
     3    0.017845    0.297076    0.307793    5.322710 ^ input28/X (sky130_fd_sc_hd__dlymetal6s2s_1)
                                                         net28 (net)
                      0.297076    0.000216    5.322926 ^ _121_/B (sky130_fd_sc_hd__xnor2_1)
     1    0.004972    0.103537    0.302718    5.625644 ^ _121_/Y (sky130_fd_sc_hd__xnor2_1)
                                                         _024_ (net)
                      0.103537    0.000045    5.625689 ^ _122_/B (sky130_fd_sc_hd__xnor2_1)
     2    0.007477    0.141021    0.184302    5.809991 v _122_/Y (sky130_fd_sc_hd__xnor2_1)
                                                         net60 (net)
                      0.141021    0.000018    5.810009 v output60/A (sky130_fd_sc_hd__buf_2)
     1    0.033997    0.164733    0.378057    6.188066 v output60/X (sky130_fd_sc_hd__buf_2)
                                                         outputs[5] (net)
                      0.164733    0.000189    6.188255 v outputs[5] (out)
                                              6.188255   data arrival time

                      0.000000    0.000000    0.000000   clock clk (rise edge)
                                  0.000000    0.000000   clock network delay (ideal)
                                  0.250000    0.250000   clock uncertainty
                                  0.000000    0.250000   clock reconvergence pessimism
                                 -5.000000   -4.750000   output external delay
                                             -4.750000   data required time
---------------------------------------------------------------------------------------------
                                             -4.750000   data required time
                                             -6.188255   data arrival time
---------------------------------------------------------------------------------------------
                                             10.938255   slack (MET)


Startpoint: inputs[18] (input port clocked by clk)
Endpoint: outputs[18] (output port clocked by clk)
Path Group: clk
Path Type: min

Fanout         Cap        Slew       Delay        Time   Description
---------------------------------------------------------------------------------------------
                      0.000000    0.000000    0.000000   clock clk (rise edge)
                                  0.000000    0.000000   clock network delay (ideal)
                                  5.000000    5.000000 ^ input external delay
     1    0.002913    0.033000    0.016369    5.016369 ^ inputs[18] (in)
                                                         inputs[18] (net)
                      0.033000    0.000000    5.016369 ^ input10/A (sky130_fd_sc_hd__buf_1)
     1    0.009276    0.192216    0.218362    5.234731 ^ input10/X (sky130_fd_sc_hd__buf_1)
                                                         net10 (net)
                      0.192216    0.000081    5.234812 ^ _061_/A (sky130_fd_sc_hd__xnor2_2)
     3    0.020581    0.181467    0.340001    5.574813 ^ _061_/Y (sky130_fd_sc_hd__xnor2_2)
                                                         _033_ (net)
                      0.181467    0.000188    5.575002 ^ _072_/B (sky130_fd_sc_hd__xnor2_1)
     2    0.009499    0.171303    0.237938    5.812939 v _072_/Y (sky130_fd_sc_hd__xnor2_1)
                                                         net42 (net)
                      0.171303    0.000111    5.813050 v output42/A (sky130_fd_sc_hd__buf_2)
     1    0.034256    0.165845    0.393380    6.206430 v output42/X (sky130_fd_sc_hd__buf_2)
                                                         outputs[18] (net)
                      0.165845    0.000345    6.206775 v outputs[18] (out)
                                              6.206775   data arrival time

                      0.000000    0.000000    0.000000   clock clk (rise edge)
                                  0.000000    0.000000   clock network delay (ideal)
                                  0.250000    0.250000   clock uncertainty
                                  0.000000    0.250000   clock reconvergence pessimism
                                 -5.000000   -4.750000   output external delay
                                             -4.750000   data required time
---------------------------------------------------------------------------------------------
                                             -4.750000   data required time
                                             -6.206775   data arrival time
---------------------------------------------------------------------------------------------
                                             10.956776   slack (MET)


Startpoint: inputs[8] (input port clocked by clk)
Endpoint: outputs[12] (output port clocked by clk)
Path Group: clk
Path Type: min

Fanout         Cap        Slew       Delay        Time   Description
---------------------------------------------------------------------------------------------
                      0.000000    0.000000    0.000000   clock clk (rise edge)
                                  0.000000    0.000000   clock network delay (ideal)
                                  5.000000    5.000000 ^ input external delay
     1    0.003643    0.037890    0.020210    5.020210 ^ inputs[8] (in)
                                                         inputs[8] (net)
                      0.037890    0.000000    5.020210 ^ input31/A (sky130_fd_sc_hd__clkbuf_2)
     2    0.025438    0.223151    0.288707    5.308918 ^ input31/X (sky130_fd_sc_hd__clkbuf_2)
                                                         net31 (net)
                      0.223151    0.000186    5.309103 ^ _052_/B (sky130_fd_sc_hd__xor2_4)
     4    0.023501    0.097579    0.232336    5.541440 v _052_/X (sky130_fd_sc_hd__xor2_4)
                                                         net63 (net)
                      0.097579    0.000257    5.541697 v _059_/A (sky130_fd_sc_hd__xnor2_1)
     2    0.009397    0.169786    0.302709    5.844406 v _059_/Y (sky130_fd_sc_hd__xnor2_1)
                                                         net36 (net)
                      0.169786    0.000138    5.844543 v output36/A (sky130_fd_sc_hd__buf_2)
     1    0.034942    0.168593    0.394764    6.239307 v output36/X (sky130_fd_sc_hd__buf_2)
                                                         outputs[12] (net)
                      0.168593    0.000459    6.239766 v outputs[12] (out)
                                              6.239766   data arrival time

                      0.000000    0.000000    0.000000   clock clk (rise edge)
                                  0.000000    0.000000   clock network delay (ideal)
                                  0.250000    0.250000   clock uncertainty
                                  0.000000    0.250000   clock reconvergence pessimism
                                 -5.000000   -4.750000   output external delay
                                             -4.750000   data required time
---------------------------------------------------------------------------------------------
                                             -4.750000   data required time
                                             -6.239766   data arrival time
---------------------------------------------------------------------------------------------
                                             10.989766   slack (MET)


Startpoint: inputs[10] (input port clocked by clk)
Endpoint: outputs[10] (output port clocked by clk)
Path Group: clk
Path Type: min

Fanout         Cap        Slew       Delay        Time   Description
---------------------------------------------------------------------------------------------
                      0.000000    0.000000    0.000000   clock clk (rise edge)
                                  0.000000    0.000000   clock network delay (ideal)
                                  5.000000    5.000000 ^ input external delay
     1    0.003725    0.038446    0.020659    5.020659 ^ inputs[10] (in)
                                                         inputs[10] (net)
                      0.038446    0.000000    5.020659 ^ input2/A (sky130_fd_sc_hd__buf_1)
     2    0.010753    0.219035    0.239982    5.260642 ^ input2/X (sky130_fd_sc_hd__buf_1)
                                                         net2 (net)
                      0.219035    0.000085    5.260726 ^ _073_/B (sky130_fd_sc_hd__xnor2_1)
     1    0.012213    0.207222    0.355481    5.616208 ^ _073_/Y (sky130_fd_sc_hd__xnor2_1)
                                                         _041_ (net)
                      0.207222    0.000315    5.616523 ^ _074_/B (sky130_fd_sc_hd__xnor2_2)
     3    0.015173    0.162452    0.238407    5.854930 v _074_/Y (sky130_fd_sc_hd__xnor2_2)
                                                         net34 (net)
                      0.162452    0.000222    5.855152 v output34/A (sky130_fd_sc_hd__buf_2)
     1    0.035961    0.172703    0.394298    6.249451 v output34/X (sky130_fd_sc_hd__buf_2)
                                                         outputs[10] (net)
                      0.172704    0.000735    6.250185 v outputs[10] (out)
                                              6.250185   data arrival time

                      0.000000    0.000000    0.000000   clock clk (rise edge)
                                  0.000000    0.000000   clock network delay (ideal)
                                  0.250000    0.250000   clock uncertainty
                                  0.000000    0.250000   clock reconvergence pessimism
                                 -5.000000   -4.750000   output external delay
                                             -4.750000   data required time
---------------------------------------------------------------------------------------------
                                             -4.750000   data required time
                                             -6.250185   data arrival time
---------------------------------------------------------------------------------------------
                                             11.000185   slack (MET)


Startpoint: inputs[6] (input port clocked by clk)
Endpoint: outputs[7] (output port clocked by clk)
Path Group: clk
Path Type: min

Fanout         Cap        Slew       Delay        Time   Description
---------------------------------------------------------------------------------------------
                      0.000000    0.000000    0.000000   clock clk (rise edge)
                                  0.000000    0.000000   clock network delay (ideal)
                                  5.000000    5.000000 ^ input external delay
     1    0.003184    0.034800    0.017800    5.017800 ^ inputs[6] (in)
                                                         inputs[6] (net)
                      0.034800    0.000000    5.017800 ^ input29/A (sky130_fd_sc_hd__clkbuf_2)
     3    0.019592    0.175903    0.253956    5.271756 ^ input29/X (sky130_fd_sc_hd__clkbuf_2)
                                                         net29 (net)
                      0.175903    0.000175    5.271932 ^ _078_/B (sky130_fd_sc_hd__xor2_2)
     2    0.013372    0.099365    0.215756    5.487688 v _078_/X (sky130_fd_sc_hd__xor2_2)
                                                         _044_ (net)
                      0.099365    0.000381    5.488069 v _124_/A (sky130_fd_sc_hd__xnor2_1)
     1    0.004842    0.106161    0.304302    5.792371 ^ _124_/Y (sky130_fd_sc_hd__xnor2_1)
                                                         _026_ (net)
                      0.106161    0.000024    5.792395 ^ _125_/B (sky130_fd_sc_hd__xnor2_1)
     1    0.002586    0.069575    0.127594    5.919989 v _125_/Y (sky130_fd_sc_hd__xnor2_1)
                                                         net62 (net)
                      0.069575    0.000028    5.920018 v output62/A (sky130_fd_sc_hd__buf_2)
     1    0.034457    0.166582    0.345168    6.265185 v output62/X (sky130_fd_sc_hd__buf_2)
                                                         outputs[7] (net)
                      0.166582    0.000398    6.265584 v outputs[7] (out)
                                              6.265584   data arrival time

                      0.000000    0.000000    0.000000   clock clk (rise edge)
                                  0.000000    0.000000   clock network delay (ideal)
                                  0.250000    0.250000   clock uncertainty
                                  0.000000    0.250000   clock reconvergence pessimism
                                 -5.000000   -4.750000   output external delay
                                             -4.750000   data required time
---------------------------------------------------------------------------------------------
                                             -4.750000   data required time
                                             -6.265584   data arrival time
---------------------------------------------------------------------------------------------
                                             11.015583   slack (MET)


Startpoint: inputs[19] (input port clocked by clk)
Endpoint: outputs[19] (output port clocked by clk)
Path Group: clk
Path Type: min

Fanout         Cap        Slew       Delay        Time   Description
---------------------------------------------------------------------------------------------
                      0.000000    0.000000    0.000000   clock clk (rise edge)
                                  0.000000    0.000000   clock network delay (ideal)
                                  5.000000    5.000000 ^ input external delay
     1    0.002502    0.030287    0.014194    5.014194 ^ inputs[19] (in)
                                                         inputs[19] (net)
                      0.030287    0.000000    5.014194 ^ input11/A (sky130_fd_sc_hd__buf_1)
     1    0.009662    0.199221    0.222119    5.236314 ^ input11/X (sky130_fd_sc_hd__buf_1)
                                                         net11 (net)
                      0.199221    0.000072    5.236386 ^ _088_/A (sky130_fd_sc_hd__xnor2_2)
     3    0.015418    0.144102    0.314862    5.551249 ^ _088_/Y (sky130_fd_sc_hd__xnor2_2)
                                                         _003_ (net)
                      0.144102    0.000147    5.551396 ^ _106_/B (sky130_fd_sc_hd__xor2_1)
     1    0.004899    0.082945    0.172320    5.723716 v _106_/X (sky130_fd_sc_hd__xor2_1)
                                                         _015_ (net)
                      0.082945    0.000052    5.723767 v _107_/B (sky130_fd_sc_hd__xnor2_1)
     1    0.002761    0.074662    0.207260    5.931027 v _107_/Y (sky130_fd_sc_hd__xnor2_1)
                                                         net43 (net)
                      0.074662    0.000025    5.931053 v output43/A (sky130_fd_sc_hd__buf_2)
     1    0.033930    0.164405    0.345961    6.277014 v output43/X (sky130_fd_sc_hd__buf_2)
                                                         outputs[19] (net)
                      0.164405    0.000181    6.277195 v outputs[19] (out)
                                              6.277195   data arrival time

                      0.000000    0.000000    0.000000   clock clk (rise edge)
                                  0.000000    0.000000   clock network delay (ideal)
                                  0.250000    0.250000   clock uncertainty
                                  0.000000    0.250000   clock reconvergence pessimism
                                 -5.000000   -4.750000   output external delay
                                             -4.750000   data required time
---------------------------------------------------------------------------------------------
                                             -4.750000   data required time
                                             -6.277195   data arrival time
---------------------------------------------------------------------------------------------
                                             11.027196   slack (MET)


Startpoint: inputs[9] (input port clocked by clk)
Endpoint: outputs[11] (output port clocked by clk)
Path Group: clk
Path Type: min

Fanout         Cap        Slew       Delay        Time   Description
---------------------------------------------------------------------------------------------
                      0.000000    0.000000    0.000000   clock clk (rise edge)
                                  0.000000    0.000000   clock network delay (ideal)
                                  5.000000    5.000000 ^ input external delay
     1    0.004289    0.042301    0.023636    5.023636 ^ inputs[9] (in)
                                                         inputs[9] (net)
                      0.042301    0.000000    5.023636 ^ input32/A (sky130_fd_sc_hd__clkbuf_2)
     2    0.018513    0.167132    0.251198    5.274834 ^ input32/X (sky130_fd_sc_hd__clkbuf_2)
                                                         net32 (net)
                      0.167132    0.000128    5.274962 ^ _109_/B (sky130_fd_sc_hd__xor2_2)
     3    0.017005    0.114056    0.234491    5.509453 v _109_/X (sky130_fd_sc_hd__xor2_2)
                                                         _016_ (net)
                      0.114056    0.000273    5.509726 v _118_/A (sky130_fd_sc_hd__xnor2_1)
     1    0.004941    0.104775    0.313186    5.822912 ^ _118_/Y (sky130_fd_sc_hd__xnor2_1)
                                                         _023_ (net)
                      0.104775    0.000048    5.822960 ^ _119_/B (sky130_fd_sc_hd__xnor2_1)
     1    0.002741    0.071690    0.129019    5.951979 v _119_/Y (sky130_fd_sc_hd__xnor2_1)
                                                         net35 (net)
                      0.071690    0.000030    5.952008 v output35/A (sky130_fd_sc_hd__buf_2)
     1    0.034504    0.166761    0.346279    6.298287 v output35/X (sky130_fd_sc_hd__buf_2)
                                                         outputs[11] (net)
                      0.166761    0.000410    6.298697 v outputs[11] (out)
                                              6.298697   data arrival time

                      0.000000    0.000000    0.000000   clock clk (rise edge)
                                  0.000000    0.000000   clock network delay (ideal)
                                  0.250000    0.250000   clock uncertainty
                                  0.000000    0.250000   clock reconvergence pessimism
                                 -5.000000   -4.750000   output external delay
                                             -4.750000   data required time
---------------------------------------------------------------------------------------------
                                             -4.750000   data required time
                                             -6.298697   data arrival time
---------------------------------------------------------------------------------------------
                                             11.048697   slack (MET)


Startpoint: inputs[26] (input port clocked by clk)
Endpoint: outputs[26] (output port clocked by clk)
Path Group: clk
Path Type: min

Fanout         Cap        Slew       Delay        Time   Description
---------------------------------------------------------------------------------------------
                      0.000000    0.000000    0.000000   clock clk (rise edge)
                                  0.000000    0.000000   clock network delay (ideal)
                                  5.000000    5.000000 ^ input external delay
     1    0.003126    0.034414    0.017498    5.017498 ^ inputs[26] (in)
                                                         inputs[26] (net)
                      0.034414    0.000000    5.017498 ^ input19/A (sky130_fd_sc_hd__clkbuf_1)
     1    0.004897    0.112710    0.162180    5.179677 ^ input19/X (sky130_fd_sc_hd__clkbuf_1)
                                                         net19 (net)
                      0.112710    0.000025    5.179703 ^ _062_/A (sky130_fd_sc_hd__xnor2_1)
     1    0.009354    0.164930    0.287273    5.466976 ^ _062_/Y (sky130_fd_sc_hd__xnor2_1)
                                                         _034_ (net)
                      0.164930    0.000112    5.467088 ^ _063_/B (sky130_fd_sc_hd__xnor2_2)
     2    0.012554    0.123566    0.276909    5.743997 ^ _063_/Y (sky130_fd_sc_hd__xnor2_2)
                                                         _035_ (net)
                      0.123566    0.000258    5.744255 ^ _069_/B (sky130_fd_sc_hd__xnor2_1)
     2    0.007239    0.137787    0.189266    5.933520 v _069_/Y (sky130_fd_sc_hd__xnor2_1)
                                                         net51 (net)
                      0.137787    0.000083    5.933603 v output51/A (sky130_fd_sc_hd__buf_2)
     1    0.034051    0.164952    0.376648    6.310251 v output51/X (sky130_fd_sc_hd__buf_2)
                                                         outputs[26] (net)
                      0.164952    0.000221    6.310472 v outputs[26] (out)
                                              6.310472   data arrival time

                      0.000000    0.000000    0.000000   clock clk (rise edge)
                                  0.000000    0.000000   clock network delay (ideal)
                                  0.250000    0.250000   clock uncertainty
                                  0.000000    0.250000   clock reconvergence pessimism
                                 -5.000000   -4.750000   output external delay
                                             -4.750000   data required time
---------------------------------------------------------------------------------------------
                                             -4.750000   data required time
                                             -6.310472   data arrival time
---------------------------------------------------------------------------------------------
                                             11.060472   slack (MET)


Startpoint: inputs[25] (input port clocked by clk)
Endpoint: outputs[25] (output port clocked by clk)
Path Group: clk
Path Type: min

Fanout         Cap        Slew       Delay        Time   Description
---------------------------------------------------------------------------------------------
                      0.000000    0.000000    0.000000   clock clk (rise edge)
                                  0.000000    0.000000   clock network delay (ideal)
                                  5.000000    5.000000 ^ input external delay
     1    0.002755    0.031960    0.015535    5.015535 ^ inputs[25] (in)
                                                         inputs[25] (net)
                      0.031960    0.000000    5.015535 ^ input18/A (sky130_fd_sc_hd__buf_1)
     1    0.009409    0.190311    0.219561    5.235096 ^ input18/X (sky130_fd_sc_hd__buf_1)
                                                         net18 (net)
                      0.190311    0.000089    5.235185 ^ _084_/A (sky130_fd_sc_hd__xnor2_2)
     2    0.012683    0.124496    0.296765    5.531949 ^ _084_/Y (sky130_fd_sc_hd__xnor2_2)
                                                         _048_ (net)
                      0.124496    0.000306    5.532256 ^ _098_/B (sky130_fd_sc_hd__xnor2_1)
     2    0.010439    0.181017    0.296636    5.828892 ^ _098_/Y (sky130_fd_sc_hd__xnor2_1)
                                                         _011_ (net)
                      0.181017    0.000120    5.829012 ^ _101_/B (sky130_fd_sc_hd__xor2_1)
     1    0.002457    0.064943    0.160437    5.989450 v _101_/X (sky130_fd_sc_hd__xor2_1)
                                                         net50 (net)
                      0.064943    0.000028    5.989477 v output50/A (sky130_fd_sc_hd__buf_2)
     1    0.033925    0.164436    0.341480    6.330957 v output50/X (sky130_fd_sc_hd__buf_2)
                                                         outputs[25] (net)
                      0.164436    0.000195    6.331152 v outputs[25] (out)
                                              6.331152   data arrival time

                      0.000000    0.000000    0.000000   clock clk (rise edge)
                                  0.000000    0.000000   clock network delay (ideal)
                                  0.250000    0.250000   clock uncertainty
                                  0.000000    0.250000   clock reconvergence pessimism
                                 -5.000000   -4.750000   output external delay
                                             -4.750000   data required time
---------------------------------------------------------------------------------------------
                                             -4.750000   data required time
                                             -6.331152   data arrival time
---------------------------------------------------------------------------------------------
                                             11.081152   slack (MET)


Startpoint: inputs[6] (input port clocked by clk)
Endpoint: outputs[14] (output port clocked by clk)
Path Group: clk
Path Type: min

Fanout         Cap        Slew       Delay        Time   Description
---------------------------------------------------------------------------------------------
                      0.000000    0.000000    0.000000   clock clk (rise edge)
                                  0.000000    0.000000   clock network delay (ideal)
                                  5.000000    5.000000 ^ input external delay
     1    0.003184    0.034800    0.017800    5.017800 ^ inputs[6] (in)
                                                         inputs[6] (net)
                      0.034800    0.000000    5.017800 ^ input29/A (sky130_fd_sc_hd__clkbuf_2)
     3    0.019592    0.175903    0.253956    5.271756 ^ input29/X (sky130_fd_sc_hd__clkbuf_2)
                                                         net29 (net)
                      0.175903    0.000237    5.271993 ^ _075_/A (sky130_fd_sc_hd__xor2_1)
     1    0.007530    0.102368    0.219248    5.491241 v _075_/X (sky130_fd_sc_hd__xor2_1)
                                                         _042_ (net)
                      0.102368    0.000171    5.491411 v _076_/B (sky130_fd_sc_hd__xnor2_1)
     1    0.004736    0.100274    0.273487    5.764898 ^ _076_/Y (sky130_fd_sc_hd__xnor2_1)
                                                         _043_ (net)
                      0.100274    0.000041    5.764939 ^ _077_/B (sky130_fd_sc_hd__xor2_1)
     2    0.009626    0.116884    0.205076    5.970016 v _077_/X (sky130_fd_sc_hd__xor2_1)
                                                         net38 (net)
                      0.116884    0.000240    5.970255 v output38/A (sky130_fd_sc_hd__buf_2)
     1    0.034490    0.166717    0.367842    6.338098 v output38/X (sky130_fd_sc_hd__buf_2)
                                                         outputs[14] (net)
                      0.166717    0.000409    6.338507 v outputs[14] (out)
                                              6.338507   data arrival time

                      0.000000    0.000000    0.000000   clock clk (rise edge)
                                  0.000000    0.000000   clock network delay (ideal)
                                  0.250000    0.250000   clock uncertainty
                                  0.000000    0.250000   clock reconvergence pessimism
                                 -5.000000   -4.750000   output external delay
                                             -4.750000   data required time
---------------------------------------------------------------------------------------------
                                             -4.750000   data required time
                                             -6.338507   data arrival time
---------------------------------------------------------------------------------------------
                                             11.088508   slack (MET)


Startpoint: inputs[20] (input port clocked by clk)
Endpoint: outputs[22] (output port clocked by clk)
Path Group: clk
Path Type: min

Fanout         Cap        Slew       Delay        Time   Description
---------------------------------------------------------------------------------------------
                      0.000000    0.000000    0.000000   clock clk (rise edge)
                                  0.000000    0.000000   clock network delay (ideal)
                                  5.000000    5.000000 ^ input external delay
     1    0.003261    0.035320    0.018206    5.018207 ^ inputs[20] (in)
                                                         inputs[20] (net)
                      0.035320    0.000000    5.018207 ^ input13/A (sky130_fd_sc_hd__buf_1)
     1    0.009388    0.189928    0.220818    5.239024 ^ input13/X (sky130_fd_sc_hd__buf_1)
                                                         net13 (net)
                      0.189928    0.000084    5.239108 ^ _053_/A (sky130_fd_sc_hd__xnor2_2)
     1    0.019354    0.172581    0.332422    5.571529 ^ _053_/Y (sky130_fd_sc_hd__xnor2_2)
                                                         _029_ (net)
                      0.172581    0.000449    5.571978 ^ _055_/B (sky130_fd_sc_hd__xnor2_4)
     4    0.021757    0.125932    0.286001    5.857979 ^ _055_/Y (sky130_fd_sc_hd__xnor2_4)
                                                         net45 (net)
                      0.125932    0.000162    5.858141 ^ _071_/A (sky130_fd_sc_hd__xor2_1)
     1    0.002415    0.064658    0.143949    6.002090 v _071_/X (sky130_fd_sc_hd__xor2_1)
                                                         net47 (net)
                      0.064658    0.000024    6.002114 v output47/A (sky130_fd_sc_hd__buf_2)
     1    0.034329    0.166087    0.342532    6.344647 v output47/X (sky130_fd_sc_hd__buf_2)
                                                         outputs[22] (net)
                      0.166087    0.000357    6.345004 v outputs[22] (out)
                                              6.345004   data arrival time

                      0.000000    0.000000    0.000000   clock clk (rise edge)
                                  0.000000    0.000000   clock network delay (ideal)
                                  0.250000    0.250000   clock uncertainty
                                  0.000000    0.250000   clock reconvergence pessimism
                                 -5.000000   -4.750000   output external delay
                                             -4.750000   data required time
---------------------------------------------------------------------------------------------
                                             -4.750000   data required time
                                             -6.345004   data arrival time
---------------------------------------------------------------------------------------------
                                             11.095004   slack (MET)


Startpoint: inputs[13] (input port clocked by clk)
Endpoint: outputs[13] (output port clocked by clk)
Path Group: clk
Path Type: min

Fanout         Cap        Slew       Delay        Time   Description
---------------------------------------------------------------------------------------------
                      0.000000    0.000000    0.000000   clock clk (rise edge)
                                  0.000000    0.000000   clock network delay (ideal)
                                  5.000000    5.000000 v input external delay
     1    0.003108    0.019644    0.010192    5.010192 v inputs[13] (in)
                                                         inputs[13] (net)
                      0.019644    0.000000    5.010192 v input5/A (sky130_fd_sc_hd__buf_1)
     2    0.010907    0.134290    0.206405    5.216597 v input5/X (sky130_fd_sc_hd__buf_1)
                                                         net5 (net)
                      0.134290    0.000169    5.216766 v _110_/B (sky130_fd_sc_hd__xor2_1)
     1    0.004963    0.228184    0.283007    5.499774 ^ _110_/X (sky130_fd_sc_hd__xor2_1)
                                                         _017_ (net)
                      0.228184    0.000049    5.499823 ^ _111_/B (sky130_fd_sc_hd__xnor2_1)
     2    0.010620    0.183845    0.342173    5.841996 ^ _111_/Y (sky130_fd_sc_hd__xnor2_1)
                                                         _018_ (net)
                      0.183845    0.000078    5.842073 ^ _117_/B (sky130_fd_sc_hd__xnor2_1)
     1    0.002843    0.075786    0.159929    6.002002 v _117_/Y (sky130_fd_sc_hd__xnor2_1)
                                                         net37 (net)
                      0.075786    0.000031    6.002033 v output37/A (sky130_fd_sc_hd__buf_2)
     1    0.034498    0.166716    0.348135    6.350168 v output37/X (sky130_fd_sc_hd__buf_2)
                                                         outputs[13] (net)
                      0.166716    0.000410    6.350578 v outputs[13] (out)
                                              6.350578   data arrival time

                      0.000000    0.000000    0.000000   clock clk (rise edge)
                                  0.000000    0.000000   clock network delay (ideal)
                                  0.250000    0.250000   clock uncertainty
                                  0.000000    0.250000   clock reconvergence pessimism
                                 -5.000000   -4.750000   output external delay
                                             -4.750000   data required time
---------------------------------------------------------------------------------------------
                                             -4.750000   data required time
                                             -6.350578   data arrival time
---------------------------------------------------------------------------------------------
                                             11.100578   slack (MET)


Startpoint: inputs[28] (input port clocked by clk)
Endpoint: outputs[28] (output port clocked by clk)
Path Group: clk
Path Type: min

Fanout         Cap        Slew       Delay        Time   Description
---------------------------------------------------------------------------------------------
                      0.000000    0.000000    0.000000   clock clk (rise edge)
                                  0.000000    0.000000   clock network delay (ideal)
                                  5.000000    5.000000 ^ input external delay
     1    0.004690    0.045068    0.025754    5.025754 ^ inputs[28] (in)
                                                         inputs[28] (net)
                      0.045068    0.000000    5.025754 ^ input21/A (sky130_fd_sc_hd__clkbuf_1)
     1    0.006033    0.129437    0.181672    5.207427 ^ input21/X (sky130_fd_sc_hd__clkbuf_1)
                                                         net21 (net)
                      0.129437    0.000088    5.207515 ^ _054_/A (sky130_fd_sc_hd__xor2_1)
     1    0.005754    0.088993    0.182252    5.389766 v _054_/X (sky130_fd_sc_hd__xor2_1)
                                                         _030_ (net)
                      0.088993    0.000075    5.389841 v _056_/B (sky130_fd_sc_hd__xnor2_1)
     1    0.011634    0.203405    0.313371    5.703212 v _056_/Y (sky130_fd_sc_hd__xnor2_1)
                                                         _031_ (net)
                      0.203405    0.000311    5.703523 v _057_/B (sky130_fd_sc_hd__xnor2_2)
     3    0.011458    0.131511    0.338841    6.042363 v _057_/Y (sky130_fd_sc_hd__xnor2_2)
                                                         net53 (net)
                      0.131511    0.000069    6.042432 v output53/A (sky130_fd_sc_hd__buf_2)
     1    0.033870    0.164210    0.373082    6.415514 v output53/X (sky130_fd_sc_hd__buf_2)
                                                         outputs[28] (net)
                      0.164210    0.000163    6.415677 v outputs[28] (out)
                                              6.415677   data arrival time

                      0.000000    0.000000    0.000000   clock clk (rise edge)
                                  0.000000    0.000000   clock network delay (ideal)
                                  0.250000    0.250000   clock uncertainty
                                  0.000000    0.250000   clock reconvergence pessimism
                                 -5.000000   -4.750000   output external delay
                                             -4.750000   data required time
---------------------------------------------------------------------------------------------
                                             -4.750000   data required time
                                             -6.415677   data arrival time
---------------------------------------------------------------------------------------------
                                             11.165677   slack (MET)


Startpoint: inputs[15] (input port clocked by clk)
Endpoint: outputs[15] (output port clocked by clk)
Path Group: clk
Path Type: min

Fanout         Cap        Slew       Delay        Time   Description
---------------------------------------------------------------------------------------------
                      0.000000    0.000000    0.000000   clock clk (rise edge)
                                  0.000000    0.000000   clock network delay (ideal)
                                  5.000000    5.000000 ^ input external delay
     1    0.003077    0.034086    0.017239    5.017239 ^ inputs[15] (in)
                                                         inputs[15] (net)
                      0.034086    0.000000    5.017239 ^ input7/A (sky130_fd_sc_hd__buf_1)
     2    0.009626    0.198572    0.223391    5.240630 ^ input7/X (sky130_fd_sc_hd__buf_1)
                                                         net7 (net)
                      0.198572    0.000078    5.240707 ^ _113_/B (sky130_fd_sc_hd__xor2_1)
     1    0.005096    0.084264    0.197229    5.437936 v _113_/X (sky130_fd_sc_hd__xor2_1)
                                                         _020_ (net)
                      0.084264    0.000057    5.437994 v _114_/B (sky130_fd_sc_hd__xnor2_1)
     1    0.005733    0.116453    0.242768    5.680762 v _114_/Y (sky130_fd_sc_hd__xnor2_1)
                                                         _021_ (net)
                      0.116453    0.000079    5.680841 v _115_/B (sky130_fd_sc_hd__xnor2_1)
     1    0.004707    0.103499    0.278754    5.959596 ^ _115_/Y (sky130_fd_sc_hd__xnor2_1)
                                                         _022_ (net)
                      0.103499    0.000020    5.959616 ^ _116_/B (sky130_fd_sc_hd__xnor2_1)
     1    0.002145    0.063332    0.121098    6.080714 v _116_/Y (sky130_fd_sc_hd__xnor2_1)
                                                         net39 (net)
                      0.063332    0.000020    6.080734 v output39/A (sky130_fd_sc_hd__buf_2)
     1    0.034499    0.166782    0.342432    6.423166 v output39/X (sky130_fd_sc_hd__buf_2)
                                                         outputs[15] (net)
                      0.166782    0.000410    6.423576 v outputs[15] (out)
                                              6.423576   data arrival time

                      0.000000    0.000000    0.000000   clock clk (rise edge)
                                  0.000000    0.000000   clock network delay (ideal)
                                  0.250000    0.250000   clock uncertainty
                                  0.000000    0.250000   clock reconvergence pessimism
                                 -5.000000   -4.750000   output external delay
                                             -4.750000   data required time
---------------------------------------------------------------------------------------------
                                             -4.750000   data required time
                                             -6.423576   data arrival time
---------------------------------------------------------------------------------------------
                                             11.173576   slack (MET)


Startpoint: inputs[30] (input port clocked by clk)
Endpoint: outputs[30] (output port clocked by clk)
Path Group: clk
Path Type: min

Fanout         Cap        Slew       Delay        Time   Description
---------------------------------------------------------------------------------------------
                      0.000000    0.000000    0.000000   clock clk (rise edge)
                                  0.000000    0.000000   clock network delay (ideal)
                                  5.000000    5.000000 ^ input external delay
     1    0.003008    0.033633    0.016876    5.016876 ^ inputs[30] (in)
                                                         inputs[30] (net)
                      0.033633    0.000000    5.016876 ^ input24/A (sky130_fd_sc_hd__clkbuf_1)
     1    0.004872    0.108632    0.161488    5.178364 ^ input24/X (sky130_fd_sc_hd__clkbuf_1)
                                                         net24 (net)
                      0.108632    0.000044    5.178408 ^ _065_/A (sky130_fd_sc_hd__xor2_1)
     1    0.005699    0.088608    0.173727    5.352135 v _065_/X (sky130_fd_sc_hd__xor2_1)
                                                         _037_ (net)
                      0.088608    0.000079    5.352214 v _066_/B (sky130_fd_sc_hd__xnor2_1)
     1    0.006194    0.123154    0.250200    5.602414 v _066_/Y (sky130_fd_sc_hd__xnor2_1)
                                                         _038_ (net)
                      0.123154    0.000095    5.602509 v _067_/B (sky130_fd_sc_hd__xnor2_1)
     1    0.004663    0.102753    0.280478    5.882987 ^ _067_/Y (sky130_fd_sc_hd__xnor2_1)
                                                         _039_ (net)
                      0.102753    0.000020    5.883008 ^ _068_/B (sky130_fd_sc_hd__xnor2_1)
     2    0.006830    0.131306    0.176449    6.059456 v _068_/Y (sky130_fd_sc_hd__xnor2_1)
                                                         net56 (net)
                      0.131306    0.000069    6.059525 v output56/A (sky130_fd_sc_hd__buf_2)
     1    0.034005    0.164756    0.373392    6.432917 v output56/X (sky130_fd_sc_hd__buf_2)
                                                         outputs[30] (net)
                      0.164756    0.000199    6.433115 v outputs[30] (out)
                                              6.433115   data arrival time

                      0.000000    0.000000    0.000000   clock clk (rise edge)
                                  0.000000    0.000000   clock network delay (ideal)
                                  0.250000    0.250000   clock uncertainty
                                  0.000000    0.250000   clock reconvergence pessimism
                                 -5.000000   -4.750000   output external delay
                                             -4.750000   data required time
---------------------------------------------------------------------------------------------
                                             -4.750000   data required time
                                             -6.433115   data arrival time
---------------------------------------------------------------------------------------------
                                             11.183115   slack (MET)


Startpoint: inputs[21] (input port clocked by clk)
Endpoint: outputs[21] (output port clocked by clk)
Path Group: clk
Path Type: min

Fanout         Cap        Slew       Delay        Time   Description
---------------------------------------------------------------------------------------------
                      0.000000    0.000000    0.000000   clock clk (rise edge)
                                  0.000000    0.000000   clock network delay (ideal)
                                  5.000000    5.000000 ^ input external delay
     1    0.003135    0.034473    0.017539    5.017539 ^ inputs[21] (in)
                                                         inputs[21] (net)
                      0.034473    0.000000    5.017539 ^ input14/A (sky130_fd_sc_hd__clkbuf_1)
     1    0.008171    0.167945    0.204505    5.222044 ^ input14/X (sky130_fd_sc_hd__clkbuf_1)
                                                         net14 (net)
                      0.167945    0.000175    5.222219 ^ _082_/A (sky130_fd_sc_hd__xor2_1)
     1    0.006278    0.092842    0.202626    5.424845 v _082_/X (sky130_fd_sc_hd__xor2_1)
                                                         _046_ (net)
                      0.092842    0.000107    5.424952 v _083_/B (sky130_fd_sc_hd__xnor2_1)
     2    0.011053    0.194648    0.308560    5.733511 v _083_/Y (sky130_fd_sc_hd__xnor2_1)
                                                         _047_ (net)
                      0.194648    0.000213    5.733724 v _102_/B (sky130_fd_sc_hd__xnor2_1)
     2    0.007796    0.146516    0.319454    6.053179 v _102_/Y (sky130_fd_sc_hd__xnor2_1)
                                                         net46 (net)
                      0.146516    0.000102    6.053280 v output46/A (sky130_fd_sc_hd__buf_2)
     1    0.034256    0.165812    0.381427    6.434708 v output46/X (sky130_fd_sc_hd__buf_2)
                                                         outputs[21] (net)
                      0.165812    0.000345    6.435052 v outputs[21] (out)
                                              6.435052   data arrival time

                      0.000000    0.000000    0.000000   clock clk (rise edge)
                                  0.000000    0.000000   clock network delay (ideal)
                                  0.250000    0.250000   clock uncertainty
                                  0.000000    0.250000   clock reconvergence pessimism
                                 -5.000000   -4.750000   output external delay
                                             -4.750000   data required time
---------------------------------------------------------------------------------------------
                                             -4.750000   data required time
                                             -6.435052   data arrival time
---------------------------------------------------------------------------------------------
                                             11.185052   slack (MET)


Startpoint: inputs[27] (input port clocked by clk)
Endpoint: outputs[27] (output port clocked by clk)
Path Group: clk
Path Type: min

Fanout         Cap        Slew       Delay        Time   Description
---------------------------------------------------------------------------------------------
                      0.000000    0.000000    0.000000   clock clk (rise edge)
                                  0.000000    0.000000   clock network delay (ideal)
                                  5.000000    5.000000 ^ input external delay
     1    0.002712    0.031672    0.015304    5.015304 ^ inputs[27] (in)
                                                         inputs[27] (net)
                      0.031672    0.000000    5.015304 ^ input20/A (sky130_fd_sc_hd__clkbuf_1)
     1    0.005243    0.115265    0.165397    5.180701 ^ input20/X (sky130_fd_sc_hd__clkbuf_1)
                                                         net20 (net)
                      0.115265    0.000060    5.180761 ^ _089_/A (sky130_fd_sc_hd__xnor2_1)
     1    0.005116    0.105335    0.241905    5.422667 ^ _089_/Y (sky130_fd_sc_hd__xnor2_1)
                                                         _004_ (net)
                      0.105335    0.000056    5.422723 ^ _090_/B (sky130_fd_sc_hd__xnor2_1)
     2    0.010017    0.179901    0.284097    5.706820 ^ _090_/Y (sky130_fd_sc_hd__xnor2_1)
                                                         _005_ (net)
                      0.179901    0.000060    5.706880 ^ _099_/A (sky130_fd_sc_hd__xor2_1)
     1    0.005186    0.084933    0.195325    5.902205 v _099_/X (sky130_fd_sc_hd__xor2_1)
                                                         _012_ (net)
                      0.084933    0.000058    5.902262 v _100_/B (sky130_fd_sc_hd__xnor2_1)
     1    0.002349    0.069054    0.203201    6.105464 v _100_/Y (sky130_fd_sc_hd__xnor2_1)
                                                         net52 (net)
                      0.069054    0.000025    6.105489 v output52/A (sky130_fd_sc_hd__buf_2)
     1    0.033928    0.164427    0.343387    6.448875 v output52/X (sky130_fd_sc_hd__buf_2)
                                                         outputs[27] (net)
                      0.164427    0.000181    6.449056 v outputs[27] (out)
                                              6.449056   data arrival time

                      0.000000    0.000000    0.000000   clock clk (rise edge)
                                  0.000000    0.000000   clock network delay (ideal)
                                  0.250000    0.250000   clock uncertainty
                                  0.000000    0.250000   clock reconvergence pessimism
                                 -5.000000   -4.750000   output external delay
                                             -4.750000   data required time
---------------------------------------------------------------------------------------------
                                             -4.750000   data required time
                                             -6.449056   data arrival time
---------------------------------------------------------------------------------------------
                                             11.199057   slack (MET)


Startpoint: inputs[29] (input port clocked by clk)
Endpoint: outputs[29] (output port clocked by clk)
Path Group: clk
Path Type: min

Fanout         Cap        Slew       Delay        Time   Description
---------------------------------------------------------------------------------------------
                      0.000000    0.000000    0.000000   clock clk (rise edge)
                                  0.000000    0.000000   clock network delay (ideal)
                                  5.000000    5.000000 ^ input external delay
     1    0.003232    0.035124    0.018059    5.018059 ^ inputs[29] (in)
                                                         inputs[29] (net)
                      0.035124    0.000000    5.018059 ^ input22/A (sky130_fd_sc_hd__clkbuf_1)
     1    0.004849    0.111846    0.161885    5.179944 ^ input22/X (sky130_fd_sc_hd__clkbuf_1)
                                                         net22 (net)
                      0.111846    0.000042    5.179986 ^ _085_/A (sky130_fd_sc_hd__xor2_1)
     1    0.006061    0.091243    0.178868    5.358854 v _085_/X (sky130_fd_sc_hd__xor2_1)
                                                         _000_ (net)
                      0.091243    0.000106    5.358960 v _086_/B (sky130_fd_sc_hd__xnor2_1)
     1    0.005564    0.111575    0.289629    5.648589 ^ _086_/Y (sky130_fd_sc_hd__xnor2_1)
                                                         _001_ (net)
                      0.111575    0.000074    5.648662 ^ _087_/B (sky130_fd_sc_hd__xnor2_1)
     2    0.012166    0.206327    0.309320    5.957982 ^ _087_/Y (sky130_fd_sc_hd__xnor2_1)
                                                         _002_ (net)
                      0.206327    0.000218    5.958200 ^ _097_/B (sky130_fd_sc_hd__xor2_1)
     1    0.002031    0.061844    0.165942    6.124143 v _097_/X (sky130_fd_sc_hd__xor2_1)
                                                         net54 (net)
                      0.061844    0.000018    6.124161 v output54/A (sky130_fd_sc_hd__buf_2)
     1    0.034108    0.165174    0.340650    6.464811 v output54/X (sky130_fd_sc_hd__buf_2)
                                                         outputs[29] (net)
                      0.165174    0.000189    6.465000 v outputs[29] (out)
                                              6.465000   data arrival time

                      0.000000    0.000000    0.000000   clock clk (rise edge)
                                  0.000000    0.000000   clock network delay (ideal)
                                  0.250000    0.250000   clock uncertainty
                                  0.000000    0.250000   clock reconvergence pessimism
                                 -5.000000   -4.750000   output external delay
                                             -4.750000   data required time
---------------------------------------------------------------------------------------------
                                             -4.750000   data required time
                                             -6.465000   data arrival time
---------------------------------------------------------------------------------------------
                                             11.215001   slack (MET)


Startpoint: inputs[23] (input port clocked by clk)
Endpoint: outputs[23] (output port clocked by clk)
Path Group: clk
Path Type: min

Fanout         Cap        Slew       Delay        Time   Description
---------------------------------------------------------------------------------------------
                      0.000000    0.000000    0.000000   clock clk (rise edge)
                                  0.000000    0.000000   clock network delay (ideal)
                                  5.000000    5.000000 ^ input external delay
     1    0.002659    0.031325    0.015025    5.015025 ^ inputs[23] (in)
                                                         inputs[23] (net)
                      0.031325    0.000000    5.015025 ^ input16/A (sky130_fd_sc_hd__clkbuf_1)
     1    0.005875    0.126585    0.173408    5.188433 ^ input16/X (sky130_fd_sc_hd__clkbuf_1)
                                                         net16 (net)
                      0.126585    0.000076    5.188509 ^ _091_/A (sky130_fd_sc_hd__xor2_1)
     2    0.010272    0.121478    0.229905    5.418414 v _091_/X (sky130_fd_sc_hd__xor2_1)
                                                         _006_ (net)
                      0.121478    0.000090    5.418504 v _103_/B (sky130_fd_sc_hd__xnor2_1)
     1    0.006758    0.131428    0.272424    5.690928 v _103_/Y (sky130_fd_sc_hd__xnor2_1)
                                                         _013_ (net)
                      0.131428    0.000143    5.691072 v _104_/B (sky130_fd_sc_hd__xnor2_1)
     1    0.005531    0.111255    0.305860    5.996932 ^ _104_/Y (sky130_fd_sc_hd__xnor2_1)
                                                         _014_ (net)
                      0.111255    0.000065    5.996997 ^ _105_/B (sky130_fd_sc_hd__xnor2_1)
     1    0.002459    0.068039    0.127899    6.124896 v _105_/Y (sky130_fd_sc_hd__xnor2_1)
                                                         net48 (net)
                      0.068039    0.000027    6.124923 v output48/A (sky130_fd_sc_hd__buf_2)
     1    0.034208    0.165562    0.343755    6.468678 v output48/X (sky130_fd_sc_hd__buf_2)
                                                         outputs[23] (net)
                      0.165562    0.000268    6.468945 v outputs[23] (out)
                                              6.468945   data arrival time

                      0.000000    0.000000    0.000000   clock clk (rise edge)
                                  0.000000    0.000000   clock network delay (ideal)
                                  0.250000    0.250000   clock uncertainty
                                  0.000000    0.250000   clock reconvergence pessimism
                                 -5.000000   -4.750000   output external delay
                                             -4.750000   data required time
---------------------------------------------------------------------------------------------
                                             -4.750000   data required time
                                             -6.468945   data arrival time
---------------------------------------------------------------------------------------------
                                             11.218946   slack (MET)


Startpoint: inputs[31] (input port clocked by clk)
Endpoint: outputs[31] (output port clocked by clk)
Path Group: clk
Path Type: min

Fanout         Cap        Slew       Delay        Time   Description
---------------------------------------------------------------------------------------------
                      0.000000    0.000000    0.000000   clock clk (rise edge)
                                  0.000000    0.000000   clock network delay (ideal)
                                  5.000000    5.000000 ^ input external delay
     1    0.002852    0.032599    0.016045    5.016046 ^ inputs[31] (in)
                                                         inputs[31] (net)
                      0.032599    0.000000    5.016046 ^ input25/A (sky130_fd_sc_hd__clkbuf_1)
     1    0.004946    0.109945    0.161971    5.178017 ^ input25/X (sky130_fd_sc_hd__clkbuf_1)
                                                         net25 (net)
                      0.109945    0.000046    5.178063 ^ _092_/A (sky130_fd_sc_hd__xnor2_1)
     1    0.005423    0.111925    0.181490    5.359553 v _092_/Y (sky130_fd_sc_hd__xnor2_1)
                                                         _007_ (net)
                      0.111925    0.000063    5.359616 v _093_/B (sky130_fd_sc_hd__xnor2_1)
     1    0.005301    0.108061    0.291779    5.651396 ^ _093_/Y (sky130_fd_sc_hd__xnor2_1)
                                                         _008_ (net)
                      0.108061    0.000066    5.651462 ^ _094_/B (sky130_fd_sc_hd__xnor2_1)
     1    0.006010    0.119181    0.168896    5.820357 v _094_/Y (sky130_fd_sc_hd__xnor2_1)
                                                         _009_ (net)
                      0.119181    0.000097    5.820454 v _095_/B (sky130_fd_sc_hd__xnor2_1)
     1    0.005291    0.107932    0.294616    6.115070 ^ _095_/Y (sky130_fd_sc_hd__xnor2_1)
                                                         _010_ (net)
                      0.107932    0.000065    6.115135 ^ _096_/B (sky130_fd_sc_hd__xnor2_1)
     1    0.002119    0.063198    0.122403    6.237538 v _096_/Y (sky130_fd_sc_hd__xnor2_1)
                                                         net57 (net)
                      0.063198    0.000020    6.237558 v output57/A (sky130_fd_sc_hd__buf_2)
     1    0.033894    0.164317    0.340599    6.578156 v output57/X (sky130_fd_sc_hd__buf_2)
                                                         outputs[31] (net)
                      0.164317    0.000172    6.578329 v outputs[31] (out)
                                              6.578329   data arrival time

                      0.000000    0.000000    0.000000   clock clk (rise edge)
                                  0.000000    0.000000   clock network delay (ideal)
                                  0.250000    0.250000   clock uncertainty
                                  0.000000    0.250000   clock reconvergence pessimism
                                 -5.000000   -4.750000   output external delay
                                             -4.750000   data required time
---------------------------------------------------------------------------------------------
                                             -4.750000   data required time
                                             -6.578329   data arrival time
---------------------------------------------------------------------------------------------
                                             11.328329   slack (MET)



