
===========================================================================
report_checks -path_delay min (Hold)
============================================================================
======================= max_tt_025C_1v80 Corner ===================================

Startpoint: inputs[0] (input port clocked by clk)
Endpoint: outputs[0] (output port clocked by clk)
Path Group: clk
Path Type: min

Fanout         Cap        Slew       Delay        Time   Description
---------------------------------------------------------------------------------------------
                      0.000000    0.000000    0.000000   clock clk (rise edge)
                                  0.000000    0.000000   clock network delay (ideal)
                                  5.000000    5.000000 v input external delay
     1    0.004908    0.013436    0.008046    5.008046 v inputs[0] (in)
                                                         inputs[0] (net)
                      0.013442    0.000000    5.008046 v input1/A (sky130_fd_sc_hd__buf_4)
     6    0.058239    0.083377    0.177817    5.185863 v input1/X (sky130_fd_sc_hd__buf_4)
                                                         net1 (net)
                      0.083826    0.004879    5.190742 v _129_/A (sky130_fd_sc_hd__clkbuf_1)
     1    0.002508    0.025410    0.102802    5.293544 v _129_/X (sky130_fd_sc_hd__clkbuf_1)
                                                         net33 (net)
                      0.025411    0.000158    5.293703 v output33/A (sky130_fd_sc_hd__buf_2)
     1    0.034927    0.091568    0.171928    5.465631 v output33/X (sky130_fd_sc_hd__buf_2)
                                                         outputs[0] (net)
                      0.091614    0.001880    5.467511 v outputs[0] (out)
                                              5.467511   data arrival time

                      0.000000    0.000000    0.000000   clock clk (rise edge)
                                  0.000000    0.000000   clock network delay (ideal)
                                  0.250000    0.250000   clock uncertainty
                                  0.000000    0.250000   clock reconvergence pessimism
                                 -5.000000   -4.750000   output external delay
                                             -4.750000   data required time
---------------------------------------------------------------------------------------------
                                             -4.750000   data required time
                                             -5.467511   data arrival time
---------------------------------------------------------------------------------------------
                                             10.217510   slack (MET)


Startpoint: inputs[1] (input port clocked by clk)
Endpoint: outputs[1] (output port clocked by clk)
Path Group: clk
Path Type: min

Fanout         Cap        Slew       Delay        Time   Description
---------------------------------------------------------------------------------------------
                      0.000000    0.000000    0.000000   clock clk (rise edge)
                                  0.000000    0.000000   clock network delay (ideal)
                                  5.000000    5.000000 ^ input external delay
     1    0.003241    0.021637    0.011910    5.011910 ^ inputs[1] (in)
                                                         inputs[1] (net)
                      0.021646    0.000000    5.011910 ^ input12/A (sky130_fd_sc_hd__clkbuf_4)
     5    0.044191    0.140248    0.195824    5.207734 ^ input12/X (sky130_fd_sc_hd__clkbuf_4)
                                                         net12 (net)
                      0.140345    0.002201    5.209935 ^ _128_/B (sky130_fd_sc_hd__xor2_1)
     1    0.002877    0.036566    0.082494    5.292429 v _128_/X (sky130_fd_sc_hd__xor2_1)
                                                         net44 (net)
                      0.036566    0.000176    5.292605 v output44/A (sky130_fd_sc_hd__buf_2)
     1    0.036789    0.092292    0.180108    5.472713 v output44/X (sky130_fd_sc_hd__buf_2)
                                                         outputs[1] (net)
                      0.092351    0.002145    5.474858 v outputs[1] (out)
                                              5.474858   data arrival time

                      0.000000    0.000000    0.000000   clock clk (rise edge)
                                  0.000000    0.000000   clock network delay (ideal)
                                  0.250000    0.250000   clock uncertainty
                                  0.000000    0.250000   clock reconvergence pessimism
                                 -5.000000   -4.750000   output external delay
                                             -4.750000   data required time
---------------------------------------------------------------------------------------------
                                             -4.750000   data required time
                                             -5.474858   data arrival time
---------------------------------------------------------------------------------------------
                                             10.224857   slack (MET)


Startpoint: inputs[2] (input port clocked by clk)
Endpoint: outputs[2] (output port clocked by clk)
Path Group: clk
Path Type: min

Fanout         Cap        Slew       Delay        Time   Description
---------------------------------------------------------------------------------------------
                      0.000000    0.000000    0.000000   clock clk (rise edge)
                                  0.000000    0.000000   clock network delay (ideal)
                                  5.000000    5.000000 ^ input external delay
     1    0.003127    0.021143    0.011513    5.011514 ^ inputs[2] (in)
                                                         inputs[2] (net)
                      0.021151    0.000000    5.011514 ^ input23/A (sky130_fd_sc_hd__buf_2)
     4    0.030597    0.152808    0.175680    5.187193 ^ input23/X (sky130_fd_sc_hd__buf_2)
                                                         net23 (net)
                      0.152842    0.001899    5.189093 ^ _080_/B (sky130_fd_sc_hd__xor2_1)
     2    0.007318    0.054026    0.110975    5.300067 v _080_/X (sky130_fd_sc_hd__xor2_1)
                                                         net55 (net)
                      0.054028    0.000390    5.300457 v output55/A (sky130_fd_sc_hd__buf_2)
     1    0.034256    0.089840    0.183199    5.483656 v output55/X (sky130_fd_sc_hd__buf_2)
                                                         outputs[2] (net)
                      0.089876    0.001653    5.485310 v outputs[2] (out)
                                              5.485310   data arrival time

                      0.000000    0.000000    0.000000   clock clk (rise edge)
                                  0.000000    0.000000   clock network delay (ideal)
                                  0.250000    0.250000   clock uncertainty
                                  0.000000    0.250000   clock reconvergence pessimism
                                 -5.000000   -4.750000   output external delay
                                             -4.750000   data required time
---------------------------------------------------------------------------------------------
                                             -4.750000   data required time
                                             -5.485310   data arrival time
---------------------------------------------------------------------------------------------
                                             10.235310   slack (MET)


Startpoint: inputs[8] (input port clocked by clk)
Endpoint: outputs[8] (output port clocked by clk)
Path Group: clk
Path Type: min

Fanout         Cap        Slew       Delay        Time   Description
---------------------------------------------------------------------------------------------
                      0.000000    0.000000    0.000000   clock clk (rise edge)
                                  0.000000    0.000000   clock network delay (ideal)
                                  5.000000    5.000000 ^ input external delay
     1    0.003821    0.024171    0.013946    5.013946 ^ inputs[8] (in)
                                                         inputs[8] (net)
                      0.024173    0.000000    5.013946 ^ input31/A (sky130_fd_sc_hd__clkbuf_2)
     2    0.025449    0.142920    0.166894    5.180840 ^ input31/X (sky130_fd_sc_hd__clkbuf_2)
                                                         net31 (net)
                      0.142943    0.001503    5.182343 ^ _052_/B (sky130_fd_sc_hd__xor2_4)
     4    0.024473    0.057647    0.117531    5.299874 v _052_/X (sky130_fd_sc_hd__xor2_4)
                                                         net63 (net)
                      0.057692    0.001454    5.301328 v output63/A (sky130_fd_sc_hd__buf_2)
     1    0.034879    0.091216    0.185961    5.487290 v output63/X (sky130_fd_sc_hd__buf_2)
                                                         outputs[8] (net)
                      0.091255    0.001731    5.489020 v outputs[8] (out)
                                              5.489020   data arrival time

                      0.000000    0.000000    0.000000   clock clk (rise edge)
                                  0.000000    0.000000   clock network delay (ideal)
                                  0.250000    0.250000   clock uncertainty
                                  0.000000    0.250000   clock reconvergence pessimism
                                 -5.000000   -4.750000   output external delay
                                             -4.750000   data required time
---------------------------------------------------------------------------------------------
                                             -4.750000   data required time
                                             -5.489020   data arrival time
---------------------------------------------------------------------------------------------
                                             10.239020   slack (MET)


Startpoint: inputs[16] (input port clocked by clk)
Endpoint: outputs[16] (output port clocked by clk)
Path Group: clk
Path Type: min

Fanout         Cap        Slew       Delay        Time   Description
---------------------------------------------------------------------------------------------
                      0.000000    0.000000    0.000000   clock clk (rise edge)
                                  0.000000    0.000000   clock network delay (ideal)
                                  5.000000    5.000000 ^ input external delay
     1    0.003533    0.022920    0.012935    5.012936 ^ inputs[16] (in)
                                                         inputs[16] (net)
                      0.022921    0.000000    5.012936 ^ input8/A (sky130_fd_sc_hd__clkbuf_2)
     1    0.018469    0.106372    0.141184    5.154120 ^ input8/X (sky130_fd_sc_hd__clkbuf_2)
                                                         net8 (net)
                      0.106440    0.001440    5.155560 ^ _049_/A (sky130_fd_sc_hd__xor2_4)
     5    0.040262    0.075758    0.138213    5.293773 v _049_/X (sky130_fd_sc_hd__xor2_4)
                                                         net40 (net)
                      0.075873    0.002607    5.296380 v output40/A (sky130_fd_sc_hd__buf_2)
     1    0.034370    0.090085    0.193401    5.489781 v output40/X (sky130_fd_sc_hd__buf_2)
                                                         outputs[16] (net)
                      0.090118    0.001593    5.491374 v outputs[16] (out)
                                              5.491374   data arrival time

                      0.000000    0.000000    0.000000   clock clk (rise edge)
                                  0.000000    0.000000   clock network delay (ideal)
                                  0.250000    0.250000   clock uncertainty
                                  0.000000    0.250000   clock reconvergence pessimism
                                 -5.000000   -4.750000   output external delay
                                             -4.750000   data required time
---------------------------------------------------------------------------------------------
                                             -4.750000   data required time
                                             -5.491374   data arrival time
---------------------------------------------------------------------------------------------
                                             10.241374   slack (MET)


Startpoint: inputs[4] (input port clocked by clk)
Endpoint: outputs[4] (output port clocked by clk)
Path Group: clk
Path Type: min

Fanout         Cap        Slew       Delay        Time   Description
---------------------------------------------------------------------------------------------
                      0.000000    0.000000    0.000000   clock clk (rise edge)
                                  0.000000    0.000000   clock network delay (ideal)
                                  5.000000    5.000000 ^ input external delay
     1    0.003836    0.024234    0.014003    5.014003 ^ inputs[4] (in)
                                                         inputs[4] (net)
                      0.024235    0.000000    5.014003 ^ input27/A (sky130_fd_sc_hd__clkbuf_2)
     3    0.024376    0.137346    0.163054    5.177057 ^ input27/X (sky130_fd_sc_hd__clkbuf_2)
                                                         net27 (net)
                      0.137363    0.001243    5.178300 ^ _060_/B (sky130_fd_sc_hd__xor2_2)
     3    0.016486    0.063082    0.120512    5.298813 v _060_/X (sky130_fd_sc_hd__xor2_2)
                                                         net59 (net)
                      0.063101    0.001043    5.299855 v output59/A (sky130_fd_sc_hd__buf_2)
     1    0.039093    0.096963    0.195381    5.495236 v output59/X (sky130_fd_sc_hd__buf_2)
                                                         outputs[4] (net)
                      0.097052    0.002653    5.497890 v outputs[4] (out)
                                              5.497890   data arrival time

                      0.000000    0.000000    0.000000   clock clk (rise edge)
                                  0.000000    0.000000   clock network delay (ideal)
                                  0.250000    0.250000   clock uncertainty
                                  0.000000    0.250000   clock reconvergence pessimism
                                 -5.000000   -4.750000   output external delay
                                             -4.750000   data required time
---------------------------------------------------------------------------------------------
                                             -4.750000   data required time
                                             -5.497890   data arrival time
---------------------------------------------------------------------------------------------
                                             10.247890   slack (MET)


Startpoint: inputs[6] (input port clocked by clk)
Endpoint: outputs[6] (output port clocked by clk)
Path Group: clk
Path Type: min

Fanout         Cap        Slew       Delay        Time   Description
---------------------------------------------------------------------------------------------
                      0.000000    0.000000    0.000000   clock clk (rise edge)
                                  0.000000    0.000000   clock network delay (ideal)
                                  5.000000    5.000000 ^ input external delay
     1    0.003351    0.022125    0.012292    5.012292 ^ inputs[6] (in)
                                                         inputs[6] (net)
                      0.022127    0.000000    5.012292 ^ input29/A (sky130_fd_sc_hd__clkbuf_2)
     3    0.019955    0.114089    0.146401    5.158693 ^ input29/X (sky130_fd_sc_hd__clkbuf_2)
                                                         net29 (net)
                      0.114146    0.001131    5.159824 ^ _078_/B (sky130_fd_sc_hd__xor2_2)
     2    0.014455    0.057868    0.107427    5.267251 v _078_/X (sky130_fd_sc_hd__xor2_2)
                                                         _044_ (net)
                      0.057899    0.001239    5.268489 v _079_/B (sky130_fd_sc_hd__xor2_1)
     1    0.002418    0.034676    0.138177    5.406667 v _079_/X (sky130_fd_sc_hd__xor2_1)
                                                         net61 (net)
                      0.034676    0.000155    5.406822 v output61/A (sky130_fd_sc_hd__buf_2)
     1    0.034686    0.090908    0.175623    5.582445 v output61/X (sky130_fd_sc_hd__buf_2)
                                                         outputs[6] (net)
                      0.090945    0.001690    5.584135 v outputs[6] (out)
                                              5.584135   data arrival time

                      0.000000    0.000000    0.000000   clock clk (rise edge)
                                  0.000000    0.000000   clock network delay (ideal)
                                  0.250000    0.250000   clock uncertainty
                                  0.000000    0.250000   clock reconvergence pessimism
                                 -5.000000   -4.750000   output external delay
                                             -4.750000   data required time
---------------------------------------------------------------------------------------------
                                             -4.750000   data required time
                                             -5.584135   data arrival time
---------------------------------------------------------------------------------------------
                                             10.334135   slack (MET)


Startpoint: inputs[2] (input port clocked by clk)
Endpoint: outputs[3] (output port clocked by clk)
Path Group: clk
Path Type: min

Fanout         Cap        Slew       Delay        Time   Description
---------------------------------------------------------------------------------------------
                      0.000000    0.000000    0.000000   clock clk (rise edge)
                                  0.000000    0.000000   clock network delay (ideal)
                                  5.000000    5.000000 ^ input external delay
     1    0.003127    0.021143    0.011513    5.011514 ^ inputs[2] (in)
                                                         inputs[2] (net)
                      0.021151    0.000000    5.011514 ^ input23/A (sky130_fd_sc_hd__buf_2)
     4    0.030597    0.152808    0.175680    5.187193 ^ input23/X (sky130_fd_sc_hd__buf_2)
                                                         net23 (net)
                      0.152842    0.001899    5.189093 ^ _080_/B (sky130_fd_sc_hd__xor2_1)
     2    0.007318    0.054026    0.110975    5.300067 v _080_/X (sky130_fd_sc_hd__xor2_1)
                                                         net55 (net)
                      0.054030    0.000466    5.300534 v _127_/A (sky130_fd_sc_hd__xnor2_1)
     1    0.001838    0.030938    0.116568    5.417101 v _127_/Y (sky130_fd_sc_hd__xnor2_1)
                                                         net58 (net)
                      0.030938    0.000084    5.417185 v output58/A (sky130_fd_sc_hd__buf_2)
     1    0.035392    0.092585    0.175057    5.592242 v output58/X (sky130_fd_sc_hd__buf_2)
                                                         outputs[3] (net)
                      0.092639    0.002029    5.594272 v outputs[3] (out)
                                              5.594272   data arrival time

                      0.000000    0.000000    0.000000   clock clk (rise edge)
                                  0.000000    0.000000   clock network delay (ideal)
                                  0.250000    0.250000   clock uncertainty
                                  0.000000    0.250000   clock reconvergence pessimism
                                 -5.000000   -4.750000   output external delay
                                             -4.750000   data required time
---------------------------------------------------------------------------------------------
                                             -4.750000   data required time
                                             -5.594272   data arrival time
---------------------------------------------------------------------------------------------
                                             10.344272   slack (MET)


Startpoint: inputs[9] (input port clocked by clk)
Endpoint: outputs[9] (output port clocked by clk)
Path Group: clk
Path Type: min

Fanout         Cap        Slew       Delay        Time   Description
---------------------------------------------------------------------------------------------
                      0.000000    0.000000    0.000000   clock clk (rise edge)
                                  0.000000    0.000000   clock network delay (ideal)
                                  5.000000    5.000000 ^ input external delay
     1    0.004708    0.028023    0.016990    5.016991 ^ inputs[9] (in)
                                                         inputs[9] (net)
                      0.028025    0.000000    5.016991 ^ input32/A (sky130_fd_sc_hd__clkbuf_2)
     2    0.018779    0.108293    0.144340    5.161330 ^ input32/X (sky130_fd_sc_hd__clkbuf_2)
                                                         net32 (net)
                      0.108342    0.000910    5.162241 ^ _109_/B (sky130_fd_sc_hd__xor2_2)
     3    0.017925    0.066797    0.115647    5.277887 v _109_/X (sky130_fd_sc_hd__xor2_2)
                                                         _016_ (net)
                      0.066820    0.001160    5.279047 v _120_/B (sky130_fd_sc_hd__xor2_1)
     1    0.002652    0.035678    0.143066    5.422113 v _120_/X (sky130_fd_sc_hd__xor2_1)
                                                         net64 (net)
                      0.035678    0.000182    5.422295 v output64/A (sky130_fd_sc_hd__buf_2)
     1    0.034543    0.090580    0.175814    5.598109 v output64/X (sky130_fd_sc_hd__buf_2)
                                                         outputs[9] (net)
                      0.090615    0.001654    5.599763 v outputs[9] (out)
                                              5.599763   data arrival time

                      0.000000    0.000000    0.000000   clock clk (rise edge)
                                  0.000000    0.000000   clock network delay (ideal)
                                  0.250000    0.250000   clock uncertainty
                                  0.000000    0.250000   clock reconvergence pessimism
                                 -5.000000   -4.750000   output external delay
                                             -4.750000   data required time
---------------------------------------------------------------------------------------------
                                             -4.750000   data required time
                                             -5.599763   data arrival time
---------------------------------------------------------------------------------------------
                                             10.349763   slack (MET)


Startpoint: inputs[17] (input port clocked by clk)
Endpoint: outputs[17] (output port clocked by clk)
Path Group: clk
Path Type: min

Fanout         Cap        Slew       Delay        Time   Description
---------------------------------------------------------------------------------------------
                      0.000000    0.000000    0.000000   clock clk (rise edge)
                                  0.000000    0.000000   clock network delay (ideal)
                                  5.000000    5.000000 ^ input external delay
     1    0.004453    0.026912    0.016149    5.016149 ^ inputs[17] (in)
                                                         inputs[17] (net)
                      0.026914    0.000000    5.016149 ^ input9/A (sky130_fd_sc_hd__clkbuf_2)
     1    0.019144    0.109879    0.145000    5.161149 ^ input9/X (sky130_fd_sc_hd__clkbuf_2)
                                                         net9 (net)
                      0.109951    0.001516    5.162665 ^ _081_/A (sky130_fd_sc_hd__xor2_4)
     4    0.024196    0.057172    0.113200    5.275864 v _081_/X (sky130_fd_sc_hd__xor2_4)
                                                         _045_ (net)
                      0.057196    0.001093    5.276957 v _108_/B (sky130_fd_sc_hd__xor2_1)
     1    0.004732    0.043798    0.149219    5.426176 v _108_/X (sky130_fd_sc_hd__xor2_1)
                                                         net41 (net)
                      0.043798    0.000206    5.426382 v output41/A (sky130_fd_sc_hd__buf_2)
     1    0.033990    0.089322    0.178302    5.604683 v output41/X (sky130_fd_sc_hd__buf_2)
                                                         outputs[17] (net)
                      0.089356    0.001618    5.606301 v outputs[17] (out)
                                              5.606301   data arrival time

                      0.000000    0.000000    0.000000   clock clk (rise edge)
                                  0.000000    0.000000   clock network delay (ideal)
                                  0.250000    0.250000   clock uncertainty
                                  0.000000    0.250000   clock reconvergence pessimism
                                 -5.000000   -4.750000   output external delay
                                             -4.750000   data required time
---------------------------------------------------------------------------------------------
                                             -4.750000   data required time
                                             -5.606301   data arrival time
---------------------------------------------------------------------------------------------
                                             10.356301   slack (MET)


Startpoint: inputs[20] (input port clocked by clk)
Endpoint: outputs[20] (output port clocked by clk)
Path Group: clk
Path Type: min

Fanout         Cap        Slew       Delay        Time   Description
---------------------------------------------------------------------------------------------
                      0.000000    0.000000    0.000000   clock clk (rise edge)
                                  0.000000    0.000000   clock network delay (ideal)
                                  5.000000    5.000000 ^ input external delay
     1    0.003549    0.022987    0.012992    5.012992 ^ inputs[20] (in)
                                                         inputs[20] (net)
                      0.022989    0.000000    5.012992 ^ input13/A (sky130_fd_sc_hd__buf_1)
     1    0.009438    0.118343    0.125320    5.138312 ^ input13/X (sky130_fd_sc_hd__buf_1)
                                                         net13 (net)
                      0.118349    0.000722    5.139034 ^ _053_/A (sky130_fd_sc_hd__xnor2_2)
     1    0.019638    0.109513    0.177566    5.316599 ^ _053_/Y (sky130_fd_sc_hd__xnor2_2)
                                                         _029_ (net)
                      0.109606    0.001826    5.318425 ^ _055_/B (sky130_fd_sc_hd__xnor2_4)
     4    0.020722    0.067389    0.098215    5.416640 v _055_/Y (sky130_fd_sc_hd__xnor2_4)
                                                         net45 (net)
                      0.067438    0.000929    5.417569 v output45/A (sky130_fd_sc_hd__buf_2)
     1    0.034394    0.090127    0.189607    5.607175 v output45/X (sky130_fd_sc_hd__buf_2)
                                                         outputs[20] (net)
                      0.090160    0.001595    5.608770 v outputs[20] (out)
                                              5.608770   data arrival time

                      0.000000    0.000000    0.000000   clock clk (rise edge)
                                  0.000000    0.000000   clock network delay (ideal)
                                  0.250000    0.250000   clock uncertainty
                                  0.000000    0.250000   clock reconvergence pessimism
                                 -5.000000   -4.750000   output external delay
                                             -4.750000   data required time
---------------------------------------------------------------------------------------------
                                             -4.750000   data required time
                                             -5.608770   data arrival time
---------------------------------------------------------------------------------------------
                                             10.358770   slack (MET)


Startpoint: inputs[24] (input port clocked by clk)
Endpoint: outputs[24] (output port clocked by clk)
Path Group: clk
Path Type: min

Fanout         Cap        Slew       Delay        Time   Description
---------------------------------------------------------------------------------------------
                      0.000000    0.000000    0.000000   clock clk (rise edge)
                                  0.000000    0.000000   clock network delay (ideal)
                                  5.000000    5.000000 ^ input external delay
     1    0.003290    0.021859    0.012085    5.012085 ^ inputs[24] (in)
                                                         inputs[24] (net)
                      0.021861    0.000000    5.012085 ^ input17/A (sky130_fd_sc_hd__buf_1)
     1    0.009583    0.119985    0.126057    5.138142 ^ input17/X (sky130_fd_sc_hd__buf_1)
                                                         net17 (net)
                      0.119992    0.000734    5.138875 ^ _050_/A (sky130_fd_sc_hd__xor2_2)
     2    0.014090    0.056991    0.112862    5.251738 v _050_/X (sky130_fd_sc_hd__xor2_2)
                                                         _028_ (net)
                      0.057001    0.000781    5.252519 v _051_/B (sky130_fd_sc_hd__xor2_2)
     3    0.016416    0.062910    0.174859    5.427378 v _051_/X (sky130_fd_sc_hd__xor2_2)
                                                         net49 (net)
                      0.062935    0.001186    5.428564 v output49/A (sky130_fd_sc_hd__buf_2)
     1    0.033921    0.089107    0.186679    5.615242 v output49/X (sky130_fd_sc_hd__buf_2)
                                                         outputs[24] (net)
                      0.089139    0.001585    5.616827 v outputs[24] (out)
                                              5.616827   data arrival time

                      0.000000    0.000000    0.000000   clock clk (rise edge)
                                  0.000000    0.000000   clock network delay (ideal)
                                  0.250000    0.250000   clock uncertainty
                                  0.000000    0.250000   clock reconvergence pessimism
                                 -5.000000   -4.750000   output external delay
                                             -4.750000   data required time
---------------------------------------------------------------------------------------------
                                             -4.750000   data required time
                                             -5.616827   data arrival time
---------------------------------------------------------------------------------------------
                                             10.366828   slack (MET)


Startpoint: inputs[18] (input port clocked by clk)
Endpoint: outputs[18] (output port clocked by clk)
Path Group: clk
Path Type: min

Fanout         Cap        Slew       Delay        Time   Description
---------------------------------------------------------------------------------------------
                      0.000000    0.000000    0.000000   clock clk (rise edge)
                                  0.000000    0.000000   clock network delay (ideal)
                                  5.000000    5.000000 ^ input external delay
     1    0.003096    0.021007    0.011396    5.011396 ^ inputs[18] (in)
                                                         inputs[18] (net)
                      0.021015    0.000000    5.011396 ^ input10/A (sky130_fd_sc_hd__buf_1)
     1    0.009311    0.116889    0.123642    5.135038 ^ input10/X (sky130_fd_sc_hd__buf_1)
                                                         net10 (net)
                      0.116895    0.000713    5.135751 ^ _061_/A (sky130_fd_sc_hd__xnor2_2)
     3    0.021334    0.117838    0.183307    5.319058 ^ _061_/Y (sky130_fd_sc_hd__xnor2_2)
                                                         _033_ (net)
                      0.117841    0.000805    5.319863 ^ _072_/B (sky130_fd_sc_hd__xnor2_1)
     2    0.010278    0.086365    0.117510    5.437373 v _072_/Y (sky130_fd_sc_hd__xnor2_1)
                                                         net42 (net)
                      0.086367    0.000566    5.437940 v output42/A (sky130_fd_sc_hd__buf_2)
     1    0.034377    0.090113    0.198188    5.636127 v output42/X (sky130_fd_sc_hd__buf_2)
                                                         outputs[18] (net)
                      0.090145    0.001593    5.637721 v outputs[18] (out)
                                              5.637721   data arrival time

                      0.000000    0.000000    0.000000   clock clk (rise edge)
                                  0.000000    0.000000   clock network delay (ideal)
                                  0.250000    0.250000   clock uncertainty
                                  0.000000    0.250000   clock reconvergence pessimism
                                 -5.000000   -4.750000   output external delay
                                             -4.750000   data required time
---------------------------------------------------------------------------------------------
                                             -4.750000   data required time
                                             -5.637721   data arrival time
---------------------------------------------------------------------------------------------
                                             10.387721   slack (MET)


Startpoint: inputs[1] (input port clocked by clk)
Endpoint: outputs[5] (output port clocked by clk)
Path Group: clk
Path Type: min

Fanout         Cap        Slew       Delay        Time   Description
---------------------------------------------------------------------------------------------
                      0.000000    0.000000    0.000000   clock clk (rise edge)
                                  0.000000    0.000000   clock network delay (ideal)
                                  5.000000    5.000000 ^ input external delay
     1    0.003241    0.021637    0.011910    5.011910 ^ inputs[1] (in)
                                                         inputs[1] (net)
                      0.021646    0.000000    5.011910 ^ input12/A (sky130_fd_sc_hd__clkbuf_4)
     5    0.044191    0.140248    0.195824    5.207734 ^ input12/X (sky130_fd_sc_hd__clkbuf_4)
                                                         net12 (net)
                      0.140323    0.001662    5.209396 ^ _121_/A (sky130_fd_sc_hd__xnor2_1)
     1    0.005253    0.073971    0.148717    5.358113 ^ _121_/Y (sky130_fd_sc_hd__xnor2_1)
                                                         _024_ (net)
                      0.073972    0.000387    5.358500 ^ _122_/B (sky130_fd_sc_hd__xnor2_1)
     2    0.007924    0.069021    0.091597    5.450098 v _122_/Y (sky130_fd_sc_hd__xnor2_1)
                                                         net60 (net)
                      0.069021    0.000227    5.450325 v output60/A (sky130_fd_sc_hd__buf_2)
     1    0.034092    0.089494    0.189734    5.640059 v output60/X (sky130_fd_sc_hd__buf_2)
                                                         outputs[5] (net)
                      0.089528    0.001624    5.641683 v outputs[5] (out)
                                              5.641683   data arrival time

                      0.000000    0.000000    0.000000   clock clk (rise edge)
                                  0.000000    0.000000   clock network delay (ideal)
                                  0.250000    0.250000   clock uncertainty
                                  0.000000    0.250000   clock reconvergence pessimism
                                 -5.000000   -4.750000   output external delay
                                             -4.750000   data required time
---------------------------------------------------------------------------------------------
                                             -4.750000   data required time
                                             -5.641683   data arrival time
---------------------------------------------------------------------------------------------
                                             10.391684   slack (MET)


Startpoint: inputs[8] (input port clocked by clk)
Endpoint: outputs[12] (output port clocked by clk)
Path Group: clk
Path Type: min

Fanout         Cap        Slew       Delay        Time   Description
---------------------------------------------------------------------------------------------
                      0.000000    0.000000    0.000000   clock clk (rise edge)
                                  0.000000    0.000000   clock network delay (ideal)
                                  5.000000    5.000000 ^ input external delay
     1    0.003821    0.024171    0.013946    5.013946 ^ inputs[8] (in)
                                                         inputs[8] (net)
                      0.024173    0.000000    5.013946 ^ input31/A (sky130_fd_sc_hd__clkbuf_2)
     2    0.025449    0.142920    0.166894    5.180840 ^ input31/X (sky130_fd_sc_hd__clkbuf_2)
                                                         net31 (net)
                      0.142943    0.001503    5.182343 ^ _052_/B (sky130_fd_sc_hd__xor2_4)
     4    0.024473    0.057647    0.117531    5.299874 v _052_/X (sky130_fd_sc_hd__xor2_4)
                                                         net63 (net)
                      0.057662    0.000938    5.300812 v _059_/A (sky130_fd_sc_hd__xnor2_1)
     2    0.010299    0.086527    0.166117    5.466929 v _059_/Y (sky130_fd_sc_hd__xnor2_1)
                                                         net36 (net)
                      0.086530    0.000612    5.467541 v output36/A (sky130_fd_sc_hd__buf_2)
     1    0.035183    0.091924    0.199607    5.667148 v output36/X (sky130_fd_sc_hd__buf_2)
                                                         outputs[12] (net)
                      0.091965    0.001783    5.668931 v outputs[12] (out)
                                              5.668931   data arrival time

                      0.000000    0.000000    0.000000   clock clk (rise edge)
                                  0.000000    0.000000   clock network delay (ideal)
                                  0.250000    0.250000   clock uncertainty
                                  0.000000    0.250000   clock reconvergence pessimism
                                 -5.000000   -4.750000   output external delay
                                             -4.750000   data required time
---------------------------------------------------------------------------------------------
                                             -4.750000   data required time
                                             -5.668931   data arrival time
---------------------------------------------------------------------------------------------
                                             10.418932   slack (MET)


Startpoint: inputs[8] (input port clocked by clk)
Endpoint: outputs[10] (output port clocked by clk)
Path Group: clk
Path Type: min

Fanout         Cap        Slew       Delay        Time   Description
---------------------------------------------------------------------------------------------
                      0.000000    0.000000    0.000000   clock clk (rise edge)
                                  0.000000    0.000000   clock network delay (ideal)
                                  5.000000    5.000000 ^ input external delay
     1    0.003821    0.024171    0.013946    5.013946 ^ inputs[8] (in)
                                                         inputs[8] (net)
                      0.024173    0.000000    5.013946 ^ input31/A (sky130_fd_sc_hd__clkbuf_2)
     2    0.025449    0.142920    0.166894    5.180840 ^ input31/X (sky130_fd_sc_hd__clkbuf_2)
                                                         net31 (net)
                      0.142943    0.001503    5.182343 ^ _052_/B (sky130_fd_sc_hd__xor2_4)
     4    0.024473    0.057647    0.117531    5.299874 v _052_/X (sky130_fd_sc_hd__xor2_4)
                                                         net63 (net)
                      0.057659    0.000857    5.300731 v _074_/A (sky130_fd_sc_hd__xnor2_2)
     3    0.016263    0.084594    0.174652    5.475383 v _074_/Y (sky130_fd_sc_hd__xnor2_2)
                                                         net34 (net)
                      0.084606    0.001047    5.476430 v output34/A (sky130_fd_sc_hd__buf_2)
     1    0.036486    0.092357    0.200910    5.677341 v output34/X (sky130_fd_sc_hd__buf_2)
                                                         outputs[10] (net)
                      0.092422    0.002223    5.679564 v outputs[10] (out)
                                              5.679564   data arrival time

                      0.000000    0.000000    0.000000   clock clk (rise edge)
                                  0.000000    0.000000   clock network delay (ideal)
                                  0.250000    0.250000   clock uncertainty
                                  0.000000    0.250000   clock reconvergence pessimism
                                 -5.000000   -4.750000   output external delay
                                             -4.750000   data required time
---------------------------------------------------------------------------------------------
                                             -4.750000   data required time
                                             -5.679564   data arrival time
---------------------------------------------------------------------------------------------
                                             10.429564   slack (MET)


Startpoint: inputs[19] (input port clocked by clk)
Endpoint: outputs[19] (output port clocked by clk)
Path Group: clk
Path Type: min

Fanout         Cap        Slew       Delay        Time   Description
---------------------------------------------------------------------------------------------
                      0.000000    0.000000    0.000000   clock clk (rise edge)
                                  0.000000    0.000000   clock network delay (ideal)
                                  5.000000    5.000000 ^ input external delay
     1    0.002614    0.018932    0.009706    5.009706 ^ inputs[19] (in)
                                                         inputs[19] (net)
                      0.018933    0.000000    5.009706 ^ input11/A (sky130_fd_sc_hd__buf_1)
     1    0.009728    0.121586    0.126355    5.136061 ^ input11/X (sky130_fd_sc_hd__buf_1)
                                                         net11 (net)
                      0.121588    0.000482    5.136543 ^ _088_/A (sky130_fd_sc_hd__xnor2_2)
     3    0.016000    0.093113    0.166280    5.302823 ^ _088_/Y (sky130_fd_sc_hd__xnor2_2)
                                                         _003_ (net)
                      0.093121    0.000913    5.303735 ^ _106_/B (sky130_fd_sc_hd__xor2_1)
     1    0.005091    0.045346    0.081968    5.385703 v _106_/X (sky130_fd_sc_hd__xor2_1)
                                                         _015_ (net)
                      0.045348    0.000379    5.386082 v _107_/B (sky130_fd_sc_hd__xnor2_1)
     1    0.002972    0.038077    0.118465    5.504547 v _107_/Y (sky130_fd_sc_hd__xnor2_1)
                                                         net43 (net)
                      0.038077    0.000118    5.504664 v output43/A (sky130_fd_sc_hd__buf_2)
     1    0.034005    0.089392    0.175868    5.680532 v output43/X (sky130_fd_sc_hd__buf_2)
                                                         outputs[19] (net)
                      0.089426    0.001611    5.682144 v outputs[19] (out)
                                              5.682144   data arrival time

                      0.000000    0.000000    0.000000   clock clk (rise edge)
                                  0.000000    0.000000   clock network delay (ideal)
                                  0.250000    0.250000   clock uncertainty
                                  0.000000    0.250000   clock reconvergence pessimism
                                 -5.000000   -4.750000   output external delay
                                             -4.750000   data required time
---------------------------------------------------------------------------------------------
                                             -4.750000   data required time
                                             -5.682144   data arrival time
---------------------------------------------------------------------------------------------
                                             10.432144   slack (MET)


Startpoint: inputs[6] (input port clocked by clk)
Endpoint: outputs[7] (output port clocked by clk)
Path Group: clk
Path Type: min

Fanout         Cap        Slew       Delay        Time   Description
---------------------------------------------------------------------------------------------
                      0.000000    0.000000    0.000000   clock clk (rise edge)
                                  0.000000    0.000000   clock network delay (ideal)
                                  5.000000    5.000000 ^ input external delay
     1    0.003351    0.022125    0.012292    5.012292 ^ inputs[6] (in)
                                                         inputs[6] (net)
                      0.022127    0.000000    5.012292 ^ input29/A (sky130_fd_sc_hd__clkbuf_2)
     3    0.019955    0.114089    0.146401    5.158693 ^ input29/X (sky130_fd_sc_hd__clkbuf_2)
                                                         net29 (net)
                      0.114146    0.001131    5.159824 ^ _078_/B (sky130_fd_sc_hd__xor2_2)
     2    0.014455    0.057868    0.107427    5.267251 v _078_/X (sky130_fd_sc_hd__xor2_2)
                                                         _044_ (net)
                      0.057897    0.001198    5.268448 v _124_/A (sky130_fd_sc_hd__xnor2_1)
     1    0.005054    0.072359    0.183712    5.452161 ^ _124_/Y (sky130_fd_sc_hd__xnor2_1)
                                                         _026_ (net)
                      0.072359    0.000242    5.452403 ^ _125_/B (sky130_fd_sc_hd__xnor2_1)
     1    0.002830    0.035116    0.062887    5.515290 v _125_/Y (sky130_fd_sc_hd__xnor2_1)
                                                         net62 (net)
                      0.035116    0.000174    5.515464 v output62/A (sky130_fd_sc_hd__buf_2)
     1    0.034619    0.090753    0.175701    5.691165 v output62/X (sky130_fd_sc_hd__buf_2)
                                                         outputs[7] (net)
                      0.090789    0.001672    5.692837 v outputs[7] (out)
                                              5.692837   data arrival time

                      0.000000    0.000000    0.000000   clock clk (rise edge)
                                  0.000000    0.000000   clock network delay (ideal)
                                  0.250000    0.250000   clock uncertainty
                                  0.000000    0.250000   clock reconvergence pessimism
                                 -5.000000   -4.750000   output external delay
                                             -4.750000   data required time
---------------------------------------------------------------------------------------------
                                             -4.750000   data required time
                                             -5.692837   data arrival time
---------------------------------------------------------------------------------------------
                                             10.442836   slack (MET)


Startpoint: inputs[26] (input port clocked by clk)
Endpoint: outputs[26] (output port clocked by clk)
Path Group: clk
Path Type: min

Fanout         Cap        Slew       Delay        Time   Description
---------------------------------------------------------------------------------------------
                      0.000000    0.000000    0.000000   clock clk (rise edge)
                                  0.000000    0.000000   clock network delay (ideal)
                                  5.000000    5.000000 ^ input external delay
     1    0.003328    0.022027    0.012216    5.012216 ^ inputs[26] (in)
                                                         inputs[26] (net)
                      0.022028    0.000000    5.012216 ^ input19/A (sky130_fd_sc_hd__clkbuf_1)
     1    0.005051    0.068959    0.090511    5.102727 ^ input19/X (sky130_fd_sc_hd__clkbuf_1)
                                                         net19 (net)
                      0.068959    0.000240    5.102967 ^ _062_/A (sky130_fd_sc_hd__xnor2_1)
     1    0.009490    0.117844    0.163354    5.266321 ^ _062_/Y (sky130_fd_sc_hd__xnor2_1)
                                                         _034_ (net)
                      0.117846    0.000735    5.267056 ^ _063_/B (sky130_fd_sc_hd__xnor2_2)
     2    0.013469    0.081401    0.152486    5.419541 ^ _063_/Y (sky130_fd_sc_hd__xnor2_2)
                                                         _035_ (net)
                      0.081409    0.000868    5.420409 ^ _069_/B (sky130_fd_sc_hd__xnor2_1)
     2    0.007567    0.066922    0.091902    5.512311 v _069_/Y (sky130_fd_sc_hd__xnor2_1)
                                                         net51 (net)
                      0.066925    0.000528    5.512838 v output51/A (sky130_fd_sc_hd__buf_2)
     1    0.034152    0.089637    0.188860    5.701698 v output51/X (sky130_fd_sc_hd__buf_2)
                                                         outputs[26] (net)
                      0.089673    0.001669    5.703368 v outputs[26] (out)
                                              5.703368   data arrival time

                      0.000000    0.000000    0.000000   clock clk (rise edge)
                                  0.000000    0.000000   clock network delay (ideal)
                                  0.250000    0.250000   clock uncertainty
                                  0.000000    0.250000   clock reconvergence pessimism
                                 -5.000000   -4.750000   output external delay
                                             -4.750000   data required time
---------------------------------------------------------------------------------------------
                                             -4.750000   data required time
                                             -5.703368   data arrival time
---------------------------------------------------------------------------------------------
                                             10.453368   slack (MET)


Startpoint: inputs[11] (input port clocked by clk)
Endpoint: outputs[11] (output port clocked by clk)
Path Group: clk
Path Type: min

Fanout         Cap        Slew       Delay        Time   Description
---------------------------------------------------------------------------------------------
                      0.000000    0.000000    0.000000   clock clk (rise edge)
                                  0.000000    0.000000   clock network delay (ideal)
                                  5.000000    5.000000 ^ input external delay
     1    0.003395    0.022319    0.012448    5.012448 ^ inputs[11] (in)
                                                         inputs[11] (net)
                      0.022320    0.000000    5.012448 ^ input3/A (sky130_fd_sc_hd__buf_1)
     2    0.011947    0.146830    0.144656    5.157104 ^ input3/X (sky130_fd_sc_hd__buf_1)
                                                         net3 (net)
                      0.146837    0.000802    5.157907 ^ _112_/B (sky130_fd_sc_hd__xor2_1)
     2    0.012072    0.072924    0.133179    5.291086 v _112_/X (sky130_fd_sc_hd__xor2_1)
                                                         _019_ (net)
                      0.072932    0.000790    5.291875 v _118_/B (sky130_fd_sc_hd__xnor2_1)
     1    0.005192    0.074369    0.173315    5.465191 ^ _118_/Y (sky130_fd_sc_hd__xnor2_1)
                                                         _023_ (net)
                      0.074370    0.000398    5.465589 ^ _119_/B (sky130_fd_sc_hd__xnor2_1)
     1    0.002985    0.036282    0.064313    5.529902 v _119_/Y (sky130_fd_sc_hd__xnor2_1)
                                                         net35 (net)
                      0.036284    0.000176    5.530078 v output35/A (sky130_fd_sc_hd__buf_2)
     1    0.034657    0.090832    0.176260    5.706338 v output35/X (sky130_fd_sc_hd__buf_2)
                                                         outputs[11] (net)
                      0.090869    0.001689    5.708027 v outputs[11] (out)
                                              5.708027   data arrival time

                      0.000000    0.000000    0.000000   clock clk (rise edge)
                                  0.000000    0.000000   clock network delay (ideal)
                                  0.250000    0.250000   clock uncertainty
                                  0.000000    0.250000   clock reconvergence pessimism
                                 -5.000000   -4.750000   output external delay
                                             -4.750000   data required time
---------------------------------------------------------------------------------------------
                                             -4.750000   data required time
                                             -5.708027   data arrival time
---------------------------------------------------------------------------------------------
                                             10.458028   slack (MET)


Startpoint: inputs[22] (input port clocked by clk)
Endpoint: outputs[22] (output port clocked by clk)
Path Group: clk
Path Type: min

Fanout         Cap        Slew       Delay        Time   Description
---------------------------------------------------------------------------------------------
                      0.000000    0.000000    0.000000   clock clk (rise edge)
                                  0.000000    0.000000   clock network delay (ideal)
                                  5.000000    5.000000 ^ input external delay
     1    0.003218    0.021539    0.011827    5.011827 ^ inputs[22] (in)
                                                         inputs[22] (net)
                      0.021548    0.000000    5.011827 ^ input15/A (sky130_fd_sc_hd__clkbuf_1)
     1    0.004946    0.067783    0.089440    5.101267 ^ input15/X (sky130_fd_sc_hd__clkbuf_1)
                                                         net15 (net)
                      0.067784    0.000370    5.101638 ^ _064_/A (sky130_fd_sc_hd__xor2_1)
     2    0.011256    0.069543    0.107159    5.208797 v _064_/X (sky130_fd_sc_hd__xor2_1)
                                                         _036_ (net)
                      0.069544    0.000411    5.209208 v _070_/B (sky130_fd_sc_hd__xnor2_1)
     2    0.011460    0.094433    0.175624    5.384831 v _070_/Y (sky130_fd_sc_hd__xnor2_1)
                                                         _040_ (net)
                      0.094434    0.000440    5.385271 v _071_/B (sky130_fd_sc_hd__xor2_1)
     1    0.002605    0.035481    0.153695    5.538966 v _071_/X (sky130_fd_sc_hd__xor2_1)
                                                         net47 (net)
                      0.035481    0.000169    5.539135 v output47/A (sky130_fd_sc_hd__buf_2)
     1    0.034460    0.090386    0.175606    5.714741 v output47/X (sky130_fd_sc_hd__buf_2)
                                                         outputs[22] (net)
                      0.090420    0.001612    5.716353 v outputs[22] (out)
                                              5.716353   data arrival time

                      0.000000    0.000000    0.000000   clock clk (rise edge)
                                  0.000000    0.000000   clock network delay (ideal)
                                  0.250000    0.250000   clock uncertainty
                                  0.000000    0.250000   clock reconvergence pessimism
                                 -5.000000   -4.750000   output external delay
                                             -4.750000   data required time
---------------------------------------------------------------------------------------------
                                             -4.750000   data required time
                                             -5.716353   data arrival time
---------------------------------------------------------------------------------------------
                                             10.466353   slack (MET)


Startpoint: inputs[14] (input port clocked by clk)
Endpoint: outputs[14] (output port clocked by clk)
Path Group: clk
Path Type: min

Fanout         Cap        Slew       Delay        Time   Description
---------------------------------------------------------------------------------------------
                      0.000000    0.000000    0.000000   clock clk (rise edge)
                                  0.000000    0.000000   clock network delay (ideal)
                                  5.000000    5.000000 ^ input external delay
     1    0.003200    0.021459    0.011763    5.011763 ^ inputs[14] (in)
                                                         inputs[14] (net)
                      0.021468    0.000000    5.011763 ^ input6/A (sky130_fd_sc_hd__buf_1)
     2    0.011496    0.141709    0.140870    5.152633 ^ input6/X (sky130_fd_sc_hd__buf_1)
                                                         net6 (net)
                      0.141719    0.000982    5.153615 ^ _075_/B (sky130_fd_sc_hd__xor2_1)
     1    0.008334    0.057899    0.113151    5.266766 v _075_/X (sky130_fd_sc_hd__xor2_1)
                                                         _042_ (net)
                      0.057907    0.000707    5.267473 v _076_/B (sky130_fd_sc_hd__xnor2_1)
     1    0.004777    0.069415    0.160984    5.428457 ^ _076_/Y (sky130_fd_sc_hd__xnor2_1)
                                                         _043_ (net)
                      0.069415    0.000358    5.428816 ^ _077_/B (sky130_fd_sc_hd__xor2_1)
     2    0.010342    0.065939    0.099590    5.528406 v _077_/X (sky130_fd_sc_hd__xor2_1)
                                                         net38 (net)
                      0.065952    0.000901    5.529306 v output38/A (sky130_fd_sc_hd__buf_2)
     1    0.034639    0.090685    0.189319    5.718625 v output38/X (sky130_fd_sc_hd__buf_2)
                                                         outputs[14] (net)
                      0.090722    0.001688    5.720313 v outputs[14] (out)
                                              5.720313   data arrival time

                      0.000000    0.000000    0.000000   clock clk (rise edge)
                                  0.000000    0.000000   clock network delay (ideal)
                                  0.250000    0.250000   clock uncertainty
                                  0.000000    0.250000   clock reconvergence pessimism
                                 -5.000000   -4.750000   output external delay
                                             -4.750000   data required time
---------------------------------------------------------------------------------------------
                                             -4.750000   data required time
                                             -5.720313   data arrival time
---------------------------------------------------------------------------------------------
                                             10.470313   slack (MET)


Startpoint: inputs[25] (input port clocked by clk)
Endpoint: outputs[25] (output port clocked by clk)
Path Group: clk
Path Type: min

Fanout         Cap        Slew       Delay        Time   Description
---------------------------------------------------------------------------------------------
                      0.000000    0.000000    0.000000   clock clk (rise edge)
                                  0.000000    0.000000   clock network delay (ideal)
                                  5.000000    5.000000 ^ input external delay
     1    0.002925    0.020267    0.010800    5.010800 ^ inputs[25] (in)
                                                         inputs[25] (net)
                      0.020267    0.000000    5.010800 ^ input18/A (sky130_fd_sc_hd__buf_1)
     1    0.009456    0.118533    0.124521    5.135321 ^ input18/X (sky130_fd_sc_hd__buf_1)
                                                         net18 (net)
                      0.118539    0.000726    5.136047 ^ _084_/A (sky130_fd_sc_hd__xnor2_2)
     2    0.013569    0.081848    0.157012    5.293059 ^ _084_/Y (sky130_fd_sc_hd__xnor2_2)
                                                         _048_ (net)
                      0.081860    0.001038    5.294097 ^ _098_/B (sky130_fd_sc_hd__xnor2_1)
     2    0.010666    0.130287    0.175080    5.469177 ^ _098_/Y (sky130_fd_sc_hd__xnor2_1)
                                                         _011_ (net)
                      0.130288    0.000592    5.469769 ^ _101_/B (sky130_fd_sc_hd__xor2_1)
     1    0.002670    0.035759    0.079496    5.549265 v _101_/X (sky130_fd_sc_hd__xor2_1)
                                                         net50 (net)
                      0.035759    0.000172    5.549437 v output50/A (sky130_fd_sc_hd__buf_2)
     1    0.033987    0.089376    0.174821    5.724258 v output50/X (sky130_fd_sc_hd__buf_2)
                                                         outputs[25] (net)
                      0.089411    0.001629    5.725888 v outputs[25] (out)
                                              5.725888   data arrival time

                      0.000000    0.000000    0.000000   clock clk (rise edge)
                                  0.000000    0.000000   clock network delay (ideal)
                                  0.250000    0.250000   clock uncertainty
                                  0.000000    0.250000   clock reconvergence pessimism
                                 -5.000000   -4.750000   output external delay
                                             -4.750000   data required time
---------------------------------------------------------------------------------------------
                                             -4.750000   data required time
                                             -5.725888   data arrival time
---------------------------------------------------------------------------------------------
                                             10.475888   slack (MET)


Startpoint: inputs[13] (input port clocked by clk)
Endpoint: outputs[13] (output port clocked by clk)
Path Group: clk
Path Type: min

Fanout         Cap        Slew       Delay        Time   Description
---------------------------------------------------------------------------------------------
                      0.000000    0.000000    0.000000   clock clk (rise edge)
                                  0.000000    0.000000   clock network delay (ideal)
                                  5.000000    5.000000 v input external delay
     1    0.003279    0.009733    0.005286    5.005286 v inputs[13] (in)
                                                         inputs[13] (net)
                      0.009736    0.000000    5.005286 v input5/A (sky130_fd_sc_hd__buf_1)
     2    0.011192    0.071170    0.109952    5.115238 v input5/X (sky130_fd_sc_hd__buf_1)
                                                         net5 (net)
                      0.071179    0.000814    5.116052 v _110_/B (sky130_fd_sc_hd__xor2_1)
     1    0.005227    0.139294    0.166239    5.282291 ^ _110_/X (sky130_fd_sc_hd__xor2_1)
                                                         _017_ (net)
                      0.139294    0.000390    5.282681 ^ _111_/B (sky130_fd_sc_hd__xnor2_1)
     2    0.010676    0.089094    0.125459    5.408140 v _111_/Y (sky130_fd_sc_hd__xnor2_1)
                                                         _018_ (net)
                      0.089097    0.000607    5.408747 v _117_/B (sky130_fd_sc_hd__xnor2_1)
     1    0.003108    0.038898    0.138002    5.546748 v _117_/Y (sky130_fd_sc_hd__xnor2_1)
                                                         net37 (net)
                      0.038899    0.000182    5.546930 v output37/A (sky130_fd_sc_hd__buf_2)
     1    0.034645    0.090788    0.177366    5.724296 v output37/X (sky130_fd_sc_hd__buf_2)
                                                         outputs[13] (net)
                      0.090825    0.001689    5.725985 v outputs[13] (out)
                                              5.725985   data arrival time

                      0.000000    0.000000    0.000000   clock clk (rise edge)
                                  0.000000    0.000000   clock network delay (ideal)
                                  0.250000    0.250000   clock uncertainty
                                  0.000000    0.250000   clock reconvergence pessimism
                                 -5.000000   -4.750000   output external delay
                                             -4.750000   data required time
---------------------------------------------------------------------------------------------
                                             -4.750000   data required time
                                             -5.725985   data arrival time
---------------------------------------------------------------------------------------------
                                             10.475985   slack (MET)


Startpoint: inputs[28] (input port clocked by clk)
Endpoint: outputs[28] (output port clocked by clk)
Path Group: clk
Path Type: min

Fanout         Cap        Slew       Delay        Time   Description
---------------------------------------------------------------------------------------------
                      0.000000    0.000000    0.000000   clock clk (rise edge)
                                  0.000000    0.000000   clock network delay (ideal)
                                  5.000000    5.000000 ^ input external delay
     1    0.005131    0.029868    0.018368    5.018368 ^ inputs[28] (in)
                                                         inputs[28] (net)
                      0.029871    0.000000    5.018368 ^ input21/A (sky130_fd_sc_hd__clkbuf_1)
     1    0.006311    0.083104    0.103158    5.121526 ^ input21/X (sky130_fd_sc_hd__clkbuf_1)
                                                         net21 (net)
                      0.083137    0.000457    5.121983 ^ _054_/A (sky130_fd_sc_hd__xor2_1)
     1    0.006064    0.049375    0.086397    5.208380 v _054_/X (sky130_fd_sc_hd__xor2_1)
                                                         _030_ (net)
                      0.049379    0.000428    5.208808 v _056_/B (sky130_fd_sc_hd__xnor2_1)
     1    0.012104    0.098920    0.170166    5.378974 v _056_/Y (sky130_fd_sc_hd__xnor2_1)
                                                         _031_ (net)
                      0.098929    0.001033    5.380006 v _057_/B (sky130_fd_sc_hd__xnor2_2)
     3    0.011686    0.066341    0.172123    5.552129 v _057_/Y (sky130_fd_sc_hd__xnor2_2)
                                                         net53 (net)
                      0.066342    0.000374    5.552503 v output53/A (sky130_fd_sc_hd__buf_2)
     1    0.033921    0.089110    0.188225    5.740728 v output53/X (sky130_fd_sc_hd__buf_2)
                                                         outputs[28] (net)
                      0.089143    0.001586    5.742314 v outputs[28] (out)
                                              5.742314   data arrival time

                      0.000000    0.000000    0.000000   clock clk (rise edge)
                                  0.000000    0.000000   clock network delay (ideal)
                                  0.250000    0.250000   clock uncertainty
                                  0.000000    0.250000   clock reconvergence pessimism
                                 -5.000000   -4.750000   output external delay
                                             -4.750000   data required time
---------------------------------------------------------------------------------------------
                                             -4.750000   data required time
                                             -5.742314   data arrival time
---------------------------------------------------------------------------------------------
                                             10.492315   slack (MET)


Startpoint: inputs[30] (input port clocked by clk)
Endpoint: outputs[30] (output port clocked by clk)
Path Group: clk
Path Type: min

Fanout         Cap        Slew       Delay        Time   Description
---------------------------------------------------------------------------------------------
                      0.000000    0.000000    0.000000   clock clk (rise edge)
                                  0.000000    0.000000   clock network delay (ideal)
                                  5.000000    5.000000 ^ input external delay
     1    0.003198    0.021452    0.011757    5.011757 ^ inputs[30] (in)
                                                         inputs[30] (net)
                      0.021461    0.000000    5.011757 ^ input24/A (sky130_fd_sc_hd__clkbuf_1)
     1    0.004940    0.067720    0.089369    5.101126 ^ input24/X (sky130_fd_sc_hd__clkbuf_1)
                                                         net24 (net)
                      0.067720    0.000366    5.101492 ^ _065_/A (sky130_fd_sc_hd__xor2_1)
     1    0.006049    0.049316    0.081651    5.183144 v _065_/X (sky130_fd_sc_hd__xor2_1)
                                                         _037_ (net)
                      0.049320    0.000468    5.183611 v _066_/B (sky130_fd_sc_hd__xnor2_1)
     1    0.006617    0.061551    0.140549    5.324161 v _066_/Y (sky130_fd_sc_hd__xnor2_1)
                                                         _038_ (net)
                      0.061553    0.000499    5.324659 v _067_/B (sky130_fd_sc_hd__xnor2_1)
     1    0.004845    0.069492    0.163542    5.488202 ^ _067_/Y (sky130_fd_sc_hd__xnor2_1)
                                                         _039_ (net)
                      0.069492    0.000226    5.488428 ^ _068_/B (sky130_fd_sc_hd__xnor2_1)
     2    0.007087    0.063064    0.085740    5.574168 v _068_/Y (sky130_fd_sc_hd__xnor2_1)
                                                         net56 (net)
                      0.063066    0.000496    5.574664 v output56/A (sky130_fd_sc_hd__buf_2)
     1    0.034090    0.089489    0.187010    5.761673 v output56/X (sky130_fd_sc_hd__buf_2)
                                                         outputs[30] (net)
                      0.089524    0.001639    5.763312 v outputs[30] (out)
                                              5.763312   data arrival time

                      0.000000    0.000000    0.000000   clock clk (rise edge)
                                  0.000000    0.000000   clock network delay (ideal)
                                  0.250000    0.250000   clock uncertainty
                                  0.000000    0.250000   clock reconvergence pessimism
                                 -5.000000   -4.750000   output external delay
                                             -4.750000   data required time
---------------------------------------------------------------------------------------------
                                             -4.750000   data required time
                                             -5.763312   data arrival time
---------------------------------------------------------------------------------------------
                                             10.513312   slack (MET)


Startpoint: inputs[21] (input port clocked by clk)
Endpoint: outputs[21] (output port clocked by clk)
Path Group: clk
Path Type: min

Fanout         Cap        Slew       Delay        Time   Description
---------------------------------------------------------------------------------------------
                      0.000000    0.000000    0.000000   clock clk (rise edge)
                                  0.000000    0.000000   clock network delay (ideal)
                                  5.000000    5.000000 ^ input external delay
     1    0.003386    0.022278    0.012419    5.012419 ^ inputs[21] (in)
                                                         inputs[21] (net)
                      0.022279    0.000000    5.012419 ^ input14/A (sky130_fd_sc_hd__clkbuf_1)
     1    0.008964    0.112967    0.121466    5.133884 ^ input14/X (sky130_fd_sc_hd__clkbuf_1)
                                                         net14 (net)
                      0.112972    0.000616    5.134501 ^ _082_/A (sky130_fd_sc_hd__xor2_1)
     1    0.006702    0.051661    0.098566    5.233067 v _082_/X (sky130_fd_sc_hd__xor2_1)
                                                         _046_ (net)
                      0.051666    0.000523    5.233589 v _083_/B (sky130_fd_sc_hd__xnor2_1)
     2    0.011673    0.095972    0.168733    5.402323 v _083_/Y (sky130_fd_sc_hd__xnor2_1)
                                                         _047_ (net)
                      0.095983    0.001037    5.403359 v _102_/B (sky130_fd_sc_hd__xnor2_1)
     2    0.008243    0.072502    0.169791    5.573151 v _102_/Y (sky130_fd_sc_hd__xnor2_1)
                                                         net46 (net)
                      0.072504    0.000463    5.573614 v output46/A (sky130_fd_sc_hd__buf_2)
     1    0.034377    0.090097    0.191882    5.765496 v output46/X (sky130_fd_sc_hd__buf_2)
                                                         outputs[21] (net)
                      0.090130    0.001593    5.767089 v outputs[21] (out)
                                              5.767089   data arrival time

                      0.000000    0.000000    0.000000   clock clk (rise edge)
                                  0.000000    0.000000   clock network delay (ideal)
                                  0.250000    0.250000   clock uncertainty
                                  0.000000    0.250000   clock reconvergence pessimism
                                 -5.000000   -4.750000   output external delay
                                             -4.750000   data required time
---------------------------------------------------------------------------------------------
                                             -4.750000   data required time
                                             -5.767089   data arrival time
---------------------------------------------------------------------------------------------
                                             10.517090   slack (MET)


Startpoint: inputs[15] (input port clocked by clk)
Endpoint: outputs[15] (output port clocked by clk)
Path Group: clk
Path Type: min

Fanout         Cap        Slew       Delay        Time   Description
---------------------------------------------------------------------------------------------
                      0.000000    0.000000    0.000000   clock clk (rise edge)
                                  0.000000    0.000000   clock network delay (ideal)
                                  5.000000    5.000000 ^ input external delay
     1    0.003271    0.021779    0.012016    5.012016 ^ inputs[15] (in)
                                                         inputs[15] (net)
                      0.021781    0.000000    5.012016 ^ input7/A (sky130_fd_sc_hd__buf_1)
     2    0.009890    0.123450    0.128488    5.140504 ^ input7/X (sky130_fd_sc_hd__buf_1)
                                                         net7 (net)
                      0.123455    0.000640    5.141145 ^ _113_/B (sky130_fd_sc_hd__xor2_1)
     1    0.005304    0.046199    0.093233    5.234377 v _113_/X (sky130_fd_sc_hd__xor2_1)
                                                         _020_ (net)
                      0.046202    0.000406    5.234783 v _114_/B (sky130_fd_sc_hd__xnor2_1)
     1    0.006016    0.057468    0.136001    5.370784 v _114_/Y (sky130_fd_sc_hd__xnor2_1)
                                                         _021_ (net)
                      0.057471    0.000483    5.371267 v _115_/B (sky130_fd_sc_hd__xnor2_1)
     1    0.004887    0.070066    0.162550    5.533817 ^ _115_/Y (sky130_fd_sc_hd__xnor2_1)
                                                         _022_ (net)
                      0.070066    0.000231    5.534048 ^ _116_/B (sky130_fd_sc_hd__xnor2_1)
     1    0.002282    0.031427    0.058982    5.593030 v _116_/Y (sky130_fd_sc_hd__xnor2_1)
                                                         net39 (net)
                      0.031427    0.000163    5.593194 v output39/A (sky130_fd_sc_hd__buf_2)
     1    0.034639    0.090829    0.174134    5.767328 v output39/X (sky130_fd_sc_hd__buf_2)
                                                         outputs[15] (net)
                      0.090866    0.001689    5.769017 v outputs[15] (out)
                                              5.769017   data arrival time

                      0.000000    0.000000    0.000000   clock clk (rise edge)
                                  0.000000    0.000000   clock network delay (ideal)
                                  0.250000    0.250000   clock uncertainty
                                  0.000000    0.250000   clock reconvergence pessimism
                                 -5.000000   -4.750000   output external delay
                                             -4.750000   data required time
---------------------------------------------------------------------------------------------
                                             -4.750000   data required time
                                             -5.769017   data arrival time
---------------------------------------------------------------------------------------------
                                             10.519017   slack (MET)


Startpoint: inputs[27] (input port clocked by clk)
Endpoint: outputs[27] (output port clocked by clk)
Path Group: clk
Path Type: min

Fanout         Cap        Slew       Delay        Time   Description
---------------------------------------------------------------------------------------------
                      0.000000    0.000000    0.000000   clock clk (rise edge)
                                  0.000000    0.000000   clock network delay (ideal)
                                  5.000000    5.000000 ^ input external delay
     1    0.002877    0.020061    0.010633    5.010633 ^ inputs[27] (in)
                                                         inputs[27] (net)
                      0.020062    0.000000    5.010633 ^ input20/A (sky130_fd_sc_hd__clkbuf_1)
     1    0.005476    0.073726    0.093102    5.103735 ^ input20/X (sky130_fd_sc_hd__clkbuf_1)
                                                         net20 (net)
                      0.073756    0.000427    5.104163 ^ _089_/A (sky130_fd_sc_hd__xnor2_1)
     1    0.005396    0.075008    0.133742    5.237905 ^ _089_/Y (sky130_fd_sc_hd__xnor2_1)
                                                         _004_ (net)
                      0.075009    0.000401    5.238305 ^ _090_/B (sky130_fd_sc_hd__xnor2_1)
     2    0.009597    0.080611    0.100834    5.339139 v _090_/Y (sky130_fd_sc_hd__xnor2_1)
                                                         _005_ (net)
                      0.080641    0.000475    5.339614 v _099_/A (sky130_fd_sc_hd__xor2_1)
     1    0.005622    0.146562    0.194536    5.534151 ^ _099_/X (sky130_fd_sc_hd__xor2_1)
                                                         _012_ (net)
                      0.146562    0.000416    5.534567 ^ _100_/B (sky130_fd_sc_hd__xnor2_1)
     1    0.002536    0.035371    0.077863    5.612429 v _100_/Y (sky130_fd_sc_hd__xnor2_1)
                                                         net52 (net)
                      0.035371    0.000170    5.612599 v output52/A (sky130_fd_sc_hd__buf_2)
     1    0.034004    0.089409    0.174701    5.787301 v output52/X (sky130_fd_sc_hd__buf_2)
                                                         outputs[27] (net)
                      0.089443    0.001611    5.788911 v outputs[27] (out)
                                              5.788911   data arrival time

                      0.000000    0.000000    0.000000   clock clk (rise edge)
                                  0.000000    0.000000   clock network delay (ideal)
                                  0.250000    0.250000   clock uncertainty
                                  0.000000    0.250000   clock reconvergence pessimism
                                 -5.000000   -4.750000   output external delay
                                             -4.750000   data required time
---------------------------------------------------------------------------------------------
                                             -4.750000   data required time
                                             -5.788911   data arrival time
---------------------------------------------------------------------------------------------
                                             10.538912   slack (MET)


Startpoint: inputs[23] (input port clocked by clk)
Endpoint: outputs[23] (output port clocked by clk)
Path Group: clk
Path Type: min

Fanout         Cap        Slew       Delay        Time   Description
---------------------------------------------------------------------------------------------
                      0.000000    0.000000    0.000000   clock clk (rise edge)
                                  0.000000    0.000000   clock network delay (ideal)
                                  5.000000    5.000000 ^ input external delay
     1    0.002806    0.019756    0.010383    5.010383 ^ inputs[23] (in)
                                                         inputs[23] (net)
                      0.019757    0.000000    5.010383 ^ input16/A (sky130_fd_sc_hd__clkbuf_1)
     1    0.006124    0.081031    0.098173    5.108556 ^ input16/X (sky130_fd_sc_hd__clkbuf_1)
                                                         net16 (net)
                      0.081035    0.000431    5.108987 ^ _091_/A (sky130_fd_sc_hd__xor2_1)
     2    0.010715    0.067392    0.108501    5.217488 v _091_/X (sky130_fd_sc_hd__xor2_1)
                                                         _006_ (net)
                      0.067397    0.000648    5.218136 v _103_/B (sky130_fd_sc_hd__xnor2_1)
     1    0.007373    0.066631    0.152428    5.370564 v _103_/Y (sky130_fd_sc_hd__xnor2_1)
                                                         _013_ (net)
                      0.066635    0.000620    5.371184 v _104_/B (sky130_fd_sc_hd__xnor2_1)
     1    0.005914    0.080473    0.181855    5.553039 ^ _104_/Y (sky130_fd_sc_hd__xnor2_1)
                                                         _014_ (net)
                      0.080474    0.000429    5.553468 ^ _105_/B (sky130_fd_sc_hd__xnor2_1)
     1    0.002622    0.034707    0.063818    5.617286 v _105_/Y (sky130_fd_sc_hd__xnor2_1)
                                                         net48 (net)
                      0.034707    0.000167    5.617453 v output48/A (sky130_fd_sc_hd__buf_2)
     1    0.034315    0.090132    0.174895    5.792348 v output48/X (sky130_fd_sc_hd__buf_2)
                                                         outputs[23] (net)
                      0.090171    0.001741    5.794089 v outputs[23] (out)
                                              5.794089   data arrival time

                      0.000000    0.000000    0.000000   clock clk (rise edge)
                                  0.000000    0.000000   clock network delay (ideal)
                                  0.250000    0.250000   clock uncertainty
                                  0.000000    0.250000   clock reconvergence pessimism
                                 -5.000000   -4.750000   output external delay
                                             -4.750000   data required time
---------------------------------------------------------------------------------------------
                                             -4.750000   data required time
                                             -5.794089   data arrival time
---------------------------------------------------------------------------------------------
                                             10.544088   slack (MET)


Startpoint: inputs[29] (input port clocked by clk)
Endpoint: outputs[29] (output port clocked by clk)
Path Group: clk
Path Type: min

Fanout         Cap        Slew       Delay        Time   Description
---------------------------------------------------------------------------------------------
                      0.000000    0.000000    0.000000   clock clk (rise edge)
                                  0.000000    0.000000   clock network delay (ideal)
                                  5.000000    5.000000 ^ input external delay
     1    0.003450    0.022556    0.012641    5.012640 ^ inputs[29] (in)
                                                         inputs[29] (net)
                      0.022558    0.000000    5.012640 ^ input22/A (sky130_fd_sc_hd__clkbuf_1)
     1    0.004924    0.067540    0.089620    5.102261 ^ input22/X (sky130_fd_sc_hd__clkbuf_1)
                                                         net22 (net)
                      0.067541    0.000366    5.102626 ^ _085_/A (sky130_fd_sc_hd__xor2_1)
     1    0.006501    0.051054    0.083839    5.186465 v _085_/X (sky130_fd_sc_hd__xor2_1)
                                                         _000_ (net)
                      0.051060    0.000531    5.186996 v _086_/B (sky130_fd_sc_hd__xnor2_1)
     1    0.005922    0.080320    0.175871    5.362867 ^ _086_/Y (sky130_fd_sc_hd__xnor2_1)
                                                         _001_ (net)
                      0.080321    0.000434    5.363301 ^ _087_/B (sky130_fd_sc_hd__xnor2_1)
     2    0.012205    0.098930    0.116172    5.479473 v _087_/Y (sky130_fd_sc_hd__xnor2_1)
                                                         _002_ (net)
                      0.098940    0.000830    5.480303 v _097_/B (sky130_fd_sc_hd__xor2_1)
     1    0.002137    0.033494    0.152738    5.633041 v _097_/X (sky130_fd_sc_hd__xor2_1)
                                                         net54 (net)
                      0.033494    0.000143    5.633184 v output54/A (sky130_fd_sc_hd__buf_2)
     1    0.034208    0.089867    0.174261    5.807445 v output54/X (sky130_fd_sc_hd__buf_2)
                                                         outputs[29] (net)
                      0.089901    0.001628    5.809073 v outputs[29] (out)
                                              5.809073   data arrival time

                      0.000000    0.000000    0.000000   clock clk (rise edge)
                                  0.000000    0.000000   clock network delay (ideal)
                                  0.250000    0.250000   clock uncertainty
                                  0.000000    0.250000   clock reconvergence pessimism
                                 -5.000000   -4.750000   output external delay
                                             -4.750000   data required time
---------------------------------------------------------------------------------------------
                                             -4.750000   data required time
                                             -5.809073   data arrival time
---------------------------------------------------------------------------------------------
                                             10.559073   slack (MET)


Startpoint: inputs[31] (input port clocked by clk)
Endpoint: outputs[31] (output port clocked by clk)
Path Group: clk
Path Type: min

Fanout         Cap        Slew       Delay        Time   Description
---------------------------------------------------------------------------------------------
                      0.000000    0.000000    0.000000   clock clk (rise edge)
                                  0.000000    0.000000   clock network delay (ideal)
                                  5.000000    5.000000 ^ input external delay
     1    0.003040    0.020767    0.011206    5.011206 ^ inputs[31] (in)
                                                         inputs[31] (net)
                      0.020775    0.000000    5.011206 ^ input25/A (sky130_fd_sc_hd__clkbuf_1)
     1    0.005137    0.069931    0.090691    5.101897 ^ input25/X (sky130_fd_sc_hd__clkbuf_1)
                                                         net25 (net)
                      0.069931    0.000382    5.102279 ^ _092_/A (sky130_fd_sc_hd__xnor2_1)
     1    0.005746    0.055678    0.087429    5.189708 v _092_/Y (sky130_fd_sc_hd__xnor2_1)
                                                         _007_ (net)
                      0.055680    0.000415    5.190123 v _093_/B (sky130_fd_sc_hd__xnor2_1)
     1    0.005627    0.077475    0.173093    5.363216 ^ _093_/Y (sky130_fd_sc_hd__xnor2_1)
                                                         _008_ (net)
                      0.077476    0.000417    5.363633 ^ _094_/B (sky130_fd_sc_hd__xnor2_1)
     1    0.006467    0.059228    0.084853    5.448485 v _094_/Y (sky130_fd_sc_hd__xnor2_1)
                                                         _009_ (net)
                      0.059232    0.000517    5.449002 v _095_/B (sky130_fd_sc_hd__xnor2_1)
     1    0.005612    0.077378    0.174275    5.623278 ^ _095_/Y (sky130_fd_sc_hd__xnor2_1)
                                                         _010_ (net)
                      0.077379    0.000420    5.623697 ^ _096_/B (sky130_fd_sc_hd__xnor2_1)
     1    0.002234    0.031924    0.060532    5.684229 v _096_/Y (sky130_fd_sc_hd__xnor2_1)
                                                         net57 (net)
                      0.031924    0.000146    5.684375 v output57/A (sky130_fd_sc_hd__buf_2)
     1    0.033945    0.089304    0.173116    5.857491 v output57/X (sky130_fd_sc_hd__buf_2)
                                                         outputs[31] (net)
                      0.089337    0.001598    5.859089 v outputs[31] (out)
                                              5.859089   data arrival time

                      0.000000    0.000000    0.000000   clock clk (rise edge)
                                  0.000000    0.000000   clock network delay (ideal)
                                  0.250000    0.250000   clock uncertainty
                                  0.000000    0.250000   clock reconvergence pessimism
                                 -5.000000   -4.750000   output external delay
                                             -4.750000   data required time
---------------------------------------------------------------------------------------------
                                             -4.750000   data required time
                                             -5.859089   data arrival time
---------------------------------------------------------------------------------------------
                                             10.609089   slack (MET)



