
===========================================================================
report_checks -unconstrained
===========================================================================
======================= nom_ff_n40C_1v95 Corner ===================================

Startpoint: inputs[0] (input port clocked by clk)
Endpoint: outputs[31] (output port clocked by clk)
Path Group: clk
Path Type: max

Fanout         Cap        Slew       Delay        Time   Description
---------------------------------------------------------------------------------------------
                      0.000000    0.000000    0.000000   clock clk (rise edge)
                                  0.000000    0.000000   clock network delay (ideal)
                                  5.000000    5.000000 ^ input external delay
     1    0.005032    0.021788    0.013084    5.013084 ^ inputs[0] (in)
                                                         inputs[0] (net)
                      0.021790    0.000000    5.013084 ^ input1/A (sky130_fd_sc_hd__buf_4)
     6    0.061610    0.130767    0.140540    5.153624 ^ input1/X (sky130_fd_sc_hd__buf_4)
                                                         net1 (net)
                      0.130856    0.002824    5.156447 ^ _049_/B (sky130_fd_sc_hd__xor2_4)
     5    0.042730    0.250261    0.221390    5.377837 ^ _049_/X (sky130_fd_sc_hd__xor2_4)
                                                         net40 (net)
                      0.250278    0.001621    5.379458 ^ _055_/A (sky130_fd_sc_hd__xnor2_4)
     4    0.020514    0.077939    0.077609    5.457067 v _055_/Y (sky130_fd_sc_hd__xnor2_4)
                                                         net45 (net)
                      0.077944    0.000481    5.457549 v _057_/A (sky130_fd_sc_hd__xnor2_2)
     3    0.011607    0.061621    0.122233    5.579782 v _057_/Y (sky130_fd_sc_hd__xnor2_2)
                                                         net53 (net)
                      0.061623    0.000236    5.580018 v _068_/A (sky130_fd_sc_hd__xnor2_1)
     2    0.007516    0.146888    0.158467    5.738484 ^ _068_/Y (sky130_fd_sc_hd__xnor2_1)
                                                         net56 (net)
                      0.146889    0.000194    5.738678 ^ _096_/A (sky130_fd_sc_hd__xnor2_1)
     1    0.002428    0.077382    0.076898    5.815577 ^ _096_/Y (sky130_fd_sc_hd__xnor2_1)
                                                         net57 (net)
                      0.077382    0.000068    5.815646 ^ output57/A (sky130_fd_sc_hd__buf_2)
     1    0.033921    0.126874    0.148662    5.964308 ^ output57/X (sky130_fd_sc_hd__buf_2)
                                                         outputs[31] (net)
                      0.126915    0.000622    5.964930 ^ outputs[31] (out)
                                              5.964930   data arrival time

                      0.000000   25.000000   25.000000   clock clk (rise edge)
                                  0.000000   25.000000   clock network delay (ideal)
                                 -0.250000   24.750000   clock uncertainty
                                  0.000000   24.750000   clock reconvergence pessimism
                                 -5.000000   19.750000   output external delay
                                             19.750000   data required time
---------------------------------------------------------------------------------------------
                                             19.750000   data required time
                                             -5.964930   data arrival time
---------------------------------------------------------------------------------------------
                                             13.785069   slack (MET)




===========================================================================
report_checks --slack_max -0.01
============================================================================
======================= nom_ff_n40C_1v95 Corner ===================================

No paths found.


===========================================================================
 report_check_types -max_slew -max_cap -max_fanout -violators
============================================================================
======================= nom_ff_n40C_1v95 Corner ===================================



===========================================================================
report_parasitic_annotation -report_unannotated
============================================================================
Found 0 unannotated drivers.
Found 0 partially unannotated drivers.

===========================================================================
max slew violation count 0
max fanout violation count 0
max cap violation count 0
============================================================================

===========================================================================
check_setup -verbose -unconstrained_endpoints -multiple_clock -no_clock -no_input_delay -loops -generated_clocks
===========================================================================
