
===========================================================================
report_checks -path_delay max (Setup)
============================================================================
======================= nom_ff_n40C_1v95 Corner ===================================

Startpoint: inputs[0] (input port clocked by clk)
Endpoint: outputs[31] (output port clocked by clk)
Path Group: clk
Path Type: max

Fanout         Cap        Slew       Delay        Time   Description
---------------------------------------------------------------------------------------------
                      0.000000    0.000000    0.000000   clock clk (rise edge)
                                  0.000000    0.000000   clock network delay (ideal)
                                  5.000000    5.000000 ^ input external delay
     1    0.005032    0.021788    0.013084    5.013084 ^ inputs[0] (in)
                                                         inputs[0] (net)
                      0.021790    0.000000    5.013084 ^ input1/A (sky130_fd_sc_hd__buf_4)
     6    0.061610    0.130767    0.140540    5.153624 ^ input1/X (sky130_fd_sc_hd__buf_4)
                                                         net1 (net)
                      0.130856    0.002824    5.156447 ^ _049_/B (sky130_fd_sc_hd__xor2_4)
     5    0.042730    0.250261    0.221390    5.377837 ^ _049_/X (sky130_fd_sc_hd__xor2_4)
                                                         net40 (net)
                      0.250278    0.001621    5.379458 ^ _055_/A (sky130_fd_sc_hd__xnor2_4)
     4    0.020514    0.077939    0.077609    5.457067 v _055_/Y (sky130_fd_sc_hd__xnor2_4)
                                                         net45 (net)
                      0.077944    0.000481    5.457549 v _057_/A (sky130_fd_sc_hd__xnor2_2)
     3    0.011607    0.061621    0.122233    5.579782 v _057_/Y (sky130_fd_sc_hd__xnor2_2)
                                                         net53 (net)
                      0.061623    0.000236    5.580018 v _068_/A (sky130_fd_sc_hd__xnor2_1)
     2    0.007516    0.146888    0.158467    5.738484 ^ _068_/Y (sky130_fd_sc_hd__xnor2_1)
                                                         net56 (net)
                      0.146889    0.000194    5.738678 ^ _096_/A (sky130_fd_sc_hd__xnor2_1)
     1    0.002428    0.077382    0.076898    5.815577 ^ _096_/Y (sky130_fd_sc_hd__xnor2_1)
                                                         net57 (net)
                      0.077382    0.000068    5.815646 ^ output57/A (sky130_fd_sc_hd__buf_2)
     1    0.033921    0.126874    0.148662    5.964308 ^ output57/X (sky130_fd_sc_hd__buf_2)
                                                         outputs[31] (net)
                      0.126915    0.000622    5.964930 ^ outputs[31] (out)
                                              5.964930   data arrival time

                      0.000000   25.000000   25.000000   clock clk (rise edge)
                                  0.000000   25.000000   clock network delay (ideal)
                                 -0.250000   24.750000   clock uncertainty
                                  0.000000   24.750000   clock reconvergence pessimism
                                 -5.000000   19.750000   output external delay
                                             19.750000   data required time
---------------------------------------------------------------------------------------------
                                             19.750000   data required time
                                             -5.964930   data arrival time
---------------------------------------------------------------------------------------------
                                             13.785069   slack (MET)


Startpoint: inputs[0] (input port clocked by clk)
Endpoint: outputs[30] (output port clocked by clk)
Path Group: clk
Path Type: max

Fanout         Cap        Slew       Delay        Time   Description
---------------------------------------------------------------------------------------------
                      0.000000    0.000000    0.000000   clock clk (rise edge)
                                  0.000000    0.000000   clock network delay (ideal)
                                  5.000000    5.000000 ^ input external delay
     1    0.005032    0.021788    0.013084    5.013084 ^ inputs[0] (in)
                                                         inputs[0] (net)
                      0.021790    0.000000    5.013084 ^ input1/A (sky130_fd_sc_hd__buf_4)
     6    0.061610    0.130767    0.140540    5.153624 ^ input1/X (sky130_fd_sc_hd__buf_4)
                                                         net1 (net)
                      0.130856    0.002824    5.156447 ^ _049_/B (sky130_fd_sc_hd__xor2_4)
     5    0.042730    0.250261    0.221390    5.377837 ^ _049_/X (sky130_fd_sc_hd__xor2_4)
                                                         net40 (net)
                      0.250278    0.001621    5.379458 ^ _055_/A (sky130_fd_sc_hd__xnor2_4)
     4    0.020514    0.077939    0.077609    5.457067 v _055_/Y (sky130_fd_sc_hd__xnor2_4)
                                                         net45 (net)
                      0.077944    0.000481    5.457549 v _057_/A (sky130_fd_sc_hd__xnor2_2)
     3    0.011607    0.061621    0.122233    5.579782 v _057_/Y (sky130_fd_sc_hd__xnor2_2)
                                                         net53 (net)
                      0.061623    0.000236    5.580018 v _068_/A (sky130_fd_sc_hd__xnor2_1)
     2    0.007516    0.146888    0.158467    5.738484 ^ _068_/Y (sky130_fd_sc_hd__xnor2_1)
                                                         net56 (net)
                      0.146889    0.000205    5.738689 ^ output56/A (sky130_fd_sc_hd__buf_2)
     1    0.034045    0.127475    0.161814    5.900503 ^ output56/X (sky130_fd_sc_hd__buf_2)
                                                         outputs[30] (net)
                      0.127477    0.000655    5.901158 ^ outputs[30] (out)
                                              5.901158   data arrival time

                      0.000000   25.000000   25.000000   clock clk (rise edge)
                                  0.000000   25.000000   clock network delay (ideal)
                                 -0.250000   24.750000   clock uncertainty
                                  0.000000   24.750000   clock reconvergence pessimism
                                 -5.000000   19.750000   output external delay
                                             19.750000   data required time
---------------------------------------------------------------------------------------------
                                             19.750000   data required time
                                             -5.901158   data arrival time
---------------------------------------------------------------------------------------------
                                             13.848842   slack (MET)


Startpoint: inputs[0] (input port clocked by clk)
Endpoint: outputs[27] (output port clocked by clk)
Path Group: clk
Path Type: max

Fanout         Cap        Slew       Delay        Time   Description
---------------------------------------------------------------------------------------------
                      0.000000    0.000000    0.000000   clock clk (rise edge)
                                  0.000000    0.000000   clock network delay (ideal)
                                  5.000000    5.000000 ^ input external delay
     1    0.005032    0.021788    0.013084    5.013084 ^ inputs[0] (in)
                                                         inputs[0] (net)
                      0.021790    0.000000    5.013084 ^ input1/A (sky130_fd_sc_hd__buf_4)
     6    0.061610    0.130767    0.140540    5.153624 ^ input1/X (sky130_fd_sc_hd__buf_4)
                                                         net1 (net)
                      0.130856    0.002824    5.156447 ^ _049_/B (sky130_fd_sc_hd__xor2_4)
     5    0.042730    0.250261    0.221390    5.377837 ^ _049_/X (sky130_fd_sc_hd__xor2_4)
                                                         net40 (net)
                      0.250264    0.000679    5.378516 ^ _051_/A (sky130_fd_sc_hd__xor2_2)
     3    0.016927    0.179391    0.160786    5.539301 ^ _051_/X (sky130_fd_sc_hd__xor2_2)
                                                         net49 (net)
                      0.179395    0.000677    5.539979 ^ _069_/A (sky130_fd_sc_hd__xnor2_1)
     2    0.007970    0.153163    0.109653    5.649632 ^ _069_/Y (sky130_fd_sc_hd__xnor2_1)
                                                         net51 (net)
                      0.153209    0.000215    5.649847 ^ _100_/A (sky130_fd_sc_hd__xnor2_1)
     1    0.002669    0.080784    0.078468    5.728315 ^ _100_/Y (sky130_fd_sc_hd__xnor2_1)
                                                         net52 (net)
                      0.080784    0.000080    5.728395 ^ output52/A (sky130_fd_sc_hd__buf_2)
     1    0.033964    0.127028    0.149544    5.877939 ^ output52/X (sky130_fd_sc_hd__buf_2)
                                                         outputs[27] (net)
                      0.127070    0.000632    5.878572 ^ outputs[27] (out)
                                              5.878572   data arrival time

                      0.000000   25.000000   25.000000   clock clk (rise edge)
                                  0.000000   25.000000   clock network delay (ideal)
                                 -0.250000   24.750000   clock uncertainty
                                  0.000000   24.750000   clock reconvergence pessimism
                                 -5.000000   19.750000   output external delay
                                             19.750000   data required time
---------------------------------------------------------------------------------------------
                                             19.750000   data required time
                                             -5.878572   data arrival time
---------------------------------------------------------------------------------------------
                                             13.871428   slack (MET)


Startpoint: inputs[0] (input port clocked by clk)
Endpoint: outputs[29] (output port clocked by clk)
Path Group: clk
Path Type: max

Fanout         Cap        Slew       Delay        Time   Description
---------------------------------------------------------------------------------------------
                      0.000000    0.000000    0.000000   clock clk (rise edge)
                                  0.000000    0.000000   clock network delay (ideal)
                                  5.000000    5.000000 ^ input external delay
     1    0.005032    0.021788    0.013084    5.013084 ^ inputs[0] (in)
                                                         inputs[0] (net)
                      0.021790    0.000000    5.013084 ^ input1/A (sky130_fd_sc_hd__buf_4)
     6    0.061610    0.130767    0.140540    5.153624 ^ input1/X (sky130_fd_sc_hd__buf_4)
                                                         net1 (net)
                      0.130856    0.002824    5.156447 ^ _049_/B (sky130_fd_sc_hd__xor2_4)
     5    0.042730    0.250261    0.221390    5.377837 ^ _049_/X (sky130_fd_sc_hd__xor2_4)
                                                         net40 (net)
                      0.250278    0.001621    5.379458 ^ _055_/A (sky130_fd_sc_hd__xnor2_4)
     4    0.020514    0.077939    0.077609    5.457067 v _055_/Y (sky130_fd_sc_hd__xnor2_4)
                                                         net45 (net)
                      0.077944    0.000481    5.457549 v _057_/A (sky130_fd_sc_hd__xnor2_2)
     3    0.012423    0.153378    0.169300    5.626849 ^ _057_/Y (sky130_fd_sc_hd__xnor2_2)
                                                         net53 (net)
                      0.153378    0.000212    5.627061 ^ _097_/A (sky130_fd_sc_hd__xor2_1)
     1    0.002334    0.074536    0.088257    5.715317 ^ _097_/X (sky130_fd_sc_hd__xor2_1)
                                                         net54 (net)
                      0.074536    0.000066    5.715383 ^ output54/A (sky130_fd_sc_hd__buf_2)
     1    0.034156    0.127709    0.148574    5.863957 ^ output54/X (sky130_fd_sc_hd__buf_2)
                                                         outputs[29] (net)
                      0.127751    0.000644    5.864602 ^ outputs[29] (out)
                                              5.864602   data arrival time

                      0.000000   25.000000   25.000000   clock clk (rise edge)
                                  0.000000   25.000000   clock network delay (ideal)
                                 -0.250000   24.750000   clock uncertainty
                                  0.000000   24.750000   clock reconvergence pessimism
                                 -5.000000   19.750000   output external delay
                                             19.750000   data required time
---------------------------------------------------------------------------------------------
                                             19.750000   data required time
                                             -5.864602   data arrival time
---------------------------------------------------------------------------------------------
                                             13.885398   slack (MET)


Startpoint: inputs[0] (input port clocked by clk)
Endpoint: outputs[23] (output port clocked by clk)
Path Group: clk
Path Type: max

Fanout         Cap        Slew       Delay        Time   Description
---------------------------------------------------------------------------------------------
                      0.000000    0.000000    0.000000   clock clk (rise edge)
                                  0.000000    0.000000   clock network delay (ideal)
                                  5.000000    5.000000 ^ input external delay
     1    0.005032    0.021788    0.013084    5.013084 ^ inputs[0] (in)
                                                         inputs[0] (net)
                      0.021790    0.000000    5.013084 ^ input1/A (sky130_fd_sc_hd__buf_4)
     6    0.061610    0.130767    0.140540    5.153624 ^ input1/X (sky130_fd_sc_hd__buf_4)
                                                         net1 (net)
                      0.130856    0.002824    5.156447 ^ _049_/B (sky130_fd_sc_hd__xor2_4)
     5    0.042730    0.250261    0.221390    5.377837 ^ _049_/X (sky130_fd_sc_hd__xor2_4)
                                                         net40 (net)
                      0.250278    0.001621    5.379458 ^ _055_/A (sky130_fd_sc_hd__xnor2_4)
     4    0.020514    0.077939    0.077609    5.457067 v _055_/Y (sky130_fd_sc_hd__xnor2_4)
                                                         net45 (net)
                      0.077940    0.000356    5.457424 v _102_/A (sky130_fd_sc_hd__xnor2_1)
     2    0.008581    0.161776    0.175663    5.633086 ^ _102_/Y (sky130_fd_sc_hd__xnor2_1)
                                                         net46 (net)
                      0.161777    0.000259    5.633345 ^ _105_/A (sky130_fd_sc_hd__xnor2_1)
     1    0.002793    0.082400    0.079330    5.712675 ^ _105_/Y (sky130_fd_sc_hd__xnor2_1)
                                                         net48 (net)
                      0.082400    0.000084    5.712759 ^ output48/A (sky130_fd_sc_hd__buf_2)
     1    0.034261    0.128088    0.150575    5.863334 ^ output48/X (sky130_fd_sc_hd__buf_2)
                                                         outputs[23] (net)
                      0.128132    0.000737    5.864071 ^ outputs[23] (out)
                                              5.864071   data arrival time

                      0.000000   25.000000   25.000000   clock clk (rise edge)
                                  0.000000   25.000000   clock network delay (ideal)
                                 -0.250000   24.750000   clock uncertainty
                                  0.000000   24.750000   clock reconvergence pessimism
                                 -5.000000   19.750000   output external delay
                                             19.750000   data required time
---------------------------------------------------------------------------------------------
                                             19.750000   data required time
                                             -5.864071   data arrival time
---------------------------------------------------------------------------------------------
                                             13.885928   slack (MET)


Startpoint: inputs[0] (input port clocked by clk)
Endpoint: outputs[15] (output port clocked by clk)
Path Group: clk
Path Type: max

Fanout         Cap        Slew       Delay        Time   Description
---------------------------------------------------------------------------------------------
                      0.000000    0.000000    0.000000   clock clk (rise edge)
                                  0.000000    0.000000   clock network delay (ideal)
                                  5.000000    5.000000 v input external delay
     1    0.004771    0.007856    0.004042    5.004042 v inputs[0] (in)
                                                         inputs[0] (net)
                      0.007863    0.000000    5.004042 v input1/A (sky130_fd_sc_hd__buf_4)
     6    0.057084    0.061679    0.118272    5.122314 v input1/X (sky130_fd_sc_hd__buf_4)
                                                         net1 (net)
                      0.061761    0.002010    5.124324 v _052_/A (sky130_fd_sc_hd__xor2_4)
     4    0.023892    0.065235    0.142627    5.266951 v _052_/X (sky130_fd_sc_hd__xor2_4)
                                                         net63 (net)
                      0.065236    0.000373    5.267323 v _074_/A (sky130_fd_sc_hd__xnor2_2)
     3    0.016551    0.187775    0.189941    5.457265 ^ _074_/Y (sky130_fd_sc_hd__xnor2_2)
                                                         net34 (net)
                      0.187776    0.000364    5.457629 ^ _077_/A (sky130_fd_sc_hd__xor2_1)
     2    0.010553    0.180034    0.169037    5.626666 ^ _077_/X (sky130_fd_sc_hd__xor2_1)
                                                         net38 (net)
                      0.180035    0.000427    5.627093 ^ _116_/A (sky130_fd_sc_hd__xnor2_1)
     1    0.002462    0.078207    0.077448    5.704542 ^ _116_/Y (sky130_fd_sc_hd__xnor2_1)
                                                         net39 (net)
                      0.078207    0.000071    5.704613 ^ output39/A (sky130_fd_sc_hd__buf_2)
     1    0.034582    0.129231    0.150353    5.854966 ^ output39/X (sky130_fd_sc_hd__buf_2)
                                                         outputs[15] (net)
                      0.129277    0.000812    5.855778 ^ outputs[15] (out)
                                              5.855778   data arrival time

                      0.000000   25.000000   25.000000   clock clk (rise edge)
                                  0.000000   25.000000   clock network delay (ideal)
                                 -0.250000   24.750000   clock uncertainty
                                  0.000000   24.750000   clock reconvergence pessimism
                                 -5.000000   19.750000   output external delay
                                             19.750000   data required time
---------------------------------------------------------------------------------------------
                                             19.750000   data required time
                                             -5.855778   data arrival time
---------------------------------------------------------------------------------------------
                                             13.894221   slack (MET)


Startpoint: inputs[0] (input port clocked by clk)
Endpoint: outputs[26] (output port clocked by clk)
Path Group: clk
Path Type: max

Fanout         Cap        Slew       Delay        Time   Description
---------------------------------------------------------------------------------------------
                      0.000000    0.000000    0.000000   clock clk (rise edge)
                                  0.000000    0.000000   clock network delay (ideal)
                                  5.000000    5.000000 ^ input external delay
     1    0.005032    0.021788    0.013084    5.013084 ^ inputs[0] (in)
                                                         inputs[0] (net)
                      0.021790    0.000000    5.013084 ^ input1/A (sky130_fd_sc_hd__buf_4)
     6    0.061610    0.130767    0.140540    5.153624 ^ input1/X (sky130_fd_sc_hd__buf_4)
                                                         net1 (net)
                      0.130856    0.002824    5.156447 ^ _049_/B (sky130_fd_sc_hd__xor2_4)
     5    0.042730    0.250261    0.221390    5.377837 ^ _049_/X (sky130_fd_sc_hd__xor2_4)
                                                         net40 (net)
                      0.250264    0.000679    5.378516 ^ _051_/A (sky130_fd_sc_hd__xor2_2)
     3    0.016927    0.179391    0.160786    5.539301 ^ _051_/X (sky130_fd_sc_hd__xor2_2)
                                                         net49 (net)
                      0.179395    0.000677    5.539979 ^ _069_/A (sky130_fd_sc_hd__xnor2_1)
     2    0.007970    0.153163    0.109653    5.649632 ^ _069_/Y (sky130_fd_sc_hd__xnor2_1)
                                                         net51 (net)
                      0.153210    0.000227    5.649859 ^ output51/A (sky130_fd_sc_hd__buf_2)
     1    0.034105    0.127721    0.162597    5.812456 ^ output51/X (sky130_fd_sc_hd__buf_2)
                                                         outputs[26] (net)
                      0.127723    0.000681    5.813137 ^ outputs[26] (out)
                                              5.813137   data arrival time

                      0.000000   25.000000   25.000000   clock clk (rise edge)
                                  0.000000   25.000000   clock network delay (ideal)
                                 -0.250000   24.750000   clock uncertainty
                                  0.000000   24.750000   clock reconvergence pessimism
                                 -5.000000   19.750000   output external delay
                                             19.750000   data required time
---------------------------------------------------------------------------------------------
                                             19.750000   data required time
                                             -5.813137   data arrival time
---------------------------------------------------------------------------------------------
                                             13.936863   slack (MET)


Startpoint: inputs[0] (input port clocked by clk)
Endpoint: outputs[21] (output port clocked by clk)
Path Group: clk
Path Type: max

Fanout         Cap        Slew       Delay        Time   Description
---------------------------------------------------------------------------------------------
                      0.000000    0.000000    0.000000   clock clk (rise edge)
                                  0.000000    0.000000   clock network delay (ideal)
                                  5.000000    5.000000 ^ input external delay
     1    0.005032    0.021788    0.013084    5.013084 ^ inputs[0] (in)
                                                         inputs[0] (net)
                      0.021790    0.000000    5.013084 ^ input1/A (sky130_fd_sc_hd__buf_4)
     6    0.061610    0.130767    0.140540    5.153624 ^ input1/X (sky130_fd_sc_hd__buf_4)
                                                         net1 (net)
                      0.130856    0.002824    5.156447 ^ _049_/B (sky130_fd_sc_hd__xor2_4)
     5    0.042730    0.250261    0.221390    5.377837 ^ _049_/X (sky130_fd_sc_hd__xor2_4)
                                                         net40 (net)
                      0.250278    0.001621    5.379458 ^ _055_/A (sky130_fd_sc_hd__xnor2_4)
     4    0.020514    0.077939    0.077609    5.457067 v _055_/Y (sky130_fd_sc_hd__xnor2_4)
                                                         net45 (net)
                      0.077940    0.000356    5.457424 v _102_/A (sky130_fd_sc_hd__xnor2_1)
     2    0.008581    0.161776    0.175663    5.633086 ^ _102_/Y (sky130_fd_sc_hd__xnor2_1)
                                                         net46 (net)
                      0.161776    0.000231    5.633317 ^ output46/A (sky130_fd_sc_hd__buf_2)
     1    0.034323    0.128533    0.163983    5.797300 ^ output46/X (sky130_fd_sc_hd__buf_2)
                                                         outputs[21] (net)
                      0.128535    0.000733    5.798033 ^ outputs[21] (out)
                                              5.798033   data arrival time

                      0.000000   25.000000   25.000000   clock clk (rise edge)
                                  0.000000   25.000000   clock network delay (ideal)
                                 -0.250000   24.750000   clock uncertainty
                                  0.000000   24.750000   clock reconvergence pessimism
                                 -5.000000   19.750000   output external delay
                                             19.750000   data required time
---------------------------------------------------------------------------------------------
                                             19.750000   data required time
                                             -5.798033   data arrival time
---------------------------------------------------------------------------------------------
                                             13.951967   slack (MET)


Startpoint: inputs[0] (input port clocked by clk)
Endpoint: outputs[14] (output port clocked by clk)
Path Group: clk
Path Type: max

Fanout         Cap        Slew       Delay        Time   Description
---------------------------------------------------------------------------------------------
                      0.000000    0.000000    0.000000   clock clk (rise edge)
                                  0.000000    0.000000   clock network delay (ideal)
                                  5.000000    5.000000 v input external delay
     1    0.004771    0.007856    0.004042    5.004042 v inputs[0] (in)
                                                         inputs[0] (net)
                      0.007863    0.000000    5.004042 v input1/A (sky130_fd_sc_hd__buf_4)
     6    0.057084    0.061679    0.118272    5.122314 v input1/X (sky130_fd_sc_hd__buf_4)
                                                         net1 (net)
                      0.061761    0.002010    5.124324 v _052_/A (sky130_fd_sc_hd__xor2_4)
     4    0.023892    0.065235    0.142627    5.266951 v _052_/X (sky130_fd_sc_hd__xor2_4)
                                                         net63 (net)
                      0.065236    0.000373    5.267323 v _074_/A (sky130_fd_sc_hd__xnor2_2)
     3    0.016551    0.187775    0.189941    5.457265 ^ _074_/Y (sky130_fd_sc_hd__xnor2_2)
                                                         net34 (net)
                      0.187776    0.000364    5.457629 ^ _077_/A (sky130_fd_sc_hd__xor2_1)
     2    0.010553    0.180034    0.169037    5.626666 ^ _077_/X (sky130_fd_sc_hd__xor2_1)
                                                         net38 (net)
                      0.180036    0.000454    5.627120 ^ output38/A (sky130_fd_sc_hd__buf_2)
     1    0.034574    0.129514    0.166436    5.793556 ^ output38/X (sky130_fd_sc_hd__buf_2)
                                                         outputs[14] (net)
                      0.129517    0.000811    5.794367 ^ outputs[14] (out)
                                              5.794367   data arrival time

                      0.000000   25.000000   25.000000   clock clk (rise edge)
                                  0.000000   25.000000   clock network delay (ideal)
                                 -0.250000   24.750000   clock uncertainty
                                  0.000000   24.750000   clock reconvergence pessimism
                                 -5.000000   19.750000   output external delay
                                             19.750000   data required time
---------------------------------------------------------------------------------------------
                                             19.750000   data required time
                                             -5.794367   data arrival time
---------------------------------------------------------------------------------------------
                                             13.955631   slack (MET)


Startpoint: inputs[0] (input port clocked by clk)
Endpoint: outputs[28] (output port clocked by clk)
Path Group: clk
Path Type: max

Fanout         Cap        Slew       Delay        Time   Description
---------------------------------------------------------------------------------------------
                      0.000000    0.000000    0.000000   clock clk (rise edge)
                                  0.000000    0.000000   clock network delay (ideal)
                                  5.000000    5.000000 ^ input external delay
     1    0.005032    0.021788    0.013084    5.013084 ^ inputs[0] (in)
                                                         inputs[0] (net)
                      0.021790    0.000000    5.013084 ^ input1/A (sky130_fd_sc_hd__buf_4)
     6    0.061610    0.130767    0.140540    5.153624 ^ input1/X (sky130_fd_sc_hd__buf_4)
                                                         net1 (net)
                      0.130856    0.002824    5.156447 ^ _049_/B (sky130_fd_sc_hd__xor2_4)
     5    0.042730    0.250261    0.221390    5.377837 ^ _049_/X (sky130_fd_sc_hd__xor2_4)
                                                         net40 (net)
                      0.250278    0.001621    5.379458 ^ _055_/A (sky130_fd_sc_hd__xnor2_4)
     4    0.020514    0.077939    0.077609    5.457067 v _055_/Y (sky130_fd_sc_hd__xnor2_4)
                                                         net45 (net)
                      0.077944    0.000481    5.457549 v _057_/A (sky130_fd_sc_hd__xnor2_2)
     3    0.012423    0.153378    0.169300    5.626849 ^ _057_/Y (sky130_fd_sc_hd__xnor2_2)
                                                         net53 (net)
                      0.153378    0.000195    5.627044 ^ output53/A (sky130_fd_sc_hd__buf_2)
     1    0.033896    0.126978    0.162147    5.789191 ^ output53/X (sky130_fd_sc_hd__buf_2)
                                                         outputs[28] (net)
                      0.126979    0.000612    5.789803 ^ outputs[28] (out)
                                              5.789803   data arrival time

                      0.000000   25.000000   25.000000   clock clk (rise edge)
                                  0.000000   25.000000   clock network delay (ideal)
                                 -0.250000   24.750000   clock uncertainty
                                  0.000000   24.750000   clock reconvergence pessimism
                                 -5.000000   19.750000   output external delay
                                             19.750000   data required time
---------------------------------------------------------------------------------------------
                                             19.750000   data required time
                                             -5.789803   data arrival time
---------------------------------------------------------------------------------------------
                                             13.960196   slack (MET)


Startpoint: inputs[0] (input port clocked by clk)
Endpoint: outputs[25] (output port clocked by clk)
Path Group: clk
Path Type: max

Fanout         Cap        Slew       Delay        Time   Description
---------------------------------------------------------------------------------------------
                      0.000000    0.000000    0.000000   clock clk (rise edge)
                                  0.000000    0.000000   clock network delay (ideal)
                                  5.000000    5.000000 ^ input external delay
     1    0.005032    0.021788    0.013084    5.013084 ^ inputs[0] (in)
                                                         inputs[0] (net)
                      0.021790    0.000000    5.013084 ^ input1/A (sky130_fd_sc_hd__buf_4)
     6    0.061610    0.130767    0.140540    5.153624 ^ input1/X (sky130_fd_sc_hd__buf_4)
                                                         net1 (net)
                      0.130856    0.002824    5.156447 ^ _049_/B (sky130_fd_sc_hd__xor2_4)
     5    0.042730    0.250261    0.221390    5.377837 ^ _049_/X (sky130_fd_sc_hd__xor2_4)
                                                         net40 (net)
                      0.250264    0.000679    5.378516 ^ _051_/A (sky130_fd_sc_hd__xor2_2)
     3    0.016927    0.179391    0.160786    5.539301 ^ _051_/X (sky130_fd_sc_hd__xor2_2)
                                                         net49 (net)
                      0.179396    0.000790    5.540091 ^ _101_/A (sky130_fd_sc_hd__xor2_1)
     1    0.002790    0.080934    0.092542    5.632634 ^ _101_/X (sky130_fd_sc_hd__xor2_1)
                                                         net50 (net)
                      0.080934    0.000084    5.632718 ^ output50/A (sky130_fd_sc_hd__buf_2)
     1    0.033957    0.127003    0.149548    5.782266 ^ output50/X (sky130_fd_sc_hd__buf_2)
                                                         outputs[25] (net)
                      0.127045    0.000649    5.782915 ^ outputs[25] (out)
                                              5.782915   data arrival time

                      0.000000   25.000000   25.000000   clock clk (rise edge)
                                  0.000000   25.000000   clock network delay (ideal)
                                 -0.250000   24.750000   clock uncertainty
                                  0.000000   24.750000   clock reconvergence pessimism
                                 -5.000000   19.750000   output external delay
                                             19.750000   data required time
---------------------------------------------------------------------------------------------
                                             19.750000   data required time
                                             -5.782915   data arrival time
---------------------------------------------------------------------------------------------
                                             13.967085   slack (MET)


Startpoint: inputs[0] (input port clocked by clk)
Endpoint: outputs[19] (output port clocked by clk)
Path Group: clk
Path Type: max

Fanout         Cap        Slew       Delay        Time   Description
---------------------------------------------------------------------------------------------
                      0.000000    0.000000    0.000000   clock clk (rise edge)
                                  0.000000    0.000000   clock network delay (ideal)
                                  5.000000    5.000000 ^ input external delay
     1    0.005032    0.021788    0.013084    5.013084 ^ inputs[0] (in)
                                                         inputs[0] (net)
                      0.021790    0.000000    5.013084 ^ input1/A (sky130_fd_sc_hd__buf_4)
     6    0.061610    0.130767    0.140540    5.153624 ^ input1/X (sky130_fd_sc_hd__buf_4)
                                                         net1 (net)
                      0.130856    0.002824    5.156447 ^ _049_/B (sky130_fd_sc_hd__xor2_4)
     5    0.042730    0.250261    0.221390    5.377837 ^ _049_/X (sky130_fd_sc_hd__xor2_4)
                                                         net40 (net)
                      0.250275    0.001471    5.379308 ^ _072_/A (sky130_fd_sc_hd__xnor2_1)
     2    0.009996    0.084843    0.093205    5.472514 v _072_/Y (sky130_fd_sc_hd__xnor2_1)
                                                         net42 (net)
                      0.084845    0.000326    5.472839 v _107_/A (sky130_fd_sc_hd__xnor2_1)
     1    0.003105    0.087023    0.120740    5.593579 ^ _107_/Y (sky130_fd_sc_hd__xnor2_1)
                                                         net43 (net)
                      0.087023    0.000071    5.593650 ^ output43/A (sky130_fd_sc_hd__buf_2)
     1    0.033966    0.127079    0.150976    5.744626 ^ output43/X (sky130_fd_sc_hd__buf_2)
                                                         outputs[19] (net)
                      0.127121    0.000632    5.745258 ^ outputs[19] (out)
                                              5.745258   data arrival time

                      0.000000   25.000000   25.000000   clock clk (rise edge)
                                  0.000000   25.000000   clock network delay (ideal)
                                 -0.250000   24.750000   clock uncertainty
                                  0.000000   24.750000   clock reconvergence pessimism
                                 -5.000000   19.750000   output external delay
                                             19.750000   data required time
---------------------------------------------------------------------------------------------
                                             19.750000   data required time
                                             -5.745258   data arrival time
---------------------------------------------------------------------------------------------
                                             14.004741   slack (MET)


Startpoint: inputs[0] (input port clocked by clk)
Endpoint: outputs[22] (output port clocked by clk)
Path Group: clk
Path Type: max

Fanout         Cap        Slew       Delay        Time   Description
---------------------------------------------------------------------------------------------
                      0.000000    0.000000    0.000000   clock clk (rise edge)
                                  0.000000    0.000000   clock network delay (ideal)
                                  5.000000    5.000000 ^ input external delay
     1    0.005032    0.021788    0.013084    5.013084 ^ inputs[0] (in)
                                                         inputs[0] (net)
                      0.021790    0.000000    5.013084 ^ input1/A (sky130_fd_sc_hd__buf_4)
     6    0.061610    0.130767    0.140540    5.153624 ^ input1/X (sky130_fd_sc_hd__buf_4)
                                                         net1 (net)
                      0.130856    0.002824    5.156447 ^ _049_/B (sky130_fd_sc_hd__xor2_4)
     5    0.042730    0.250261    0.221390    5.377837 ^ _049_/X (sky130_fd_sc_hd__xor2_4)
                                                         net40 (net)
                      0.250278    0.001621    5.379458 ^ _055_/A (sky130_fd_sc_hd__xnor2_4)
     4    0.022036    0.164348    0.109418    5.488877 ^ _055_/Y (sky130_fd_sc_hd__xnor2_4)
                                                         net45 (net)
                      0.164348    0.000470    5.489347 ^ _071_/A (sky130_fd_sc_hd__xor2_1)
     1    0.002766    0.080440    0.092470    5.581817 ^ _071_/X (sky130_fd_sc_hd__xor2_1)
                                                         net47 (net)
                      0.080440    0.000080    5.581897 ^ output47/A (sky130_fd_sc_hd__buf_2)
     1    0.034404    0.128594    0.150470    5.732368 ^ output47/X (sky130_fd_sc_hd__buf_2)
                                                         outputs[22] (net)
                      0.128638    0.000748    5.733116 ^ outputs[22] (out)
                                              5.733116   data arrival time

                      0.000000   25.000000   25.000000   clock clk (rise edge)
                                  0.000000   25.000000   clock network delay (ideal)
                                 -0.250000   24.750000   clock uncertainty
                                  0.000000   24.750000   clock reconvergence pessimism
                                 -5.000000   19.750000   output external delay
                                             19.750000   data required time
---------------------------------------------------------------------------------------------
                                             19.750000   data required time
                                             -5.733116   data arrival time
---------------------------------------------------------------------------------------------
                                             14.016884   slack (MET)


Startpoint: inputs[0] (input port clocked by clk)
Endpoint: outputs[24] (output port clocked by clk)
Path Group: clk
Path Type: max

Fanout         Cap        Slew       Delay        Time   Description
---------------------------------------------------------------------------------------------
                      0.000000    0.000000    0.000000   clock clk (rise edge)
                                  0.000000    0.000000   clock network delay (ideal)
                                  5.000000    5.000000 ^ input external delay
     1    0.005032    0.021788    0.013084    5.013084 ^ inputs[0] (in)
                                                         inputs[0] (net)
                      0.021790    0.000000    5.013084 ^ input1/A (sky130_fd_sc_hd__buf_4)
     6    0.061610    0.130767    0.140540    5.153624 ^ input1/X (sky130_fd_sc_hd__buf_4)
                                                         net1 (net)
                      0.130856    0.002824    5.156447 ^ _049_/B (sky130_fd_sc_hd__xor2_4)
     5    0.042730    0.250261    0.221390    5.377837 ^ _049_/X (sky130_fd_sc_hd__xor2_4)
                                                         net40 (net)
                      0.250264    0.000679    5.378516 ^ _051_/A (sky130_fd_sc_hd__xor2_2)
     3    0.016927    0.179391    0.160786    5.539301 ^ _051_/X (sky130_fd_sc_hd__xor2_2)
                                                         net49 (net)
                      0.179395    0.000692    5.539993 ^ output49/A (sky130_fd_sc_hd__buf_2)
     1    0.033894    0.127104    0.164832    5.704825 ^ output49/X (sky130_fd_sc_hd__buf_2)
                                                         outputs[24] (net)
                      0.127105    0.000611    5.705436 ^ outputs[24] (out)
                                              5.705436   data arrival time

                      0.000000   25.000000   25.000000   clock clk (rise edge)
                                  0.000000   25.000000   clock network delay (ideal)
                                 -0.250000   24.750000   clock uncertainty
                                  0.000000   24.750000   clock reconvergence pessimism
                                 -5.000000   19.750000   output external delay
                                             19.750000   data required time
---------------------------------------------------------------------------------------------
                                             19.750000   data required time
                                             -5.705436   data arrival time
---------------------------------------------------------------------------------------------
                                             14.044563   slack (MET)


Startpoint: inputs[1] (input port clocked by clk)
Endpoint: outputs[13] (output port clocked by clk)
Path Group: clk
Path Type: max

Fanout         Cap        Slew       Delay        Time   Description
---------------------------------------------------------------------------------------------
                      0.000000    0.000000    0.000000   clock clk (rise edge)
                                  0.000000    0.000000   clock network delay (ideal)
                                  5.000000    5.000000 v input external delay
     1    0.002964    0.004960    0.002426    5.002426 v inputs[1] (in)
                                                         inputs[1] (net)
                      0.004960    0.000000    5.002426 v input12/A (sky130_fd_sc_hd__clkbuf_4)
     5    0.040235    0.063850    0.119076    5.121502 v input12/X (sky130_fd_sc_hd__clkbuf_4)
                                                         net12 (net)
                      0.063861    0.000821    5.122323 v _109_/A (sky130_fd_sc_hd__xor2_2)
     3    0.017421    0.064726    0.143192    5.265515 v _109_/X (sky130_fd_sc_hd__xor2_2)
                                                         _016_ (net)
                      0.064734    0.000588    5.266102 v _111_/A (sky130_fd_sc_hd__xnor2_1)
     2    0.011041    0.196604    0.196423    5.462525 ^ _111_/Y (sky130_fd_sc_hd__xnor2_1)
                                                         _018_ (net)
                      0.196605    0.000245    5.462770 ^ _117_/B (sky130_fd_sc_hd__xnor2_1)
     1    0.003269    0.089638    0.080504    5.543274 ^ _117_/Y (sky130_fd_sc_hd__xnor2_1)
                                                         net37 (net)
                      0.089638    0.000096    5.543370 ^ output37/A (sky130_fd_sc_hd__buf_2)
     1    0.034582    0.129228    0.152977    5.696348 ^ output37/X (sky130_fd_sc_hd__buf_2)
                                                         outputs[13] (net)
                      0.129273    0.000812    5.697160 ^ outputs[13] (out)
                                              5.697160   data arrival time

                      0.000000   25.000000   25.000000   clock clk (rise edge)
                                  0.000000   25.000000   clock network delay (ideal)
                                 -0.250000   24.750000   clock uncertainty
                                  0.000000   24.750000   clock reconvergence pessimism
                                 -5.000000   19.750000   output external delay
                                             19.750000   data required time
---------------------------------------------------------------------------------------------
                                             19.750000   data required time
                                             -5.697160   data arrival time
---------------------------------------------------------------------------------------------
                                             14.052839   slack (MET)


Startpoint: inputs[0] (input port clocked by clk)
Endpoint: outputs[11] (output port clocked by clk)
Path Group: clk
Path Type: max

Fanout         Cap        Slew       Delay        Time   Description
---------------------------------------------------------------------------------------------
                      0.000000    0.000000    0.000000   clock clk (rise edge)
                                  0.000000    0.000000   clock network delay (ideal)
                                  5.000000    5.000000 v input external delay
     1    0.004771    0.007856    0.004042    5.004042 v inputs[0] (in)
                                                         inputs[0] (net)
                      0.007863    0.000000    5.004042 v input1/A (sky130_fd_sc_hd__buf_4)
     6    0.057084    0.061679    0.118272    5.122314 v input1/X (sky130_fd_sc_hd__buf_4)
                                                         net1 (net)
                      0.061761    0.002010    5.124324 v _052_/A (sky130_fd_sc_hd__xor2_4)
     4    0.023892    0.065235    0.142627    5.266951 v _052_/X (sky130_fd_sc_hd__xor2_4)
                                                         net63 (net)
                      0.065236    0.000373    5.267323 v _074_/A (sky130_fd_sc_hd__xnor2_2)
     3    0.016551    0.187775    0.189941    5.457265 ^ _074_/Y (sky130_fd_sc_hd__xnor2_2)
                                                         net34 (net)
                      0.187778    0.000603    5.457868 ^ _119_/A (sky130_fd_sc_hd__xnor2_1)
     1    0.003142    0.087205    0.081707    5.539575 ^ _119_/Y (sky130_fd_sc_hd__xnor2_1)
                                                         net35 (net)
                      0.087205    0.000092    5.539667 ^ output35/A (sky130_fd_sc_hd__buf_2)
     1    0.034591    0.129258    0.152439    5.692106 ^ output35/X (sky130_fd_sc_hd__buf_2)
                                                         outputs[11] (net)
                      0.129303    0.000812    5.692918 ^ outputs[11] (out)
                                              5.692918   data arrival time

                      0.000000   25.000000   25.000000   clock clk (rise edge)
                                  0.000000   25.000000   clock network delay (ideal)
                                 -0.250000   24.750000   clock uncertainty
                                  0.000000   24.750000   clock reconvergence pessimism
                                 -5.000000   19.750000   output external delay
                                             19.750000   data required time
---------------------------------------------------------------------------------------------
                                             19.750000   data required time
                                             -5.692918   data arrival time
---------------------------------------------------------------------------------------------
                                             14.057081   slack (MET)


Startpoint: inputs[0] (input port clocked by clk)
Endpoint: outputs[18] (output port clocked by clk)
Path Group: clk
Path Type: max

Fanout         Cap        Slew       Delay        Time   Description
---------------------------------------------------------------------------------------------
                      0.000000    0.000000    0.000000   clock clk (rise edge)
                                  0.000000    0.000000   clock network delay (ideal)
                                  5.000000    5.000000 ^ input external delay
     1    0.005032    0.021788    0.013084    5.013084 ^ inputs[0] (in)
                                                         inputs[0] (net)
                      0.021790    0.000000    5.013084 ^ input1/A (sky130_fd_sc_hd__buf_4)
     6    0.061610    0.130767    0.140540    5.153624 ^ input1/X (sky130_fd_sc_hd__buf_4)
                                                         net1 (net)
                      0.130856    0.002824    5.156447 ^ _049_/B (sky130_fd_sc_hd__xor2_4)
     5    0.042730    0.250261    0.221390    5.377837 ^ _049_/X (sky130_fd_sc_hd__xor2_4)
                                                         net40 (net)
                      0.250275    0.001471    5.379308 ^ _072_/A (sky130_fd_sc_hd__xnor2_1)
     2    0.010481    0.188649    0.124795    5.504104 ^ _072_/Y (sky130_fd_sc_hd__xnor2_1)
                                                         net42 (net)
                      0.188649    0.000266    5.504370 ^ output42/A (sky130_fd_sc_hd__buf_2)
     1    0.034323    0.128665    0.166760    5.671130 ^ output42/X (sky130_fd_sc_hd__buf_2)
                                                         outputs[18] (net)
                      0.128667    0.000733    5.671862 ^ outputs[18] (out)
                                              5.671862   data arrival time

                      0.000000   25.000000   25.000000   clock clk (rise edge)
                                  0.000000   25.000000   clock network delay (ideal)
                                 -0.250000   24.750000   clock uncertainty
                                  0.000000   24.750000   clock reconvergence pessimism
                                 -5.000000   19.750000   output external delay
                                             19.750000   data required time
---------------------------------------------------------------------------------------------
                                             19.750000   data required time
                                             -5.671862   data arrival time
---------------------------------------------------------------------------------------------
                                             14.078137   slack (MET)


Startpoint: inputs[0] (input port clocked by clk)
Endpoint: outputs[7] (output port clocked by clk)
Path Group: clk
Path Type: max

Fanout         Cap        Slew       Delay        Time   Description
---------------------------------------------------------------------------------------------
                      0.000000    0.000000    0.000000   clock clk (rise edge)
                                  0.000000    0.000000   clock network delay (ideal)
                                  5.000000    5.000000 v input external delay
     1    0.004771    0.007856    0.004042    5.004042 v inputs[0] (in)
                                                         inputs[0] (net)
                      0.007863    0.000000    5.004042 v input1/A (sky130_fd_sc_hd__buf_4)
     6    0.057084    0.061679    0.118272    5.122314 v input1/X (sky130_fd_sc_hd__buf_4)
                                                         net1 (net)
                      0.061796    0.002361    5.124675 v _060_/A (sky130_fd_sc_hd__xor2_2)
     3    0.015902    0.064971    0.139969    5.264644 v _060_/X (sky130_fd_sc_hd__xor2_2)
                                                         net59 (net)
                      0.065001    0.000513    5.265157 v _122_/A (sky130_fd_sc_hd__xnor2_1)
     2    0.008269    0.157422    0.167602    5.432759 ^ _122_/Y (sky130_fd_sc_hd__xnor2_1)
                                                         net60 (net)
                      0.157423    0.000227    5.432986 ^ _125_/A (sky130_fd_sc_hd__xnor2_1)
     1    0.002955    0.084509    0.080284    5.513270 ^ _125_/Y (sky130_fd_sc_hd__xnor2_1)
                                                         net62 (net)
                      0.084509    0.000089    5.513359 ^ output62/A (sky130_fd_sc_hd__buf_2)
     1    0.034542    0.129086    0.151711    5.665071 ^ output62/X (sky130_fd_sc_hd__buf_2)
                                                         outputs[7] (net)
                      0.129132    0.000797    5.665867 ^ outputs[7] (out)
                                              5.665867   data arrival time

                      0.000000   25.000000   25.000000   clock clk (rise edge)
                                  0.000000   25.000000   clock network delay (ideal)
                                 -0.250000   24.750000   clock uncertainty
                                  0.000000   24.750000   clock reconvergence pessimism
                                 -5.000000   19.750000   output external delay
                                             19.750000   data required time
---------------------------------------------------------------------------------------------
                                             19.750000   data required time
                                             -5.665867   data arrival time
---------------------------------------------------------------------------------------------
                                             14.084131   slack (MET)


Startpoint: inputs[0] (input port clocked by clk)
Endpoint: outputs[20] (output port clocked by clk)
Path Group: clk
Path Type: max

Fanout         Cap        Slew       Delay        Time   Description
---------------------------------------------------------------------------------------------
                      0.000000    0.000000    0.000000   clock clk (rise edge)
                                  0.000000    0.000000   clock network delay (ideal)
                                  5.000000    5.000000 ^ input external delay
     1    0.005032    0.021788    0.013084    5.013084 ^ inputs[0] (in)
                                                         inputs[0] (net)
                      0.021790    0.000000    5.013084 ^ input1/A (sky130_fd_sc_hd__buf_4)
     6    0.061610    0.130767    0.140540    5.153624 ^ input1/X (sky130_fd_sc_hd__buf_4)
                                                         net1 (net)
                      0.130856    0.002824    5.156447 ^ _049_/B (sky130_fd_sc_hd__xor2_4)
     5    0.042730    0.250261    0.221390    5.377837 ^ _049_/X (sky130_fd_sc_hd__xor2_4)
                                                         net40 (net)
                      0.250278    0.001621    5.379458 ^ _055_/A (sky130_fd_sc_hd__xnor2_4)
     4    0.022036    0.164348    0.109418    5.488877 ^ _055_/Y (sky130_fd_sc_hd__xnor2_4)
                                                         net45 (net)
                      0.164348    0.000393    5.489270 ^ output45/A (sky130_fd_sc_hd__buf_2)
     1    0.034339    0.128602    0.164288    5.653558 ^ output45/X (sky130_fd_sc_hd__buf_2)
                                                         outputs[20] (net)
                      0.128604    0.000734    5.654292 ^ outputs[20] (out)
                                              5.654292   data arrival time

                      0.000000   25.000000   25.000000   clock clk (rise edge)
                                  0.000000   25.000000   clock network delay (ideal)
                                 -0.250000   24.750000   clock uncertainty
                                  0.000000   24.750000   clock reconvergence pessimism
                                 -5.000000   19.750000   output external delay
                                             19.750000   data required time
---------------------------------------------------------------------------------------------
                                             19.750000   data required time
                                             -5.654292   data arrival time
---------------------------------------------------------------------------------------------
                                             14.095708   slack (MET)


Startpoint: inputs[0] (input port clocked by clk)
Endpoint: outputs[17] (output port clocked by clk)
Path Group: clk
Path Type: max

Fanout         Cap        Slew       Delay        Time   Description
---------------------------------------------------------------------------------------------
                      0.000000    0.000000    0.000000   clock clk (rise edge)
                                  0.000000    0.000000   clock network delay (ideal)
                                  5.000000    5.000000 ^ input external delay
     1    0.005032    0.021788    0.013084    5.013084 ^ inputs[0] (in)
                                                         inputs[0] (net)
                      0.021790    0.000000    5.013084 ^ input1/A (sky130_fd_sc_hd__buf_4)
     6    0.061610    0.130767    0.140540    5.153624 ^ input1/X (sky130_fd_sc_hd__buf_4)
                                                         net1 (net)
                      0.130856    0.002824    5.156447 ^ _049_/B (sky130_fd_sc_hd__xor2_4)
     5    0.042730    0.250261    0.221390    5.377837 ^ _049_/X (sky130_fd_sc_hd__xor2_4)
                                                         net40 (net)
                      0.250269    0.001068    5.378905 ^ _108_/A (sky130_fd_sc_hd__xor2_1)
     1    0.004841    0.106578    0.112013    5.490918 ^ _108_/X (sky130_fd_sc_hd__xor2_1)
                                                         net41 (net)
                      0.106578    0.000146    5.491064 ^ output41/A (sky130_fd_sc_hd__buf_2)
     1    0.033965    0.127072    0.155457    5.646522 ^ output41/X (sky130_fd_sc_hd__buf_2)
                                                         outputs[17] (net)
                      0.127073    0.000639    5.647160 ^ outputs[17] (out)
                                              5.647160   data arrival time

                      0.000000   25.000000   25.000000   clock clk (rise edge)
                                  0.000000   25.000000   clock network delay (ideal)
                                 -0.250000   24.750000   clock uncertainty
                                  0.000000   24.750000   clock reconvergence pessimism
                                 -5.000000   19.750000   output external delay
                                             19.750000   data required time
---------------------------------------------------------------------------------------------
                                             19.750000   data required time
                                             -5.647160   data arrival time
---------------------------------------------------------------------------------------------
                                             14.102839   slack (MET)


Startpoint: inputs[0] (input port clocked by clk)
Endpoint: outputs[10] (output port clocked by clk)
Path Group: clk
Path Type: max

Fanout         Cap        Slew       Delay        Time   Description
---------------------------------------------------------------------------------------------
                      0.000000    0.000000    0.000000   clock clk (rise edge)
                                  0.000000    0.000000   clock network delay (ideal)
                                  5.000000    5.000000 v input external delay
     1    0.004771    0.007856    0.004042    5.004042 v inputs[0] (in)
                                                         inputs[0] (net)
                      0.007863    0.000000    5.004042 v input1/A (sky130_fd_sc_hd__buf_4)
     6    0.057084    0.061679    0.118272    5.122314 v input1/X (sky130_fd_sc_hd__buf_4)
                                                         net1 (net)
                      0.061761    0.002010    5.124324 v _052_/A (sky130_fd_sc_hd__xor2_4)
     4    0.023892    0.065235    0.142627    5.266951 v _052_/X (sky130_fd_sc_hd__xor2_4)
                                                         net63 (net)
                      0.065236    0.000373    5.267323 v _074_/A (sky130_fd_sc_hd__xnor2_2)
     3    0.016551    0.187775    0.189941    5.457265 ^ _074_/Y (sky130_fd_sc_hd__xnor2_2)
                                                         net34 (net)
                      0.187777    0.000492    5.457757 ^ output34/A (sky130_fd_sc_hd__buf_2)
     1    0.036186    0.135236    0.170921    5.628678 ^ output34/X (sky130_fd_sc_hd__buf_2)
                                                         outputs[10] (net)
                      0.135294    0.001213    5.629890 ^ outputs[10] (out)
                                              5.629890   data arrival time

                      0.000000   25.000000   25.000000   clock clk (rise edge)
                                  0.000000   25.000000   clock network delay (ideal)
                                 -0.250000   24.750000   clock uncertainty
                                  0.000000   24.750000   clock reconvergence pessimism
                                 -5.000000   19.750000   output external delay
                                             19.750000   data required time
---------------------------------------------------------------------------------------------
                                             19.750000   data required time
                                             -5.629890   data arrival time
---------------------------------------------------------------------------------------------
                                             14.120109   slack (MET)


Startpoint: inputs[0] (input port clocked by clk)
Endpoint: outputs[12] (output port clocked by clk)
Path Group: clk
Path Type: max

Fanout         Cap        Slew       Delay        Time   Description
---------------------------------------------------------------------------------------------
                      0.000000    0.000000    0.000000   clock clk (rise edge)
                                  0.000000    0.000000   clock network delay (ideal)
                                  5.000000    5.000000 v input external delay
     1    0.004771    0.007856    0.004042    5.004042 v inputs[0] (in)
                                                         inputs[0] (net)
                      0.007863    0.000000    5.004042 v input1/A (sky130_fd_sc_hd__buf_4)
     6    0.057084    0.061679    0.118272    5.122314 v input1/X (sky130_fd_sc_hd__buf_4)
                                                         net1 (net)
                      0.061761    0.002010    5.124324 v _052_/A (sky130_fd_sc_hd__xor2_4)
     4    0.023892    0.065235    0.142627    5.266951 v _052_/X (sky130_fd_sc_hd__xor2_4)
                                                         net63 (net)
                      0.065237    0.000425    5.267376 v _059_/A (sky130_fd_sc_hd__xnor2_1)
     2    0.010367    0.187027    0.189543    5.456919 ^ _059_/Y (sky130_fd_sc_hd__xnor2_1)
                                                         net36 (net)
                      0.187028    0.000298    5.457217 ^ output36/A (sky130_fd_sc_hd__buf_2)
     1    0.035084    0.131338    0.168362    5.625579 ^ output36/X (sky130_fd_sc_hd__buf_2)
                                                         outputs[12] (net)
                      0.131342    0.000876    5.626455 ^ outputs[12] (out)
                                              5.626455   data arrival time

                      0.000000   25.000000   25.000000   clock clk (rise edge)
                                  0.000000   25.000000   clock network delay (ideal)
                                 -0.250000   24.750000   clock uncertainty
                                  0.000000   24.750000   clock reconvergence pessimism
                                 -5.000000   19.750000   output external delay
                                             19.750000   data required time
---------------------------------------------------------------------------------------------
                                             19.750000   data required time
                                             -5.626455   data arrival time
---------------------------------------------------------------------------------------------
                                             14.123545   slack (MET)


Startpoint: inputs[0] (input port clocked by clk)
Endpoint: outputs[5] (output port clocked by clk)
Path Group: clk
Path Type: max

Fanout         Cap        Slew       Delay        Time   Description
---------------------------------------------------------------------------------------------
                      0.000000    0.000000    0.000000   clock clk (rise edge)
                                  0.000000    0.000000   clock network delay (ideal)
                                  5.000000    5.000000 v input external delay
     1    0.004771    0.007856    0.004042    5.004042 v inputs[0] (in)
                                                         inputs[0] (net)
                      0.007863    0.000000    5.004042 v input1/A (sky130_fd_sc_hd__buf_4)
     6    0.057084    0.061679    0.118272    5.122314 v input1/X (sky130_fd_sc_hd__buf_4)
                                                         net1 (net)
                      0.061796    0.002361    5.124675 v _060_/A (sky130_fd_sc_hd__xor2_2)
     3    0.015902    0.064971    0.139969    5.264644 v _060_/X (sky130_fd_sc_hd__xor2_2)
                                                         net59 (net)
                      0.065001    0.000513    5.265157 v _122_/A (sky130_fd_sc_hd__xnor2_1)
     2    0.008269    0.157422    0.167602    5.432759 ^ _122_/Y (sky130_fd_sc_hd__xnor2_1)
                                                         net60 (net)
                      0.157422    0.000099    5.432858 ^ output60/A (sky130_fd_sc_hd__buf_2)
     1    0.034047    0.127534    0.162916    5.595775 ^ output60/X (sky130_fd_sc_hd__buf_2)
                                                         outputs[5] (net)
                      0.127535    0.000643    5.596417 ^ outputs[5] (out)
                                              5.596417   data arrival time

                      0.000000   25.000000   25.000000   clock clk (rise edge)
                                  0.000000   25.000000   clock network delay (ideal)
                                 -0.250000   24.750000   clock uncertainty
                                  0.000000   24.750000   clock reconvergence pessimism
                                 -5.000000   19.750000   output external delay
                                             19.750000   data required time
---------------------------------------------------------------------------------------------
                                             19.750000   data required time
                                             -5.596417   data arrival time
---------------------------------------------------------------------------------------------
                                             14.153582   slack (MET)


Startpoint: inputs[0] (input port clocked by clk)
Endpoint: outputs[9] (output port clocked by clk)
Path Group: clk
Path Type: max

Fanout         Cap        Slew       Delay        Time   Description
---------------------------------------------------------------------------------------------
                      0.000000    0.000000    0.000000   clock clk (rise edge)
                                  0.000000    0.000000   clock network delay (ideal)
                                  5.000000    5.000000 ^ input external delay
     1    0.005032    0.021788    0.013084    5.013084 ^ inputs[0] (in)
                                                         inputs[0] (net)
                      0.021790    0.000000    5.013084 ^ input1/A (sky130_fd_sc_hd__buf_4)
     6    0.061610    0.130767    0.140540    5.153624 ^ input1/X (sky130_fd_sc_hd__buf_4)
                                                         net1 (net)
                      0.130820    0.002182    5.155806 ^ _052_/A (sky130_fd_sc_hd__xor2_4)
     4    0.025414    0.170258    0.163769    5.319575 ^ _052_/X (sky130_fd_sc_hd__xor2_4)
                                                         net63 (net)
                      0.170259    0.000709    5.320284 ^ _120_/A (sky130_fd_sc_hd__xor2_1)
     1    0.002795    0.080425    0.092697    5.412981 ^ _120_/X (sky130_fd_sc_hd__xor2_1)
                                                         net64 (net)
                      0.080425    0.000083    5.413063 ^ output64/A (sky130_fd_sc_hd__buf_2)
     1    0.034478    0.128862    0.150627    5.563690 ^ output64/X (sky130_fd_sc_hd__buf_2)
                                                         outputs[9] (net)
                      0.128907    0.000783    5.564473 ^ outputs[9] (out)
                                              5.564473   data arrival time

                      0.000000   25.000000   25.000000   clock clk (rise edge)
                                  0.000000   25.000000   clock network delay (ideal)
                                 -0.250000   24.750000   clock uncertainty
                                  0.000000   24.750000   clock reconvergence pessimism
                                 -5.000000   19.750000   output external delay
                                             19.750000   data required time
---------------------------------------------------------------------------------------------
                                             19.750000   data required time
                                             -5.564473   data arrival time
---------------------------------------------------------------------------------------------
                                             14.185527   slack (MET)


Startpoint: inputs[0] (input port clocked by clk)
Endpoint: outputs[6] (output port clocked by clk)
Path Group: clk
Path Type: max

Fanout         Cap        Slew       Delay        Time   Description
---------------------------------------------------------------------------------------------
                      0.000000    0.000000    0.000000   clock clk (rise edge)
                                  0.000000    0.000000   clock network delay (ideal)
                                  5.000000    5.000000 ^ input external delay
     1    0.005032    0.021788    0.013084    5.013084 ^ inputs[0] (in)
                                                         inputs[0] (net)
                      0.021790    0.000000    5.013084 ^ input1/A (sky130_fd_sc_hd__buf_4)
     6    0.061610    0.130767    0.140540    5.153624 ^ input1/X (sky130_fd_sc_hd__buf_4)
                                                         net1 (net)
                      0.130840    0.002562    5.156186 ^ _060_/A (sky130_fd_sc_hd__xor2_2)
     3    0.016718    0.177689    0.160620    5.316806 ^ _060_/X (sky130_fd_sc_hd__xor2_2)
                                                         net59 (net)
                      0.177693    0.000600    5.317406 ^ _079_/A (sky130_fd_sc_hd__xor2_1)
     1    0.002599    0.077963    0.090647    5.408053 ^ _079_/X (sky130_fd_sc_hd__xor2_1)
                                                         net61 (net)
                      0.077963    0.000075    5.408128 ^ output61/A (sky130_fd_sc_hd__buf_2)
     1    0.034611    0.129336    0.150370    5.558498 ^ output61/X (sky130_fd_sc_hd__buf_2)
                                                         outputs[6] (net)
                      0.129382    0.000812    5.559310 ^ outputs[6] (out)
                                              5.559310   data arrival time

                      0.000000   25.000000   25.000000   clock clk (rise edge)
                                  0.000000   25.000000   clock network delay (ideal)
                                 -0.250000   24.750000   clock uncertainty
                                  0.000000   24.750000   clock reconvergence pessimism
                                 -5.000000   19.750000   output external delay
                                             19.750000   data required time
---------------------------------------------------------------------------------------------
                                             19.750000   data required time
                                             -5.559310   data arrival time
---------------------------------------------------------------------------------------------
                                             14.190690   slack (MET)


Startpoint: inputs[0] (input port clocked by clk)
Endpoint: outputs[16] (output port clocked by clk)
Path Group: clk
Path Type: max

Fanout         Cap        Slew       Delay        Time   Description
---------------------------------------------------------------------------------------------
                      0.000000    0.000000    0.000000   clock clk (rise edge)
                                  0.000000    0.000000   clock network delay (ideal)
                                  5.000000    5.000000 ^ input external delay
     1    0.005032    0.021788    0.013084    5.013084 ^ inputs[0] (in)
                                                         inputs[0] (net)
                      0.021790    0.000000    5.013084 ^ input1/A (sky130_fd_sc_hd__buf_4)
     6    0.061610    0.130767    0.140540    5.153624 ^ input1/X (sky130_fd_sc_hd__buf_4)
                                                         net1 (net)
                      0.130856    0.002824    5.156447 ^ _049_/B (sky130_fd_sc_hd__xor2_4)
     5    0.042730    0.250261    0.221390    5.377837 ^ _049_/X (sky130_fd_sc_hd__xor2_4)
                                                         net40 (net)
                      0.250274    0.001433    5.379270 ^ output40/A (sky130_fd_sc_hd__buf_2)
     1    0.034318    0.128953    0.173115    5.552385 ^ output40/X (sky130_fd_sc_hd__buf_2)
                                                         outputs[16] (net)
                      0.128955    0.000733    5.553118 ^ outputs[16] (out)
                                              5.553118   data arrival time

                      0.000000   25.000000   25.000000   clock clk (rise edge)
                                  0.000000   25.000000   clock network delay (ideal)
                                 -0.250000   24.750000   clock uncertainty
                                  0.000000   24.750000   clock reconvergence pessimism
                                 -5.000000   19.750000   output external delay
                                             19.750000   data required time
---------------------------------------------------------------------------------------------
                                             19.750000   data required time
                                             -5.553118   data arrival time
---------------------------------------------------------------------------------------------
                                             14.196881   slack (MET)


Startpoint: inputs[0] (input port clocked by clk)
Endpoint: outputs[3] (output port clocked by clk)
Path Group: clk
Path Type: max

Fanout         Cap        Slew       Delay        Time   Description
---------------------------------------------------------------------------------------------
                      0.000000    0.000000    0.000000   clock clk (rise edge)
                                  0.000000    0.000000   clock network delay (ideal)
                                  5.000000    5.000000 ^ input external delay
     1    0.005032    0.021788    0.013084    5.013084 ^ inputs[0] (in)
                                                         inputs[0] (net)
                      0.021790    0.000000    5.013084 ^ input1/A (sky130_fd_sc_hd__buf_4)
     6    0.061610    0.130767    0.140540    5.153624 ^ input1/X (sky130_fd_sc_hd__buf_4)
                                                         net1 (net)
                      0.130851    0.002740    5.156364 ^ _080_/A (sky130_fd_sc_hd__xor2_1)
     2    0.007702    0.142645    0.141850    5.298214 ^ _080_/X (sky130_fd_sc_hd__xor2_1)
                                                         net55 (net)
                      0.142645    0.000195    5.298409 ^ _127_/A (sky130_fd_sc_hd__xnor2_1)
     1    0.002057    0.072194    0.074549    5.372959 ^ _127_/Y (sky130_fd_sc_hd__xnor2_1)
                                                         net58 (net)
                      0.072194    0.000040    5.372998 ^ output58/A (sky130_fd_sc_hd__buf_2)
     1    0.035275    0.131747    0.150576    5.523574 ^ output58/X (sky130_fd_sc_hd__buf_2)
                                                         outputs[3] (net)
                      0.131757    0.000965    5.524539 ^ outputs[3] (out)
                                              5.524539   data arrival time

                      0.000000   25.000000   25.000000   clock clk (rise edge)
                                  0.000000   25.000000   clock network delay (ideal)
                                 -0.250000   24.750000   clock uncertainty
                                  0.000000   24.750000   clock reconvergence pessimism
                                 -5.000000   19.750000   output external delay
                                             19.750000   data required time
---------------------------------------------------------------------------------------------
                                             19.750000   data required time
                                             -5.524539   data arrival time
---------------------------------------------------------------------------------------------
                                             14.225460   slack (MET)


Startpoint: inputs[0] (input port clocked by clk)
Endpoint: outputs[4] (output port clocked by clk)
Path Group: clk
Path Type: max

Fanout         Cap        Slew       Delay        Time   Description
---------------------------------------------------------------------------------------------
                      0.000000    0.000000    0.000000   clock clk (rise edge)
                                  0.000000    0.000000   clock network delay (ideal)
                                  5.000000    5.000000 ^ input external delay
     1    0.005032    0.021788    0.013084    5.013084 ^ inputs[0] (in)
                                                         inputs[0] (net)
                      0.021790    0.000000    5.013084 ^ input1/A (sky130_fd_sc_hd__buf_4)
     6    0.061610    0.130767    0.140540    5.153624 ^ input1/X (sky130_fd_sc_hd__buf_4)
                                                         net1 (net)
                      0.130840    0.002562    5.156186 ^ _060_/A (sky130_fd_sc_hd__xor2_2)
     3    0.016718    0.177689    0.160620    5.316806 ^ _060_/X (sky130_fd_sc_hd__xor2_2)
                                                         net59 (net)
                      0.177692    0.000575    5.317381 ^ output59/A (sky130_fd_sc_hd__buf_2)
     1    0.038630    0.143763    0.175771    5.493151 ^ output59/X (sky130_fd_sc_hd__buf_2)
                                                         outputs[4] (net)
                      0.143828    0.001399    5.494551 ^ outputs[4] (out)
                                              5.494551   data arrival time

                      0.000000   25.000000   25.000000   clock clk (rise edge)
                                  0.000000   25.000000   clock network delay (ideal)
                                 -0.250000   24.750000   clock uncertainty
                                  0.000000   24.750000   clock reconvergence pessimism
                                 -5.000000   19.750000   output external delay
                                             19.750000   data required time
---------------------------------------------------------------------------------------------
                                             19.750000   data required time
                                             -5.494551   data arrival time
---------------------------------------------------------------------------------------------
                                             14.255448   slack (MET)


Startpoint: inputs[0] (input port clocked by clk)
Endpoint: outputs[8] (output port clocked by clk)
Path Group: clk
Path Type: max

Fanout         Cap        Slew       Delay        Time   Description
---------------------------------------------------------------------------------------------
                      0.000000    0.000000    0.000000   clock clk (rise edge)
                                  0.000000    0.000000   clock network delay (ideal)
                                  5.000000    5.000000 ^ input external delay
     1    0.005032    0.021788    0.013084    5.013084 ^ inputs[0] (in)
                                                         inputs[0] (net)
                      0.021790    0.000000    5.013084 ^ input1/A (sky130_fd_sc_hd__buf_4)
     6    0.061610    0.130767    0.140540    5.153624 ^ input1/X (sky130_fd_sc_hd__buf_4)
                                                         net1 (net)
                      0.130820    0.002182    5.155806 ^ _052_/A (sky130_fd_sc_hd__xor2_4)
     4    0.025414    0.170258    0.163769    5.319575 ^ _052_/X (sky130_fd_sc_hd__xor2_4)
                                                         net63 (net)
                      0.170259    0.000736    5.320311 ^ output63/A (sky130_fd_sc_hd__buf_2)
     1    0.034777    0.130178    0.165908    5.486219 ^ output63/X (sky130_fd_sc_hd__buf_2)
                                                         outputs[8] (net)
                      0.130181    0.000831    5.487050 ^ outputs[8] (out)
                                              5.487050   data arrival time

                      0.000000   25.000000   25.000000   clock clk (rise edge)
                                  0.000000   25.000000   clock network delay (ideal)
                                 -0.250000   24.750000   clock uncertainty
                                  0.000000   24.750000   clock reconvergence pessimism
                                 -5.000000   19.750000   output external delay
                                             19.750000   data required time
---------------------------------------------------------------------------------------------
                                             19.750000   data required time
                                             -5.487050   data arrival time
---------------------------------------------------------------------------------------------
                                             14.262950   slack (MET)


Startpoint: inputs[0] (input port clocked by clk)
Endpoint: outputs[2] (output port clocked by clk)
Path Group: clk
Path Type: max

Fanout         Cap        Slew       Delay        Time   Description
---------------------------------------------------------------------------------------------
                      0.000000    0.000000    0.000000   clock clk (rise edge)
                                  0.000000    0.000000   clock network delay (ideal)
                                  5.000000    5.000000 ^ input external delay
     1    0.005032    0.021788    0.013084    5.013084 ^ inputs[0] (in)
                                                         inputs[0] (net)
                      0.021790    0.000000    5.013084 ^ input1/A (sky130_fd_sc_hd__buf_4)
     6    0.061610    0.130767    0.140540    5.153624 ^ input1/X (sky130_fd_sc_hd__buf_4)
                                                         net1 (net)
                      0.130851    0.002740    5.156364 ^ _080_/A (sky130_fd_sc_hd__xor2_1)
     2    0.007702    0.142645    0.141850    5.298214 ^ _080_/X (sky130_fd_sc_hd__xor2_1)
                                                         net55 (net)
                      0.142645    0.000171    5.298385 ^ output55/A (sky130_fd_sc_hd__buf_2)
     1    0.034199    0.127995    0.161747    5.460131 ^ output55/X (sky130_fd_sc_hd__buf_2)
                                                         outputs[2] (net)
                      0.127997    0.000665    5.460796 ^ outputs[2] (out)
                                              5.460796   data arrival time

                      0.000000   25.000000   25.000000   clock clk (rise edge)
                                  0.000000   25.000000   clock network delay (ideal)
                                 -0.250000   24.750000   clock uncertainty
                                  0.000000   24.750000   clock reconvergence pessimism
                                 -5.000000   19.750000   output external delay
                                             19.750000   data required time
---------------------------------------------------------------------------------------------
                                             19.750000   data required time
                                             -5.460796   data arrival time
---------------------------------------------------------------------------------------------
                                             14.289203   slack (MET)


Startpoint: inputs[0] (input port clocked by clk)
Endpoint: outputs[1] (output port clocked by clk)
Path Group: clk
Path Type: max

Fanout         Cap        Slew       Delay        Time   Description
---------------------------------------------------------------------------------------------
                      0.000000    0.000000    0.000000   clock clk (rise edge)
                                  0.000000    0.000000   clock network delay (ideal)
                                  5.000000    5.000000 ^ input external delay
     1    0.005032    0.021788    0.013084    5.013084 ^ inputs[0] (in)
                                                         inputs[0] (net)
                      0.021790    0.000000    5.013084 ^ input1/A (sky130_fd_sc_hd__buf_4)
     6    0.061610    0.130767    0.140540    5.153624 ^ input1/X (sky130_fd_sc_hd__buf_4)
                                                         net1 (net)
                      0.130773    0.000755    5.154379 ^ _128_/A (sky130_fd_sc_hd__xor2_1)
     1    0.002956    0.082331    0.094765    5.249144 ^ _128_/X (sky130_fd_sc_hd__xor2_1)
                                                         net44 (net)
                      0.082331    0.000091    5.249235 ^ output44/A (sky130_fd_sc_hd__buf_2)
     1    0.036467    0.135959    0.155795    5.405029 ^ output44/X (sky130_fd_sc_hd__buf_2)
                                                         outputs[1] (net)
                      0.135970    0.001028    5.406057 ^ outputs[1] (out)
                                              5.406057   data arrival time

                      0.000000   25.000000   25.000000   clock clk (rise edge)
                                  0.000000   25.000000   clock network delay (ideal)
                                 -0.250000   24.750000   clock uncertainty
                                  0.000000   24.750000   clock reconvergence pessimism
                                 -5.000000   19.750000   output external delay
                                             19.750000   data required time
---------------------------------------------------------------------------------------------
                                             19.750000   data required time
                                             -5.406057   data arrival time
---------------------------------------------------------------------------------------------
                                             14.343942   slack (MET)


Startpoint: inputs[0] (input port clocked by clk)
Endpoint: outputs[0] (output port clocked by clk)
Path Group: clk
Path Type: max

Fanout         Cap        Slew       Delay        Time   Description
---------------------------------------------------------------------------------------------
                      0.000000    0.000000    0.000000   clock clk (rise edge)
                                  0.000000    0.000000   clock network delay (ideal)
                                  5.000000    5.000000 ^ input external delay
     1    0.005032    0.021788    0.013084    5.013084 ^ inputs[0] (in)
                                                         inputs[0] (net)
                      0.021790    0.000000    5.013084 ^ input1/A (sky130_fd_sc_hd__buf_4)
     6    0.061610    0.130767    0.140540    5.153624 ^ input1/X (sky130_fd_sc_hd__buf_4)
                                                         net1 (net)
                      0.130849    0.002711    5.156335 ^ _129_/A (sky130_fd_sc_hd__clkbuf_1)
     1    0.002636    0.032069    0.059701    5.216036 ^ _129_/X (sky130_fd_sc_hd__clkbuf_1)
                                                         net33 (net)
                      0.032069    0.000077    5.216113 ^ output33/A (sky130_fd_sc_hd__buf_2)
     1    0.034824    0.130202    0.138787    5.354900 ^ output33/X (sky130_fd_sc_hd__buf_2)
                                                         outputs[0] (net)
                      0.130210    0.000852    5.355752 ^ outputs[0] (out)
                                              5.355752   data arrival time

                      0.000000   25.000000   25.000000   clock clk (rise edge)
                                  0.000000   25.000000   clock network delay (ideal)
                                 -0.250000   24.750000   clock uncertainty
                                  0.000000   24.750000   clock reconvergence pessimism
                                 -5.000000   19.750000   output external delay
                                             19.750000   data required time
---------------------------------------------------------------------------------------------
                                             19.750000   data required time
                                             -5.355752   data arrival time
---------------------------------------------------------------------------------------------
                                             14.394248   slack (MET)



