
===========================================================================
report_checks -unconstrained
===========================================================================
======================= nom_ss_100C_1v60 Corner ===================================

Startpoint: inputs[0] (input port clocked by clk)
Endpoint: outputs[31] (output port clocked by clk)
Path Group: clk
Path Type: max

Fanout         Cap        Slew       Delay        Time   Description
---------------------------------------------------------------------------------------------
                      0.000000    0.000000    0.000000   clock clk (rise edge)
                                  0.000000    0.000000   clock network delay (ideal)
                                  5.000000    5.000000 ^ input external delay
     1    0.004981    0.047058    0.027331    5.027331 ^ inputs[0] (in)
                                                         inputs[0] (net)
                      0.047059    0.000000    5.027331 ^ input1/A (sky130_fd_sc_hd__buf_4)
     6    0.062039    0.280258    0.352312    5.379643 ^ input1/X (sky130_fd_sc_hd__buf_4)
                                                         net1 (net)
                      0.280384    0.002851    5.382495 ^ _049_/B (sky130_fd_sc_hd__xor2_4)
     5    0.042869    0.514829    0.573417    5.955912 ^ _049_/X (sky130_fd_sc_hd__xor2_4)
                                                         net40 (net)
                      0.514837    0.001629    5.957541 ^ _055_/A (sky130_fd_sc_hd__xnor2_4)
     4    0.021958    0.329355    0.397051    6.354593 ^ _055_/Y (sky130_fd_sc_hd__xnor2_4)
                                                         net45 (net)
                      0.329355    0.000519    6.355111 ^ _057_/A (sky130_fd_sc_hd__xnor2_2)
     3    0.012261    0.315726    0.338936    6.694048 ^ _057_/Y (sky130_fd_sc_hd__xnor2_2)
                                                         net53 (net)
                      0.315726    0.000249    6.694297 ^ _068_/A (sky130_fd_sc_hd__xnor2_1)
     2    0.007314    0.331151    0.334135    7.028431 ^ _068_/Y (sky130_fd_sc_hd__xnor2_1)
                                                         net56 (net)
                      0.331151    0.000189    7.028621 ^ _096_/A (sky130_fd_sc_hd__xnor2_1)
     1    0.002303    0.172914    0.281408    7.310029 ^ _096_/Y (sky130_fd_sc_hd__xnor2_1)
                                                         net57 (net)
                      0.172914    0.000065    7.310093 ^ output57/A (sky130_fd_sc_hd__buf_2)
     1    0.033921    0.269748    0.389860    7.699953 ^ output57/X (sky130_fd_sc_hd__buf_2)
                                                         outputs[31] (net)
                      0.269748    0.000622    7.700574 ^ outputs[31] (out)
                                              7.700574   data arrival time

                      0.000000   25.000000   25.000000   clock clk (rise edge)
                                  0.000000   25.000000   clock network delay (ideal)
                                 -0.250000   24.750000   clock uncertainty
                                  0.000000   24.750000   clock reconvergence pessimism
                                 -5.000000   19.750000   output external delay
                                             19.750000   data required time
---------------------------------------------------------------------------------------------
                                             19.750000   data required time
                                             -7.700574   data arrival time
---------------------------------------------------------------------------------------------
                                             12.049425   slack (MET)




===========================================================================
report_checks --slack_max -0.01
============================================================================
======================= nom_ss_100C_1v60 Corner ===================================

No paths found.


===========================================================================
 report_check_types -max_slew -max_cap -max_fanout -violators
============================================================================
======================= nom_ss_100C_1v60 Corner ===================================



===========================================================================
report_parasitic_annotation -report_unannotated
============================================================================
Found 0 unannotated drivers.
Found 0 partially unannotated drivers.

===========================================================================
max slew violation count 0
max fanout violation count 0
max cap violation count 0
============================================================================

===========================================================================
check_setup -verbose -unconstrained_endpoints -multiple_clock -no_clock -no_input_delay -loops -generated_clocks
===========================================================================
