
===========================================================================
report_checks -path_delay max (Setup)
============================================================================
======================= nom_ss_100C_1v60 Corner ===================================

Startpoint: inputs[0] (input port clocked by clk)
Endpoint: outputs[31] (output port clocked by clk)
Path Group: clk
Path Type: max

Fanout         Cap        Slew       Delay        Time   Description
---------------------------------------------------------------------------------------------
                      0.000000    0.000000    0.000000   clock clk (rise edge)
                                  0.000000    0.000000   clock network delay (ideal)
                                  5.000000    5.000000 ^ input external delay
     1    0.004981    0.047058    0.027331    5.027331 ^ inputs[0] (in)
                                                         inputs[0] (net)
                      0.047059    0.000000    5.027331 ^ input1/A (sky130_fd_sc_hd__buf_4)
     6    0.062039    0.280258    0.352312    5.379643 ^ input1/X (sky130_fd_sc_hd__buf_4)
                                                         net1 (net)
                      0.280384    0.002851    5.382495 ^ _049_/B (sky130_fd_sc_hd__xor2_4)
     5    0.042869    0.514829    0.573417    5.955912 ^ _049_/X (sky130_fd_sc_hd__xor2_4)
                                                         net40 (net)
                      0.514837    0.001629    5.957541 ^ _055_/A (sky130_fd_sc_hd__xnor2_4)
     4    0.021958    0.329355    0.397051    6.354593 ^ _055_/Y (sky130_fd_sc_hd__xnor2_4)
                                                         net45 (net)
                      0.329355    0.000519    6.355111 ^ _057_/A (sky130_fd_sc_hd__xnor2_2)
     3    0.012261    0.315726    0.338936    6.694048 ^ _057_/Y (sky130_fd_sc_hd__xnor2_2)
                                                         net53 (net)
                      0.315726    0.000249    6.694297 ^ _068_/A (sky130_fd_sc_hd__xnor2_1)
     2    0.007314    0.331151    0.334135    7.028431 ^ _068_/Y (sky130_fd_sc_hd__xnor2_1)
                                                         net56 (net)
                      0.331151    0.000189    7.028621 ^ _096_/A (sky130_fd_sc_hd__xnor2_1)
     1    0.002303    0.172914    0.281408    7.310029 ^ _096_/Y (sky130_fd_sc_hd__xnor2_1)
                                                         net57 (net)
                      0.172914    0.000065    7.310093 ^ output57/A (sky130_fd_sc_hd__buf_2)
     1    0.033921    0.269748    0.389860    7.699953 ^ output57/X (sky130_fd_sc_hd__buf_2)
                                                         outputs[31] (net)
                      0.269748    0.000622    7.700574 ^ outputs[31] (out)
                                              7.700574   data arrival time

                      0.000000   25.000000   25.000000   clock clk (rise edge)
                                  0.000000   25.000000   clock network delay (ideal)
                                 -0.250000   24.750000   clock uncertainty
                                  0.000000   24.750000   clock reconvergence pessimism
                                 -5.000000   19.750000   output external delay
                                             19.750000   data required time
---------------------------------------------------------------------------------------------
                                             19.750000   data required time
                                             -7.700574   data arrival time
---------------------------------------------------------------------------------------------
                                             12.049425   slack (MET)


Startpoint: inputs[0] (input port clocked by clk)
Endpoint: outputs[27] (output port clocked by clk)
Path Group: clk
Path Type: max

Fanout         Cap        Slew       Delay        Time   Description
---------------------------------------------------------------------------------------------
                      0.000000    0.000000    0.000000   clock clk (rise edge)
                                  0.000000    0.000000   clock network delay (ideal)
                                  5.000000    5.000000 ^ input external delay
     1    0.004981    0.047058    0.027331    5.027331 ^ inputs[0] (in)
                                                         inputs[0] (net)
                      0.047059    0.000000    5.027331 ^ input1/A (sky130_fd_sc_hd__buf_4)
     6    0.062039    0.280258    0.352312    5.379643 ^ input1/X (sky130_fd_sc_hd__buf_4)
                                                         net1 (net)
                      0.280384    0.002851    5.382495 ^ _049_/B (sky130_fd_sc_hd__xor2_4)
     5    0.042869    0.514829    0.573417    5.955912 ^ _049_/X (sky130_fd_sc_hd__xor2_4)
                                                         net40 (net)
                      0.514830    0.000681    5.956593 ^ _051_/A (sky130_fd_sc_hd__xor2_2)
     3    0.016765    0.369809    0.517787    6.474380 ^ _051_/X (sky130_fd_sc_hd__xor2_2)
                                                         net49 (net)
                      0.369809    0.000670    6.475050 ^ _069_/A (sky130_fd_sc_hd__xnor2_1)
     2    0.007768    0.345956    0.355489    6.830540 ^ _069_/Y (sky130_fd_sc_hd__xnor2_1)
                                                         net51 (net)
                      0.345956    0.000210    6.830750 ^ _100_/A (sky130_fd_sc_hd__xnor2_1)
     1    0.002544    0.180330    0.288853    7.119603 ^ _100_/Y (sky130_fd_sc_hd__xnor2_1)
                                                         net52 (net)
                      0.180330    0.000076    7.119679 ^ output52/A (sky130_fd_sc_hd__buf_2)
     1    0.033964    0.270088    0.393562    7.513241 ^ output52/X (sky130_fd_sc_hd__buf_2)
                                                         outputs[27] (net)
                      0.270088    0.000632    7.513873 ^ outputs[27] (out)
                                              7.513873   data arrival time

                      0.000000   25.000000   25.000000   clock clk (rise edge)
                                  0.000000   25.000000   clock network delay (ideal)
                                 -0.250000   24.750000   clock uncertainty
                                  0.000000   24.750000   clock reconvergence pessimism
                                 -5.000000   19.750000   output external delay
                                             19.750000   data required time
---------------------------------------------------------------------------------------------
                                             19.750000   data required time
                                             -7.513873   data arrival time
---------------------------------------------------------------------------------------------
                                             12.236126   slack (MET)


Startpoint: inputs[0] (input port clocked by clk)
Endpoint: outputs[30] (output port clocked by clk)
Path Group: clk
Path Type: max

Fanout         Cap        Slew       Delay        Time   Description
---------------------------------------------------------------------------------------------
                      0.000000    0.000000    0.000000   clock clk (rise edge)
                                  0.000000    0.000000   clock network delay (ideal)
                                  5.000000    5.000000 ^ input external delay
     1    0.004981    0.047058    0.027331    5.027331 ^ inputs[0] (in)
                                                         inputs[0] (net)
                      0.047059    0.000000    5.027331 ^ input1/A (sky130_fd_sc_hd__buf_4)
     6    0.062039    0.280258    0.352312    5.379643 ^ input1/X (sky130_fd_sc_hd__buf_4)
                                                         net1 (net)
                      0.280384    0.002851    5.382495 ^ _049_/B (sky130_fd_sc_hd__xor2_4)
     5    0.042869    0.514829    0.573417    5.955912 ^ _049_/X (sky130_fd_sc_hd__xor2_4)
                                                         net40 (net)
                      0.514837    0.001629    5.957541 ^ _055_/A (sky130_fd_sc_hd__xnor2_4)
     4    0.021958    0.329355    0.397051    6.354593 ^ _055_/Y (sky130_fd_sc_hd__xnor2_4)
                                                         net45 (net)
                      0.329355    0.000519    6.355111 ^ _057_/A (sky130_fd_sc_hd__xnor2_2)
     3    0.012261    0.315726    0.338936    6.694048 ^ _057_/Y (sky130_fd_sc_hd__xnor2_2)
                                                         net53 (net)
                      0.315726    0.000249    6.694297 ^ _068_/A (sky130_fd_sc_hd__xnor2_1)
     2    0.007314    0.331151    0.334135    7.028431 ^ _068_/Y (sky130_fd_sc_hd__xnor2_1)
                                                         net56 (net)
                      0.331151    0.000198    7.028629 ^ output56/A (sky130_fd_sc_hd__buf_2)
     1    0.034045    0.271281    0.456021    7.484651 ^ output56/X (sky130_fd_sc_hd__buf_2)
                                                         outputs[30] (net)
                      0.271281    0.000655    7.485305 ^ outputs[30] (out)
                                              7.485305   data arrival time

                      0.000000   25.000000   25.000000   clock clk (rise edge)
                                  0.000000   25.000000   clock network delay (ideal)
                                 -0.250000   24.750000   clock uncertainty
                                  0.000000   24.750000   clock reconvergence pessimism
                                 -5.000000   19.750000   output external delay
                                             19.750000   data required time
---------------------------------------------------------------------------------------------
                                             19.750000   data required time
                                             -7.485305   data arrival time
---------------------------------------------------------------------------------------------
                                             12.264694   slack (MET)


Startpoint: inputs[2] (input port clocked by clk)
Endpoint: outputs[15] (output port clocked by clk)
Path Group: clk
Path Type: max

Fanout         Cap        Slew       Delay        Time   Description
---------------------------------------------------------------------------------------------
                      0.000000    0.000000    0.000000   clock clk (rise edge)
                                  0.000000    0.000000   clock network delay (ideal)
                                  5.000000    5.000000 v input external delay
     1    0.002867    0.018712    0.009452    5.009452 v inputs[2] (in)
                                                         inputs[2] (net)
                      0.018712    0.000000    5.009452 v input23/A (sky130_fd_sc_hd__buf_2)
     4    0.028758    0.144335    0.303612    5.313065 v input23/X (sky130_fd_sc_hd__buf_2)
                                                         net23 (net)
                      0.144339    0.000938    5.314003 v _073_/A (sky130_fd_sc_hd__xnor2_1)
     1    0.012576    0.504047    0.516775    5.830777 ^ _073_/Y (sky130_fd_sc_hd__xnor2_1)
                                                         _041_ (net)
                      0.504048    0.000576    5.831352 ^ _074_/B (sky130_fd_sc_hd__xnor2_2)
     3    0.016389    0.388158    0.405823    6.237175 ^ _074_/Y (sky130_fd_sc_hd__xnor2_2)
                                                         net34 (net)
                      0.388158    0.000362    6.237538 ^ _077_/A (sky130_fd_sc_hd__xor2_1)
     2    0.010351    0.399960    0.505484    6.743022 ^ _077_/X (sky130_fd_sc_hd__xor2_1)
                                                         net38 (net)
                      0.399960    0.000418    6.743440 ^ _116_/A (sky130_fd_sc_hd__xnor2_1)
     1    0.002337    0.173947    0.302236    7.045676 ^ _116_/Y (sky130_fd_sc_hd__xnor2_1)
                                                         net39 (net)
                      0.173947    0.000068    7.045743 ^ output39/A (sky130_fd_sc_hd__buf_2)
     1    0.034582    0.274700    0.393726    7.439470 ^ output39/X (sky130_fd_sc_hd__buf_2)
                                                         outputs[15] (net)
                      0.274700    0.000813    7.440282 ^ outputs[15] (out)
                                              7.440282   data arrival time

                      0.000000   25.000000   25.000000   clock clk (rise edge)
                                  0.000000   25.000000   clock network delay (ideal)
                                 -0.250000   24.750000   clock uncertainty
                                  0.000000   24.750000   clock reconvergence pessimism
                                 -5.000000   19.750000   output external delay
                                             19.750000   data required time
---------------------------------------------------------------------------------------------
                                             19.750000   data required time
                                             -7.440282   data arrival time
---------------------------------------------------------------------------------------------
                                             12.309717   slack (MET)


Startpoint: inputs[1] (input port clocked by clk)
Endpoint: outputs[29] (output port clocked by clk)
Path Group: clk
Path Type: max

Fanout         Cap        Slew       Delay        Time   Description
---------------------------------------------------------------------------------------------
                      0.000000    0.000000    0.000000   clock clk (rise edge)
                                  0.000000    0.000000   clock network delay (ideal)
                                  5.000000    5.000000 ^ input external delay
     1    0.003170    0.034706    0.017748    5.017748 ^ inputs[1] (in)
                                                         inputs[1] (net)
                      0.034706    0.000000    5.017748 ^ input12/A (sky130_fd_sc_hd__clkbuf_4)
     5    0.043640    0.220180    0.342591    5.360339 ^ input12/X (sky130_fd_sc_hd__clkbuf_4)
                                                         net12 (net)
                      0.220180    0.000821    5.361160 ^ _081_/B (sky130_fd_sc_hd__xor2_4)
     4    0.024837    0.341031    0.428280    5.789439 ^ _081_/X (sky130_fd_sc_hd__xor2_4)
                                                         _045_ (net)
                      0.341031    0.000572    5.790012 ^ _083_/A (sky130_fd_sc_hd__xnor2_1)
     2    0.011271    0.224885    0.337894    6.127905 v _083_/Y (sky130_fd_sc_hd__xnor2_1)
                                                         _047_ (net)
                      0.224885    0.000335    6.128241 v _087_/A (sky130_fd_sc_hd__xnor2_1)
     2    0.012451    0.499861    0.549034    6.677275 ^ _087_/Y (sky130_fd_sc_hd__xnor2_1)
                                                         _002_ (net)
                      0.499861    0.000432    6.677706 ^ _097_/B (sky130_fd_sc_hd__xor2_1)
     1    0.002209    0.166370    0.359216    7.036922 ^ _097_/X (sky130_fd_sc_hd__xor2_1)
                                                         net54 (net)
                      0.166370    0.000062    7.036983 ^ output54/A (sky130_fd_sc_hd__buf_2)
     1    0.034156    0.271487    0.388025    7.425008 ^ output54/X (sky130_fd_sc_hd__buf_2)
                                                         outputs[29] (net)
                      0.271487    0.000644    7.425653 ^ outputs[29] (out)
                                              7.425653   data arrival time

                      0.000000   25.000000   25.000000   clock clk (rise edge)
                                  0.000000   25.000000   clock network delay (ideal)
                                 -0.250000   24.750000   clock uncertainty
                                  0.000000   24.750000   clock reconvergence pessimism
                                 -5.000000   19.750000   output external delay
                                             19.750000   data required time
---------------------------------------------------------------------------------------------
                                             19.750000   data required time
                                             -7.425653   data arrival time
---------------------------------------------------------------------------------------------
                                             12.324347   slack (MET)


Startpoint: inputs[0] (input port clocked by clk)
Endpoint: outputs[23] (output port clocked by clk)
Path Group: clk
Path Type: max

Fanout         Cap        Slew       Delay        Time   Description
---------------------------------------------------------------------------------------------
                      0.000000    0.000000    0.000000   clock clk (rise edge)
                                  0.000000    0.000000   clock network delay (ideal)
                                  5.000000    5.000000 ^ input external delay
     1    0.004981    0.047058    0.027331    5.027331 ^ inputs[0] (in)
                                                         inputs[0] (net)
                      0.047059    0.000000    5.027331 ^ input1/A (sky130_fd_sc_hd__buf_4)
     6    0.062039    0.280258    0.352312    5.379643 ^ input1/X (sky130_fd_sc_hd__buf_4)
                                                         net1 (net)
                      0.280384    0.002851    5.382495 ^ _049_/B (sky130_fd_sc_hd__xor2_4)
     5    0.042869    0.514829    0.573417    5.955912 ^ _049_/X (sky130_fd_sc_hd__xor2_4)
                                                         net40 (net)
                      0.514837    0.001629    5.957541 ^ _055_/A (sky130_fd_sc_hd__xnor2_4)
     4    0.020633    0.173236    0.329766    6.287308 v _055_/Y (sky130_fd_sc_hd__xnor2_4)
                                                         net45 (net)
                      0.173237    0.000357    6.287665 v _102_/A (sky130_fd_sc_hd__xnor2_1)
     2    0.008379    0.365746    0.425410    6.713076 ^ _102_/Y (sky130_fd_sc_hd__xnor2_1)
                                                         net46 (net)
                      0.365746    0.000253    6.713329 ^ _105_/A (sky130_fd_sc_hd__xnor2_1)
     1    0.002668    0.184146    0.296296    7.009625 ^ _105_/Y (sky130_fd_sc_hd__xnor2_1)
                                                         net48 (net)
                      0.184146    0.000080    7.009706 ^ output48/A (sky130_fd_sc_hd__buf_2)
     1    0.034261    0.272321    0.396857    7.406562 ^ output48/X (sky130_fd_sc_hd__buf_2)
                                                         outputs[23] (net)
                      0.272321    0.000738    7.407300 ^ outputs[23] (out)
                                              7.407300   data arrival time

                      0.000000   25.000000   25.000000   clock clk (rise edge)
                                  0.000000   25.000000   clock network delay (ideal)
                                 -0.250000   24.750000   clock uncertainty
                                  0.000000   24.750000   clock reconvergence pessimism
                                 -5.000000   19.750000   output external delay
                                             19.750000   data required time
---------------------------------------------------------------------------------------------
                                             19.750000   data required time
                                             -7.407300   data arrival time
---------------------------------------------------------------------------------------------
                                             12.342700   slack (MET)


Startpoint: inputs[0] (input port clocked by clk)
Endpoint: outputs[26] (output port clocked by clk)
Path Group: clk
Path Type: max

Fanout         Cap        Slew       Delay        Time   Description
---------------------------------------------------------------------------------------------
                      0.000000    0.000000    0.000000   clock clk (rise edge)
                                  0.000000    0.000000   clock network delay (ideal)
                                  5.000000    5.000000 ^ input external delay
     1    0.004981    0.047058    0.027331    5.027331 ^ inputs[0] (in)
                                                         inputs[0] (net)
                      0.047059    0.000000    5.027331 ^ input1/A (sky130_fd_sc_hd__buf_4)
     6    0.062039    0.280258    0.352312    5.379643 ^ input1/X (sky130_fd_sc_hd__buf_4)
                                                         net1 (net)
                      0.280384    0.002851    5.382495 ^ _049_/B (sky130_fd_sc_hd__xor2_4)
     5    0.042869    0.514829    0.573417    5.955912 ^ _049_/X (sky130_fd_sc_hd__xor2_4)
                                                         net40 (net)
                      0.514830    0.000681    5.956593 ^ _051_/A (sky130_fd_sc_hd__xor2_2)
     3    0.016765    0.369809    0.517787    6.474380 ^ _051_/X (sky130_fd_sc_hd__xor2_2)
                                                         net49 (net)
                      0.369809    0.000670    6.475050 ^ _069_/A (sky130_fd_sc_hd__xnor2_1)
     2    0.007768    0.345956    0.355489    6.830540 ^ _069_/Y (sky130_fd_sc_hd__xnor2_1)
                                                         net51 (net)
                      0.345956    0.000219    6.830759 ^ output51/A (sky130_fd_sc_hd__buf_2)
     1    0.034105    0.271801    0.462070    7.292829 ^ output51/X (sky130_fd_sc_hd__buf_2)
                                                         outputs[26] (net)
                      0.271801    0.000681    7.293510 ^ outputs[26] (out)
                                              7.293510   data arrival time

                      0.000000   25.000000   25.000000   clock clk (rise edge)
                                  0.000000   25.000000   clock network delay (ideal)
                                 -0.250000   24.750000   clock uncertainty
                                  0.000000   24.750000   clock reconvergence pessimism
                                 -5.000000   19.750000   output external delay
                                             19.750000   data required time
---------------------------------------------------------------------------------------------
                                             19.750000   data required time
                                             -7.293510   data arrival time
---------------------------------------------------------------------------------------------
                                             12.456490   slack (MET)


Startpoint: inputs[2] (input port clocked by clk)
Endpoint: outputs[14] (output port clocked by clk)
Path Group: clk
Path Type: max

Fanout         Cap        Slew       Delay        Time   Description
---------------------------------------------------------------------------------------------
                      0.000000    0.000000    0.000000   clock clk (rise edge)
                                  0.000000    0.000000   clock network delay (ideal)
                                  5.000000    5.000000 v input external delay
     1    0.002867    0.018712    0.009452    5.009452 v inputs[2] (in)
                                                         inputs[2] (net)
                      0.018712    0.000000    5.009452 v input23/A (sky130_fd_sc_hd__buf_2)
     4    0.028758    0.144335    0.303612    5.313065 v input23/X (sky130_fd_sc_hd__buf_2)
                                                         net23 (net)
                      0.144339    0.000938    5.314003 v _073_/A (sky130_fd_sc_hd__xnor2_1)
     1    0.012576    0.504047    0.516775    5.830777 ^ _073_/Y (sky130_fd_sc_hd__xnor2_1)
                                                         _041_ (net)
                      0.504048    0.000576    5.831352 ^ _074_/B (sky130_fd_sc_hd__xnor2_2)
     3    0.016389    0.388158    0.405823    6.237175 ^ _074_/Y (sky130_fd_sc_hd__xnor2_2)
                                                         net34 (net)
                      0.388158    0.000362    6.237538 ^ _077_/A (sky130_fd_sc_hd__xor2_1)
     2    0.010351    0.399960    0.505484    6.743022 ^ _077_/X (sky130_fd_sc_hd__xor2_1)
                                                         net38 (net)
                      0.399960    0.000443    6.743464 ^ output38/A (sky130_fd_sc_hd__buf_2)
     1    0.034574    0.275547    0.485438    7.228903 ^ output38/X (sky130_fd_sc_hd__buf_2)
                                                         outputs[14] (net)
                      0.275547    0.000812    7.229715 ^ outputs[14] (out)
                                              7.229715   data arrival time

                      0.000000   25.000000   25.000000   clock clk (rise edge)
                                  0.000000   25.000000   clock network delay (ideal)
                                 -0.250000   24.750000   clock uncertainty
                                  0.000000   24.750000   clock reconvergence pessimism
                                 -5.000000   19.750000   output external delay
                                             19.750000   data required time
---------------------------------------------------------------------------------------------
                                             19.750000   data required time
                                             -7.229715   data arrival time
---------------------------------------------------------------------------------------------
                                             12.520285   slack (MET)


Startpoint: inputs[0] (input port clocked by clk)
Endpoint: outputs[25] (output port clocked by clk)
Path Group: clk
Path Type: max

Fanout         Cap        Slew       Delay        Time   Description
---------------------------------------------------------------------------------------------
                      0.000000    0.000000    0.000000   clock clk (rise edge)
                                  0.000000    0.000000   clock network delay (ideal)
                                  5.000000    5.000000 ^ input external delay
     1    0.004981    0.047058    0.027331    5.027331 ^ inputs[0] (in)
                                                         inputs[0] (net)
                      0.047059    0.000000    5.027331 ^ input1/A (sky130_fd_sc_hd__buf_4)
     6    0.062039    0.280258    0.352312    5.379643 ^ input1/X (sky130_fd_sc_hd__buf_4)
                                                         net1 (net)
                      0.280384    0.002851    5.382495 ^ _049_/B (sky130_fd_sc_hd__xor2_4)
     5    0.042869    0.514829    0.573417    5.955912 ^ _049_/X (sky130_fd_sc_hd__xor2_4)
                                                         net40 (net)
                      0.514830    0.000681    5.956593 ^ _051_/A (sky130_fd_sc_hd__xor2_2)
     3    0.016765    0.369809    0.517787    6.474380 ^ _051_/X (sky130_fd_sc_hd__xor2_2)
                                                         net49 (net)
                      0.369809    0.000784    6.475164 ^ _101_/A (sky130_fd_sc_hd__xor2_1)
     1    0.002665    0.179358    0.328878    6.804042 ^ _101_/X (sky130_fd_sc_hd__xor2_1)
                                                         net50 (net)
                      0.179358    0.000079    6.804122 ^ output50/A (sky130_fd_sc_hd__buf_2)
     1    0.033957    0.270034    0.393055    7.197177 ^ output50/X (sky130_fd_sc_hd__buf_2)
                                                         outputs[25] (net)
                      0.270034    0.000649    7.197826 ^ outputs[25] (out)
                                              7.197826   data arrival time

                      0.000000   25.000000   25.000000   clock clk (rise edge)
                                  0.000000   25.000000   clock network delay (ideal)
                                 -0.250000   24.750000   clock uncertainty
                                  0.000000   24.750000   clock reconvergence pessimism
                                 -5.000000   19.750000   output external delay
                                             19.750000   data required time
---------------------------------------------------------------------------------------------
                                             19.750000   data required time
                                             -7.197826   data arrival time
---------------------------------------------------------------------------------------------
                                             12.552173   slack (MET)


Startpoint: inputs[0] (input port clocked by clk)
Endpoint: outputs[21] (output port clocked by clk)
Path Group: clk
Path Type: max

Fanout         Cap        Slew       Delay        Time   Description
---------------------------------------------------------------------------------------------
                      0.000000    0.000000    0.000000   clock clk (rise edge)
                                  0.000000    0.000000   clock network delay (ideal)
                                  5.000000    5.000000 ^ input external delay
     1    0.004981    0.047058    0.027331    5.027331 ^ inputs[0] (in)
                                                         inputs[0] (net)
                      0.047059    0.000000    5.027331 ^ input1/A (sky130_fd_sc_hd__buf_4)
     6    0.062039    0.280258    0.352312    5.379643 ^ input1/X (sky130_fd_sc_hd__buf_4)
                                                         net1 (net)
                      0.280384    0.002851    5.382495 ^ _049_/B (sky130_fd_sc_hd__xor2_4)
     5    0.042869    0.514829    0.573417    5.955912 ^ _049_/X (sky130_fd_sc_hd__xor2_4)
                                                         net40 (net)
                      0.514837    0.001629    5.957541 ^ _055_/A (sky130_fd_sc_hd__xnor2_4)
     4    0.020633    0.173236    0.329766    6.287308 v _055_/Y (sky130_fd_sc_hd__xnor2_4)
                                                         net45 (net)
                      0.173237    0.000357    6.287665 v _102_/A (sky130_fd_sc_hd__xnor2_1)
     2    0.008379    0.365746    0.425410    6.713076 ^ _102_/Y (sky130_fd_sc_hd__xnor2_1)
                                                         net46 (net)
                      0.365746    0.000224    6.713299 ^ output46/A (sky130_fd_sc_hd__buf_2)
     1    0.034323    0.273513    0.470874    7.184173 ^ output46/X (sky130_fd_sc_hd__buf_2)
                                                         outputs[21] (net)
                      0.273513    0.000733    7.184906 ^ outputs[21] (out)
                                              7.184906   data arrival time

                      0.000000   25.000000   25.000000   clock clk (rise edge)
                                  0.000000   25.000000   clock network delay (ideal)
                                 -0.250000   24.750000   clock uncertainty
                                  0.000000   24.750000   clock reconvergence pessimism
                                 -5.000000   19.750000   output external delay
                                             19.750000   data required time
---------------------------------------------------------------------------------------------
                                             19.750000   data required time
                                             -7.184906   data arrival time
---------------------------------------------------------------------------------------------
                                             12.565093   slack (MET)


Startpoint: inputs[0] (input port clocked by clk)
Endpoint: outputs[28] (output port clocked by clk)
Path Group: clk
Path Type: max

Fanout         Cap        Slew       Delay        Time   Description
---------------------------------------------------------------------------------------------
                      0.000000    0.000000    0.000000   clock clk (rise edge)
                                  0.000000    0.000000   clock network delay (ideal)
                                  5.000000    5.000000 ^ input external delay
     1    0.004981    0.047058    0.027331    5.027331 ^ inputs[0] (in)
                                                         inputs[0] (net)
                      0.047059    0.000000    5.027331 ^ input1/A (sky130_fd_sc_hd__buf_4)
     6    0.062039    0.280258    0.352312    5.379643 ^ input1/X (sky130_fd_sc_hd__buf_4)
                                                         net1 (net)
                      0.280384    0.002851    5.382495 ^ _049_/B (sky130_fd_sc_hd__xor2_4)
     5    0.042869    0.514829    0.573417    5.955912 ^ _049_/X (sky130_fd_sc_hd__xor2_4)
                                                         net40 (net)
                      0.514837    0.001629    5.957541 ^ _055_/A (sky130_fd_sc_hd__xnor2_4)
     4    0.021958    0.329355    0.397051    6.354593 ^ _055_/Y (sky130_fd_sc_hd__xnor2_4)
                                                         net45 (net)
                      0.329355    0.000519    6.355111 ^ _057_/A (sky130_fd_sc_hd__xnor2_2)
     3    0.012261    0.315726    0.338936    6.694048 ^ _057_/Y (sky130_fd_sc_hd__xnor2_2)
                                                         net53 (net)
                      0.315726    0.000192    6.694240 ^ output53/A (sky130_fd_sc_hd__buf_2)
     1    0.033896    0.270094    0.449270    7.143509 ^ output53/X (sky130_fd_sc_hd__buf_2)
                                                         outputs[28] (net)
                      0.270094    0.000612    7.144121 ^ outputs[28] (out)
                                              7.144121   data arrival time

                      0.000000   25.000000   25.000000   clock clk (rise edge)
                                  0.000000   25.000000   clock network delay (ideal)
                                 -0.250000   24.750000   clock uncertainty
                                  0.000000   24.750000   clock reconvergence pessimism
                                 -5.000000   19.750000   output external delay
                                             19.750000   data required time
---------------------------------------------------------------------------------------------
                                             19.750000   data required time
                                             -7.144121   data arrival time
---------------------------------------------------------------------------------------------
                                             12.605879   slack (MET)


Startpoint: inputs[0] (input port clocked by clk)
Endpoint: outputs[19] (output port clocked by clk)
Path Group: clk
Path Type: max

Fanout         Cap        Slew       Delay        Time   Description
---------------------------------------------------------------------------------------------
                      0.000000    0.000000    0.000000   clock clk (rise edge)
                                  0.000000    0.000000   clock network delay (ideal)
                                  5.000000    5.000000 ^ input external delay
     1    0.004981    0.047058    0.027331    5.027331 ^ inputs[0] (in)
                                                         inputs[0] (net)
                      0.047059    0.000000    5.027331 ^ input1/A (sky130_fd_sc_hd__buf_4)
     6    0.062039    0.280258    0.352312    5.379643 ^ input1/X (sky130_fd_sc_hd__buf_4)
                                                         net1 (net)
                      0.280384    0.002851    5.382495 ^ _049_/B (sky130_fd_sc_hd__xor2_4)
     5    0.042869    0.514829    0.573417    5.955912 ^ _049_/X (sky130_fd_sc_hd__xor2_4)
                                                         net40 (net)
                      0.514835    0.001474    5.957386 ^ _072_/A (sky130_fd_sc_hd__xnor2_1)
     2    0.010279    0.428198    0.426399    6.383785 ^ _072_/Y (sky130_fd_sc_hd__xnor2_1)
                                                         net42 (net)
                      0.428198    0.000338    6.384123 ^ _107_/A (sky130_fd_sc_hd__xnor2_1)
     1    0.002980    0.193804    0.318881    6.703004 ^ _107_/Y (sky130_fd_sc_hd__xnor2_1)
                                                         net43 (net)
                      0.193804    0.000068    6.703072 ^ output43/A (sky130_fd_sc_hd__buf_2)
     1    0.033966    0.270123    0.399889    7.102961 ^ output43/X (sky130_fd_sc_hd__buf_2)
                                                         outputs[19] (net)
                      0.270123    0.000632    7.103593 ^ outputs[19] (out)
                                              7.103593   data arrival time

                      0.000000   25.000000   25.000000   clock clk (rise edge)
                                  0.000000   25.000000   clock network delay (ideal)
                                 -0.250000   24.750000   clock uncertainty
                                  0.000000   24.750000   clock reconvergence pessimism
                                 -5.000000   19.750000   output external delay
                                             19.750000   data required time
---------------------------------------------------------------------------------------------
                                             19.750000   data required time
                                             -7.103593   data arrival time
---------------------------------------------------------------------------------------------
                                             12.646407   slack (MET)


Startpoint: inputs[0] (input port clocked by clk)
Endpoint: outputs[22] (output port clocked by clk)
Path Group: clk
Path Type: max

Fanout         Cap        Slew       Delay        Time   Description
---------------------------------------------------------------------------------------------
                      0.000000    0.000000    0.000000   clock clk (rise edge)
                                  0.000000    0.000000   clock network delay (ideal)
                                  5.000000    5.000000 ^ input external delay
     1    0.004981    0.047058    0.027331    5.027331 ^ inputs[0] (in)
                                                         inputs[0] (net)
                      0.047059    0.000000    5.027331 ^ input1/A (sky130_fd_sc_hd__buf_4)
     6    0.062039    0.280258    0.352312    5.379643 ^ input1/X (sky130_fd_sc_hd__buf_4)
                                                         net1 (net)
                      0.280384    0.002851    5.382495 ^ _049_/B (sky130_fd_sc_hd__xor2_4)
     5    0.042869    0.514829    0.573417    5.955912 ^ _049_/X (sky130_fd_sc_hd__xor2_4)
                                                         net40 (net)
                      0.514837    0.001629    5.957541 ^ _055_/A (sky130_fd_sc_hd__xnor2_4)
     4    0.021958    0.329355    0.397051    6.354593 ^ _055_/Y (sky130_fd_sc_hd__xnor2_4)
                                                         net45 (net)
                      0.329355    0.000470    6.355062 ^ _071_/A (sky130_fd_sc_hd__xor2_1)
     1    0.002641    0.178611    0.316757    6.671820 ^ _071_/X (sky130_fd_sc_hd__xor2_1)
                                                         net47 (net)
                      0.178611    0.000076    6.671896 ^ output47/A (sky130_fd_sc_hd__buf_2)
     1    0.034404    0.273373    0.395012    7.066908 ^ output47/X (sky130_fd_sc_hd__buf_2)
                                                         outputs[22] (net)
                      0.273373    0.000748    7.067657 ^ outputs[22] (out)
                                              7.067657   data arrival time

                      0.000000   25.000000   25.000000   clock clk (rise edge)
                                  0.000000   25.000000   clock network delay (ideal)
                                 -0.250000   24.750000   clock uncertainty
                                  0.000000   24.750000   clock reconvergence pessimism
                                 -5.000000   19.750000   output external delay
                                             19.750000   data required time
---------------------------------------------------------------------------------------------
                                             19.750000   data required time
                                             -7.067657   data arrival time
---------------------------------------------------------------------------------------------
                                             12.682343   slack (MET)


Startpoint: inputs[4] (input port clocked by clk)
Endpoint: outputs[13] (output port clocked by clk)
Path Group: clk
Path Type: max

Fanout         Cap        Slew       Delay        Time   Description
---------------------------------------------------------------------------------------------
                      0.000000    0.000000    0.000000   clock clk (rise edge)
                                  0.000000    0.000000   clock network delay (ideal)
                                  5.000000    5.000000 v input external delay
     1    0.003498    0.021162    0.011441    5.011441 v inputs[4] (in)
                                                         inputs[4] (net)
                      0.021162    0.000000    5.011441 v input27/A (sky130_fd_sc_hd__clkbuf_2)
     3    0.023046    0.167531    0.259817    5.271258 v input27/X (sky130_fd_sc_hd__clkbuf_2)
                                                         net27 (net)
                      0.167531    0.000489    5.271748 v _058_/A (sky130_fd_sc_hd__xnor2_1)
     2    0.013366    0.530198    0.546549    5.818296 ^ _058_/Y (sky130_fd_sc_hd__xnor2_1)
                                                         _032_ (net)
                      0.530198    0.000560    5.818856 ^ _059_/B (sky130_fd_sc_hd__xnor2_1)
     2    0.010165    0.424953    0.434663    6.253519 ^ _059_/Y (sky130_fd_sc_hd__xnor2_1)
                                                         net36 (net)
                      0.424953    0.000357    6.253875 ^ _117_/A (sky130_fd_sc_hd__xnor2_1)
     1    0.003144    0.198880    0.320008    6.573884 ^ _117_/Y (sky130_fd_sc_hd__xnor2_1)
                                                         net37 (net)
                      0.198880    0.000092    6.573976 ^ output37/A (sky130_fd_sc_hd__buf_2)
     1    0.034582    0.274751    0.405425    6.979401 ^ output37/X (sky130_fd_sc_hd__buf_2)
                                                         outputs[13] (net)
                      0.274751    0.000812    6.980214 ^ outputs[13] (out)
                                              6.980214   data arrival time

                      0.000000   25.000000   25.000000   clock clk (rise edge)
                                  0.000000   25.000000   clock network delay (ideal)
                                 -0.250000   24.750000   clock uncertainty
                                  0.000000   24.750000   clock reconvergence pessimism
                                 -5.000000   19.750000   output external delay
                                             19.750000   data required time
---------------------------------------------------------------------------------------------
                                             19.750000   data required time
                                             -6.980214   data arrival time
---------------------------------------------------------------------------------------------
                                             12.769786   slack (MET)


Startpoint: inputs[2] (input port clocked by clk)
Endpoint: outputs[11] (output port clocked by clk)
Path Group: clk
Path Type: max

Fanout         Cap        Slew       Delay        Time   Description
---------------------------------------------------------------------------------------------
                      0.000000    0.000000    0.000000   clock clk (rise edge)
                                  0.000000    0.000000   clock network delay (ideal)
                                  5.000000    5.000000 v input external delay
     1    0.002867    0.018712    0.009452    5.009452 v inputs[2] (in)
                                                         inputs[2] (net)
                      0.018712    0.000000    5.009452 v input23/A (sky130_fd_sc_hd__buf_2)
     4    0.028758    0.144335    0.303612    5.313065 v input23/X (sky130_fd_sc_hd__buf_2)
                                                         net23 (net)
                      0.144339    0.000938    5.314003 v _073_/A (sky130_fd_sc_hd__xnor2_1)
     1    0.012576    0.504047    0.516775    5.830777 ^ _073_/Y (sky130_fd_sc_hd__xnor2_1)
                                                         _041_ (net)
                      0.504048    0.000576    5.831352 ^ _074_/B (sky130_fd_sc_hd__xnor2_2)
     3    0.016389    0.388158    0.405823    6.237175 ^ _074_/Y (sky130_fd_sc_hd__xnor2_2)
                                                         net34 (net)
                      0.388158    0.000596    6.237771 ^ _119_/A (sky130_fd_sc_hd__xnor2_1)
     1    0.003017    0.194994    0.307412    6.545183 ^ _119_/Y (sky130_fd_sc_hd__xnor2_1)
                                                         net35 (net)
                      0.194994    0.000087    6.545270 ^ output35/A (sky130_fd_sc_hd__buf_2)
     1    0.034591    0.274804    0.403646    6.948916 ^ output35/X (sky130_fd_sc_hd__buf_2)
                                                         outputs[11] (net)
                      0.274804    0.000812    6.949728 ^ outputs[11] (out)
                                              6.949728   data arrival time

                      0.000000   25.000000   25.000000   clock clk (rise edge)
                                  0.000000   25.000000   clock network delay (ideal)
                                 -0.250000   24.750000   clock uncertainty
                                  0.000000   24.750000   clock reconvergence pessimism
                                 -5.000000   19.750000   output external delay
                                             19.750000   data required time
---------------------------------------------------------------------------------------------
                                             19.750000   data required time
                                             -6.949728   data arrival time
---------------------------------------------------------------------------------------------
                                             12.800271   slack (MET)


Startpoint: inputs[0] (input port clocked by clk)
Endpoint: outputs[24] (output port clocked by clk)
Path Group: clk
Path Type: max

Fanout         Cap        Slew       Delay        Time   Description
---------------------------------------------------------------------------------------------
                      0.000000    0.000000    0.000000   clock clk (rise edge)
                                  0.000000    0.000000   clock network delay (ideal)
                                  5.000000    5.000000 ^ input external delay
     1    0.004981    0.047058    0.027331    5.027331 ^ inputs[0] (in)
                                                         inputs[0] (net)
                      0.047059    0.000000    5.027331 ^ input1/A (sky130_fd_sc_hd__buf_4)
     6    0.062039    0.280258    0.352312    5.379643 ^ input1/X (sky130_fd_sc_hd__buf_4)
                                                         net1 (net)
                      0.280384    0.002851    5.382495 ^ _049_/B (sky130_fd_sc_hd__xor2_4)
     5    0.042869    0.514829    0.573417    5.955912 ^ _049_/X (sky130_fd_sc_hd__xor2_4)
                                                         net40 (net)
                      0.514830    0.000681    5.956593 ^ _051_/A (sky130_fd_sc_hd__xor2_2)
     3    0.016765    0.369809    0.517787    6.474380 ^ _051_/X (sky130_fd_sc_hd__xor2_2)
                                                         net49 (net)
                      0.369809    0.000683    6.475064 ^ output49/A (sky130_fd_sc_hd__buf_2)
     1    0.033894    0.270339    0.470256    6.945320 ^ output49/X (sky130_fd_sc_hd__buf_2)
                                                         outputs[24] (net)
                      0.270339    0.000611    6.945931 ^ outputs[24] (out)
                                              6.945931   data arrival time

                      0.000000   25.000000   25.000000   clock clk (rise edge)
                                  0.000000   25.000000   clock network delay (ideal)
                                 -0.250000   24.750000   clock uncertainty
                                  0.000000   24.750000   clock reconvergence pessimism
                                 -5.000000   19.750000   output external delay
                                             19.750000   data required time
---------------------------------------------------------------------------------------------
                                             19.750000   data required time
                                             -6.945931   data arrival time
---------------------------------------------------------------------------------------------
                                             12.804069   slack (MET)


Startpoint: inputs[0] (input port clocked by clk)
Endpoint: outputs[7] (output port clocked by clk)
Path Group: clk
Path Type: max

Fanout         Cap        Slew       Delay        Time   Description
---------------------------------------------------------------------------------------------
                      0.000000    0.000000    0.000000   clock clk (rise edge)
                                  0.000000    0.000000   clock network delay (ideal)
                                  5.000000    5.000000 ^ input external delay
     1    0.004981    0.047058    0.027331    5.027331 ^ inputs[0] (in)
                                                         inputs[0] (net)
                      0.047059    0.000000    5.027331 ^ input1/A (sky130_fd_sc_hd__buf_4)
     6    0.062039    0.280258    0.352312    5.379643 ^ input1/X (sky130_fd_sc_hd__buf_4)
                                                         net1 (net)
                      0.280377    0.002583    5.382227 ^ _060_/A (sky130_fd_sc_hd__xor2_2)
     3    0.016556    0.365987    0.446116    5.828343 ^ _060_/X (sky130_fd_sc_hd__xor2_2)
                                                         net59 (net)
                      0.365987    0.000536    5.828879 ^ _122_/A (sky130_fd_sc_hd__xnor2_1)
     2    0.008067    0.355773    0.357694    6.186573 ^ _122_/Y (sky130_fd_sc_hd__xnor2_1)
                                                         net60 (net)
                      0.355773    0.000224    6.186797 ^ _125_/A (sky130_fd_sc_hd__xnor2_1)
     1    0.002830    0.189244    0.295397    6.482193 ^ _125_/Y (sky130_fd_sc_hd__xnor2_1)
                                                         net62 (net)
                      0.189244    0.000085    6.482278 ^ output62/A (sky130_fd_sc_hd__buf_2)
     1    0.034542    0.274431    0.400701    6.882979 ^ output62/X (sky130_fd_sc_hd__buf_2)
                                                         outputs[7] (net)
                      0.274431    0.000798    6.883777 ^ outputs[7] (out)
                                              6.883777   data arrival time

                      0.000000   25.000000   25.000000   clock clk (rise edge)
                                  0.000000   25.000000   clock network delay (ideal)
                                 -0.250000   24.750000   clock uncertainty
                                  0.000000   24.750000   clock reconvergence pessimism
                                 -5.000000   19.750000   output external delay
                                             19.750000   data required time
---------------------------------------------------------------------------------------------
                                             19.750000   data required time
                                             -6.883777   data arrival time
---------------------------------------------------------------------------------------------
                                             12.866222   slack (MET)


Startpoint: inputs[0] (input port clocked by clk)
Endpoint: outputs[18] (output port clocked by clk)
Path Group: clk
Path Type: max

Fanout         Cap        Slew       Delay        Time   Description
---------------------------------------------------------------------------------------------
                      0.000000    0.000000    0.000000   clock clk (rise edge)
                                  0.000000    0.000000   clock network delay (ideal)
                                  5.000000    5.000000 ^ input external delay
     1    0.004981    0.047058    0.027331    5.027331 ^ inputs[0] (in)
                                                         inputs[0] (net)
                      0.047059    0.000000    5.027331 ^ input1/A (sky130_fd_sc_hd__buf_4)
     6    0.062039    0.280258    0.352312    5.379643 ^ input1/X (sky130_fd_sc_hd__buf_4)
                                                         net1 (net)
                      0.280384    0.002851    5.382495 ^ _049_/B (sky130_fd_sc_hd__xor2_4)
     5    0.042869    0.514829    0.573417    5.955912 ^ _049_/X (sky130_fd_sc_hd__xor2_4)
                                                         net40 (net)
                      0.514835    0.001474    5.957386 ^ _072_/A (sky130_fd_sc_hd__xnor2_1)
     2    0.010279    0.428198    0.426399    6.383785 ^ _072_/Y (sky130_fd_sc_hd__xnor2_1)
                                                         net42 (net)
                      0.428198    0.000259    6.384045 ^ output42/A (sky130_fd_sc_hd__buf_2)
     1    0.034323    0.273804    0.495116    6.879160 ^ output42/X (sky130_fd_sc_hd__buf_2)
                                                         outputs[18] (net)
                      0.273804    0.000733    6.879894 ^ outputs[18] (out)
                                              6.879894   data arrival time

                      0.000000   25.000000   25.000000   clock clk (rise edge)
                                  0.000000   25.000000   clock network delay (ideal)
                                 -0.250000   24.750000   clock uncertainty
                                  0.000000   24.750000   clock reconvergence pessimism
                                 -5.000000   19.750000   output external delay
                                             19.750000   data required time
---------------------------------------------------------------------------------------------
                                             19.750000   data required time
                                             -6.879894   data arrival time
---------------------------------------------------------------------------------------------
                                             12.870106   slack (MET)


Startpoint: inputs[0] (input port clocked by clk)
Endpoint: outputs[20] (output port clocked by clk)
Path Group: clk
Path Type: max

Fanout         Cap        Slew       Delay        Time   Description
---------------------------------------------------------------------------------------------
                      0.000000    0.000000    0.000000   clock clk (rise edge)
                                  0.000000    0.000000   clock network delay (ideal)
                                  5.000000    5.000000 ^ input external delay
     1    0.004981    0.047058    0.027331    5.027331 ^ inputs[0] (in)
                                                         inputs[0] (net)
                      0.047059    0.000000    5.027331 ^ input1/A (sky130_fd_sc_hd__buf_4)
     6    0.062039    0.280258    0.352312    5.379643 ^ input1/X (sky130_fd_sc_hd__buf_4)
                                                         net1 (net)
                      0.280384    0.002851    5.382495 ^ _049_/B (sky130_fd_sc_hd__xor2_4)
     5    0.042869    0.514829    0.573417    5.955912 ^ _049_/X (sky130_fd_sc_hd__xor2_4)
                                                         net40 (net)
                      0.514837    0.001629    5.957541 ^ _055_/A (sky130_fd_sc_hd__xnor2_4)
     4    0.021958    0.329355    0.397051    6.354593 ^ _055_/Y (sky130_fd_sc_hd__xnor2_4)
                                                         net45 (net)
                      0.329355    0.000390    6.354983 ^ output45/A (sky130_fd_sc_hd__buf_2)
     1    0.034339    0.273462    0.456832    6.811815 ^ output45/X (sky130_fd_sc_hd__buf_2)
                                                         outputs[20] (net)
                      0.273462    0.000734    6.812549 ^ outputs[20] (out)
                                              6.812549   data arrival time

                      0.000000   25.000000   25.000000   clock clk (rise edge)
                                  0.000000   25.000000   clock network delay (ideal)
                                 -0.250000   24.750000   clock uncertainty
                                  0.000000   24.750000   clock reconvergence pessimism
                                 -5.000000   19.750000   output external delay
                                             19.750000   data required time
---------------------------------------------------------------------------------------------
                                             19.750000   data required time
                                             -6.812549   data arrival time
---------------------------------------------------------------------------------------------
                                             12.937450   slack (MET)


Startpoint: inputs[0] (input port clocked by clk)
Endpoint: outputs[17] (output port clocked by clk)
Path Group: clk
Path Type: max

Fanout         Cap        Slew       Delay        Time   Description
---------------------------------------------------------------------------------------------
                      0.000000    0.000000    0.000000   clock clk (rise edge)
                                  0.000000    0.000000   clock network delay (ideal)
                                  5.000000    5.000000 ^ input external delay
     1    0.004981    0.047058    0.027331    5.027331 ^ inputs[0] (in)
                                                         inputs[0] (net)
                      0.047059    0.000000    5.027331 ^ input1/A (sky130_fd_sc_hd__buf_4)
     6    0.062039    0.280258    0.352312    5.379643 ^ input1/X (sky130_fd_sc_hd__buf_4)
                                                         net1 (net)
                      0.280384    0.002851    5.382495 ^ _049_/B (sky130_fd_sc_hd__xor2_4)
     5    0.042869    0.514829    0.573417    5.955912 ^ _049_/X (sky130_fd_sc_hd__xor2_4)
                                                         net40 (net)
                      0.514832    0.001072    5.956985 ^ _108_/A (sky130_fd_sc_hd__xor2_1)
     1    0.004716    0.237416    0.416340    6.373325 ^ _108_/X (sky130_fd_sc_hd__xor2_1)
                                                         net41 (net)
                      0.237416    0.000142    6.373466 ^ output41/A (sky130_fd_sc_hd__buf_2)
     1    0.033965    0.270239    0.419219    6.792686 ^ output41/X (sky130_fd_sc_hd__buf_2)
                                                         outputs[17] (net)
                      0.270239    0.000639    6.793325 ^ outputs[17] (out)
                                              6.793325   data arrival time

                      0.000000   25.000000   25.000000   clock clk (rise edge)
                                  0.000000   25.000000   clock network delay (ideal)
                                 -0.250000   24.750000   clock uncertainty
                                  0.000000   24.750000   clock reconvergence pessimism
                                 -5.000000   19.750000   output external delay
                                             19.750000   data required time
---------------------------------------------------------------------------------------------
                                             19.750000   data required time
                                             -6.793325   data arrival time
---------------------------------------------------------------------------------------------
                                             12.956675   slack (MET)


Startpoint: inputs[4] (input port clocked by clk)
Endpoint: outputs[12] (output port clocked by clk)
Path Group: clk
Path Type: max

Fanout         Cap        Slew       Delay        Time   Description
---------------------------------------------------------------------------------------------
                      0.000000    0.000000    0.000000   clock clk (rise edge)
                                  0.000000    0.000000   clock network delay (ideal)
                                  5.000000    5.000000 v input external delay
     1    0.003498    0.021162    0.011441    5.011441 v inputs[4] (in)
                                                         inputs[4] (net)
                      0.021162    0.000000    5.011441 v input27/A (sky130_fd_sc_hd__clkbuf_2)
     3    0.023046    0.167531    0.259817    5.271258 v input27/X (sky130_fd_sc_hd__clkbuf_2)
                                                         net27 (net)
                      0.167531    0.000489    5.271748 v _058_/A (sky130_fd_sc_hd__xnor2_1)
     2    0.013366    0.530198    0.546549    5.818296 ^ _058_/Y (sky130_fd_sc_hd__xnor2_1)
                                                         _032_ (net)
                      0.530198    0.000560    5.818856 ^ _059_/B (sky130_fd_sc_hd__xnor2_1)
     2    0.010165    0.424953    0.434663    6.253519 ^ _059_/Y (sky130_fd_sc_hd__xnor2_1)
                                                         net36 (net)
                      0.424953    0.000290    6.253809 ^ output36/A (sky130_fd_sc_hd__buf_2)
     1    0.035084    0.279438    0.497801    6.751610 ^ output36/X (sky130_fd_sc_hd__buf_2)
                                                         outputs[12] (net)
                      0.279438    0.000877    6.752487 ^ outputs[12] (out)
                                              6.752487   data arrival time

                      0.000000   25.000000   25.000000   clock clk (rise edge)
                                  0.000000   25.000000   clock network delay (ideal)
                                 -0.250000   24.750000   clock uncertainty
                                  0.000000   24.750000   clock reconvergence pessimism
                                 -5.000000   19.750000   output external delay
                                             19.750000   data required time
---------------------------------------------------------------------------------------------
                                             19.750000   data required time
                                             -6.752487   data arrival time
---------------------------------------------------------------------------------------------
                                             12.997513   slack (MET)


Startpoint: inputs[2] (input port clocked by clk)
Endpoint: outputs[10] (output port clocked by clk)
Path Group: clk
Path Type: max

Fanout         Cap        Slew       Delay        Time   Description
---------------------------------------------------------------------------------------------
                      0.000000    0.000000    0.000000   clock clk (rise edge)
                                  0.000000    0.000000   clock network delay (ideal)
                                  5.000000    5.000000 v input external delay
     1    0.002867    0.018712    0.009452    5.009452 v inputs[2] (in)
                                                         inputs[2] (net)
                      0.018712    0.000000    5.009452 v input23/A (sky130_fd_sc_hd__buf_2)
     4    0.028758    0.144335    0.303612    5.313065 v input23/X (sky130_fd_sc_hd__buf_2)
                                                         net23 (net)
                      0.144339    0.000938    5.314003 v _073_/A (sky130_fd_sc_hd__xnor2_1)
     1    0.012576    0.504047    0.516775    5.830777 ^ _073_/Y (sky130_fd_sc_hd__xnor2_1)
                                                         _041_ (net)
                      0.504048    0.000576    5.831352 ^ _074_/B (sky130_fd_sc_hd__xnor2_2)
     3    0.016389    0.388158    0.405823    6.237175 ^ _074_/Y (sky130_fd_sc_hd__xnor2_2)
                                                         net34 (net)
                      0.388158    0.000484    6.237659 ^ output34/A (sky130_fd_sc_hd__buf_2)
     1    0.036186    0.287485    0.489143    6.726802 ^ output34/X (sky130_fd_sc_hd__buf_2)
                                                         outputs[10] (net)
                      0.287486    0.001214    6.728016 ^ outputs[10] (out)
                                              6.728016   data arrival time

                      0.000000   25.000000   25.000000   clock clk (rise edge)
                                  0.000000   25.000000   clock network delay (ideal)
                                 -0.250000   24.750000   clock uncertainty
                                  0.000000   24.750000   clock reconvergence pessimism
                                 -5.000000   19.750000   output external delay
                                             19.750000   data required time
---------------------------------------------------------------------------------------------
                                             19.750000   data required time
                                             -6.728016   data arrival time
---------------------------------------------------------------------------------------------
                                             13.021984   slack (MET)


Startpoint: inputs[0] (input port clocked by clk)
Endpoint: outputs[5] (output port clocked by clk)
Path Group: clk
Path Type: max

Fanout         Cap        Slew       Delay        Time   Description
---------------------------------------------------------------------------------------------
                      0.000000    0.000000    0.000000   clock clk (rise edge)
                                  0.000000    0.000000   clock network delay (ideal)
                                  5.000000    5.000000 ^ input external delay
     1    0.004981    0.047058    0.027331    5.027331 ^ inputs[0] (in)
                                                         inputs[0] (net)
                      0.047059    0.000000    5.027331 ^ input1/A (sky130_fd_sc_hd__buf_4)
     6    0.062039    0.280258    0.352312    5.379643 ^ input1/X (sky130_fd_sc_hd__buf_4)
                                                         net1 (net)
                      0.280377    0.002583    5.382227 ^ _060_/A (sky130_fd_sc_hd__xor2_2)
     3    0.016556    0.365987    0.446116    5.828343 ^ _060_/X (sky130_fd_sc_hd__xor2_2)
                                                         net59 (net)
                      0.365987    0.000536    5.828879 ^ _122_/A (sky130_fd_sc_hd__xnor2_1)
     2    0.008067    0.355773    0.357694    6.186573 ^ _122_/Y (sky130_fd_sc_hd__xnor2_1)
                                                         net60 (net)
                      0.355773    0.000096    6.186669 ^ output60/A (sky130_fd_sc_hd__buf_2)
     1    0.034047    0.271412    0.465600    6.652269 ^ output60/X (sky130_fd_sc_hd__buf_2)
                                                         outputs[5] (net)
                      0.271412    0.000643    6.652912 ^ outputs[5] (out)
                                              6.652912   data arrival time

                      0.000000   25.000000   25.000000   clock clk (rise edge)
                                  0.000000   25.000000   clock network delay (ideal)
                                 -0.250000   24.750000   clock uncertainty
                                  0.000000   24.750000   clock reconvergence pessimism
                                 -5.000000   19.750000   output external delay
                                             19.750000   data required time
---------------------------------------------------------------------------------------------
                                             19.750000   data required time
                                             -6.652912   data arrival time
---------------------------------------------------------------------------------------------
                                             13.097087   slack (MET)


Startpoint: inputs[1] (input port clocked by clk)
Endpoint: outputs[9] (output port clocked by clk)
Path Group: clk
Path Type: max

Fanout         Cap        Slew       Delay        Time   Description
---------------------------------------------------------------------------------------------
                      0.000000    0.000000    0.000000   clock clk (rise edge)
                                  0.000000    0.000000   clock network delay (ideal)
                                  5.000000    5.000000 ^ input external delay
     1    0.003170    0.034706    0.017748    5.017748 ^ inputs[1] (in)
                                                         inputs[1] (net)
                      0.034706    0.000000    5.017748 ^ input12/A (sky130_fd_sc_hd__clkbuf_4)
     5    0.043640    0.220180    0.342591    5.360339 ^ input12/X (sky130_fd_sc_hd__clkbuf_4)
                                                         net12 (net)
                      0.220180    0.000889    5.361228 ^ _109_/A (sky130_fd_sc_hd__xor2_2)
     3    0.018301    0.395615    0.450086    5.811314 ^ _109_/X (sky130_fd_sc_hd__xor2_2)
                                                         _016_ (net)
                      0.395615    0.000494    5.811808 ^ _120_/B (sky130_fd_sc_hd__xor2_1)
     1    0.002670    0.179415    0.342900    6.154708 ^ _120_/X (sky130_fd_sc_hd__xor2_1)
                                                         net64 (net)
                      0.179415    0.000079    6.154787 ^ output64/A (sky130_fd_sc_hd__buf_2)
     1    0.034478    0.273936    0.395762    6.550549 ^ output64/X (sky130_fd_sc_hd__buf_2)
                                                         outputs[9] (net)
                      0.273936    0.000783    6.551332 ^ outputs[9] (out)
                                              6.551332   data arrival time

                      0.000000   25.000000   25.000000   clock clk (rise edge)
                                  0.000000   25.000000   clock network delay (ideal)
                                 -0.250000   24.750000   clock uncertainty
                                  0.000000   24.750000   clock reconvergence pessimism
                                 -5.000000   19.750000   output external delay
                                             19.750000   data required time
---------------------------------------------------------------------------------------------
                                             19.750000   data required time
                                             -6.551332   data arrival time
---------------------------------------------------------------------------------------------
                                             13.198668   slack (MET)


Startpoint: inputs[0] (input port clocked by clk)
Endpoint: outputs[6] (output port clocked by clk)
Path Group: clk
Path Type: max

Fanout         Cap        Slew       Delay        Time   Description
---------------------------------------------------------------------------------------------
                      0.000000    0.000000    0.000000   clock clk (rise edge)
                                  0.000000    0.000000   clock network delay (ideal)
                                  5.000000    5.000000 ^ input external delay
     1    0.004981    0.047058    0.027331    5.027331 ^ inputs[0] (in)
                                                         inputs[0] (net)
                      0.047059    0.000000    5.027331 ^ input1/A (sky130_fd_sc_hd__buf_4)
     6    0.062039    0.280258    0.352312    5.379643 ^ input1/X (sky130_fd_sc_hd__buf_4)
                                                         net1 (net)
                      0.280377    0.002583    5.382227 ^ _060_/A (sky130_fd_sc_hd__xor2_2)
     3    0.016556    0.365987    0.446116    5.828343 ^ _060_/X (sky130_fd_sc_hd__xor2_2)
                                                         net59 (net)
                      0.365987    0.000596    5.828939 ^ _079_/A (sky130_fd_sc_hd__xor2_1)
     1    0.002474    0.173893    0.323408    6.152347 ^ _079_/X (sky130_fd_sc_hd__xor2_1)
                                                         net61 (net)
                      0.173893    0.000071    6.152417 ^ output61/A (sky130_fd_sc_hd__buf_2)
     1    0.034611    0.274919    0.393858    6.546275 ^ output61/X (sky130_fd_sc_hd__buf_2)
                                                         outputs[6] (net)
                      0.274919    0.000813    6.547088 ^ outputs[6] (out)
                                              6.547088   data arrival time

                      0.000000   25.000000   25.000000   clock clk (rise edge)
                                  0.000000   25.000000   clock network delay (ideal)
                                 -0.250000   24.750000   clock uncertainty
                                  0.000000   24.750000   clock reconvergence pessimism
                                 -5.000000   19.750000   output external delay
                                             19.750000   data required time
---------------------------------------------------------------------------------------------
                                             19.750000   data required time
                                             -6.547088   data arrival time
---------------------------------------------------------------------------------------------
                                             13.202911   slack (MET)


Startpoint: inputs[0] (input port clocked by clk)
Endpoint: outputs[16] (output port clocked by clk)
Path Group: clk
Path Type: max

Fanout         Cap        Slew       Delay        Time   Description
---------------------------------------------------------------------------------------------
                      0.000000    0.000000    0.000000   clock clk (rise edge)
                                  0.000000    0.000000   clock network delay (ideal)
                                  5.000000    5.000000 ^ input external delay
     1    0.004981    0.047058    0.027331    5.027331 ^ inputs[0] (in)
                                                         inputs[0] (net)
                      0.047059    0.000000    5.027331 ^ input1/A (sky130_fd_sc_hd__buf_4)
     6    0.062039    0.280258    0.352312    5.379643 ^ input1/X (sky130_fd_sc_hd__buf_4)
                                                         net1 (net)
                      0.280384    0.002851    5.382495 ^ _049_/B (sky130_fd_sc_hd__xor2_4)
     5    0.042869    0.514829    0.573417    5.955912 ^ _049_/X (sky130_fd_sc_hd__xor2_4)
                                                         net40 (net)
                      0.514835    0.001435    5.957347 ^ output40/A (sky130_fd_sc_hd__buf_2)
     1    0.034318    0.274175    0.528722    6.486070 ^ output40/X (sky130_fd_sc_hd__buf_2)
                                                         outputs[16] (net)
                      0.274175    0.000733    6.486803 ^ outputs[16] (out)
                                              6.486803   data arrival time

                      0.000000   25.000000   25.000000   clock clk (rise edge)
                                  0.000000   25.000000   clock network delay (ideal)
                                 -0.250000   24.750000   clock uncertainty
                                  0.000000   24.750000   clock reconvergence pessimism
                                 -5.000000   19.750000   output external delay
                                             19.750000   data required time
---------------------------------------------------------------------------------------------
                                             19.750000   data required time
                                             -6.486803   data arrival time
---------------------------------------------------------------------------------------------
                                             13.263197   slack (MET)


Startpoint: inputs[0] (input port clocked by clk)
Endpoint: outputs[3] (output port clocked by clk)
Path Group: clk
Path Type: max

Fanout         Cap        Slew       Delay        Time   Description
---------------------------------------------------------------------------------------------
                      0.000000    0.000000    0.000000   clock clk (rise edge)
                                  0.000000    0.000000   clock network delay (ideal)
                                  5.000000    5.000000 ^ input external delay
     1    0.004981    0.047058    0.027331    5.027331 ^ inputs[0] (in)
                                                         inputs[0] (net)
                      0.047059    0.000000    5.027331 ^ input1/A (sky130_fd_sc_hd__buf_4)
     6    0.062039    0.280258    0.352312    5.379643 ^ input1/X (sky130_fd_sc_hd__buf_4)
                                                         net1 (net)
                      0.280382    0.002762    5.382406 ^ _080_/A (sky130_fd_sc_hd__xor2_1)
     2    0.007500    0.316485    0.411905    5.794311 ^ _080_/X (sky130_fd_sc_hd__xor2_1)
                                                         net55 (net)
                      0.316485    0.000191    5.794502 ^ _127_/A (sky130_fd_sc_hd__xnor2_1)
     1    0.001932    0.161569    0.272386    6.066887 ^ _127_/Y (sky130_fd_sc_hd__xnor2_1)
                                                         net58 (net)
                      0.161569    0.000037    6.066925 ^ output58/A (sky130_fd_sc_hd__buf_2)
     1    0.035275    0.279855    0.391493    6.458418 ^ output58/X (sky130_fd_sc_hd__buf_2)
                                                         outputs[3] (net)
                      0.279855    0.000965    6.459383 ^ outputs[3] (out)
                                              6.459383   data arrival time

                      0.000000   25.000000   25.000000   clock clk (rise edge)
                                  0.000000   25.000000   clock network delay (ideal)
                                 -0.250000   24.750000   clock uncertainty
                                  0.000000   24.750000   clock reconvergence pessimism
                                 -5.000000   19.750000   output external delay
                                             19.750000   data required time
---------------------------------------------------------------------------------------------
                                             19.750000   data required time
                                             -6.459383   data arrival time
---------------------------------------------------------------------------------------------
                                             13.290616   slack (MET)


Startpoint: inputs[0] (input port clocked by clk)
Endpoint: outputs[4] (output port clocked by clk)
Path Group: clk
Path Type: max

Fanout         Cap        Slew       Delay        Time   Description
---------------------------------------------------------------------------------------------
                      0.000000    0.000000    0.000000   clock clk (rise edge)
                                  0.000000    0.000000   clock network delay (ideal)
                                  5.000000    5.000000 ^ input external delay
     1    0.004981    0.047058    0.027331    5.027331 ^ inputs[0] (in)
                                                         inputs[0] (net)
                      0.047059    0.000000    5.027331 ^ input1/A (sky130_fd_sc_hd__buf_4)
     6    0.062039    0.280258    0.352312    5.379643 ^ input1/X (sky130_fd_sc_hd__buf_4)
                                                         net1 (net)
                      0.280377    0.002583    5.382227 ^ _060_/A (sky130_fd_sc_hd__xor2_2)
     3    0.016556    0.365987    0.446116    5.828343 ^ _060_/X (sky130_fd_sc_hd__xor2_2)
                                                         net59 (net)
                      0.365987    0.000567    5.828910 ^ output59/A (sky130_fd_sc_hd__buf_2)
     1    0.038630    0.305501    0.493415    6.322325 ^ output59/X (sky130_fd_sc_hd__buf_2)
                                                         outputs[4] (net)
                      0.305503    0.001400    6.323724 ^ outputs[4] (out)
                                              6.323724   data arrival time

                      0.000000   25.000000   25.000000   clock clk (rise edge)
                                  0.000000   25.000000   clock network delay (ideal)
                                 -0.250000   24.750000   clock uncertainty
                                  0.000000   24.750000   clock reconvergence pessimism
                                 -5.000000   19.750000   output external delay
                                             19.750000   data required time
---------------------------------------------------------------------------------------------
                                             19.750000   data required time
                                             -6.323724   data arrival time
---------------------------------------------------------------------------------------------
                                             13.426275   slack (MET)


Startpoint: inputs[0] (input port clocked by clk)
Endpoint: outputs[8] (output port clocked by clk)
Path Group: clk
Path Type: max

Fanout         Cap        Slew       Delay        Time   Description
---------------------------------------------------------------------------------------------
                      0.000000    0.000000    0.000000   clock clk (rise edge)
                                  0.000000    0.000000   clock network delay (ideal)
                                  5.000000    5.000000 ^ input external delay
     1    0.004981    0.047058    0.027331    5.027331 ^ inputs[0] (in)
                                                         inputs[0] (net)
                      0.047059    0.000000    5.027331 ^ input1/A (sky130_fd_sc_hd__buf_4)
     6    0.062039    0.280258    0.352312    5.379643 ^ input1/X (sky130_fd_sc_hd__buf_4)
                                                         net1 (net)
                      0.280367    0.002199    5.381842 ^ _052_/A (sky130_fd_sc_hd__xor2_4)
     4    0.025336    0.345789    0.444162    5.826004 ^ _052_/X (sky130_fd_sc_hd__xor2_4)
                                                         net63 (net)
                      0.345789    0.000729    5.826733 ^ output63/A (sky130_fd_sc_hd__buf_2)
     1    0.034777    0.276800    0.465471    6.292204 ^ output63/X (sky130_fd_sc_hd__buf_2)
                                                         outputs[8] (net)
                      0.276800    0.000831    6.293035 ^ outputs[8] (out)
                                              6.293035   data arrival time

                      0.000000   25.000000   25.000000   clock clk (rise edge)
                                  0.000000   25.000000   clock network delay (ideal)
                                 -0.250000   24.750000   clock uncertainty
                                  0.000000   24.750000   clock reconvergence pessimism
                                 -5.000000   19.750000   output external delay
                                             19.750000   data required time
---------------------------------------------------------------------------------------------
                                             19.750000   data required time
                                             -6.293035   data arrival time
---------------------------------------------------------------------------------------------
                                             13.456964   slack (MET)


Startpoint: inputs[0] (input port clocked by clk)
Endpoint: outputs[2] (output port clocked by clk)
Path Group: clk
Path Type: max

Fanout         Cap        Slew       Delay        Time   Description
---------------------------------------------------------------------------------------------
                      0.000000    0.000000    0.000000   clock clk (rise edge)
                                  0.000000    0.000000   clock network delay (ideal)
                                  5.000000    5.000000 ^ input external delay
     1    0.004981    0.047058    0.027331    5.027331 ^ inputs[0] (in)
                                                         inputs[0] (net)
                      0.047059    0.000000    5.027331 ^ input1/A (sky130_fd_sc_hd__buf_4)
     6    0.062039    0.280258    0.352312    5.379643 ^ input1/X (sky130_fd_sc_hd__buf_4)
                                                         net1 (net)
                      0.280382    0.002762    5.382406 ^ _080_/A (sky130_fd_sc_hd__xor2_1)
     2    0.007500    0.316485    0.411905    5.794311 ^ _080_/X (sky130_fd_sc_hd__xor2_1)
                                                         net55 (net)
                      0.316485    0.000165    5.794476 ^ output55/A (sky130_fd_sc_hd__buf_2)
     1    0.034199    0.272353    0.451139    6.245615 ^ output55/X (sky130_fd_sc_hd__buf_2)
                                                         outputs[2] (net)
                      0.272353    0.000665    6.246280 ^ outputs[2] (out)
                                              6.246280   data arrival time

                      0.000000   25.000000   25.000000   clock clk (rise edge)
                                  0.000000   25.000000   clock network delay (ideal)
                                 -0.250000   24.750000   clock uncertainty
                                  0.000000   24.750000   clock reconvergence pessimism
                                 -5.000000   19.750000   output external delay
                                             19.750000   data required time
---------------------------------------------------------------------------------------------
                                             19.750000   data required time
                                             -6.246280   data arrival time
---------------------------------------------------------------------------------------------
                                             13.503719   slack (MET)


Startpoint: inputs[0] (input port clocked by clk)
Endpoint: outputs[1] (output port clocked by clk)
Path Group: clk
Path Type: max

Fanout         Cap        Slew       Delay        Time   Description
---------------------------------------------------------------------------------------------
                      0.000000    0.000000    0.000000   clock clk (rise edge)
                                  0.000000    0.000000   clock network delay (ideal)
                                  5.000000    5.000000 ^ input external delay
     1    0.004981    0.047058    0.027331    5.027331 ^ inputs[0] (in)
                                                         inputs[0] (net)
                      0.047059    0.000000    5.027331 ^ input1/A (sky130_fd_sc_hd__buf_4)
     6    0.062039    0.280258    0.352312    5.379643 ^ input1/X (sky130_fd_sc_hd__buf_4)
                                                         net1 (net)
                      0.280258    0.000761    5.380404 ^ _128_/A (sky130_fd_sc_hd__xor2_1)
     1    0.002831    0.183941    0.307074    5.687479 ^ _128_/X (sky130_fd_sc_hd__xor2_1)
                                                         net44 (net)
                      0.183941    0.000086    5.687565 ^ output44/A (sky130_fd_sc_hd__buf_2)
     1    0.036467    0.288765    0.408282    6.095847 ^ output44/X (sky130_fd_sc_hd__buf_2)
                                                         outputs[1] (net)
                      0.288765    0.001029    6.096875 ^ outputs[1] (out)
                                              6.096875   data arrival time

                      0.000000   25.000000   25.000000   clock clk (rise edge)
                                  0.000000   25.000000   clock network delay (ideal)
                                 -0.250000   24.750000   clock uncertainty
                                  0.000000   24.750000   clock reconvergence pessimism
                                 -5.000000   19.750000   output external delay
                                             19.750000   data required time
---------------------------------------------------------------------------------------------
                                             19.750000   data required time
                                             -6.096875   data arrival time
---------------------------------------------------------------------------------------------
                                             13.653125   slack (MET)


Startpoint: inputs[0] (input port clocked by clk)
Endpoint: outputs[0] (output port clocked by clk)
Path Group: clk
Path Type: max

Fanout         Cap        Slew       Delay        Time   Description
---------------------------------------------------------------------------------------------
                      0.000000    0.000000    0.000000   clock clk (rise edge)
                                  0.000000    0.000000   clock network delay (ideal)
                                  5.000000    5.000000 ^ input external delay
     1    0.004981    0.047058    0.027331    5.027331 ^ inputs[0] (in)
                                                         inputs[0] (net)
                      0.047059    0.000000    5.027331 ^ input1/A (sky130_fd_sc_hd__buf_4)
     6    0.062039    0.280258    0.352312    5.379643 ^ input1/X (sky130_fd_sc_hd__buf_4)
                                                         net1 (net)
                      0.280381    0.002732    5.382375 ^ _129_/A (sky130_fd_sc_hd__clkbuf_1)
     1    0.002511    0.069621    0.225725    5.608100 ^ _129_/X (sky130_fd_sc_hd__clkbuf_1)
                                                         net33 (net)
                      0.069621    0.000073    5.608173 ^ output33/A (sky130_fd_sc_hd__buf_2)
     1    0.034824    0.276313    0.346149    5.954322 ^ output33/X (sky130_fd_sc_hd__buf_2)
                                                         outputs[0] (net)
                      0.276313    0.000852    5.955175 ^ outputs[0] (out)
                                              5.955175   data arrival time

                      0.000000   25.000000   25.000000   clock clk (rise edge)
                                  0.000000   25.000000   clock network delay (ideal)
                                 -0.250000   24.750000   clock uncertainty
                                  0.000000   24.750000   clock reconvergence pessimism
                                 -5.000000   19.750000   output external delay
                                             19.750000   data required time
---------------------------------------------------------------------------------------------
                                             19.750000   data required time
                                             -5.955175   data arrival time
---------------------------------------------------------------------------------------------
                                             13.794826   slack (MET)



