
===========================================================================
report_checks -path_delay min (Hold)
============================================================================
======================= nom_ss_100C_1v60 Corner ===================================

Startpoint: inputs[0] (input port clocked by clk)
Endpoint: outputs[0] (output port clocked by clk)
Path Group: clk
Path Type: min

Fanout         Cap        Slew       Delay        Time   Description
---------------------------------------------------------------------------------------------
                      0.000000    0.000000    0.000000   clock clk (rise edge)
                                  0.000000    0.000000   clock network delay (ideal)
                                  5.000000    5.000000 v input external delay
     1    0.004788    0.026280    0.015523    5.015523 v inputs[0] (in)
                                                         inputs[0] (net)
                      0.026281    0.000000    5.015523 v input1/A (sky130_fd_sc_hd__buf_4)
     6    0.058252    0.150556    0.324750    5.340273 v input1/X (sky130_fd_sc_hd__buf_4)
                                                         net1 (net)
                      0.150604    0.002560    5.342833 v _129_/A (sky130_fd_sc_hd__clkbuf_1)
     1    0.002383    0.046593    0.194084    5.536917 v _129_/X (sky130_fd_sc_hd__clkbuf_1)
                                                         net33 (net)
                      0.046593    0.000069    5.536986 v output33/A (sky130_fd_sc_hd__buf_2)
     1    0.034824    0.168281    0.335492    5.872478 v output33/X (sky130_fd_sc_hd__buf_2)
                                                         outputs[0] (net)
                      0.168283    0.000852    5.873329 v outputs[0] (out)
                                              5.873329   data arrival time

                      0.000000    0.000000    0.000000   clock clk (rise edge)
                                  0.000000    0.000000   clock network delay (ideal)
                                  0.250000    0.250000   clock uncertainty
                                  0.000000    0.250000   clock reconvergence pessimism
                                 -5.000000   -4.750000   output external delay
                                             -4.750000   data required time
---------------------------------------------------------------------------------------------
                                             -4.750000   data required time
                                             -5.873329   data arrival time
---------------------------------------------------------------------------------------------
                                             10.623329   slack (MET)


Startpoint: inputs[1] (input port clocked by clk)
Endpoint: outputs[1] (output port clocked by clk)
Path Group: clk
Path Type: min

Fanout         Cap        Slew       Delay        Time   Description
---------------------------------------------------------------------------------------------
                      0.000000    0.000000    0.000000   clock clk (rise edge)
                                  0.000000    0.000000   clock network delay (ideal)
                                  5.000000    5.000000 ^ input external delay
     1    0.003170    0.034706    0.017748    5.017748 ^ inputs[1] (in)
                                                         inputs[1] (net)
                      0.034706    0.000000    5.017748 ^ input12/A (sky130_fd_sc_hd__clkbuf_4)
     5    0.043640    0.220180    0.342591    5.360339 ^ input12/X (sky130_fd_sc_hd__clkbuf_4)
                                                         net12 (net)
                      0.220181    0.000961    5.361300 ^ _128_/B (sky130_fd_sc_hd__xor2_1)
     1    0.002703    0.067012    0.179628    5.540929 v _128_/X (sky130_fd_sc_hd__xor2_1)
                                                         net44 (net)
                      0.067012    0.000082    5.541010 v output44/A (sky130_fd_sc_hd__buf_2)
     1    0.036467    0.174741    0.349984    5.890995 v output44/X (sky130_fd_sc_hd__buf_2)
                                                         outputs[1] (net)
                      0.174744    0.001028    5.892023 v outputs[1] (out)
                                              5.892023   data arrival time

                      0.000000    0.000000    0.000000   clock clk (rise edge)
                                  0.000000    0.000000   clock network delay (ideal)
                                  0.250000    0.250000   clock uncertainty
                                  0.000000    0.250000   clock reconvergence pessimism
                                 -5.000000   -4.750000   output external delay
                                             -4.750000   data required time
---------------------------------------------------------------------------------------------
                                             -4.750000   data required time
                                             -5.892023   data arrival time
---------------------------------------------------------------------------------------------
                                             10.642023   slack (MET)


Startpoint: inputs[8] (input port clocked by clk)
Endpoint: outputs[8] (output port clocked by clk)
Path Group: clk
Path Type: min

Fanout         Cap        Slew       Delay        Time   Description
---------------------------------------------------------------------------------------------
                      0.000000    0.000000    0.000000   clock clk (rise edge)
                                  0.000000    0.000000   clock network delay (ideal)
                                  5.000000    5.000000 ^ input external delay
     1    0.003727    0.038460    0.020679    5.020679 ^ inputs[8] (in)
                                                         inputs[8] (net)
                      0.038460    0.000000    5.020679 ^ input31/A (sky130_fd_sc_hd__clkbuf_2)
     2    0.025541    0.224044    0.289310    5.309989 ^ input31/X (sky130_fd_sc_hd__clkbuf_2)
                                                         net31 (net)
                      0.224044    0.000599    5.310588 ^ _052_/B (sky130_fd_sc_hd__xor2_4)
     4    0.024011    0.098613    0.234276    5.544864 v _052_/X (sky130_fd_sc_hd__xor2_4)
                                                         net63 (net)
                      0.098616    0.000694    5.545557 v output63/A (sky130_fd_sc_hd__buf_2)
     1    0.034777    0.167954    0.359659    5.905217 v output63/X (sky130_fd_sc_hd__buf_2)
                                                         outputs[8] (net)
                      0.167956    0.000831    5.906048 v outputs[8] (out)
                                              5.906048   data arrival time

                      0.000000    0.000000    0.000000   clock clk (rise edge)
                                  0.000000    0.000000   clock network delay (ideal)
                                  0.250000    0.250000   clock uncertainty
                                  0.000000    0.250000   clock reconvergence pessimism
                                 -5.000000   -4.750000   output external delay
                                             -4.750000   data required time
---------------------------------------------------------------------------------------------
                                             -4.750000   data required time
                                             -5.906048   data arrival time
---------------------------------------------------------------------------------------------
                                             10.656049   slack (MET)


Startpoint: inputs[2] (input port clocked by clk)
Endpoint: outputs[2] (output port clocked by clk)
Path Group: clk
Path Type: min

Fanout         Cap        Slew       Delay        Time   Description
---------------------------------------------------------------------------------------------
                      0.000000    0.000000    0.000000   clock clk (rise edge)
                                  0.000000    0.000000   clock network delay (ideal)
                                  5.000000    5.000000 ^ input external delay
     1    0.002995    0.033538    0.016827    5.016827 ^ inputs[2] (in)
                                                         inputs[2] (net)
                      0.033538    0.000000    5.016827 ^ input23/A (sky130_fd_sc_hd__buf_2)
     4    0.030252    0.242358    0.305284    5.322111 ^ input23/X (sky130_fd_sc_hd__buf_2)
                                                         net23 (net)
                      0.242358    0.000764    5.322875 ^ _080_/B (sky130_fd_sc_hd__xor2_1)
     2    0.007102    0.099066    0.236377    5.559251 v _080_/X (sky130_fd_sc_hd__xor2_1)
                                                         net55 (net)
                      0.099066    0.000156    5.559407 v output55/A (sky130_fd_sc_hd__buf_2)
     1    0.034199    0.165620    0.358140    5.917548 v output55/X (sky130_fd_sc_hd__buf_2)
                                                         outputs[2] (net)
                      0.165620    0.000665    5.918213 v outputs[2] (out)
                                              5.918213   data arrival time

                      0.000000    0.000000    0.000000   clock clk (rise edge)
                                  0.000000    0.000000   clock network delay (ideal)
                                  0.250000    0.250000   clock uncertainty
                                  0.000000    0.250000   clock reconvergence pessimism
                                 -5.000000   -4.750000   output external delay
                                             -4.750000   data required time
---------------------------------------------------------------------------------------------
                                             -4.750000   data required time
                                             -5.918213   data arrival time
---------------------------------------------------------------------------------------------
                                             10.668213   slack (MET)


Startpoint: inputs[16] (input port clocked by clk)
Endpoint: outputs[16] (output port clocked by clk)
Path Group: clk
Path Type: min

Fanout         Cap        Slew       Delay        Time   Description
---------------------------------------------------------------------------------------------
                      0.000000    0.000000    0.000000   clock clk (rise edge)
                                  0.000000    0.000000   clock network delay (ideal)
                                  5.000000    5.000000 ^ input external delay
     1    0.003402    0.036263    0.018971    5.018970 ^ inputs[16] (in)
                                                         inputs[16] (net)
                      0.036263    0.000000    5.018970 ^ input8/A (sky130_fd_sc_hd__clkbuf_2)
     1    0.018525    0.167329    0.248307    5.267278 ^ input8/X (sky130_fd_sc_hd__clkbuf_2)
                                                         net8 (net)
                      0.167329    0.000554    5.267832 ^ _049_/A (sky130_fd_sc_hd__xor2_4)
     5    0.040251    0.134747    0.277327    5.545159 v _049_/X (sky130_fd_sc_hd__xor2_4)
                                                         net40 (net)
                      0.134758    0.001345    5.546504 v output40/A (sky130_fd_sc_hd__buf_2)
     1    0.034318    0.166159    0.375688    5.922192 v output40/X (sky130_fd_sc_hd__buf_2)
                                                         outputs[16] (net)
                      0.166159    0.000733    5.922925 v outputs[16] (out)
                                              5.922925   data arrival time

                      0.000000    0.000000    0.000000   clock clk (rise edge)
                                  0.000000    0.000000   clock network delay (ideal)
                                  0.250000    0.250000   clock uncertainty
                                  0.000000    0.250000   clock reconvergence pessimism
                                 -5.000000   -4.750000   output external delay
                                             -4.750000   data required time
---------------------------------------------------------------------------------------------
                                             -4.750000   data required time
                                             -5.922925   data arrival time
---------------------------------------------------------------------------------------------
                                             10.672924   slack (MET)


Startpoint: inputs[4] (input port clocked by clk)
Endpoint: outputs[4] (output port clocked by clk)
Path Group: clk
Path Type: min

Fanout         Cap        Slew       Delay        Time   Description
---------------------------------------------------------------------------------------------
                      0.000000    0.000000    0.000000   clock clk (rise edge)
                                  0.000000    0.000000   clock network delay (ideal)
                                  5.000000    5.000000 ^ input external delay
     1    0.003683    0.038165    0.020461    5.020462 ^ inputs[4] (in)
                                                         inputs[4] (net)
                      0.038165    0.000000    5.020462 ^ input27/A (sky130_fd_sc_hd__clkbuf_2)
     3    0.024109    0.212456    0.281016    5.301477 ^ input27/X (sky130_fd_sc_hd__clkbuf_2)
                                                         net27 (net)
                      0.212456    0.000529    5.302006 ^ _060_/B (sky130_fd_sc_hd__xor2_2)
     3    0.015861    0.109429    0.246116    5.548122 v _060_/X (sky130_fd_sc_hd__xor2_2)
                                                         net59 (net)
                      0.109430    0.000543    5.548665 v output59/A (sky130_fd_sc_hd__buf_2)
     1    0.038630    0.183413    0.376821    5.925486 v output59/X (sky130_fd_sc_hd__buf_2)
                                                         outputs[4] (net)
                      0.183421    0.001399    5.926886 v outputs[4] (out)
                                              5.926886   data arrival time

                      0.000000    0.000000    0.000000   clock clk (rise edge)
                                  0.000000    0.000000   clock network delay (ideal)
                                  0.250000    0.250000   clock uncertainty
                                  0.000000    0.250000   clock reconvergence pessimism
                                 -5.000000   -4.750000   output external delay
                                             -4.750000   data required time
---------------------------------------------------------------------------------------------
                                             -4.750000   data required time
                                             -5.926886   data arrival time
---------------------------------------------------------------------------------------------
                                             10.676886   slack (MET)


Startpoint: inputs[6] (input port clocked by clk)
Endpoint: outputs[6] (output port clocked by clk)
Path Group: clk
Path Type: min

Fanout         Cap        Slew       Delay        Time   Description
---------------------------------------------------------------------------------------------
                      0.000000    0.000000    0.000000   clock clk (rise edge)
                                  0.000000    0.000000   clock network delay (ideal)
                                  5.000000    5.000000 ^ input external delay
     1    0.003252    0.035254    0.018179    5.018179 ^ inputs[6] (in)
                                                         inputs[6] (net)
                      0.035254    0.000000    5.018179 ^ input29/A (sky130_fd_sc_hd__clkbuf_2)
     3    0.019784    0.177492    0.255060    5.273239 ^ input29/X (sky130_fd_sc_hd__clkbuf_2)
                                                         net29 (net)
                      0.177492    0.000439    5.273678 ^ _078_/B (sky130_fd_sc_hd__xor2_2)
     2    0.013878    0.101373    0.219433    5.493112 v _078_/X (sky130_fd_sc_hd__xor2_2)
                                                         _044_ (net)
                      0.101376    0.000655    5.493767 v _079_/B (sky130_fd_sc_hd__xor2_1)
     1    0.002474    0.150390    0.213500    5.707267 ^ _079_/X (sky130_fd_sc_hd__xor2_1)
                                                         net61 (net)
                      0.150390    0.000071    5.707338 ^ output61/A (sky130_fd_sc_hd__buf_2)
     1    0.034611    0.274874    0.382833    6.090171 ^ output61/X (sky130_fd_sc_hd__buf_2)
                                                         outputs[6] (net)
                      0.274874    0.000813    6.090983 ^ outputs[6] (out)
                                              6.090983   data arrival time

                      0.000000    0.000000    0.000000   clock clk (rise edge)
                                  0.000000    0.000000   clock network delay (ideal)
                                  0.250000    0.250000   clock uncertainty
                                  0.000000    0.250000   clock reconvergence pessimism
                                 -5.000000   -4.750000   output external delay
                                             -4.750000   data required time
---------------------------------------------------------------------------------------------
                                             -4.750000   data required time
                                             -6.090983   data arrival time
---------------------------------------------------------------------------------------------
                                             10.840983   slack (MET)


Startpoint: inputs[2] (input port clocked by clk)
Endpoint: outputs[3] (output port clocked by clk)
Path Group: clk
Path Type: min

Fanout         Cap        Slew       Delay        Time   Description
---------------------------------------------------------------------------------------------
                      0.000000    0.000000    0.000000   clock clk (rise edge)
                                  0.000000    0.000000   clock network delay (ideal)
                                  5.000000    5.000000 ^ input external delay
     1    0.002995    0.033538    0.016827    5.016827 ^ inputs[2] (in)
                                                         inputs[2] (net)
                      0.033538    0.000000    5.016827 ^ input23/A (sky130_fd_sc_hd__buf_2)
     4    0.030252    0.242358    0.305284    5.322111 ^ input23/X (sky130_fd_sc_hd__buf_2)
                                                         net23 (net)
                      0.242358    0.000764    5.322875 ^ _080_/B (sky130_fd_sc_hd__xor2_1)
     2    0.007102    0.099066    0.236377    5.559251 v _080_/X (sky130_fd_sc_hd__xor2_1)
                                                         net55 (net)
                      0.099066    0.000180    5.559432 v _127_/A (sky130_fd_sc_hd__xnor2_1)
     1    0.001804    0.060977    0.212800    5.772231 v _127_/Y (sky130_fd_sc_hd__xnor2_1)
                                                         net58 (net)
                      0.060977    0.000035    5.772266 v output58/A (sky130_fd_sc_hd__buf_2)
     1    0.035275    0.170028    0.343448    6.115714 v output58/X (sky130_fd_sc_hd__buf_2)
                                                         outputs[3] (net)
                      0.170031    0.000965    6.116679 v outputs[3] (out)
                                              6.116679   data arrival time

                      0.000000    0.000000    0.000000   clock clk (rise edge)
                                  0.000000    0.000000   clock network delay (ideal)
                                  0.250000    0.250000   clock uncertainty
                                  0.000000    0.250000   clock reconvergence pessimism
                                 -5.000000   -4.750000   output external delay
                                             -4.750000   data required time
---------------------------------------------------------------------------------------------
                                             -4.750000   data required time
                                             -6.116679   data arrival time
---------------------------------------------------------------------------------------------
                                             10.866679   slack (MET)


Startpoint: inputs[9] (input port clocked by clk)
Endpoint: outputs[9] (output port clocked by clk)
Path Group: clk
Path Type: min

Fanout         Cap        Slew       Delay        Time   Description
---------------------------------------------------------------------------------------------
                      0.000000    0.000000    0.000000   clock clk (rise edge)
                                  0.000000    0.000000   clock network delay (ideal)
                                  5.000000    5.000000 ^ input external delay
     1    0.004481    0.043634    0.024680    5.024680 ^ inputs[9] (in)
                                                         inputs[9] (net)
                      0.043634    0.000000    5.024680 ^ input32/A (sky130_fd_sc_hd__clkbuf_2)
     2    0.018650    0.168270    0.252408    5.277088 ^ input32/X (sky130_fd_sc_hd__clkbuf_2)
                                                         net32 (net)
                      0.168270    0.000350    5.277438 ^ _109_/B (sky130_fd_sc_hd__xor2_2)
     3    0.017483    0.116102    0.237739    5.515177 v _109_/X (sky130_fd_sc_hd__xor2_2)
                                                         _016_ (net)
                      0.116102    0.000471    5.515648 v _120_/B (sky130_fd_sc_hd__xor2_1)
     1    0.002670    0.155897    0.223982    5.739629 ^ _120_/X (sky130_fd_sc_hd__xor2_1)
                                                         net64 (net)
                      0.155897    0.000079    5.739708 ^ output64/A (sky130_fd_sc_hd__buf_2)
     1    0.034478    0.273891    0.384730    6.124438 ^ output64/X (sky130_fd_sc_hd__buf_2)
                                                         outputs[9] (net)
                      0.273891    0.000783    6.125221 ^ outputs[9] (out)
                                              6.125221   data arrival time

                      0.000000    0.000000    0.000000   clock clk (rise edge)
                                  0.000000    0.000000   clock network delay (ideal)
                                  0.250000    0.250000   clock uncertainty
                                  0.000000    0.250000   clock reconvergence pessimism
                                 -5.000000   -4.750000   output external delay
                                             -4.750000   data required time
---------------------------------------------------------------------------------------------
                                             -4.750000   data required time
                                             -6.125221   data arrival time
---------------------------------------------------------------------------------------------
                                             10.875221   slack (MET)


Startpoint: inputs[17] (input port clocked by clk)
Endpoint: outputs[17] (output port clocked by clk)
Path Group: clk
Path Type: min

Fanout         Cap        Slew       Delay        Time   Description
---------------------------------------------------------------------------------------------
                      0.000000    0.000000    0.000000   clock clk (rise edge)
                                  0.000000    0.000000   clock network delay (ideal)
                                  5.000000    5.000000 ^ input external delay
     1    0.004276    0.042209    0.023586    5.023586 ^ inputs[17] (in)
                                                         inputs[17] (net)
                      0.042209    0.000000    5.023586 ^ input9/A (sky130_fd_sc_hd__clkbuf_2)
     1    0.019116    0.172069    0.254284    5.277870 ^ input9/X (sky130_fd_sc_hd__clkbuf_2)
                                                         net9 (net)
                      0.172069    0.000615    5.278485 ^ _081_/A (sky130_fd_sc_hd__xor2_4)
     4    0.023722    0.098001    0.224799    5.503284 v _081_/X (sky130_fd_sc_hd__xor2_4)
                                                         _045_ (net)
                      0.098004    0.000659    5.503943 v _108_/B (sky130_fd_sc_hd__xor2_1)
     1    0.004588    0.080822    0.288467    5.792410 v _108_/X (sky130_fd_sc_hd__xor2_1)
                                                         net41 (net)
                      0.080822    0.000137    5.792547 v output41/A (sky130_fd_sc_hd__buf_2)
     1    0.033965    0.164662    0.348612    6.141159 v output41/X (sky130_fd_sc_hd__buf_2)
                                                         outputs[17] (net)
                      0.164662    0.000639    6.141798 v outputs[17] (out)
                                              6.141798   data arrival time

                      0.000000    0.000000    0.000000   clock clk (rise edge)
                                  0.000000    0.000000   clock network delay (ideal)
                                  0.250000    0.250000   clock uncertainty
                                  0.000000    0.250000   clock reconvergence pessimism
                                 -5.000000   -4.750000   output external delay
                                             -4.750000   data required time
---------------------------------------------------------------------------------------------
                                             -4.750000   data required time
                                             -6.141798   data arrival time
---------------------------------------------------------------------------------------------
                                             10.891798   slack (MET)


Startpoint: inputs[20] (input port clocked by clk)
Endpoint: outputs[20] (output port clocked by clk)
Path Group: clk
Path Type: min

Fanout         Cap        Slew       Delay        Time   Description
---------------------------------------------------------------------------------------------
                      0.000000    0.000000    0.000000   clock clk (rise edge)
                                  0.000000    0.000000   clock network delay (ideal)
                                  5.000000    5.000000 ^ input external delay
     1    0.003356    0.035953    0.018731    5.018731 ^ inputs[20] (in)
                                                         inputs[20] (net)
                      0.035953    0.000000    5.018731 ^ input13/A (sky130_fd_sc_hd__buf_1)
     1    0.009424    0.190620    0.221450    5.240180 ^ input13/X (sky130_fd_sc_hd__buf_1)
                                                         net13 (net)
                      0.190620    0.000278    5.240458 ^ _053_/A (sky130_fd_sc_hd__xnor2_2)
     1    0.019629    0.174632    0.333906    5.574365 ^ _053_/Y (sky130_fd_sc_hd__xnor2_2)
                                                         _029_ (net)
                      0.174633    0.000893    5.575257 ^ _055_/B (sky130_fd_sc_hd__xnor2_4)
     4    0.020633    0.126874    0.200912    5.776169 v _055_/Y (sky130_fd_sc_hd__xnor2_4)
                                                         net45 (net)
                      0.126874    0.000367    5.776536 v output45/A (sky130_fd_sc_hd__buf_2)
     1    0.034339    0.166230    0.371951    6.148488 v output45/X (sky130_fd_sc_hd__buf_2)
                                                         outputs[20] (net)
                      0.166231    0.000734    6.149221 v outputs[20] (out)
                                              6.149221   data arrival time

                      0.000000    0.000000    0.000000   clock clk (rise edge)
                                  0.000000    0.000000   clock network delay (ideal)
                                  0.250000    0.250000   clock uncertainty
                                  0.000000    0.250000   clock reconvergence pessimism
                                 -5.000000   -4.750000   output external delay
                                             -4.750000   data required time
---------------------------------------------------------------------------------------------
                                             -4.750000   data required time
                                             -6.149221   data arrival time
---------------------------------------------------------------------------------------------
                                             10.899221   slack (MET)


Startpoint: inputs[24] (input port clocked by clk)
Endpoint: outputs[24] (output port clocked by clk)
Path Group: clk
Path Type: min

Fanout         Cap        Slew       Delay        Time   Description
---------------------------------------------------------------------------------------------
                      0.000000    0.000000    0.000000   clock clk (rise edge)
                                  0.000000    0.000000   clock network delay (ideal)
                                  5.000000    5.000000 ^ input external delay
     1    0.003143    0.034526    0.017608    5.017608 ^ inputs[24] (in)
                                                         inputs[24] (net)
                      0.034526    0.000000    5.017608 ^ input17/A (sky130_fd_sc_hd__buf_1)
     1    0.009579    0.193387    0.222799    5.240407 ^ input17/X (sky130_fd_sc_hd__buf_1)
                                                         net17 (net)
                      0.193387    0.000278    5.240685 ^ _050_/A (sky130_fd_sc_hd__xor2_2)
     2    0.014104    0.102315    0.238864    5.479548 v _050_/X (sky130_fd_sc_hd__xor2_2)
                                                         _028_ (net)
                      0.102315    0.000353    5.479902 v _051_/B (sky130_fd_sc_hd__xor2_2)
     3    0.016070    0.110300    0.328015    5.807917 v _051_/X (sky130_fd_sc_hd__xor2_2)
                                                         net49 (net)
                      0.110301    0.000652    5.808568 v output49/A (sky130_fd_sc_hd__buf_2)
     1    0.033894    0.164414    0.362620    6.171189 v output49/X (sky130_fd_sc_hd__buf_2)
                                                         outputs[24] (net)
                      0.164414    0.000611    6.171800 v outputs[24] (out)
                                              6.171800   data arrival time

                      0.000000    0.000000    0.000000   clock clk (rise edge)
                                  0.000000    0.000000   clock network delay (ideal)
                                  0.250000    0.250000   clock uncertainty
                                  0.000000    0.250000   clock reconvergence pessimism
                                 -5.000000   -4.750000   output external delay
                                             -4.750000   data required time
---------------------------------------------------------------------------------------------
                                             -4.750000   data required time
                                             -6.171800   data arrival time
---------------------------------------------------------------------------------------------
                                             10.921800   slack (MET)


Startpoint: inputs[5] (input port clocked by clk)
Endpoint: outputs[5] (output port clocked by clk)
Path Group: clk
Path Type: min

Fanout         Cap        Slew       Delay        Time   Description
---------------------------------------------------------------------------------------------
                      0.000000    0.000000    0.000000   clock clk (rise edge)
                                  0.000000    0.000000   clock network delay (ideal)
                                  5.000000    5.000000 ^ input external delay
     1    0.002708    0.031646    0.015311    5.015311 ^ inputs[5] (in)
                                                         inputs[5] (net)
                      0.031646    0.000000    5.015311 ^ input28/A (sky130_fd_sc_hd__dlymetal6s2s_1)
     3    0.018276    0.303285    0.312189    5.327501 ^ input28/X (sky130_fd_sc_hd__dlymetal6s2s_1)
                                                         net28 (net)
                      0.303286    0.000506    5.328007 ^ _121_/B (sky130_fd_sc_hd__xnor2_1)
     1    0.005029    0.104338    0.305290    5.633296 ^ _121_/Y (sky130_fd_sc_hd__xnor2_1)
                                                         _024_ (net)
                      0.104338    0.000149    5.633445 ^ _122_/B (sky130_fd_sc_hd__xnor2_1)
     2    0.007669    0.143884    0.186779    5.820224 v _122_/Y (sky130_fd_sc_hd__xnor2_1)
                                                         net60 (net)
                      0.143884    0.000091    5.820315 v output60/A (sky130_fd_sc_hd__buf_2)
     1    0.034047    0.165074    0.379282    6.199597 v output60/X (sky130_fd_sc_hd__buf_2)
                                                         outputs[5] (net)
                      0.165074    0.000643    6.200240 v outputs[5] (out)
                                              6.200240   data arrival time

                      0.000000    0.000000    0.000000   clock clk (rise edge)
                                  0.000000    0.000000   clock network delay (ideal)
                                  0.250000    0.250000   clock uncertainty
                                  0.000000    0.250000   clock reconvergence pessimism
                                 -5.000000   -4.750000   output external delay
                                             -4.750000   data required time
---------------------------------------------------------------------------------------------
                                             -4.750000   data required time
                                             -6.200240   data arrival time
---------------------------------------------------------------------------------------------
                                             10.950240   slack (MET)


Startpoint: inputs[18] (input port clocked by clk)
Endpoint: outputs[18] (output port clocked by clk)
Path Group: clk
Path Type: min

Fanout         Cap        Slew       Delay        Time   Description
---------------------------------------------------------------------------------------------
                      0.000000    0.000000    0.000000   clock clk (rise edge)
                                  0.000000    0.000000   clock network delay (ideal)
                                  5.000000    5.000000 ^ input external delay
     1    0.002970    0.033378    0.016692    5.016692 ^ inputs[18] (in)
                                                         inputs[18] (net)
                      0.033378    0.000000    5.016692 ^ input10/A (sky130_fd_sc_hd__buf_1)
     1    0.009298    0.188338    0.218650    5.235342 ^ input10/X (sky130_fd_sc_hd__buf_1)
                                                         net10 (net)
                      0.188338    0.000271    5.235613 ^ _061_/A (sky130_fd_sc_hd__xnor2_2)
     3    0.020831    0.183316    0.339745    5.575358 ^ _061_/Y (sky130_fd_sc_hd__xnor2_2)
                                                         _033_ (net)
                      0.183316    0.000413    5.575771 ^ _072_/B (sky130_fd_sc_hd__xnor2_1)
     2    0.009881    0.177056    0.242905    5.818676 v _072_/Y (sky130_fd_sc_hd__xnor2_1)
                                                         net42 (net)
                      0.177056    0.000248    5.818924 v output42/A (sky130_fd_sc_hd__buf_2)
     1    0.034323    0.166234    0.396099    6.215023 v output42/X (sky130_fd_sc_hd__buf_2)
                                                         outputs[18] (net)
                      0.166234    0.000733    6.215755 v outputs[18] (out)
                                              6.215755   data arrival time

                      0.000000    0.000000    0.000000   clock clk (rise edge)
                                  0.000000    0.000000   clock network delay (ideal)
                                  0.250000    0.250000   clock uncertainty
                                  0.000000    0.250000   clock reconvergence pessimism
                                 -5.000000   -4.750000   output external delay
                                             -4.750000   data required time
---------------------------------------------------------------------------------------------
                                             -4.750000   data required time
                                             -6.215755   data arrival time
---------------------------------------------------------------------------------------------
                                             10.965755   slack (MET)


Startpoint: inputs[8] (input port clocked by clk)
Endpoint: outputs[12] (output port clocked by clk)
Path Group: clk
Path Type: min

Fanout         Cap        Slew       Delay        Time   Description
---------------------------------------------------------------------------------------------
                      0.000000    0.000000    0.000000   clock clk (rise edge)
                                  0.000000    0.000000   clock network delay (ideal)
                                  5.000000    5.000000 ^ input external delay
     1    0.003727    0.038460    0.020679    5.020679 ^ inputs[8] (in)
                                                         inputs[8] (net)
                      0.038460    0.000000    5.020679 ^ input31/A (sky130_fd_sc_hd__clkbuf_2)
     2    0.025541    0.224044    0.289310    5.309989 ^ input31/X (sky130_fd_sc_hd__clkbuf_2)
                                                         net31 (net)
                      0.224044    0.000599    5.310588 ^ _052_/B (sky130_fd_sc_hd__xor2_4)
     4    0.024011    0.098613    0.234276    5.544864 v _052_/X (sky130_fd_sc_hd__xor2_4)
                                                         net63 (net)
                      0.098613    0.000426    5.545290 v _059_/A (sky130_fd_sc_hd__xnor2_1)
     2    0.009767    0.175355    0.307310    5.852600 v _059_/Y (sky130_fd_sc_hd__xnor2_1)
                                                         net36 (net)
                      0.175355    0.000278    5.852878 v output36/A (sky130_fd_sc_hd__buf_2)
     1    0.035084    0.169290    0.397615    6.250493 v output36/X (sky130_fd_sc_hd__buf_2)
                                                         outputs[12] (net)
                      0.169292    0.000877    6.251369 v outputs[12] (out)
                                              6.251369   data arrival time

                      0.000000    0.000000    0.000000   clock clk (rise edge)
                                  0.000000    0.000000   clock network delay (ideal)
                                  0.250000    0.250000   clock uncertainty
                                  0.000000    0.250000   clock reconvergence pessimism
                                 -5.000000   -4.750000   output external delay
                                             -4.750000   data required time
---------------------------------------------------------------------------------------------
                                             -4.750000   data required time
                                             -6.251369   data arrival time
---------------------------------------------------------------------------------------------
                                             11.001369   slack (MET)


Startpoint: inputs[10] (input port clocked by clk)
Endpoint: outputs[10] (output port clocked by clk)
Path Group: clk
Path Type: min

Fanout         Cap        Slew       Delay        Time   Description
---------------------------------------------------------------------------------------------
                      0.000000    0.000000    0.000000   clock clk (rise edge)
                                  0.000000    0.000000   clock network delay (ideal)
                                  5.000000    5.000000 ^ input external delay
     1    0.003870    0.039435    0.021450    5.021451 ^ inputs[10] (in)
                                                         inputs[10] (net)
                      0.039435    0.000000    5.021451 ^ input2/A (sky130_fd_sc_hd__buf_1)
     2    0.010941    0.218055    0.242714    5.264165 ^ input2/X (sky130_fd_sc_hd__buf_1)
                                                         net2 (net)
                      0.218118    0.000240    5.264405 ^ _073_/B (sky130_fd_sc_hd__xnor2_1)
     1    0.012576    0.212600    0.358800    5.623204 ^ _073_/Y (sky130_fd_sc_hd__xnor2_1)
                                                         _041_ (net)
                      0.212600    0.000576    5.623780 ^ _074_/B (sky130_fd_sc_hd__xnor2_2)
     3    0.015694    0.166871    0.243571    5.867351 v _074_/Y (sky130_fd_sc_hd__xnor2_2)
                                                         net34 (net)
                      0.166871    0.000464    5.867815 v output34/A (sky130_fd_sc_hd__buf_2)
     1    0.036186    0.173742    0.396819    6.264634 v output34/X (sky130_fd_sc_hd__buf_2)
                                                         outputs[10] (net)
                      0.173748    0.001213    6.265847 v outputs[10] (out)
                                              6.265847   data arrival time

                      0.000000    0.000000    0.000000   clock clk (rise edge)
                                  0.000000    0.000000   clock network delay (ideal)
                                  0.250000    0.250000   clock uncertainty
                                  0.000000    0.250000   clock reconvergence pessimism
                                 -5.000000   -4.750000   output external delay
                                             -4.750000   data required time
---------------------------------------------------------------------------------------------
                                             -4.750000   data required time
                                             -6.265847   data arrival time
---------------------------------------------------------------------------------------------
                                             11.015847   slack (MET)


Startpoint: inputs[6] (input port clocked by clk)
Endpoint: outputs[7] (output port clocked by clk)
Path Group: clk
Path Type: min

Fanout         Cap        Slew       Delay        Time   Description
---------------------------------------------------------------------------------------------
                      0.000000    0.000000    0.000000   clock clk (rise edge)
                                  0.000000    0.000000   clock network delay (ideal)
                                  5.000000    5.000000 ^ input external delay
     1    0.003252    0.035254    0.018179    5.018179 ^ inputs[6] (in)
                                                         inputs[6] (net)
                      0.035254    0.000000    5.018179 ^ input29/A (sky130_fd_sc_hd__clkbuf_2)
     3    0.019784    0.177492    0.255060    5.273239 ^ input29/X (sky130_fd_sc_hd__clkbuf_2)
                                                         net29 (net)
                      0.177492    0.000439    5.273678 ^ _078_/B (sky130_fd_sc_hd__xor2_2)
     2    0.013878    0.101373    0.219433    5.493112 v _078_/X (sky130_fd_sc_hd__xor2_2)
                                                         _044_ (net)
                      0.101375    0.000626    5.493738 v _124_/A (sky130_fd_sc_hd__xnor2_1)
     1    0.004882    0.102880    0.306152    5.799890 ^ _124_/Y (sky130_fd_sc_hd__xnor2_1)
                                                         _026_ (net)
                      0.102880    0.000100    5.799990 ^ _125_/B (sky130_fd_sc_hd__xnor2_1)
     1    0.002702    0.071061    0.127811    5.927801 v _125_/Y (sky130_fd_sc_hd__xnor2_1)
                                                         net62 (net)
                      0.071061    0.000080    5.927881 v output62/A (sky130_fd_sc_hd__buf_2)
     1    0.034542    0.167029    0.345844    6.273726 v output62/X (sky130_fd_sc_hd__buf_2)
                                                         outputs[7] (net)
                      0.167030    0.000798    6.274523 v outputs[7] (out)
                                              6.274523   data arrival time

                      0.000000    0.000000    0.000000   clock clk (rise edge)
                                  0.000000    0.000000   clock network delay (ideal)
                                  0.250000    0.250000   clock uncertainty
                                  0.000000    0.250000   clock reconvergence pessimism
                                 -5.000000   -4.750000   output external delay
                                             -4.750000   data required time
---------------------------------------------------------------------------------------------
                                             -4.750000   data required time
                                             -6.274523   data arrival time
---------------------------------------------------------------------------------------------
                                             11.024524   slack (MET)


Startpoint: inputs[19] (input port clocked by clk)
Endpoint: outputs[19] (output port clocked by clk)
Path Group: clk
Path Type: min

Fanout         Cap        Slew       Delay        Time   Description
---------------------------------------------------------------------------------------------
                      0.000000    0.000000    0.000000   clock clk (rise edge)
                                  0.000000    0.000000   clock network delay (ideal)
                                  5.000000    5.000000 ^ input external delay
     1    0.002525    0.030439    0.014338    5.014338 ^ inputs[19] (in)
                                                         inputs[19] (net)
                      0.030439    0.000000    5.014338 ^ input11/A (sky130_fd_sc_hd__buf_1)
     1    0.009707    0.195690    0.222629    5.236967 ^ input11/X (sky130_fd_sc_hd__buf_1)
                                                         net11 (net)
                      0.195690    0.000225    5.237192 ^ _088_/A (sky130_fd_sc_hd__xnor2_2)
     3    0.015582    0.145296    0.314312    5.551504 ^ _088_/Y (sky130_fd_sc_hd__xnor2_2)
                                                         _003_ (net)
                      0.145296    0.000376    5.551879 ^ _106_/B (sky130_fd_sc_hd__xor2_1)
     1    0.004946    0.083269    0.173293    5.725172 v _106_/X (sky130_fd_sc_hd__xor2_1)
                                                         _015_ (net)
                      0.083269    0.000152    5.725324 v _107_/B (sky130_fd_sc_hd__xnor2_1)
     1    0.002852    0.075911    0.208515    5.933839 v _107_/Y (sky130_fd_sc_hd__xnor2_1)
                                                         net43 (net)
                      0.075911    0.000064    5.933903 v output43/A (sky130_fd_sc_hd__buf_2)
     1    0.033966    0.164678    0.346334    6.280237 v output43/X (sky130_fd_sc_hd__buf_2)
                                                         outputs[19] (net)
                      0.164678    0.000632    6.280869 v outputs[19] (out)
                                              6.280869   data arrival time

                      0.000000    0.000000    0.000000   clock clk (rise edge)
                                  0.000000    0.000000   clock network delay (ideal)
                                  0.250000    0.250000   clock uncertainty
                                  0.000000    0.250000   clock reconvergence pessimism
                                 -5.000000   -4.750000   output external delay
                                             -4.750000   data required time
---------------------------------------------------------------------------------------------
                                             -4.750000   data required time
                                             -6.280869   data arrival time
---------------------------------------------------------------------------------------------
                                             11.030869   slack (MET)


Startpoint: inputs[9] (input port clocked by clk)
Endpoint: outputs[11] (output port clocked by clk)
Path Group: clk
Path Type: min

Fanout         Cap        Slew       Delay        Time   Description
---------------------------------------------------------------------------------------------
                      0.000000    0.000000    0.000000   clock clk (rise edge)
                                  0.000000    0.000000   clock network delay (ideal)
                                  5.000000    5.000000 ^ input external delay
     1    0.004481    0.043634    0.024680    5.024680 ^ inputs[9] (in)
                                                         inputs[9] (net)
                      0.043634    0.000000    5.024680 ^ input32/A (sky130_fd_sc_hd__clkbuf_2)
     2    0.018650    0.168270    0.252408    5.277088 ^ input32/X (sky130_fd_sc_hd__clkbuf_2)
                                                         net32 (net)
                      0.168270    0.000350    5.277438 ^ _109_/B (sky130_fd_sc_hd__xor2_2)
     3    0.017483    0.116102    0.237739    5.515177 v _109_/X (sky130_fd_sc_hd__xor2_2)
                                                         _016_ (net)
                      0.116103    0.000597    5.515774 v _118_/A (sky130_fd_sc_hd__xnor2_1)
     1    0.004983    0.105456    0.315075    5.830849 ^ _118_/Y (sky130_fd_sc_hd__xnor2_1)
                                                         _023_ (net)
                      0.105456    0.000150    5.830999 ^ _119_/B (sky130_fd_sc_hd__xnor2_1)
     1    0.002889    0.073791    0.131105    5.962104 v _119_/Y (sky130_fd_sc_hd__xnor2_1)
                                                         net35 (net)
                      0.073791    0.000083    5.962187 v output35/A (sky130_fd_sc_hd__buf_2)
     1    0.034591    0.167212    0.347240    6.309427 v output35/X (sky130_fd_sc_hd__buf_2)
                                                         outputs[11] (net)
                      0.167214    0.000812    6.310240 v outputs[11] (out)
                                              6.310240   data arrival time

                      0.000000    0.000000    0.000000   clock clk (rise edge)
                                  0.000000    0.000000   clock network delay (ideal)
                                  0.250000    0.250000   clock uncertainty
                                  0.000000    0.250000   clock reconvergence pessimism
                                 -5.000000   -4.750000   output external delay
                                             -4.750000   data required time
---------------------------------------------------------------------------------------------
                                             -4.750000   data required time
                                             -6.310240   data arrival time
---------------------------------------------------------------------------------------------
                                             11.060239   slack (MET)


Startpoint: inputs[26] (input port clocked by clk)
Endpoint: outputs[26] (output port clocked by clk)
Path Group: clk
Path Type: min

Fanout         Cap        Slew       Delay        Time   Description
---------------------------------------------------------------------------------------------
                      0.000000    0.000000    0.000000   clock clk (rise edge)
                                  0.000000    0.000000   clock network delay (ideal)
                                  5.000000    5.000000 ^ input external delay
     1    0.003198    0.034891    0.017895    5.017896 ^ inputs[26] (in)
                                                         inputs[26] (net)
                      0.034891    0.000000    5.017896 ^ input19/A (sky130_fd_sc_hd__clkbuf_1)
     1    0.004923    0.109538    0.162678    5.180573 ^ input19/X (sky130_fd_sc_hd__clkbuf_1)
                                                         net19 (net)
                      0.109538    0.000101    5.180675 ^ _062_/A (sky130_fd_sc_hd__xnor2_1)
     1    0.009434    0.166114    0.286819    5.467494 ^ _062_/Y (sky130_fd_sc_hd__xnor2_1)
                                                         _034_ (net)
                      0.166114    0.000309    5.467803 ^ _063_/B (sky130_fd_sc_hd__xnor2_2)
     2    0.012868    0.125812    0.278984    5.746788 ^ _063_/Y (sky130_fd_sc_hd__xnor2_2)
                                                         _035_ (net)
                      0.125812    0.000462    5.747250 ^ _069_/B (sky130_fd_sc_hd__xnor2_1)
     2    0.007370    0.139808    0.191596    5.938846 v _069_/Y (sky130_fd_sc_hd__xnor2_1)
                                                         net51 (net)
                      0.139808    0.000207    5.939054 v output51/A (sky130_fd_sc_hd__buf_2)
     1    0.034105    0.165308    0.377475    6.316529 v output51/X (sky130_fd_sc_hd__buf_2)
                                                         outputs[26] (net)
                      0.165309    0.000681    6.317210 v outputs[26] (out)
                                              6.317210   data arrival time

                      0.000000    0.000000    0.000000   clock clk (rise edge)
                                  0.000000    0.000000   clock network delay (ideal)
                                  0.250000    0.250000   clock uncertainty
                                  0.000000    0.250000   clock reconvergence pessimism
                                 -5.000000   -4.750000   output external delay
                                             -4.750000   data required time
---------------------------------------------------------------------------------------------
                                             -4.750000   data required time
                                             -6.317210   data arrival time
---------------------------------------------------------------------------------------------
                                             11.067209   slack (MET)


Startpoint: inputs[25] (input port clocked by clk)
Endpoint: outputs[25] (output port clocked by clk)
Path Group: clk
Path Type: min

Fanout         Cap        Slew       Delay        Time   Description
---------------------------------------------------------------------------------------------
                      0.000000    0.000000    0.000000   clock clk (rise edge)
                                  0.000000    0.000000   clock network delay (ideal)
                                  5.000000    5.000000 ^ input external delay
     1    0.002805    0.032286    0.015819    5.015820 ^ inputs[25] (in)
                                                         inputs[25] (net)
                      0.032286    0.000000    5.015820 ^ input18/A (sky130_fd_sc_hd__buf_1)
     1    0.009447    0.190999    0.220069    5.235889 ^ input18/X (sky130_fd_sc_hd__buf_1)
                                                         net18 (net)
                      0.190999    0.000282    5.236171 ^ _084_/A (sky130_fd_sc_hd__xnor2_2)
     2    0.013043    0.127078    0.298851    5.535021 ^ _084_/Y (sky130_fd_sc_hd__xnor2_2)
                                                         _048_ (net)
                      0.127078    0.000544    5.535566 ^ _098_/B (sky130_fd_sc_hd__xnor2_1)
     2    0.010559    0.182800    0.298927    5.834493 ^ _098_/Y (sky130_fd_sc_hd__xnor2_1)
                                                         _011_ (net)
                      0.182800    0.000275    5.834767 ^ _101_/B (sky130_fd_sc_hd__xor2_1)
     1    0.002537    0.065599    0.162112    5.996880 v _101_/X (sky130_fd_sc_hd__xor2_1)
                                                         net50 (net)
                      0.065599    0.000075    5.996955 v output50/A (sky130_fd_sc_hd__buf_2)
     1    0.033957    0.164698    0.341569    6.338524 v output50/X (sky130_fd_sc_hd__buf_2)
                                                         outputs[25] (net)
                      0.164698    0.000649    6.339172 v outputs[25] (out)
                                              6.339172   data arrival time

                      0.000000    0.000000    0.000000   clock clk (rise edge)
                                  0.000000    0.000000   clock network delay (ideal)
                                  0.250000    0.250000   clock uncertainty
                                  0.000000    0.250000   clock reconvergence pessimism
                                 -5.000000   -4.750000   output external delay
                                             -4.750000   data required time
---------------------------------------------------------------------------------------------
                                             -4.750000   data required time
                                             -6.339172   data arrival time
---------------------------------------------------------------------------------------------
                                             11.089172   slack (MET)


Startpoint: inputs[6] (input port clocked by clk)
Endpoint: outputs[14] (output port clocked by clk)
Path Group: clk
Path Type: min

Fanout         Cap        Slew       Delay        Time   Description
---------------------------------------------------------------------------------------------
                      0.000000    0.000000    0.000000   clock clk (rise edge)
                                  0.000000    0.000000   clock network delay (ideal)
                                  5.000000    5.000000 ^ input external delay
     1    0.003252    0.035254    0.018179    5.018179 ^ inputs[6] (in)
                                                         inputs[6] (net)
                      0.035254    0.000000    5.018179 ^ input29/A (sky130_fd_sc_hd__clkbuf_2)
     3    0.019784    0.177492    0.255060    5.273239 ^ input29/X (sky130_fd_sc_hd__clkbuf_2)
                                                         net29 (net)
                      0.177492    0.000546    5.273785 ^ _075_/A (sky130_fd_sc_hd__xor2_1)
     1    0.007852    0.104924    0.223275    5.497060 v _075_/X (sky130_fd_sc_hd__xor2_1)
                                                         _042_ (net)
                      0.104924    0.000342    5.497403 v _076_/B (sky130_fd_sc_hd__xnor2_1)
     1    0.004758    0.100600    0.275073    5.772476 ^ _076_/Y (sky130_fd_sc_hd__xnor2_1)
                                                         _043_ (net)
                      0.100600    0.000137    5.772613 ^ _077_/B (sky130_fd_sc_hd__xor2_1)
     2    0.009953    0.119193    0.208589    5.981202 v _077_/X (sky130_fd_sc_hd__xor2_1)
                                                         net38 (net)
                      0.119193    0.000423    5.981624 v output38/A (sky130_fd_sc_hd__buf_2)
     1    0.034574    0.167175    0.368949    6.350573 v output38/X (sky130_fd_sc_hd__buf_2)
                                                         outputs[14] (net)
                      0.167176    0.000811    6.351385 v outputs[14] (out)
                                              6.351385   data arrival time

                      0.000000    0.000000    0.000000   clock clk (rise edge)
                                  0.000000    0.000000   clock network delay (ideal)
                                  0.250000    0.250000   clock uncertainty
                                  0.000000    0.250000   clock reconvergence pessimism
                                 -5.000000   -4.750000   output external delay
                                             -4.750000   data required time
---------------------------------------------------------------------------------------------
                                             -4.750000   data required time
                                             -6.351385   data arrival time
---------------------------------------------------------------------------------------------
                                             11.101385   slack (MET)


Startpoint: inputs[20] (input port clocked by clk)
Endpoint: outputs[22] (output port clocked by clk)
Path Group: clk
Path Type: min

Fanout         Cap        Slew       Delay        Time   Description
---------------------------------------------------------------------------------------------
                      0.000000    0.000000    0.000000   clock clk (rise edge)
                                  0.000000    0.000000   clock network delay (ideal)
                                  5.000000    5.000000 ^ input external delay
     1    0.003356    0.035953    0.018731    5.018731 ^ inputs[20] (in)
                                                         inputs[20] (net)
                      0.035953    0.000000    5.018731 ^ input13/A (sky130_fd_sc_hd__buf_1)
     1    0.009424    0.190620    0.221450    5.240180 ^ input13/X (sky130_fd_sc_hd__buf_1)
                                                         net13 (net)
                      0.190620    0.000278    5.240458 ^ _053_/A (sky130_fd_sc_hd__xnor2_2)
     1    0.019629    0.174632    0.333906    5.574365 ^ _053_/Y (sky130_fd_sc_hd__xnor2_2)
                                                         _029_ (net)
                      0.174633    0.000893    5.575257 ^ _055_/B (sky130_fd_sc_hd__xnor2_4)
     4    0.021958    0.126758    0.287284    5.862541 ^ _055_/Y (sky130_fd_sc_hd__xnor2_4)
                                                         net45 (net)
                      0.126758    0.000470    5.863011 ^ _071_/A (sky130_fd_sc_hd__xor2_1)
     1    0.002513    0.065434    0.145378    6.008389 v _071_/X (sky130_fd_sc_hd__xor2_1)
                                                         net47 (net)
                      0.065434    0.000072    6.008461 v output47/A (sky130_fd_sc_hd__buf_2)
     1    0.034404    0.166495    0.342856    6.351317 v output47/X (sky130_fd_sc_hd__buf_2)
                                                         outputs[22] (net)
                      0.166496    0.000748    6.352065 v outputs[22] (out)
                                              6.352065   data arrival time

                      0.000000    0.000000    0.000000   clock clk (rise edge)
                                  0.000000    0.000000   clock network delay (ideal)
                                  0.250000    0.250000   clock uncertainty
                                  0.000000    0.250000   clock reconvergence pessimism
                                 -5.000000   -4.750000   output external delay
                                             -4.750000   data required time
---------------------------------------------------------------------------------------------
                                             -4.750000   data required time
                                             -6.352065   data arrival time
---------------------------------------------------------------------------------------------
                                             11.102065   slack (MET)


Startpoint: inputs[13] (input port clocked by clk)
Endpoint: outputs[13] (output port clocked by clk)
Path Group: clk
Path Type: min

Fanout         Cap        Slew       Delay        Time   Description
---------------------------------------------------------------------------------------------
                      0.000000    0.000000    0.000000   clock clk (rise edge)
                                  0.000000    0.000000   clock network delay (ideal)
                                  5.000000    5.000000 v input external delay
     1    0.003196    0.019983    0.010488    5.010488 v inputs[13] (in)
                                                         inputs[13] (net)
                      0.019983    0.000000    5.010488 v input5/A (sky130_fd_sc_hd__buf_1)
     2    0.011195    0.137107    0.208797    5.219285 v input5/X (sky130_fd_sc_hd__buf_1)
                                                         net5 (net)
                      0.137107    0.000370    5.219656 v _110_/B (sky130_fd_sc_hd__xor2_1)
     1    0.005012    0.221547    0.285191    5.504846 ^ _110_/X (sky130_fd_sc_hd__xor2_1)
                                                         _017_ (net)
                      0.221547    0.000151    5.504998 ^ _111_/B (sky130_fd_sc_hd__xnor2_1)
     2    0.010817    0.186714    0.341798    5.846795 ^ _111_/Y (sky130_fd_sc_hd__xnor2_1)
                                                         _018_ (net)
                      0.186714    0.000239    5.847034 ^ _117_/B (sky130_fd_sc_hd__xnor2_1)
     1    0.003016    0.078145    0.163284    6.010318 v _117_/Y (sky130_fd_sc_hd__xnor2_1)
                                                         net37 (net)
                      0.078145    0.000087    6.010406 v output37/A (sky130_fd_sc_hd__buf_2)
     1    0.034582    0.167159    0.349210    6.359615 v output37/X (sky130_fd_sc_hd__buf_2)
                                                         outputs[13] (net)
                      0.167161    0.000812    6.360427 v outputs[13] (out)
                                              6.360427   data arrival time

                      0.000000    0.000000    0.000000   clock clk (rise edge)
                                  0.000000    0.000000   clock network delay (ideal)
                                  0.250000    0.250000   clock uncertainty
                                  0.000000    0.250000   clock reconvergence pessimism
                                 -5.000000   -4.750000   output external delay
                                             -4.750000   data required time
---------------------------------------------------------------------------------------------
                                             -4.750000   data required time
                                             -6.360427   data arrival time
---------------------------------------------------------------------------------------------
                                             11.110428   slack (MET)


Startpoint: inputs[15] (input port clocked by clk)
Endpoint: outputs[15] (output port clocked by clk)
Path Group: clk
Path Type: min

Fanout         Cap        Slew       Delay        Time   Description
---------------------------------------------------------------------------------------------
                      0.000000    0.000000    0.000000   clock clk (rise edge)
                                  0.000000    0.000000   clock network delay (ideal)
                                  5.000000    5.000000 ^ input external delay
     1    0.003143    0.034523    0.017605    5.017605 ^ inputs[15] (in)
                                                         inputs[15] (net)
                      0.034523    0.000000    5.017605 ^ input7/A (sky130_fd_sc_hd__buf_1)
     2    0.009696    0.195513    0.224345    5.241950 ^ input7/X (sky130_fd_sc_hd__buf_1)
                                                         net7 (net)
                      0.195513    0.000238    5.242188 ^ _113_/B (sky130_fd_sc_hd__xor2_1)
     1    0.005156    0.084729    0.196565    5.438753 v _113_/X (sky130_fd_sc_hd__xor2_1)
                                                         _020_ (net)
                      0.084729    0.000163    5.438915 v _114_/B (sky130_fd_sc_hd__xnor2_1)
     1    0.005872    0.118483    0.244557    5.683472 v _114_/Y (sky130_fd_sc_hd__xnor2_1)
                                                         _021_ (net)
                      0.118483    0.000197    5.683669 v _115_/B (sky130_fd_sc_hd__xnor2_1)
     1    0.004729    0.100124    0.280114    5.963783 ^ _115_/Y (sky130_fd_sc_hd__xnor2_1)
                                                         _022_ (net)
                      0.100124    0.000094    5.963877 ^ _116_/B (sky130_fd_sc_hd__xnor2_1)
     1    0.002209    0.064035    0.120634    6.084511 v _116_/Y (sky130_fd_sc_hd__xnor2_1)
                                                         net39 (net)
                      0.064035    0.000064    6.084574 v output39/A (sky130_fd_sc_hd__buf_2)
     1    0.034582    0.167225    0.342741    6.427315 v output39/X (sky130_fd_sc_hd__buf_2)
                                                         outputs[15] (net)
                      0.167226    0.000812    6.428127 v outputs[15] (out)
                                              6.428127   data arrival time

                      0.000000    0.000000    0.000000   clock clk (rise edge)
                                  0.000000    0.000000   clock network delay (ideal)
                                  0.250000    0.250000   clock uncertainty
                                  0.000000    0.250000   clock reconvergence pessimism
                                 -5.000000   -4.750000   output external delay
                                             -4.750000   data required time
---------------------------------------------------------------------------------------------
                                             -4.750000   data required time
                                             -6.428127   data arrival time
---------------------------------------------------------------------------------------------
                                             11.178127   slack (MET)


Startpoint: inputs[28] (input port clocked by clk)
Endpoint: outputs[28] (output port clocked by clk)
Path Group: clk
Path Type: min

Fanout         Cap        Slew       Delay        Time   Description
---------------------------------------------------------------------------------------------
                      0.000000    0.000000    0.000000   clock clk (rise edge)
                                  0.000000    0.000000   clock network delay (ideal)
                                  5.000000    5.000000 ^ input external delay
     1    0.004875    0.046334    0.026765    5.026765 ^ inputs[28] (in)
                                                         inputs[28] (net)
                      0.046335    0.000000    5.026765 ^ input21/A (sky130_fd_sc_hd__clkbuf_1)
     1    0.006199    0.132425    0.184321    5.211087 ^ input21/X (sky130_fd_sc_hd__clkbuf_1)
                                                         net21 (net)
                      0.132425    0.000214    5.211301 ^ _054_/A (sky130_fd_sc_hd__xor2_1)
     1    0.005915    0.090185    0.185099    5.396400 v _054_/X (sky130_fd_sc_hd__xor2_1)
                                                         _030_ (net)
                      0.090185    0.000191    5.396591 v _056_/B (sky130_fd_sc_hd__xnor2_1)
     1    0.011920    0.207761    0.317133    5.713724 v _056_/Y (sky130_fd_sc_hd__xnor2_1)
                                                         _031_ (net)
                      0.207761    0.000552    5.714276 v _057_/B (sky130_fd_sc_hd__xnor2_2)
     3    0.011566    0.132342    0.341482    6.055758 v _057_/Y (sky130_fd_sc_hd__xnor2_2)
                                                         net53 (net)
                      0.132342    0.000180    6.055938 v output53/A (sky130_fd_sc_hd__buf_2)
     1    0.033896    0.164450    0.373253    6.429191 v output53/X (sky130_fd_sc_hd__buf_2)
                                                         outputs[28] (net)
                      0.164450    0.000612    6.429802 v outputs[28] (out)
                                              6.429802   data arrival time

                      0.000000    0.000000    0.000000   clock clk (rise edge)
                                  0.000000    0.000000   clock network delay (ideal)
                                  0.250000    0.250000   clock uncertainty
                                  0.000000    0.250000   clock reconvergence pessimism
                                 -5.000000   -4.750000   output external delay
                                             -4.750000   data required time
---------------------------------------------------------------------------------------------
                                             -4.750000   data required time
                                             -6.429802   data arrival time
---------------------------------------------------------------------------------------------
                                             11.179802   slack (MET)


Startpoint: inputs[30] (input port clocked by clk)
Endpoint: outputs[30] (output port clocked by clk)
Path Group: clk
Path Type: min

Fanout         Cap        Slew       Delay        Time   Description
---------------------------------------------------------------------------------------------
                      0.000000    0.000000    0.000000   clock clk (rise edge)
                                  0.000000    0.000000   clock network delay (ideal)
                                  5.000000    5.000000 ^ input external delay
     1    0.003071    0.034042    0.017224    5.017224 ^ inputs[30] (in)
                                                         inputs[30] (net)
                      0.034042    0.000000    5.017224 ^ input24/A (sky130_fd_sc_hd__clkbuf_1)
     1    0.004910    0.109316    0.162109    5.179333 ^ input24/X (sky130_fd_sc_hd__clkbuf_1)
                                                         net24 (net)
                      0.109316    0.000143    5.179476 ^ _065_/A (sky130_fd_sc_hd__xor2_1)
     1    0.005845    0.089684    0.175523    5.354999 v _065_/X (sky130_fd_sc_hd__xor2_1)
                                                         _037_ (net)
                      0.089684    0.000199    5.355198 v _066_/B (sky130_fd_sc_hd__xnor2_1)
     1    0.006392    0.126074    0.252971    5.608170 v _066_/Y (sky130_fd_sc_hd__xnor2_1)
                                                         _038_ (net)
                      0.126074    0.000223    5.608393 v _067_/B (sky130_fd_sc_hd__xnor2_1)
     1    0.004677    0.099308    0.282042    5.890435 ^ _067_/Y (sky130_fd_sc_hd__xnor2_1)
                                                         _039_ (net)
                      0.099308    0.000091    5.890527 ^ _068_/B (sky130_fd_sc_hd__xnor2_1)
     2    0.006916    0.132546    0.176045    6.066572 v _068_/Y (sky130_fd_sc_hd__xnor2_1)
                                                         net56 (net)
                      0.132546    0.000187    6.066758 v output56/A (sky130_fd_sc_hd__buf_2)
     1    0.034045    0.165054    0.373799    6.440557 v output56/X (sky130_fd_sc_hd__buf_2)
                                                         outputs[30] (net)
                      0.165054    0.000655    6.441212 v outputs[30] (out)
                                              6.441212   data arrival time

                      0.000000    0.000000    0.000000   clock clk (rise edge)
                                  0.000000    0.000000   clock network delay (ideal)
                                  0.250000    0.250000   clock uncertainty
                                  0.000000    0.250000   clock reconvergence pessimism
                                 -5.000000   -4.750000   output external delay
                                             -4.750000   data required time
---------------------------------------------------------------------------------------------
                                             -4.750000   data required time
                                             -6.441212   data arrival time
---------------------------------------------------------------------------------------------
                                             11.191212   slack (MET)


Startpoint: inputs[27] (input port clocked by clk)
Endpoint: outputs[27] (output port clocked by clk)
Path Group: clk
Path Type: min

Fanout         Cap        Slew       Delay        Time   Description
---------------------------------------------------------------------------------------------
                      0.000000    0.000000    0.000000   clock clk (rise edge)
                                  0.000000    0.000000   clock network delay (ideal)
                                  5.000000    5.000000 ^ input external delay
     1    0.002756    0.031964    0.015560    5.015561 ^ inputs[27] (in)
                                                         inputs[27] (net)
                      0.031964    0.000000    5.015561 ^ input20/A (sky130_fd_sc_hd__clkbuf_1)
     1    0.005300    0.116286    0.166203    5.181764 ^ input20/X (sky130_fd_sc_hd__clkbuf_1)
                                                         net20 (net)
                      0.116286    0.000166    5.181930 ^ _089_/A (sky130_fd_sc_hd__xnor2_1)
     1    0.005176    0.106178    0.242900    5.424830 ^ _089_/Y (sky130_fd_sc_hd__xnor2_1)
                                                         _004_ (net)
                      0.106178    0.000161    5.424991 ^ _090_/B (sky130_fd_sc_hd__xnor2_1)
     2    0.010107    0.176026    0.285297    5.710288 ^ _090_/Y (sky130_fd_sc_hd__xnor2_1)
                                                         _005_ (net)
                      0.176026    0.000203    5.710490 ^ _099_/A (sky130_fd_sc_hd__xor2_1)
     1    0.005260    0.085453    0.194605    5.905095 v _099_/X (sky130_fd_sc_hd__xor2_1)
                                                         _012_ (net)
                      0.085453    0.000167    5.905262 v _100_/B (sky130_fd_sc_hd__xnor2_1)
     1    0.002416    0.069958    0.204250    6.109513 v _100_/Y (sky130_fd_sc_hd__xnor2_1)
                                                         net52 (net)
                      0.069958    0.000071    6.109584 v output52/A (sky130_fd_sc_hd__buf_2)
     1    0.033964    0.164701    0.343602    6.453186 v output52/X (sky130_fd_sc_hd__buf_2)
                                                         outputs[27] (net)
                      0.164702    0.000632    6.453818 v outputs[27] (out)
                                              6.453818   data arrival time

                      0.000000    0.000000    0.000000   clock clk (rise edge)
                                  0.000000    0.000000   clock network delay (ideal)
                                  0.250000    0.250000   clock uncertainty
                                  0.000000    0.250000   clock reconvergence pessimism
                                 -5.000000   -4.750000   output external delay
                                             -4.750000   data required time
---------------------------------------------------------------------------------------------
                                             -4.750000   data required time
                                             -6.453818   data arrival time
---------------------------------------------------------------------------------------------
                                             11.203818   slack (MET)


Startpoint: inputs[21] (input port clocked by clk)
Endpoint: outputs[21] (output port clocked by clk)
Path Group: clk
Path Type: min

Fanout         Cap        Slew       Delay        Time   Description
---------------------------------------------------------------------------------------------
                      0.000000    0.000000    0.000000   clock clk (rise edge)
                                  0.000000    0.000000   clock network delay (ideal)
                                  5.000000    5.000000 ^ input external delay
     1    0.003214    0.035001    0.017982    5.017982 ^ inputs[21] (in)
                                                         inputs[21] (net)
                      0.035001    0.000000    5.017982 ^ input14/A (sky130_fd_sc_hd__clkbuf_1)
     1    0.008650    0.176630    0.210849    5.228831 ^ input14/X (sky130_fd_sc_hd__clkbuf_1)
                                                         net14 (net)
                      0.176630    0.000360    5.229191 ^ _082_/A (sky130_fd_sc_hd__xor2_1)
     1    0.006482    0.094386    0.208108    5.437299 v _082_/X (sky130_fd_sc_hd__xor2_1)
                                                         _046_ (net)
                      0.094386    0.000233    5.437532 v _083_/B (sky130_fd_sc_hd__xnor2_1)
     2    0.011271    0.197966    0.311697    5.749229 v _083_/Y (sky130_fd_sc_hd__xnor2_1)
                                                         _047_ (net)
                      0.197966    0.000443    5.749672 v _102_/B (sky130_fd_sc_hd__xnor2_1)
     2    0.007981    0.149149    0.323145    6.072817 v _102_/Y (sky130_fd_sc_hd__xnor2_1)
                                                         net46 (net)
                      0.149149    0.000212    6.073030 v output46/A (sky130_fd_sc_hd__buf_2)
     1    0.034323    0.166196    0.382642    6.455671 v output46/X (sky130_fd_sc_hd__buf_2)
                                                         outputs[21] (net)
                      0.166197    0.000733    6.456404 v outputs[21] (out)
                                              6.456404   data arrival time

                      0.000000    0.000000    0.000000   clock clk (rise edge)
                                  0.000000    0.000000   clock network delay (ideal)
                                  0.250000    0.250000   clock uncertainty
                                  0.000000    0.250000   clock reconvergence pessimism
                                 -5.000000   -4.750000   output external delay
                                             -4.750000   data required time
---------------------------------------------------------------------------------------------
                                             -4.750000   data required time
                                             -6.456404   data arrival time
---------------------------------------------------------------------------------------------
                                             11.206404   slack (MET)


Startpoint: inputs[29] (input port clocked by clk)
Endpoint: outputs[29] (output port clocked by clk)
Path Group: clk
Path Type: min

Fanout         Cap        Slew       Delay        Time   Description
---------------------------------------------------------------------------------------------
                      0.000000    0.000000    0.000000   clock clk (rise edge)
                                  0.000000    0.000000   clock network delay (ideal)
                                  5.000000    5.000000 ^ input external delay
     1    0.003320    0.035712    0.018543    5.018543 ^ inputs[29] (in)
                                                         inputs[29] (net)
                      0.035712    0.000000    5.018543 ^ input22/A (sky130_fd_sc_hd__clkbuf_1)
     1    0.004885    0.108863    0.162534    5.181077 ^ input22/X (sky130_fd_sc_hd__clkbuf_1)
                                                         net22 (net)
                      0.108863    0.000141    5.181218 ^ _085_/A (sky130_fd_sc_hd__xor2_1)
     1    0.006220    0.092439    0.179412    5.360630 v _085_/X (sky130_fd_sc_hd__xor2_1)
                                                         _000_ (net)
                      0.092439    0.000230    5.360860 v _086_/B (sky130_fd_sc_hd__xnor2_1)
     1    0.005678    0.113183    0.292938    5.653798 ^ _086_/Y (sky130_fd_sc_hd__xnor2_1)
                                                         _001_ (net)
                      0.113183    0.000187    5.653986 ^ _087_/B (sky130_fd_sc_hd__xnor2_1)
     2    0.012451    0.210532    0.312887    5.966873 ^ _087_/Y (sky130_fd_sc_hd__xnor2_1)
                                                         _002_ (net)
                      0.210532    0.000432    5.967305 ^ _097_/B (sky130_fd_sc_hd__xor2_1)
     1    0.002081    0.062216    0.168269    6.135573 v _097_/X (sky130_fd_sc_hd__xor2_1)
                                                         net54 (net)
                      0.062216    0.000058    6.135631 v output54/A (sky130_fd_sc_hd__buf_2)
     1    0.034156    0.165500    0.340659    6.476290 v output54/X (sky130_fd_sc_hd__buf_2)
                                                         outputs[29] (net)
                      0.165500    0.000644    6.476935 v outputs[29] (out)
                                              6.476935   data arrival time

                      0.000000    0.000000    0.000000   clock clk (rise edge)
                                  0.000000    0.000000   clock network delay (ideal)
                                  0.250000    0.250000   clock uncertainty
                                  0.000000    0.250000   clock reconvergence pessimism
                                 -5.000000   -4.750000   output external delay
                                             -4.750000   data required time
---------------------------------------------------------------------------------------------
                                             -4.750000   data required time
                                             -6.476935   data arrival time
---------------------------------------------------------------------------------------------
                                             11.226934   slack (MET)


Startpoint: inputs[23] (input port clocked by clk)
Endpoint: outputs[23] (output port clocked by clk)
Path Group: clk
Path Type: min

Fanout         Cap        Slew       Delay        Time   Description
---------------------------------------------------------------------------------------------
                      0.000000    0.000000    0.000000   clock clk (rise edge)
                                  0.000000    0.000000   clock network delay (ideal)
                                  5.000000    5.000000 ^ input external delay
     1    0.002698    0.031581    0.015254    5.015254 ^ inputs[23] (in)
                                                         inputs[23] (net)
                      0.031581    0.000000    5.015254 ^ input16/A (sky130_fd_sc_hd__clkbuf_1)
     1    0.006041    0.129587    0.175618    5.190872 ^ input16/X (sky130_fd_sc_hd__clkbuf_1)
                                                         net16 (net)
                      0.129587    0.000194    5.191065 ^ _091_/A (sky130_fd_sc_hd__xor2_1)
     2    0.010443    0.122713    0.232783    5.423849 v _091_/X (sky130_fd_sc_hd__xor2_1)
                                                         _006_ (net)
                      0.122713    0.000254    5.424103 v _103_/B (sky130_fd_sc_hd__xnor2_1)
     1    0.006975    0.134636    0.275481    5.699584 v _103_/Y (sky130_fd_sc_hd__xnor2_1)
                                                         _013_ (net)
                      0.134636    0.000290    5.699873 v _104_/B (sky130_fd_sc_hd__xnor2_1)
     1    0.005650    0.112941    0.310154    6.010027 ^ _104_/Y (sky130_fd_sc_hd__xnor2_1)
                                                         _014_ (net)
                      0.112941    0.000181    6.010209 ^ _105_/B (sky130_fd_sc_hd__xnor2_1)
     1    0.002540    0.069231    0.129520    6.139728 v _105_/Y (sky130_fd_sc_hd__xnor2_1)
                                                         net48 (net)
                      0.069231    0.000076    6.139804 v output48/A (sky130_fd_sc_hd__buf_2)
     1    0.034261    0.165909    0.344146    6.483951 v output48/X (sky130_fd_sc_hd__buf_2)
                                                         outputs[23] (net)
                      0.165910    0.000738    6.484688 v outputs[23] (out)
                                              6.484688   data arrival time

                      0.000000    0.000000    0.000000   clock clk (rise edge)
                                  0.000000    0.000000   clock network delay (ideal)
                                  0.250000    0.250000   clock uncertainty
                                  0.000000    0.250000   clock reconvergence pessimism
                                 -5.000000   -4.750000   output external delay
                                             -4.750000   data required time
---------------------------------------------------------------------------------------------
                                             -4.750000   data required time
                                             -6.484688   data arrival time
---------------------------------------------------------------------------------------------
                                             11.234688   slack (MET)


Startpoint: inputs[31] (input port clocked by clk)
Endpoint: outputs[31] (output port clocked by clk)
Path Group: clk
Path Type: min

Fanout         Cap        Slew       Delay        Time   Description
---------------------------------------------------------------------------------------------
                      0.000000    0.000000    0.000000   clock clk (rise edge)
                                  0.000000    0.000000   clock network delay (ideal)
                                  5.000000    5.000000 ^ input external delay
     1    0.002909    0.032973    0.016369    5.016369 ^ inputs[31] (in)
                                                         inputs[31] (net)
                      0.032973    0.000000    5.016369 ^ input25/A (sky130_fd_sc_hd__clkbuf_1)
     1    0.004988    0.110709    0.162633    5.179001 ^ input25/X (sky130_fd_sc_hd__clkbuf_1)
                                                         net25 (net)
                      0.110709    0.000147    5.179148 ^ _092_/A (sky130_fd_sc_hd__xnor2_1)
     1    0.005537    0.113591    0.183106    5.362254 v _092_/Y (sky130_fd_sc_hd__xnor2_1)
                                                         _007_ (net)
                      0.113591    0.000177    5.362432 v _093_/B (sky130_fd_sc_hd__xnor2_1)
     1    0.005378    0.109147    0.294362    5.656794 ^ _093_/Y (sky130_fd_sc_hd__xnor2_1)
                                                         _008_ (net)
                      0.109147    0.000174    5.656967 ^ _094_/B (sky130_fd_sc_hd__xnor2_1)
     1    0.006166    0.121555    0.171077    5.828044 v _094_/Y (sky130_fd_sc_hd__xnor2_1)
                                                         _009_ (net)
                      0.121555    0.000225    5.828269 v _095_/B (sky130_fd_sc_hd__xnor2_1)
     1    0.005361    0.108925    0.297318    6.125588 ^ _095_/Y (sky130_fd_sc_hd__xnor2_1)
                                                         _010_ (net)
                      0.108925    0.000175    6.125763 ^ _096_/B (sky130_fd_sc_hd__xnor2_1)
     1    0.002175    0.064009    0.123456    6.249218 v _096_/Y (sky130_fd_sc_hd__xnor2_1)
                                                         net57 (net)
                      0.064009    0.000061    6.249279 v output57/A (sky130_fd_sc_hd__buf_2)
     1    0.033921    0.164555    0.340743    6.590022 v output57/X (sky130_fd_sc_hd__buf_2)
                                                         outputs[31] (net)
                      0.164555    0.000622    6.590644 v outputs[31] (out)
                                              6.590644   data arrival time

                      0.000000    0.000000    0.000000   clock clk (rise edge)
                                  0.000000    0.000000   clock network delay (ideal)
                                  0.250000    0.250000   clock uncertainty
                                  0.000000    0.250000   clock reconvergence pessimism
                                 -5.000000   -4.750000   output external delay
                                             -4.750000   data required time
---------------------------------------------------------------------------------------------
                                             -4.750000   data required time
                                             -6.590644   data arrival time
---------------------------------------------------------------------------------------------
                                             11.340644   slack (MET)



