
===========================================================================
report_checks -unconstrained
===========================================================================
======================= nom_tt_025C_1v80 Corner ===================================

Startpoint: inputs[0] (input port clocked by clk)
Endpoint: outputs[31] (output port clocked by clk)
Path Group: clk
Path Type: max

Fanout         Cap        Slew       Delay        Time   Description
---------------------------------------------------------------------------------------------
                      0.000000    0.000000    0.000000   clock clk (rise edge)
                                  0.000000    0.000000   clock network delay (ideal)
                                  5.000000    5.000000 ^ input external delay
     6    0.052973    0.242274    0.168007    5.168007 ^ inputs[0] (in)
                                                         inputs[0] (net)
                      0.242281    0.000000    5.168007 ^ _049_/B (sky130_fd_sc_hd__xor2_2)
     5    0.074624    0.869155    0.715564    5.883571 ^ _049_/X (sky130_fd_sc_hd__xor2_2)
                                                         outputs[16] (net)
                      0.869156    0.000930    5.884501 ^ _055_/A (sky130_fd_sc_hd__xnor2_2)
     4    0.060372    0.339890    0.422768    6.307270 v _055_/Y (sky130_fd_sc_hd__xnor2_2)
                                                         outputs[20] (net)
                      0.339890    0.000100    6.307370 v _057_/A (sky130_fd_sc_hd__xnor2_2)
     3    0.053577    0.672570    0.667100    6.974469 ^ _057_/Y (sky130_fd_sc_hd__xnor2_2)
                                                         outputs[28] (net)
                      0.672570    0.000086    6.974555 ^ _068_/A (sky130_fd_sc_hd__xnor2_2)
     2    0.042663    0.256384    0.327959    7.302515 v _068_/Y (sky130_fd_sc_hd__xnor2_2)
                                                         outputs[30] (net)
                      0.256384    0.000008    7.302522 v _096_/A (sky130_fd_sc_hd__xnor2_2)
     1    0.034148    0.461345    0.475454    7.777976 ^ _096_/Y (sky130_fd_sc_hd__xnor2_2)
                                                         outputs[31] (net)
                      0.461345    0.000115    7.778091 ^ outputs[31] (out)
                                              7.778091   data arrival time

                      0.000000   25.000000   25.000000   clock clk (rise edge)
                                  0.000000   25.000000   clock network delay (ideal)
                                 -0.250000   24.750000   clock uncertainty
                                  0.000000   24.750000   clock reconvergence pessimism
                                 -5.000000   19.750000   output external delay
                                             19.750000   data required time
---------------------------------------------------------------------------------------------
                                             19.750000   data required time
                                             -7.778091   data arrival time
---------------------------------------------------------------------------------------------
                                             11.971909   slack (MET)




===========================================================================
report_checks --slack_max -0.01
============================================================================
======================= nom_tt_025C_1v80 Corner ===================================

No paths found.


===========================================================================
 report_check_types -max_slew -max_cap -max_fanout -violators
============================================================================
======================= nom_tt_025C_1v80 Corner ===================================

max slew

Pin                                        Limit        Slew       Slack
------------------------------------------------------------------------
outputs[16]                             0.750000    0.869157   -0.119157 (VIOLATED)
_055_/A                                 0.750000    0.869156   -0.119156 (VIOLATED)
_072_/A                                 0.750000    0.869156   -0.119157 (VIOLATED)
_049_/X                                 0.750000    0.869155   -0.119155 (VIOLATED)
_051_/A                                 0.750000    0.869155   -0.119155 (VIOLATED)
_108_/A                                 0.750000    0.869155   -0.119155 (VIOLATED)
outputs[20]                             0.750000    0.776126   -0.026126 (VIOLATED)
_055_/Y                                 0.750000    0.776126   -0.026126 (VIOLATED)
_057_/A                                 0.750000    0.776126   -0.026126 (VIOLATED)
_071_/A                                 0.750000    0.776126   -0.026126 (VIOLATED)
_102_/A                                 0.750000    0.776126   -0.026126 (VIOLATED)
outputs[8]                              0.750000    0.761305   -0.011305 (VIOLATED)
_052_/X                                 0.750000    0.761303   -0.011303 (VIOLATED)
_059_/A                                 0.750000    0.761303   -0.011303 (VIOLATED)
_074_/A                                 0.750000    0.761303   -0.011303 (VIOLATED)
_120_/A                                 0.750000    0.761303   -0.011303 (VIOLATED)



===========================================================================
report_parasitic_annotation -report_unannotated
============================================================================
Found 0 unannotated drivers.
Found 0 partially unannotated drivers.

===========================================================================
max slew violation count 16
Writing metric design__max_slew_violation__count__corner:nom_tt_025C_1v80: 16
max fanout violation count 0
Writing metric design__max_fanout_violation__count__corner:nom_tt_025C_1v80: 0
max cap violation count 0
Writing metric design__max_cap_violation__count__corner:nom_tt_025C_1v80: 0
============================================================================

===========================================================================
check_setup -verbose -unconstrained_endpoints -multiple_clock -no_clock -no_input_delay -loops -generated_clocks
===========================================================================
