
===========================================================================
report_checks -path_delay min (Hold)
============================================================================
======================= nom_tt_025C_1v80 Corner ===================================

Startpoint: inputs[8] (input port clocked by clk)
Endpoint: outputs[8] (output port clocked by clk)
Path Group: clk
Path Type: min

Fanout         Cap        Slew       Delay        Time   Description
---------------------------------------------------------------------------------------------
                      0.000000    0.000000    0.000000   clock clk (rise edge)
                                  0.000000    0.000000   clock network delay (ideal)
                                  5.000000    5.000000 v input external delay
     2    0.016878    0.039268    0.027176    5.027176 v inputs[8] (in)
                                                         inputs[8] (net)
                      0.039268    0.000000    5.027176 v _052_/B (sky130_fd_sc_hd__xor2_2)
     4    0.062536    0.162135    0.258502    5.285678 v _052_/X (sky130_fd_sc_hd__xor2_2)
                                                         outputs[8] (net)
                      0.162138    0.000953    5.286631 v outputs[8] (out)
                                              5.286631   data arrival time

                      0.000000    0.000000    0.000000   clock clk (rise edge)
                                  0.000000    0.000000   clock network delay (ideal)
                                  0.250000    0.250000   clock uncertainty
                                  0.000000    0.250000   clock reconvergence pessimism
                                 -5.000000   -4.750000   output external delay
                                             -4.750000   data required time
---------------------------------------------------------------------------------------------
                                             -4.750000   data required time
                                             -5.286631   data arrival time
---------------------------------------------------------------------------------------------
                                             10.036632   slack (MET)


Startpoint: inputs[0] (input port clocked by clk)
Endpoint: outputs[0] (output port clocked by clk)
Path Group: clk
Path Type: min

Fanout         Cap        Slew       Delay        Time   Description
---------------------------------------------------------------------------------------------
                      0.000000    0.000000    0.000000   clock clk (rise edge)
                                  0.000000    0.000000   clock network delay (ideal)
                                  5.000000    5.000000 v input external delay
     6    0.048989    0.109172    0.078787    5.078787 v inputs[0] (in)
                                                         inputs[0] (net)
                      0.109187    0.000000    5.078787 v _129_/A (sky130_fd_sc_hd__buf_2)
     1    0.034606    0.090031    0.210103    5.288890 v _129_/X (sky130_fd_sc_hd__buf_2)
                                                         outputs[0] (net)
                      0.090031    0.000205    5.289094 v outputs[0] (out)
                                              5.289094   data arrival time

                      0.000000    0.000000    0.000000   clock clk (rise edge)
                                  0.000000    0.000000   clock network delay (ideal)
                                  0.250000    0.250000   clock uncertainty
                                  0.000000    0.250000   clock reconvergence pessimism
                                 -5.000000   -4.750000   output external delay
                                             -4.750000   data required time
---------------------------------------------------------------------------------------------
                                             -4.750000   data required time
                                             -5.289094   data arrival time
---------------------------------------------------------------------------------------------
                                             10.039095   slack (MET)


Startpoint: inputs[4] (input port clocked by clk)
Endpoint: outputs[4] (output port clocked by clk)
Path Group: clk
Path Type: min

Fanout         Cap        Slew       Delay        Time   Description
---------------------------------------------------------------------------------------------
                      0.000000    0.000000    0.000000   clock clk (rise edge)
                                  0.000000    0.000000   clock network delay (ideal)
                                  5.000000    5.000000 v input external delay
     3    0.026305    0.059598    0.042173    5.042173 v inputs[4] (in)
                                                         inputs[4] (net)
                      0.059599    0.000000    5.042173 v _060_/B (sky130_fd_sc_hd__xor2_2)
     3    0.053918    0.142850    0.250628    5.292801 v _060_/X (sky130_fd_sc_hd__xor2_2)
                                                         outputs[4] (net)
                      0.142853    0.000904    5.293705 v outputs[4] (out)
                                              5.293705   data arrival time

                      0.000000    0.000000    0.000000   clock clk (rise edge)
                                  0.000000    0.000000   clock network delay (ideal)
                                  0.250000    0.250000   clock uncertainty
                                  0.000000    0.250000   clock reconvergence pessimism
                                 -5.000000   -4.750000   output external delay
                                             -4.750000   data required time
---------------------------------------------------------------------------------------------
                                             -4.750000   data required time
                                             -5.293705   data arrival time
---------------------------------------------------------------------------------------------
                                             10.043705   slack (MET)


Startpoint: inputs[16] (input port clocked by clk)
Endpoint: outputs[16] (output port clocked by clk)
Path Group: clk
Path Type: min

Fanout         Cap        Slew       Delay        Time   Description
---------------------------------------------------------------------------------------------
                      0.000000    0.000000    0.000000   clock clk (rise edge)
                                  0.000000    0.000000   clock network delay (ideal)
                                  5.000000    5.000000 ^ input external delay
     1    0.010062    0.051675    0.034172    5.034172 ^ inputs[16] (in)
                                                         inputs[16] (net)
                      0.051675    0.000000    5.034172 ^ _049_/A (sky130_fd_sc_hd__xor2_2)
     5    0.071596    0.182400    0.258446    5.292618 v _049_/X (sky130_fd_sc_hd__xor2_2)
                                                         outputs[16] (net)
                      0.182405    0.001199    5.293817 v outputs[16] (out)
                                              5.293817   data arrival time

                      0.000000    0.000000    0.000000   clock clk (rise edge)
                                  0.000000    0.000000   clock network delay (ideal)
                                  0.250000    0.250000   clock uncertainty
                                  0.000000    0.250000   clock reconvergence pessimism
                                 -5.000000   -4.750000   output external delay
                                             -4.750000   data required time
---------------------------------------------------------------------------------------------
                                             -4.750000   data required time
                                             -5.293817   data arrival time
---------------------------------------------------------------------------------------------
                                             10.043817   slack (MET)


Startpoint: inputs[2] (input port clocked by clk)
Endpoint: outputs[2] (output port clocked by clk)
Path Group: clk
Path Type: min

Fanout         Cap        Slew       Delay        Time   Description
---------------------------------------------------------------------------------------------
                      0.000000    0.000000    0.000000   clock clk (rise edge)
                                  0.000000    0.000000   clock network delay (ideal)
                                  5.000000    5.000000 v input external delay
     4    0.035249    0.078934    0.056294    5.056294 v inputs[2] (in)
                                                         inputs[2] (net)
                      0.078936    0.000000    5.056294 v _080_/B (sky130_fd_sc_hd__xor2_2)
     2    0.042827    0.120753    0.237713    5.294006 v _080_/X (sky130_fd_sc_hd__xor2_2)
                                                         outputs[2] (net)
                      0.120753    0.000183    5.294189 v outputs[2] (out)
                                              5.294189   data arrival time

                      0.000000    0.000000    0.000000   clock clk (rise edge)
                                  0.000000    0.000000   clock network delay (ideal)
                                  0.250000    0.250000   clock uncertainty
                                  0.000000    0.250000   clock reconvergence pessimism
                                 -5.000000   -4.750000   output external delay
                                             -4.750000   data required time
---------------------------------------------------------------------------------------------
                                             -4.750000   data required time
                                             -5.294189   data arrival time
---------------------------------------------------------------------------------------------
                                             10.044189   slack (MET)


Startpoint: inputs[1] (input port clocked by clk)
Endpoint: outputs[1] (output port clocked by clk)
Path Group: clk
Path Type: min

Fanout         Cap        Slew       Delay        Time   Description
---------------------------------------------------------------------------------------------
                      0.000000    0.000000    0.000000   clock clk (rise edge)
                                  0.000000    0.000000   clock network delay (ideal)
                                  5.000000    5.000000 v input external delay
     5    0.043001    0.096046    0.068810    5.068810 v inputs[1] (in)
                                                         inputs[1] (net)
                      0.096046    0.000000    5.068810 v _128_/B (sky130_fd_sc_hd__xor2_2)
     1    0.034527    0.101915    0.228398    5.297208 v _128_/X (sky130_fd_sc_hd__xor2_2)
                                                         outputs[1] (net)
                      0.101915    0.000173    5.297381 v outputs[1] (out)
                                              5.297381   data arrival time

                      0.000000    0.000000    0.000000   clock clk (rise edge)
                                  0.000000    0.000000   clock network delay (ideal)
                                  0.250000    0.250000   clock uncertainty
                                  0.000000    0.250000   clock reconvergence pessimism
                                 -5.000000   -4.750000   output external delay
                                             -4.750000   data required time
---------------------------------------------------------------------------------------------
                                             -4.750000   data required time
                                             -5.297381   data arrival time
---------------------------------------------------------------------------------------------
                                             10.047381   slack (MET)


Startpoint: inputs[5] (input port clocked by clk)
Endpoint: outputs[5] (output port clocked by clk)
Path Group: clk
Path Type: min

Fanout         Cap        Slew       Delay        Time   Description
---------------------------------------------------------------------------------------------
                      0.000000    0.000000    0.000000   clock clk (rise edge)
                                  0.000000    0.000000   clock network delay (ideal)
                                  5.000000    5.000000 v input external delay
     3    0.028107    0.063531    0.044951    5.044951 v inputs[5] (in)
                                                         inputs[5] (net)
                      0.063532    0.000000    5.044951 v _121_/B (sky130_fd_sc_hd__xnor2_2)
     1    0.008492    0.061677    0.163209    5.208161 ^ _121_/Y (sky130_fd_sc_hd__xnor2_2)
                                                         _024_ (net)
                      0.061677    0.000002    5.208162 ^ _122_/B (sky130_fd_sc_hd__xnor2_2)
     2    0.043171    0.192746    0.180843    5.389005 v _122_/Y (sky130_fd_sc_hd__xnor2_2)
                                                         outputs[5] (net)
                      0.192746    0.000171    5.389177 v outputs[5] (out)
                                              5.389177   data arrival time

                      0.000000    0.000000    0.000000   clock clk (rise edge)
                                  0.000000    0.000000   clock network delay (ideal)
                                  0.250000    0.250000   clock uncertainty
                                  0.000000    0.250000   clock reconvergence pessimism
                                 -5.000000   -4.750000   output external delay
                                             -4.750000   data required time
---------------------------------------------------------------------------------------------
                                             -4.750000   data required time
                                             -5.389177   data arrival time
---------------------------------------------------------------------------------------------
                                             10.139177   slack (MET)


Startpoint: inputs[24] (input port clocked by clk)
Endpoint: outputs[24] (output port clocked by clk)
Path Group: clk
Path Type: min

Fanout         Cap        Slew       Delay        Time   Description
---------------------------------------------------------------------------------------------
                      0.000000    0.000000    0.000000   clock clk (rise edge)
                                  0.000000    0.000000   clock network delay (ideal)
                                  5.000000    5.000000 ^ input external delay
     1    0.009950    0.051176    0.033809    5.033809 ^ inputs[24] (in)
                                                         inputs[24] (net)
                      0.051176    0.000000    5.033809 ^ _050_/A (sky130_fd_sc_hd__xor2_2)
     2    0.017167    0.064453    0.101806    5.135615 v _050_/X (sky130_fd_sc_hd__xor2_2)
                                                         _028_ (net)
                      0.064453    0.000059    5.135674 v _051_/B (sky130_fd_sc_hd__xor2_2)
     3    0.054308    0.143744    0.253333    5.389007 v _051_/X (sky130_fd_sc_hd__xor2_2)
                                                         outputs[24] (net)
                      0.143745    0.000726    5.389732 v outputs[24] (out)
                                              5.389732   data arrival time

                      0.000000    0.000000    0.000000   clock clk (rise edge)
                                  0.000000    0.000000   clock network delay (ideal)
                                  0.250000    0.250000   clock uncertainty
                                  0.000000    0.250000   clock reconvergence pessimism
                                 -5.000000   -4.750000   output external delay
                                             -4.750000   data required time
---------------------------------------------------------------------------------------------
                                             -4.750000   data required time
                                             -5.389732   data arrival time
---------------------------------------------------------------------------------------------
                                             10.139733   slack (MET)


Startpoint: inputs[20] (input port clocked by clk)
Endpoint: outputs[20] (output port clocked by clk)
Path Group: clk
Path Type: min

Fanout         Cap        Slew       Delay        Time   Description
---------------------------------------------------------------------------------------------
                      0.000000    0.000000    0.000000   clock clk (rise edge)
                                  0.000000    0.000000   clock network delay (ideal)
                                  5.000000    5.000000 ^ input external delay
     1    0.009763    0.050344    0.033208    5.033208 ^ inputs[20] (in)
                                                         inputs[20] (net)
                      0.050344    0.000000    5.033208 ^ _053_/A (sky130_fd_sc_hd__xnor2_2)
     1    0.010413    0.067065    0.128133    5.161340 ^ _053_/Y (sky130_fd_sc_hd__xnor2_2)
                                                         _029_ (net)
                      0.067065    0.000079    5.161420 ^ _055_/B (sky130_fd_sc_hd__xnor2_2)
     4    0.060372    0.263716    0.234414    5.395833 v _055_/Y (sky130_fd_sc_hd__xnor2_2)
                                                         outputs[20] (net)
                      0.263716    0.000356    5.396189 v outputs[20] (out)
                                              5.396189   data arrival time

                      0.000000    0.000000    0.000000   clock clk (rise edge)
                                  0.000000    0.000000   clock network delay (ideal)
                                  0.250000    0.250000   clock uncertainty
                                  0.000000    0.250000   clock reconvergence pessimism
                                 -5.000000   -4.750000   output external delay
                                             -4.750000   data required time
---------------------------------------------------------------------------------------------
                                             -4.750000   data required time
                                             -5.396189   data arrival time
---------------------------------------------------------------------------------------------
                                             10.146190   slack (MET)


Startpoint: inputs[10] (input port clocked by clk)
Endpoint: outputs[10] (output port clocked by clk)
Path Group: clk
Path Type: min

Fanout         Cap        Slew       Delay        Time   Description
---------------------------------------------------------------------------------------------
                      0.000000    0.000000    0.000000   clock clk (rise edge)
                                  0.000000    0.000000   clock network delay (ideal)
                                  5.000000    5.000000 ^ input external delay
     2    0.018933    0.090906    0.062213    5.062213 ^ inputs[10] (in)
                                                         inputs[10] (net)
                      0.090906    0.000000    5.062213 ^ _073_/B (sky130_fd_sc_hd__xnor2_2)
     1    0.010155    0.066381    0.133480    5.195694 ^ _073_/Y (sky130_fd_sc_hd__xnor2_2)
                                                         _041_ (net)
                      0.066381    0.000108    5.195802 ^ _074_/B (sky130_fd_sc_hd__xnor2_2)
     3    0.054674    0.240172    0.216623    5.412426 v _074_/Y (sky130_fd_sc_hd__xnor2_2)
                                                         outputs[10] (net)
                      0.240177    0.000965    5.413390 v outputs[10] (out)
                                              5.413390   data arrival time

                      0.000000    0.000000    0.000000   clock clk (rise edge)
                                  0.000000    0.000000   clock network delay (ideal)
                                  0.250000    0.250000   clock uncertainty
                                  0.000000    0.250000   clock reconvergence pessimism
                                 -5.000000   -4.750000   output external delay
                                             -4.750000   data required time
---------------------------------------------------------------------------------------------
                                             -4.750000   data required time
                                             -5.413390   data arrival time
---------------------------------------------------------------------------------------------
                                             10.163390   slack (MET)


Startpoint: inputs[3] (input port clocked by clk)
Endpoint: outputs[3] (output port clocked by clk)
Path Group: clk
Path Type: min

Fanout         Cap        Slew       Delay        Time   Description
---------------------------------------------------------------------------------------------
                      0.000000    0.000000    0.000000   clock clk (rise edge)
                                  0.000000    0.000000   clock network delay (ideal)
                                  5.000000    5.000000 v input external delay
     4    0.039481    0.088587    0.063025    5.063025 v inputs[3] (in)
                                                         inputs[3] (net)
                      0.088590    0.000000    5.063025 v _126_/B (sky130_fd_sc_hd__xnor2_2)
     1    0.010743    0.070165    0.191537    5.254562 ^ _126_/Y (sky130_fd_sc_hd__xnor2_2)
                                                         _027_ (net)
                      0.070165    0.000144    5.254706 ^ _127_/B (sky130_fd_sc_hd__xnor2_2)
     1    0.035213    0.160170    0.158648    5.413354 v _127_/Y (sky130_fd_sc_hd__xnor2_2)
                                                         outputs[3] (net)
                      0.160171    0.000335    5.413689 v outputs[3] (out)
                                              5.413689   data arrival time

                      0.000000    0.000000    0.000000   clock clk (rise edge)
                                  0.000000    0.000000   clock network delay (ideal)
                                  0.250000    0.250000   clock uncertainty
                                  0.000000    0.250000   clock reconvergence pessimism
                                 -5.000000   -4.750000   output external delay
                                             -4.750000   data required time
---------------------------------------------------------------------------------------------
                                             -4.750000   data required time
                                             -5.413689   data arrival time
---------------------------------------------------------------------------------------------
                                             10.163689   slack (MET)


Startpoint: inputs[9] (input port clocked by clk)
Endpoint: outputs[9] (output port clocked by clk)
Path Group: clk
Path Type: min

Fanout         Cap        Slew       Delay        Time   Description
---------------------------------------------------------------------------------------------
                      0.000000    0.000000    0.000000   clock clk (rise edge)
                                  0.000000    0.000000   clock network delay (ideal)
                                  5.000000    5.000000 ^ input external delay
     2    0.018680    0.089764    0.061370    5.061370 ^ inputs[9] (in)
                                                         inputs[9] (net)
                      0.089764    0.000000    5.061370 ^ _109_/B (sky130_fd_sc_hd__xor2_2)
     3    0.026037    0.082906    0.133662    5.195033 v _109_/X (sky130_fd_sc_hd__xor2_2)
                                                         _016_ (net)
                      0.082906    0.000088    5.195120 v _120_/B (sky130_fd_sc_hd__xor2_2)
     1    0.034648    0.102312    0.223265    5.418385 v _120_/X (sky130_fd_sc_hd__xor2_2)
                                                         outputs[9] (net)
                      0.102312    0.000279    5.418664 v outputs[9] (out)
                                              5.418664   data arrival time

                      0.000000    0.000000    0.000000   clock clk (rise edge)
                                  0.000000    0.000000   clock network delay (ideal)
                                  0.250000    0.250000   clock uncertainty
                                  0.000000    0.250000   clock reconvergence pessimism
                                 -5.000000   -4.750000   output external delay
                                             -4.750000   data required time
---------------------------------------------------------------------------------------------
                                             -4.750000   data required time
                                             -5.418664   data arrival time
---------------------------------------------------------------------------------------------
                                             10.168664   slack (MET)


Startpoint: inputs[12] (input port clocked by clk)
Endpoint: outputs[12] (output port clocked by clk)
Path Group: clk
Path Type: min

Fanout         Cap        Slew       Delay        Time   Description
---------------------------------------------------------------------------------------------
                      0.000000    0.000000    0.000000   clock clk (rise edge)
                                  0.000000    0.000000   clock network delay (ideal)
                                  5.000000    5.000000 ^ input external delay
     2    0.018171    0.087496    0.059807    5.059807 ^ inputs[12] (in)
                                                         inputs[12] (net)
                      0.087496    0.000000    5.059807 ^ _058_/B (sky130_fd_sc_hd__xnor2_2)
     2    0.019046    0.107091    0.163292    5.223099 ^ _058_/Y (sky130_fd_sc_hd__xnor2_2)
                                                         _032_ (net)
                      0.107091    0.000119    5.223218 ^ _059_/B (sky130_fd_sc_hd__xnor2_2)
     2    0.044662    0.199450    0.197234    5.420453 v _059_/Y (sky130_fd_sc_hd__xnor2_2)
                                                         outputs[12] (net)
                      0.199450    0.000627    5.421080 v outputs[12] (out)
                                              5.421080   data arrival time

                      0.000000    0.000000    0.000000   clock clk (rise edge)
                                  0.000000    0.000000   clock network delay (ideal)
                                  0.250000    0.250000   clock uncertainty
                                  0.000000    0.250000   clock reconvergence pessimism
                                 -5.000000   -4.750000   output external delay
                                             -4.750000   data required time
---------------------------------------------------------------------------------------------
                                             -4.750000   data required time
                                             -5.421080   data arrival time
---------------------------------------------------------------------------------------------
                                             10.171081   slack (MET)


Startpoint: inputs[17] (input port clocked by clk)
Endpoint: outputs[17] (output port clocked by clk)
Path Group: clk
Path Type: min

Fanout         Cap        Slew       Delay        Time   Description
---------------------------------------------------------------------------------------------
                      0.000000    0.000000    0.000000   clock clk (rise edge)
                                  0.000000    0.000000   clock network delay (ideal)
                                  5.000000    5.000000 ^ input external delay
     1    0.010150    0.052071    0.034460    5.034461 ^ inputs[17] (in)
                                                         inputs[17] (net)
                      0.052071    0.000000    5.034461 ^ _081_/A (sky130_fd_sc_hd__xor2_2)
     4    0.036571    0.106555    0.158393    5.192854 v _081_/X (sky130_fd_sc_hd__xor2_2)
                                                         _045_ (net)
                      0.106555    0.000360    5.193214 v _108_/B (sky130_fd_sc_hd__xor2_2)
     1    0.035411    0.103997    0.234285    5.427499 v _108_/X (sky130_fd_sc_hd__xor2_2)
                                                         outputs[17] (net)
                      0.103997    0.000283    5.427783 v outputs[17] (out)
                                              5.427783   data arrival time

                      0.000000    0.000000    0.000000   clock clk (rise edge)
                                  0.000000    0.000000   clock network delay (ideal)
                                  0.250000    0.250000   clock uncertainty
                                  0.000000    0.250000   clock reconvergence pessimism
                                 -5.000000   -4.750000   output external delay
                                             -4.750000   data required time
---------------------------------------------------------------------------------------------
                                             -4.750000   data required time
                                             -5.427783   data arrival time
---------------------------------------------------------------------------------------------
                                             10.177782   slack (MET)


Startpoint: inputs[18] (input port clocked by clk)
Endpoint: outputs[18] (output port clocked by clk)
Path Group: clk
Path Type: min

Fanout         Cap        Slew       Delay        Time   Description
---------------------------------------------------------------------------------------------
                      0.000000    0.000000    0.000000   clock clk (rise edge)
                                  0.000000    0.000000   clock network delay (ideal)
                                  5.000000    5.000000 ^ input external delay
     1    0.010127    0.051974    0.034400    5.034400 ^ inputs[18] (in)
                                                         inputs[18] (net)
                      0.051974    0.000000    5.034400 ^ _061_/A (sky130_fd_sc_hd__xnor2_2)
     3    0.027915    0.148822    0.188149    5.222549 ^ _061_/Y (sky130_fd_sc_hd__xnor2_2)
                                                         _033_ (net)
                      0.148822    0.000134    5.222683 ^ _072_/B (sky130_fd_sc_hd__xnor2_2)
     2    0.044149    0.197280    0.206801    5.429484 v _072_/Y (sky130_fd_sc_hd__xnor2_2)
                                                         outputs[18] (net)
                      0.197280    0.000310    5.429794 v outputs[18] (out)
                                              5.429794   data arrival time

                      0.000000    0.000000    0.000000   clock clk (rise edge)
                                  0.000000    0.000000   clock network delay (ideal)
                                  0.250000    0.250000   clock uncertainty
                                  0.000000    0.250000   clock reconvergence pessimism
                                 -5.000000   -4.750000   output external delay
                                             -4.750000   data required time
---------------------------------------------------------------------------------------------
                                             -4.750000   data required time
                                             -5.429794   data arrival time
---------------------------------------------------------------------------------------------
                                             10.179795   slack (MET)


Startpoint: inputs[6] (input port clocked by clk)
Endpoint: outputs[6] (output port clocked by clk)
Path Group: clk
Path Type: min

Fanout         Cap        Slew       Delay        Time   Description
---------------------------------------------------------------------------------------------
                      0.000000    0.000000    0.000000   clock clk (rise edge)
                                  0.000000    0.000000   clock network delay (ideal)
                                  5.000000    5.000000 ^ input external delay
     3    0.028936    0.135515    0.093411    5.093411 ^ inputs[6] (in)
                                                         inputs[6] (net)
                      0.135516    0.000000    5.093411 ^ _078_/B (sky130_fd_sc_hd__xor2_2)
     2    0.019182    0.069619    0.128634    5.222045 v _078_/X (sky130_fd_sc_hd__xor2_2)
                                                         _044_ (net)
                      0.069619    0.000334    5.222380 v _079_/B (sky130_fd_sc_hd__xor2_2)
     1    0.034687    0.102422    0.217983    5.440363 v _079_/X (sky130_fd_sc_hd__xor2_2)
                                                         outputs[6] (net)
                      0.102422    0.000285    5.440648 v outputs[6] (out)
                                              5.440648   data arrival time

                      0.000000    0.000000    0.000000   clock clk (rise edge)
                                  0.000000    0.000000   clock network delay (ideal)
                                  0.250000    0.250000   clock uncertainty
                                  0.000000    0.250000   clock reconvergence pessimism
                                 -5.000000   -4.750000   output external delay
                                             -4.750000   data required time
---------------------------------------------------------------------------------------------
                                             -4.750000   data required time
                                             -5.440648   data arrival time
---------------------------------------------------------------------------------------------
                                             10.190649   slack (MET)


Startpoint: inputs[14] (input port clocked by clk)
Endpoint: outputs[14] (output port clocked by clk)
Path Group: clk
Path Type: min

Fanout         Cap        Slew       Delay        Time   Description
---------------------------------------------------------------------------------------------
                      0.000000    0.000000    0.000000   clock clk (rise edge)
                                  0.000000    0.000000   clock network delay (ideal)
                                  5.000000    5.000000 ^ input external delay
     2    0.018642    0.089607    0.061307    5.061307 ^ inputs[14] (in)
                                                         inputs[14] (net)
                      0.089607    0.000000    5.061307 ^ _075_/B (sky130_fd_sc_hd__xor2_2)
     1    0.009825    0.046753    0.085791    5.147099 v _075_/X (sky130_fd_sc_hd__xor2_2)
                                                         _042_ (net)
                      0.046753    0.000102    5.147201 v _076_/B (sky130_fd_sc_hd__xnor2_2)
     1    0.008840    0.062519    0.160066    5.307267 ^ _076_/Y (sky130_fd_sc_hd__xnor2_2)
                                                         _043_ (net)
                      0.062519    0.000019    5.307286 ^ _077_/B (sky130_fd_sc_hd__xor2_2)
     2    0.045172    0.126307    0.179414    5.486700 v _077_/X (sky130_fd_sc_hd__xor2_2)
                                                         outputs[14] (net)
                      0.126310    0.000784    5.487484 v outputs[14] (out)
                                              5.487484   data arrival time

                      0.000000    0.000000    0.000000   clock clk (rise edge)
                                  0.000000    0.000000   clock network delay (ideal)
                                  0.250000    0.250000   clock uncertainty
                                  0.000000    0.250000   clock reconvergence pessimism
                                 -5.000000   -4.750000   output external delay
                                             -4.750000   data required time
---------------------------------------------------------------------------------------------
                                             -4.750000   data required time
                                             -5.487484   data arrival time
---------------------------------------------------------------------------------------------
                                             10.237484   slack (MET)


Startpoint: inputs[11] (input port clocked by clk)
Endpoint: outputs[11] (output port clocked by clk)
Path Group: clk
Path Type: min

Fanout         Cap        Slew       Delay        Time   Description
---------------------------------------------------------------------------------------------
                      0.000000    0.000000    0.000000   clock clk (rise edge)
                                  0.000000    0.000000   clock network delay (ideal)
                                  5.000000    5.000000 ^ input external delay
     2    0.019288    0.092489    0.063322    5.063322 ^ inputs[11] (in)
                                                         inputs[11] (net)
                      0.092490    0.000000    5.063322 ^ _112_/B (sky130_fd_sc_hd__xor2_2)
     2    0.018158    0.066907    0.111637    5.174959 v _112_/X (sky130_fd_sc_hd__xor2_2)
                                                         _019_ (net)
                      0.066907    0.000071    5.175030 v _118_/B (sky130_fd_sc_hd__xnor2_2)
     1    0.008736    0.064183    0.166530    5.341560 ^ _118_/Y (sky130_fd_sc_hd__xnor2_2)
                                                         _023_ (net)
                      0.064183    0.000012    5.341572 ^ _119_/B (sky130_fd_sc_hd__xnor2_2)
     1    0.034705    0.157970    0.155560    5.497133 v _119_/Y (sky130_fd_sc_hd__xnor2_2)
                                                         outputs[11] (net)
                      0.157970    0.000285    5.497418 v outputs[11] (out)
                                              5.497418   data arrival time

                      0.000000    0.000000    0.000000   clock clk (rise edge)
                                  0.000000    0.000000   clock network delay (ideal)
                                  0.250000    0.250000   clock uncertainty
                                  0.000000    0.250000   clock reconvergence pessimism
                                 -5.000000   -4.750000   output external delay
                                             -4.750000   data required time
---------------------------------------------------------------------------------------------
                                             -4.750000   data required time
                                             -5.497418   data arrival time
---------------------------------------------------------------------------------------------
                                             10.247417   slack (MET)


Startpoint: inputs[7] (input port clocked by clk)
Endpoint: outputs[7] (output port clocked by clk)
Path Group: clk
Path Type: min

Fanout         Cap        Slew       Delay        Time   Description
---------------------------------------------------------------------------------------------
                      0.000000    0.000000    0.000000   clock clk (rise edge)
                                  0.000000    0.000000   clock network delay (ideal)
                                  5.000000    5.000000 v input external delay
     3    0.029488    0.066557    0.047134    5.047134 v inputs[7] (in)
                                                         inputs[7] (net)
                      0.066559    0.000000    5.047134 v _123_/B (sky130_fd_sc_hd__xor2_2)
     1    0.008546    0.133422    0.163179    5.210313 ^ _123_/X (sky130_fd_sc_hd__xor2_2)
                                                         _025_ (net)
                      0.133422    0.000004    5.210317 ^ _124_/B (sky130_fd_sc_hd__xnor2_2)
     1    0.008639    0.062279    0.139211    5.349528 ^ _124_/Y (sky130_fd_sc_hd__xnor2_2)
                                                         _026_ (net)
                      0.062279    0.000008    5.349536 ^ _125_/B (sky130_fd_sc_hd__xnor2_2)
     1    0.034889    0.158706    0.155587    5.505123 v _125_/Y (sky130_fd_sc_hd__xnor2_2)
                                                         outputs[7] (net)
                      0.158706    0.000334    5.505457 v outputs[7] (out)
                                              5.505457   data arrival time

                      0.000000    0.000000    0.000000   clock clk (rise edge)
                                  0.000000    0.000000   clock network delay (ideal)
                                  0.250000    0.250000   clock uncertainty
                                  0.000000    0.250000   clock reconvergence pessimism
                                 -5.000000   -4.750000   output external delay
                                             -4.750000   data required time
---------------------------------------------------------------------------------------------
                                             -4.750000   data required time
                                             -5.505457   data arrival time
---------------------------------------------------------------------------------------------
                                             10.255457   slack (MET)


Startpoint: inputs[28] (input port clocked by clk)
Endpoint: outputs[28] (output port clocked by clk)
Path Group: clk
Path Type: min

Fanout         Cap        Slew       Delay        Time   Description
---------------------------------------------------------------------------------------------
                      0.000000    0.000000    0.000000   clock clk (rise edge)
                                  0.000000    0.000000   clock network delay (ideal)
                                  5.000000    5.000000 ^ input external delay
     1    0.012058    0.060550    0.040683    5.040683 ^ inputs[28] (in)
                                                         inputs[28] (net)
                      0.060550    0.000000    5.040683 ^ _054_/A (sky130_fd_sc_hd__xor2_2)
     1    0.008455    0.045323    0.078544    5.119227 v _054_/X (sky130_fd_sc_hd__xor2_2)
                                                         _030_ (net)
                      0.045323    0.000013    5.119240 v _056_/B (sky130_fd_sc_hd__xnor2_2)
     1    0.010986    0.070649    0.177559    5.296800 ^ _056_/Y (sky130_fd_sc_hd__xnor2_2)
                                                         _031_ (net)
                      0.070649    0.000121    5.296920 ^ _057_/B (sky130_fd_sc_hd__xnor2_2)
     3    0.052063    0.229213    0.210245    5.507165 v _057_/Y (sky130_fd_sc_hd__xnor2_2)
                                                         outputs[28] (net)
                      0.229213    0.000303    5.507468 v outputs[28] (out)
                                              5.507468   data arrival time

                      0.000000    0.000000    0.000000   clock clk (rise edge)
                                  0.000000    0.000000   clock network delay (ideal)
                                  0.250000    0.250000   clock uncertainty
                                  0.000000    0.250000   clock reconvergence pessimism
                                 -5.000000   -4.750000   output external delay
                                             -4.750000   data required time
---------------------------------------------------------------------------------------------
                                             -4.750000   data required time
                                             -5.507468   data arrival time
---------------------------------------------------------------------------------------------
                                             10.257468   slack (MET)


Startpoint: inputs[26] (input port clocked by clk)
Endpoint: outputs[26] (output port clocked by clk)
Path Group: clk
Path Type: min

Fanout         Cap        Slew       Delay        Time   Description
---------------------------------------------------------------------------------------------
                      0.000000    0.000000    0.000000   clock clk (rise edge)
                                  0.000000    0.000000   clock network delay (ideal)
                                  5.000000    5.000000 ^ input external delay
     1    0.010074    0.051738    0.034229    5.034229 ^ inputs[26] (in)
                                                         inputs[26] (net)
                      0.051738    0.000000    5.034229 ^ _062_/A (sky130_fd_sc_hd__xnor2_2)
     1    0.008865    0.062240    0.123209    5.157437 ^ _062_/Y (sky130_fd_sc_hd__xnor2_2)
                                                         _034_ (net)
                      0.062240    0.000020    5.157457 ^ _063_/B (sky130_fd_sc_hd__xnor2_2)
     2    0.020042    0.111473    0.159299    5.316756 ^ _063_/Y (sky130_fd_sc_hd__xnor2_2)
                                                         _035_ (net)
                      0.111473    0.000176    5.316932 ^ _069_/B (sky130_fd_sc_hd__xnor2_2)
     2    0.043079    0.192844    0.193826    5.510757 v _069_/Y (sky130_fd_sc_hd__xnor2_2)
                                                         outputs[26] (net)
                      0.192844    0.000197    5.510954 v outputs[26] (out)
                                              5.510954   data arrival time

                      0.000000    0.000000    0.000000   clock clk (rise edge)
                                  0.000000    0.000000   clock network delay (ideal)
                                  0.250000    0.250000   clock uncertainty
                                  0.000000    0.250000   clock reconvergence pessimism
                                 -5.000000   -4.750000   output external delay
                                             -4.750000   data required time
---------------------------------------------------------------------------------------------
                                             -4.750000   data required time
                                             -5.510954   data arrival time
---------------------------------------------------------------------------------------------
                                             10.260954   slack (MET)


Startpoint: inputs[13] (input port clocked by clk)
Endpoint: outputs[13] (output port clocked by clk)
Path Group: clk
Path Type: min

Fanout         Cap        Slew       Delay        Time   Description
---------------------------------------------------------------------------------------------
                      0.000000    0.000000    0.000000   clock clk (rise edge)
                                  0.000000    0.000000   clock network delay (ideal)
                                  5.000000    5.000000 v input external delay
     2    0.017880    0.041458    0.028812    5.028812 v inputs[13] (in)
                                                         inputs[13] (net)
                      0.041459    0.000000    5.028812 v _110_/B (sky130_fd_sc_hd__xor2_2)
     1    0.008553    0.133522    0.153449    5.182261 ^ _110_/X (sky130_fd_sc_hd__xor2_2)
                                                         _017_ (net)
                      0.133522    0.000004    5.182265 ^ _111_/B (sky130_fd_sc_hd__xnor2_2)
     2    0.018017    0.105846    0.171898    5.354164 ^ _111_/Y (sky130_fd_sc_hd__xnor2_2)
                                                         _018_ (net)
                      0.105846    0.000007    5.354171 ^ _117_/B (sky130_fd_sc_hd__xnor2_2)
     1    0.034686    0.158586    0.166431    5.520601 v _117_/Y (sky130_fd_sc_hd__xnor2_2)
                                                         outputs[13] (net)
                      0.158587    0.000282    5.520884 v outputs[13] (out)
                                              5.520884   data arrival time

                      0.000000    0.000000    0.000000   clock clk (rise edge)
                                  0.000000    0.000000   clock network delay (ideal)
                                  0.250000    0.250000   clock uncertainty
                                  0.000000    0.250000   clock reconvergence pessimism
                                 -5.000000   -4.750000   output external delay
                                             -4.750000   data required time
---------------------------------------------------------------------------------------------
                                             -4.750000   data required time
                                             -5.520884   data arrival time
---------------------------------------------------------------------------------------------
                                             10.270884   slack (MET)


Startpoint: inputs[25] (input port clocked by clk)
Endpoint: outputs[25] (output port clocked by clk)
Path Group: clk
Path Type: min

Fanout         Cap        Slew       Delay        Time   Description
---------------------------------------------------------------------------------------------
                      0.000000    0.000000    0.000000   clock clk (rise edge)
                                  0.000000    0.000000   clock network delay (ideal)
                                  5.000000    5.000000 ^ input external delay
     1    0.009727    0.050186    0.033092    5.033092 ^ inputs[25] (in)
                                                         inputs[25] (net)
                      0.050186    0.000000    5.033092 ^ _084_/A (sky130_fd_sc_hd__xnor2_2)
     2    0.019957    0.111006    0.161015    5.194108 ^ _084_/Y (sky130_fd_sc_hd__xnor2_2)
                                                         _048_ (net)
                      0.111006    0.000194    5.194301 ^ _098_/B (sky130_fd_sc_hd__xnor2_2)
     2    0.018028    0.102699    0.166649    5.360950 ^ _098_/Y (sky130_fd_sc_hd__xnor2_2)
                                                         _011_ (net)
                      0.102699    0.000069    5.361020 ^ _101_/B (sky130_fd_sc_hd__xor2_2)
     1    0.034265    0.101399    0.161795    5.522815 v _101_/X (sky130_fd_sc_hd__xor2_2)
                                                         outputs[25] (net)
                      0.101399    0.000143    5.522958 v outputs[25] (out)
                                              5.522958   data arrival time

                      0.000000    0.000000    0.000000   clock clk (rise edge)
                                  0.000000    0.000000   clock network delay (ideal)
                                  0.250000    0.250000   clock uncertainty
                                  0.000000    0.250000   clock reconvergence pessimism
                                 -5.000000   -4.750000   output external delay
                                             -4.750000   data required time
---------------------------------------------------------------------------------------------
                                             -4.750000   data required time
                                             -5.522958   data arrival time
---------------------------------------------------------------------------------------------
                                             10.272958   slack (MET)


Startpoint: inputs[19] (input port clocked by clk)
Endpoint: outputs[19] (output port clocked by clk)
Path Group: clk
Path Type: min

Fanout         Cap        Slew       Delay        Time   Description
---------------------------------------------------------------------------------------------
                      0.000000    0.000000    0.000000   clock clk (rise edge)
                                  0.000000    0.000000   clock network delay (ideal)
                                  5.000000    5.000000 ^ input external delay
     1    0.010595    0.054057    0.035910    5.035911 ^ inputs[19] (in)
                                                         inputs[19] (net)
                      0.054058    0.000000    5.035911 ^ _088_/A (sky130_fd_sc_hd__xnor2_2)
     3    0.026046    0.122992    0.135711    5.171622 v _088_/Y (sky130_fd_sc_hd__xnor2_2)
                                                         _003_ (net)
                      0.122992    0.000093    5.171715 v _106_/B (sky130_fd_sc_hd__xor2_2)
     1    0.008910    0.137303    0.187735    5.359450 ^ _106_/X (sky130_fd_sc_hd__xor2_2)
                                                         _015_ (net)
                      0.137303    0.000026    5.359476 ^ _107_/B (sky130_fd_sc_hd__xnor2_2)
     1    0.034835    0.159276    0.174951    5.534426 v _107_/Y (sky130_fd_sc_hd__xnor2_2)
                                                         outputs[19] (net)
                      0.159276    0.000207    5.534633 v outputs[19] (out)
                                              5.534633   data arrival time

                      0.000000    0.000000    0.000000   clock clk (rise edge)
                                  0.000000    0.000000   clock network delay (ideal)
                                  0.250000    0.250000   clock uncertainty
                                  0.000000    0.250000   clock reconvergence pessimism
                                 -5.000000   -4.750000   output external delay
                                             -4.750000   data required time
---------------------------------------------------------------------------------------------
                                             -4.750000   data required time
                                             -5.534633   data arrival time
---------------------------------------------------------------------------------------------
                                             10.284634   slack (MET)


Startpoint: inputs[22] (input port clocked by clk)
Endpoint: outputs[22] (output port clocked by clk)
Path Group: clk
Path Type: min

Fanout         Cap        Slew       Delay        Time   Description
---------------------------------------------------------------------------------------------
                      0.000000    0.000000    0.000000   clock clk (rise edge)
                                  0.000000    0.000000   clock network delay (ideal)
                                  5.000000    5.000000 ^ input external delay
     1    0.010465    0.053477    0.035491    5.035491 ^ inputs[22] (in)
                                                         inputs[22] (net)
                      0.053477    0.000000    5.035491 ^ _064_/A (sky130_fd_sc_hd__xor2_2)
     2    0.016992    0.064006    0.102006    5.137496 v _064_/X (sky130_fd_sc_hd__xor2_2)
                                                         _036_ (net)
                      0.064006    0.000045    5.137542 v _070_/B (sky130_fd_sc_hd__xnor2_2)
     2    0.017153    0.087959    0.174749    5.312290 v _070_/Y (sky130_fd_sc_hd__xnor2_2)
                                                         _040_ (net)
                      0.087959    0.000036    5.312326 v _071_/B (sky130_fd_sc_hd__xor2_2)
     1    0.034464    0.101877    0.224974    5.537301 v _071_/X (sky130_fd_sc_hd__xor2_2)
                                                         outputs[22] (net)
                      0.101877    0.000234    5.537535 v outputs[22] (out)
                                              5.537535   data arrival time

                      0.000000    0.000000    0.000000   clock clk (rise edge)
                                  0.000000    0.000000   clock network delay (ideal)
                                  0.250000    0.250000   clock uncertainty
                                  0.000000    0.250000   clock reconvergence pessimism
                                 -5.000000   -4.750000   output external delay
                                             -4.750000   data required time
---------------------------------------------------------------------------------------------
                                             -4.750000   data required time
                                             -5.537535   data arrival time
---------------------------------------------------------------------------------------------
                                             10.287535   slack (MET)


Startpoint: inputs[21] (input port clocked by clk)
Endpoint: outputs[21] (output port clocked by clk)
Path Group: clk
Path Type: min

Fanout         Cap        Slew       Delay        Time   Description
---------------------------------------------------------------------------------------------
                      0.000000    0.000000    0.000000   clock clk (rise edge)
                                  0.000000    0.000000   clock network delay (ideal)
                                  5.000000    5.000000 ^ input external delay
     1    0.011387    0.057592    0.038477    5.038477 ^ inputs[21] (in)
                                                         inputs[21] (net)
                      0.057592    0.000000    5.038477 ^ _082_/A (sky130_fd_sc_hd__xor2_2)
     1    0.009314    0.045662    0.080219    5.118696 v _082_/X (sky130_fd_sc_hd__xor2_2)
                                                         _046_ (net)
                      0.045662    0.000064    5.118760 v _083_/B (sky130_fd_sc_hd__xnor2_2)
     2    0.018293    0.092532    0.170605    5.289365 v _083_/Y (sky130_fd_sc_hd__xnor2_2)
                                                         _047_ (net)
                      0.092532    0.000136    5.289501 v _102_/B (sky130_fd_sc_hd__xnor2_2)
     2    0.043347    0.194086    0.267168    5.556668 v _102_/Y (sky130_fd_sc_hd__xnor2_2)
                                                         outputs[21] (net)
                      0.194086    0.000310    5.556978 v outputs[21] (out)
                                              5.556978   data arrival time

                      0.000000    0.000000    0.000000   clock clk (rise edge)
                                  0.000000    0.000000   clock network delay (ideal)
                                  0.250000    0.250000   clock uncertainty
                                  0.000000    0.250000   clock reconvergence pessimism
                                 -5.000000   -4.750000   output external delay
                                             -4.750000   data required time
---------------------------------------------------------------------------------------------
                                             -4.750000   data required time
                                             -5.556978   data arrival time
---------------------------------------------------------------------------------------------
                                             10.306978   slack (MET)


Startpoint: inputs[30] (input port clocked by clk)
Endpoint: outputs[30] (output port clocked by clk)
Path Group: clk
Path Type: min

Fanout         Cap        Slew       Delay        Time   Description
---------------------------------------------------------------------------------------------
                      0.000000    0.000000    0.000000   clock clk (rise edge)
                                  0.000000    0.000000   clock network delay (ideal)
                                  5.000000    5.000000 ^ input external delay
     1    0.010461    0.053460    0.035478    5.035479 ^ inputs[30] (in)
                                                         inputs[30] (net)
                      0.053460    0.000000    5.035479 ^ _065_/A (sky130_fd_sc_hd__xor2_2)
     1    0.008386    0.043665    0.076240    5.111718 v _065_/X (sky130_fd_sc_hd__xor2_2)
                                                         _037_ (net)
                      0.043665    0.000014    5.111732 v _066_/B (sky130_fd_sc_hd__xnor2_2)
     1    0.009188    0.062561    0.161955    5.273687 ^ _066_/Y (sky130_fd_sc_hd__xnor2_2)
                                                         _038_ (net)
                      0.062561    0.000030    5.273717 ^ _067_/B (sky130_fd_sc_hd__xnor2_2)
     1    0.008738    0.061858    0.120441    5.394158 ^ _067_/Y (sky130_fd_sc_hd__xnor2_2)
                                                         _039_ (net)
                      0.061858    0.000011    5.394169 ^ _068_/B (sky130_fd_sc_hd__xnor2_2)
     2    0.042663    0.190643    0.179368    5.573536 v _068_/Y (sky130_fd_sc_hd__xnor2_2)
                                                         outputs[30] (net)
                      0.190643    0.000128    5.573665 v outputs[30] (out)
                                              5.573665   data arrival time

                      0.000000    0.000000    0.000000   clock clk (rise edge)
                                  0.000000    0.000000   clock network delay (ideal)
                                  0.250000    0.250000   clock uncertainty
                                  0.000000    0.250000   clock reconvergence pessimism
                                 -5.000000   -4.750000   output external delay
                                             -4.750000   data required time
---------------------------------------------------------------------------------------------
                                             -4.750000   data required time
                                             -5.573665   data arrival time
---------------------------------------------------------------------------------------------
                                             10.323665   slack (MET)


Startpoint: inputs[15] (input port clocked by clk)
Endpoint: outputs[15] (output port clocked by clk)
Path Group: clk
Path Type: min

Fanout         Cap        Slew       Delay        Time   Description
---------------------------------------------------------------------------------------------
                      0.000000    0.000000    0.000000   clock clk (rise edge)
                                  0.000000    0.000000   clock network delay (ideal)
                                  5.000000    5.000000 ^ input external delay
     2    0.018488    0.088924    0.060818    5.060818 ^ inputs[15] (in)
                                                         inputs[15] (net)
                      0.088924    0.000000    5.060818 ^ _113_/B (sky130_fd_sc_hd__xor2_2)
     1    0.008396    0.045144    0.081333    5.142151 v _113_/X (sky130_fd_sc_hd__xor2_2)
                                                         _020_ (net)
                      0.045144    0.000011    5.142162 v _114_/B (sky130_fd_sc_hd__xnor2_2)
     1    0.009410    0.063554    0.164316    5.306479 ^ _114_/Y (sky130_fd_sc_hd__xnor2_2)
                                                         _021_ (net)
                      0.063554    0.000036    5.306515 ^ _115_/B (sky130_fd_sc_hd__xnor2_2)
     1    0.008520    0.060850    0.119973    5.426488 ^ _115_/Y (sky130_fd_sc_hd__xnor2_2)
                                                         _022_ (net)
                      0.060850    0.000004    5.426492 ^ _116_/B (sky130_fd_sc_hd__xnor2_2)
     1    0.034658    0.157716    0.154545    5.581037 v _116_/Y (sky130_fd_sc_hd__xnor2_2)
                                                         outputs[15] (net)
                      0.157716    0.000278    5.581316 v outputs[15] (out)
                                              5.581316   data arrival time

                      0.000000    0.000000    0.000000   clock clk (rise edge)
                                  0.000000    0.000000   clock network delay (ideal)
                                  0.250000    0.250000   clock uncertainty
                                  0.000000    0.250000   clock reconvergence pessimism
                                 -5.000000   -4.750000   output external delay
                                             -4.750000   data required time
---------------------------------------------------------------------------------------------
                                             -4.750000   data required time
                                             -5.581316   data arrival time
---------------------------------------------------------------------------------------------
                                             10.331316   slack (MET)


Startpoint: inputs[23] (input port clocked by clk)
Endpoint: outputs[23] (output port clocked by clk)
Path Group: clk
Path Type: min

Fanout         Cap        Slew       Delay        Time   Description
---------------------------------------------------------------------------------------------
                      0.000000    0.000000    0.000000   clock clk (rise edge)
                                  0.000000    0.000000   clock network delay (ideal)
                                  5.000000    5.000000 ^ input external delay
     1    0.010696    0.054506    0.036232    5.036232 ^ inputs[23] (in)
                                                         inputs[23] (net)
                      0.054506    0.000000    5.036232 ^ _091_/A (sky130_fd_sc_hd__xor2_2)
     2    0.017448    0.065148    0.103685    5.139917 v _091_/X (sky130_fd_sc_hd__xor2_2)
                                                         _006_ (net)
                      0.065148    0.000061    5.139978 v _103_/B (sky130_fd_sc_hd__xnor2_2)
     1    0.010552    0.068498    0.181071    5.321050 ^ _103_/Y (sky130_fd_sc_hd__xnor2_2)
                                                         _013_ (net)
                      0.068498    0.000131    5.321181 ^ _104_/B (sky130_fd_sc_hd__xnor2_2)
     1    0.008662    0.061574    0.121889    5.443070 ^ _104_/Y (sky130_fd_sc_hd__xnor2_2)
                                                         _014_ (net)
                      0.061574    0.000012    5.443082 ^ _105_/B (sky130_fd_sc_hd__xnor2_2)
     1    0.034836    0.158455    0.155297    5.598379 v _105_/Y (sky130_fd_sc_hd__xnor2_2)
                                                         outputs[23] (net)
                      0.158455    0.000255    5.598634 v outputs[23] (out)
                                              5.598634   data arrival time

                      0.000000    0.000000    0.000000   clock clk (rise edge)
                                  0.000000    0.000000   clock network delay (ideal)
                                  0.250000    0.250000   clock uncertainty
                                  0.000000    0.250000   clock reconvergence pessimism
                                 -5.000000   -4.750000   output external delay
                                             -4.750000   data required time
---------------------------------------------------------------------------------------------
                                             -4.750000   data required time
                                             -5.598634   data arrival time
---------------------------------------------------------------------------------------------
                                             10.348634   slack (MET)


Startpoint: inputs[29] (input port clocked by clk)
Endpoint: outputs[29] (output port clocked by clk)
Path Group: clk
Path Type: min

Fanout         Cap        Slew       Delay        Time   Description
---------------------------------------------------------------------------------------------
                      0.000000    0.000000    0.000000   clock clk (rise edge)
                                  0.000000    0.000000   clock network delay (ideal)
                                  5.000000    5.000000 ^ input external delay
     1    0.010677    0.054427    0.036183    5.036183 ^ inputs[29] (in)
                                                         inputs[29] (net)
                      0.054427    0.000000    5.036183 ^ _085_/A (sky130_fd_sc_hd__xor2_2)
     1    0.009162    0.045334    0.078827    5.115010 v _085_/X (sky130_fd_sc_hd__xor2_2)
                                                         _000_ (net)
                      0.045334    0.000064    5.115074 v _086_/B (sky130_fd_sc_hd__xnor2_2)
     1    0.009157    0.061760    0.162254    5.277328 ^ _086_/Y (sky130_fd_sc_hd__xnor2_2)
                                                         _001_ (net)
                      0.061760    0.000041    5.277369 ^ _087_/B (sky130_fd_sc_hd__xnor2_2)
     2    0.019551    0.109135    0.157521    5.434890 ^ _087_/Y (sky130_fd_sc_hd__xnor2_2)
                                                         _002_ (net)
                      0.109135    0.000156    5.435046 ^ _097_/B (sky130_fd_sc_hd__xor2_2)
     1    0.034315    0.101509    0.164101    5.599147 v _097_/X (sky130_fd_sc_hd__xor2_2)
                                                         outputs[29] (net)
                      0.101509    0.000154    5.599301 v outputs[29] (out)
                                              5.599301   data arrival time

                      0.000000    0.000000    0.000000   clock clk (rise edge)
                                  0.000000    0.000000   clock network delay (ideal)
                                  0.250000    0.250000   clock uncertainty
                                  0.000000    0.250000   clock reconvergence pessimism
                                 -5.000000   -4.750000   output external delay
                                             -4.750000   data required time
---------------------------------------------------------------------------------------------
                                             -4.750000   data required time
                                             -5.599301   data arrival time
---------------------------------------------------------------------------------------------
                                             10.349301   slack (MET)


Startpoint: inputs[27] (input port clocked by clk)
Endpoint: outputs[27] (output port clocked by clk)
Path Group: clk
Path Type: min

Fanout         Cap        Slew       Delay        Time   Description
---------------------------------------------------------------------------------------------
                      0.000000    0.000000    0.000000   clock clk (rise edge)
                                  0.000000    0.000000   clock network delay (ideal)
                                  5.000000    5.000000 ^ input external delay
     1    0.010000    0.051403    0.033978    5.033978 ^ inputs[27] (in)
                                                         inputs[27] (net)
                      0.051403    0.000000    5.033978 ^ _089_/A (sky130_fd_sc_hd__xnor2_2)
     1    0.009320    0.062095    0.124670    5.158648 ^ _089_/Y (sky130_fd_sc_hd__xnor2_2)
                                                         _004_ (net)
                      0.062095    0.000042    5.158689 ^ _090_/B (sky130_fd_sc_hd__xnor2_2)
     2    0.018954    0.109686    0.155632    5.314322 ^ _090_/Y (sky130_fd_sc_hd__xnor2_2)
                                                         _005_ (net)
                      0.109686    0.000042    5.314364 ^ _099_/A (sky130_fd_sc_hd__xor2_2)
     1    0.008276    0.044909    0.092526    5.406889 v _099_/X (sky130_fd_sc_hd__xor2_2)
                                                         _012_ (net)
                      0.044909    0.000010    5.406899 v _100_/B (sky130_fd_sc_hd__xnor2_2)
     1    0.034035    0.155973    0.218420    5.625319 v _100_/Y (sky130_fd_sc_hd__xnor2_2)
                                                         outputs[27] (net)
                      0.155973    0.000089    5.625408 v outputs[27] (out)
                                              5.625408   data arrival time

                      0.000000    0.000000    0.000000   clock clk (rise edge)
                                  0.000000    0.000000   clock network delay (ideal)
                                  0.250000    0.250000   clock uncertainty
                                  0.000000    0.250000   clock reconvergence pessimism
                                 -5.000000   -4.750000   output external delay
                                             -4.750000   data required time
---------------------------------------------------------------------------------------------
                                             -4.750000   data required time
                                             -5.625408   data arrival time
---------------------------------------------------------------------------------------------
                                             10.375407   slack (MET)


Startpoint: inputs[31] (input port clocked by clk)
Endpoint: outputs[31] (output port clocked by clk)
Path Group: clk
Path Type: min

Fanout         Cap        Slew       Delay        Time   Description
---------------------------------------------------------------------------------------------
                      0.000000    0.000000    0.000000   clock clk (rise edge)
                                  0.000000    0.000000   clock network delay (ideal)
                                  5.000000    5.000000 ^ input external delay
     1    0.010009    0.051440    0.034005    5.034005 ^ inputs[31] (in)
                                                         inputs[31] (net)
                      0.051440    0.000000    5.034005 ^ _092_/A (sky130_fd_sc_hd__xnor2_2)
     1    0.009172    0.061425    0.124170    5.158175 ^ _092_/Y (sky130_fd_sc_hd__xnor2_2)
                                                         _007_ (net)
                      0.061425    0.000036    5.158212 ^ _093_/B (sky130_fd_sc_hd__xnor2_2)
     1    0.009224    0.061846    0.121775    5.279987 ^ _093_/Y (sky130_fd_sc_hd__xnor2_2)
                                                         _008_ (net)
                      0.061846    0.000042    5.280029 ^ _094_/B (sky130_fd_sc_hd__xnor2_2)
     1    0.009394    0.054479    0.076456    5.356485 v _094_/Y (sky130_fd_sc_hd__xnor2_2)
                                                         _009_ (net)
                      0.054479    0.000073    5.356558 v _095_/B (sky130_fd_sc_hd__xnor2_2)
     1    0.009235    0.061927    0.166028    5.522586 ^ _095_/Y (sky130_fd_sc_hd__xnor2_2)
                                                         _010_ (net)
                      0.061927    0.000044    5.522631 ^ _096_/B (sky130_fd_sc_hd__xnor2_2)
     1    0.034148    0.155597    0.153388    5.676019 v _096_/Y (sky130_fd_sc_hd__xnor2_2)
                                                         outputs[31] (net)
                      0.155597    0.000115    5.676135 v outputs[31] (out)
                                              5.676135   data arrival time

                      0.000000    0.000000    0.000000   clock clk (rise edge)
                                  0.000000    0.000000   clock network delay (ideal)
                                  0.250000    0.250000   clock uncertainty
                                  0.000000    0.250000   clock reconvergence pessimism
                                 -5.000000   -4.750000   output external delay
                                             -4.750000   data required time
---------------------------------------------------------------------------------------------
                                             -4.750000   data required time
                                             -5.676135   data arrival time
---------------------------------------------------------------------------------------------
                                             10.426135   slack (MET)



