Reading OpenROAD database at '/home/fjjf/circuits/expmob1_n5/runs/RUN_2025-03-15_01-42-01/36-openroad-resizertimingpostcts/expmob1.odb'…
Reading library file at '/home/fjjf/.volare/volare/sky130/versions/0fe599b2afb6708d281543108caf8310912f54af/sky130A/libs.ref/sky130_fd_sc_hd/lib/sky130_fd_sc_hd__tt_025C_1v80.lib'…
Reading design constraints file at '/nix/store/ss2cw3sxbrwwx9jl0rrppbw4kgcmgi2n-python3-3.11.9-env/lib/python3.11/site-packages/openlane/scripts/base.sdc'…
[WARNING STA-0366] port 'clk' not found.
[INFO] Using clock clk…
[INFO] Setting output delay to: 5
[INFO] Setting input delay to: 5
[WARNING STA-0366] port 'clk' not found.
[INFO] Setting load to: 0.033442
[INFO] Setting clock uncertainty to: 0.25
[INFO] Setting clock transition to: 0.1499999999999999944488848768742172978818416595458984375
[WARNING STA-0419] transition time can not be specified for virtual clocks.
[INFO] Setting timing derate to: 5%
[WARNING STA-0450] virtual clock clk can not be propagated.
[WARNING STA-0450] virtual clock clk can not be propagated.
[INFO] Setting signal min routing layer to: met1 and clock min routing layer to met1. 
[INFO] Setting signal max routing layer to: met5 and clock max routing layer to met5. 
-congestion_iterations 50 -verbose
[INFO GRT-0020] Min routing layer: met1
[INFO GRT-0021] Max routing layer: met5
[INFO GRT-0022] Global adjustment: 30%
[INFO GRT-0023] Grid origin: (0, 0)
[INFO GRT-0043] No OR_DEFAULT vias defined.
[INFO GRT-0088] Layer li1     Track-Pitch = 0.4600  line-2-Via Pitch: 0.3400
[INFO GRT-0088] Layer met1    Track-Pitch = 0.3400  line-2-Via Pitch: 0.3400
[INFO GRT-0088] Layer met2    Track-Pitch = 0.4600  line-2-Via Pitch: 0.3500
[INFO GRT-0088] Layer met3    Track-Pitch = 0.6800  line-2-Via Pitch: 0.6150
[INFO GRT-0088] Layer met4    Track-Pitch = 0.9200  line-2-Via Pitch: 1.0400
[INFO GRT-0088] Layer met5    Track-Pitch = 3.4000  line-2-Via Pitch: 3.1100
[INFO GRT-0019] Found 0 clock nets.
[INFO GRT-0001] Minimum degree: 2
[INFO GRT-0002] Maximum degree: 7
[INFO GRT-0003] Macros: 0
[INFO GRT-0043] No OR_DEFAULT vias defined.
[INFO GRT-0004] Blockages: 80

[INFO GRT-0053] Routing resources analysis:
          Routing      Original      Derated      Resource
Layer     Direction    Resources     Resources    Reduction (%)
---------------------------------------------------------------
li1        Vertical            0             0          0.00%
met1       Horizontal       1879           922          50.93%
met2       Vertical         1365           810          40.66%
met3       Horizontal        935           584          37.54%
met4       Vertical          556           303          45.50%
met5       Horizontal        187            88          52.94%
---------------------------------------------------------------

[INFO GRT-0197] Via related to pin nodes: 696
[INFO GRT-0198] Via related Steiner nodes: 3
[INFO GRT-0199] Via filling finished.
[INFO GRT-0111] Final number of vias: 861
[INFO GRT-0112] Final usage 3D: 2921

[INFO GRT-0096] Final congestion report:
Layer         Resource        Demand        Usage (%)    Max H / Max V / Total Overflow
---------------------------------------------------------------------------------------
li1                  0             0            0.00%             0 /  0 /  0
met1               922           129           13.99%             0 /  0 /  0
met2               810           183           22.59%             0 /  0 /  0
met3               584            26            4.45%             0 /  0 /  0
met4               303             0            0.00%             0 /  0 /  0
met5                88             0            0.00%             0 /  0 /  0
---------------------------------------------------------------------------------------
Total             2707           338           12.49%             0 /  0 /  0

[INFO GRT-0018] Total wirelength: 4126 um
[INFO GRT-0014] Routed nets: 177
%OL_CREATE_REPORT antenna.rpt
[INFO GRT-0043] No OR_DEFAULT vias defined.
[INFO ANT-0002] Found 0 net violations.
[INFO ANT-0001] Found 0 pin violations.
%OL_END_REPORT
[INFO] Setting RC values…
Setting global connections for newly added cells…
[INFO] Setting global connections...
Updating metrics…
Cell type report:                       Count       Area
  Fill cell                                36     135.13
  Tap cell                                 30      37.54
  Buffer                                    1       3.75
  Timing Repair Buffer                     64     315.30
  Multi-Input combinational cell           80     865.83
  Total                                   211    1357.55
Writing OpenROAD database to '/home/fjjf/circuits/expmob1_n5/runs/RUN_2025-03-15_01-42-01/38-openroad-globalrouting/expmob1.odb'…
Writing layout to '/home/fjjf/circuits/expmob1_n5/runs/RUN_2025-03-15_01-42-01/38-openroad-globalrouting/expmob1.def'…
